Using pre-set license
Built from '2021.1/release' branch; Version is '2021.1.0f1 (61a549675243) revision 6399305'; Using compiler version '192528614'; Build Type 'Release'
OS: 'Windows 10 Home N; OS build 19042.631; Version 2009; 64bit' Language: 'en' Physical Memory: 4016 MB
BatchMode: 1, IsHumanControllingUs: 0, StartBugReporterOnCrash: 0, Is64bit: 1, IsPro: 0

 COMMAND LINE ARGUMENTS:
C:\Program Files\Unity\Hub\Editor\2021.1.0f1\Editor\Unity.exe
-adb2
-batchMode
-noUpm
-name
AssetImportWorker4
-projectPath
F:/Unity/Projects/JungleeJumper-EndlessRunnerAndKiller/Junglee Jumper - Endless Runner And Killer
-logFile
Logs/AssetImportWorker4.log
-srvPort
56053
Successfully changed project path to: F:/Unity/Projects/JungleeJumper-EndlessRunnerAndKiller/Junglee Jumper - Endless Runner And Killer
F:/Unity/Projects/JungleeJumper-EndlessRunnerAndKiller/Junglee Jumper - Endless Runner And Killer
Using Asset Import Pipeline V2.
Refreshing native plugins compatible for Editor in 376.88 ms, found 2 plugins.
Preloading 0 native plugins for Editor in 0.00 ms.
Initialize engine version: 2021.1.0f1 (61a549675243)
[Subsystems] Discovering subsystems at path C:/Program Files/Unity/Hub/Editor/2021.1.0f1/Editor/Data/Resources/UnitySubsystems
[Subsystems] Discovering subsystems at path F:/Unity/Projects/JungleeJumper-EndlessRunnerAndKiller/Junglee Jumper - Endless Runner And Killer/Assets
GfxDevice: creating device client; threaded=0; jobified=0
Direct3D:
    Version:  Direct3D 11.0 [level 11.1]
    Renderer: Intel(R) HD Graphics 5500 (ID=0x1616)
    Vendor:   Intel
    VRAM:     2008 MB
    Driver:   20.19.15.4703
Initialize mono
Mono path[0] = 'C:/Program Files/Unity/Hub/Editor/2021.1.0f1/Editor/Data/Managed'
Mono path[1] = 'C:/Program Files/Unity/Hub/Editor/2021.1.0f1/Editor/Data/MonoBleedingEdge/lib/mono/unityjit'
Mono config path = 'C:/Program Files/Unity/Hub/Editor/2021.1.0f1/Editor/Data/MonoBleedingEdge/etc'
Using monoOptions --debugger-agent=transport=dt_socket,embedding=1,server=y,suspend=n,address=127.0.0.1:56360
Begin MonoManager ReloadAssembly
Registering precompiled unity dll's ...
Register platform support module: C:/Program Files/Unity/Hub/Editor/2021.1.0f1/Editor/Data/PlaybackEngines/WindowsStandaloneSupport/UnityEditor.WindowsStandalone.Extensions.dll
Registered in 0.003427 seconds.
Native extension for WindowsStandalone target not found
Refreshing native plugins compatible for Editor in 344.95 ms, found 2 plugins.
Preloading 0 native plugins for Editor in 0.00 ms.
Mono: successfully reloaded assembly
- Completed reload, in  4.215 seconds
Platform modules already initialized, skipping
Registering precompiled user dll's ...
Registered in 0.007112 seconds.
Begin MonoManager ReloadAssembly
Native extension for WindowsStandalone target not found
Refreshing native plugins compatible for Editor in 221.11 ms, found 2 plugins.
Preloading 0 native plugins for Editor in 0.00 ms.
Mono: successfully reloaded assembly
- Completed reload, in  3.614 seconds
Platform modules already initialized, skipping
========================================================================
Worker process is ready to serve import requests
Launched and connected shader compiler UnityShaderCompiler.exe after 0.74 seconds
Refreshing native plugins compatible for Editor in 2.33 ms, found 2 plugins.
Preloading 0 native plugins for Editor in 0.00 ms.
Unloading 3392 Unused Serialized files (Serialized files now loaded: 0)
System memory in use before: 129.7 MB.
System memory in use after: 130.0 MB.

Unloading 28 unused Assets to reduce memory usage. Loaded Objects now: 3856.
Total: 8.919200 ms (FindLiveObjects: 0.683900 ms CreateObjectMapping: 0.553100 ms MarkObjects: 7.565300 ms  DeleteObjects: 0.113500 ms)

========================================================================
Received Import Request.
  path: Assets/Script/Cutter/Cutter.cs
  artifactKey: Guid(1d78d00ac0e6dc448a0d53e975050f99) Importer(815301076,1909f56bfc062723c751e8b465ee728b)
Start importing Assets/Script/Cutter/Cutter.cs using Guid(1d78d00ac0e6dc448a0d53e975050f99) Importer(815301076,1909f56bfc062723c751e8b465ee728b)  -> (artifact id: 'eba971941b0f2b354ab46fd675844dcf') in 0.342390 seconds 
========================================================================
Received Prepare
Registering precompiled user dll's ...
Registered in 0.041077 seconds.
Begin MonoManager ReloadAssembly
Native extension for WindowsStandalone target not found
Refreshing native plugins compatible for Editor in 1.29 ms, found 2 plugins.
Preloading 0 native plugins for Editor in 0.00 ms.
Mono: successfully reloaded assembly
- Completed reload, in  2.167 seconds
Platform modules already initialized, skipping
Switching build target platform(19) subTarget(0) extendedPlatform(0) -> platform(13) subTarget(537395200) extendedPlatform(0)
Refreshing native plugins compatible for Editor in 2.53 ms, found 2 plugins.
Preloading 0 native plugins for Editor in 0.00 ms.
Unloading 3384 Unused Serialized files (Serialized files now loaded: 0)
System memory in use before: 129.2 MB.
System memory in use after: 129.5 MB.

Unloading 17 unused Assets to reduce memory usage. Loaded Objects now: 3860.
Total: 9.276400 ms (FindLiveObjects: 0.670700 ms CreateObjectMapping: 0.562100 ms MarkObjects: 7.970300 ms  DeleteObjects: 0.068300 ms)

AssetImportParameters requested are different than current active one (requested -> active):
  custom:graphics/normal-map-encoding: 01000000000000000000000000000000 -> 02000000000000000000000000000000
========================================================================
Received Import Request.
  Time since last request: 212.395140 seconds.
  path: Assets/Prefab/Cutter.prefab
  artifactKey: Guid(c8c76546c5a4d1a41b5589a3dfba705c) Importer(815301076,1909f56bfc062723c751e8b465ee728b)
Start importing Assets/Prefab/Cutter.prefab using Guid(c8c76546c5a4d1a41b5589a3dfba705c) Importer(815301076,1909f56bfc062723c751e8b465ee728b)  -> (artifact id: 'e389aff61a966fcdb5dd631ad66cda78') in 0.598229 seconds 
========================================================================
Received Import Request.
  Time since last request: 0.000828 seconds.
  path: Assets/Prefab/VerticalCutter.prefab
  artifactKey: Guid(ac5be9e970b5a6e43b822cf2cef46338) Importer(815301076,1909f56bfc062723c751e8b465ee728b)
Start importing Assets/Prefab/VerticalCutter.prefab using Guid(ac5be9e970b5a6e43b822cf2cef46338) Importer(815301076,1909f56bfc062723c751e8b465ee728b)  -> (artifact id: '1fd34ad054753a16ff0a8c681b9babfd') in 0.200430 seconds 
========================================================================
Received Import Request.
  Time since last request: 1.825936 seconds.
  path: Assets/Prefab/Cutter.prefab
  artifactKey: Guid(c8c76546c5a4d1a41b5589a3dfba705c) Importer(815301076,1909f56bfc062723c751e8b465ee728b)
Start importing Assets/Prefab/Cutter.prefab using Guid(c8c76546c5a4d1a41b5589a3dfba705c) Importer(815301076,1909f56bfc062723c751e8b465ee728b)  -> (artifact id: '4c473656dccd3f36eb9e1a6fd51fc9fa') in 0.054275 seconds 
========================================================================
Received Import Request.
  Time since last request: 0.806492 seconds.
  path: Assets/Prefab/Cutter.prefab
  artifactKey: Guid(c8c76546c5a4d1a41b5589a3dfba705c) Importer(815301076,1909f56bfc062723c751e8b465ee728b)
Start importing Assets/Prefab/Cutter.prefab using Guid(c8c76546c5a4d1a41b5589a3dfba705c) Importer(815301076,1909f56bfc062723c751e8b465ee728b)  -> (artifact id: 'efd5680ddbbe47d631a0695b552371e7') in 0.349944 seconds 
========================================================================
Received Import Request.
  Time since last request: 0.700324 seconds.
  path: Assets/Prefab/Cutter.prefab
  artifactKey: Guid(c8c76546c5a4d1a41b5589a3dfba705c) Importer(815301076,1909f56bfc062723c751e8b465ee728b)
Start importing Assets/Prefab/Cutter.prefab using Guid(c8c76546c5a4d1a41b5589a3dfba705c) Importer(815301076,1909f56bfc062723c751e8b465ee728b)  -> (artifact id: 'c95cb134fb2c11c3577db1cac9b9b1b0') in 0.027632 seconds 
========================================================================
Received Import Request.
  Time since last request: 12.344907 seconds.
  path: Assets/Prefab/Cutter.prefab
  artifactKey: Guid(c8c76546c5a4d1a41b5589a3dfba705c) Importer(815301076,1909f56bfc062723c751e8b465ee728b)
Start importing Assets/Prefab/Cutter.prefab using Guid(c8c76546c5a4d1a41b5589a3dfba705c) Importer(815301076,1909f56bfc062723c751e8b465ee728b)  -> (artifact id: '1ca3d6442030c8274b2259feca12a67f') in 0.022447 seconds 
========================================================================
Received Import Request.
  Time since last request: 10.292122 seconds.
  path: Assets/Prefab/VerticalCutter.prefab
  artifactKey: Guid(ac5be9e970b5a6e43b822cf2cef46338) Importer(815301076,1909f56bfc062723c751e8b465ee728b)
Start importing Assets/Prefab/VerticalCutter.prefab using Guid(ac5be9e970b5a6e43b822cf2cef46338) Importer(815301076,1909f56bfc062723c751e8b465ee728b)  -> (artifact id: 'f9da9a8f6e098502f6fe0a5183c5668b') in 0.036166 seconds 
========================================================================
Received Prepare
Registering precompiled user dll's ...
Registered in 0.034434 seconds.
Begin MonoManager ReloadAssembly
Native extension for WindowsStandalone target not found
Refreshing native plugins compatible for Editor in 1.33 ms, found 2 plugins.
Preloading 0 native plugins for Editor in 0.00 ms.
Mono: successfully reloaded assembly
- Completed reload, in  2.173 seconds
Platform modules already initialized, skipping
Switching build target platform(19) subTarget(0) extendedPlatform(0) -> platform(13) subTarget(537395200) extendedPlatform(0)
Refreshing native plugins compatible for Editor in 1.74 ms, found 2 plugins.
Preloading 0 native plugins for Editor in 0.00 ms.
Unloading 3384 Unused Serialized files (Serialized files now loaded: 0)
System memory in use before: 133.5 MB.
System memory in use after: 133.7 MB.

Unloading 17 unused Assets to reduce memory usage. Loaded Objects now: 3871.
Total: 5.275000 ms (FindLiveObjects: 0.561300 ms CreateObjectMapping: 0.401000 ms MarkObjects: 4.271500 ms  DeleteObjects: 0.038400 ms)

AssetImportParameters requested are different than current active one (requested -> active):
  custom:graphics/normal-map-encoding: 01000000000000000000000000000000 -> 02000000000000000000000000000000
========================================================================
Received Import Request.
  Time since last request: 110.731128 seconds.
  path: Assets/Prefab/Cutter.prefab
  artifactKey: Guid(c8c76546c5a4d1a41b5589a3dfba705c) Importer(815301076,1909f56bfc062723c751e8b465ee728b)
Start importing Assets/Prefab/Cutter.prefab using Guid(c8c76546c5a4d1a41b5589a3dfba705c) Importer(815301076,1909f56bfc062723c751e8b465ee728b)  -> (artifact id: '895f2d3bcc0475ddea90a125dc67c405') in 0.512223 seconds 
========================================================================
Received Import Request.
  Time since last request: 0.000909 seconds.
  path: Assets/Prefab/VerticalCutter.prefab
  artifactKey: Guid(ac5be9e970b5a6e43b822cf2cef46338) Importer(815301076,1909f56bfc062723c751e8b465ee728b)
Start importing Assets/Prefab/VerticalCutter.prefab using Guid(ac5be9e970b5a6e43b822cf2cef46338) Importer(815301076,1909f56bfc062723c751e8b465ee728b)  -> (artifact id: 'f2a4c51716b02c7a5ba0327b6a395345') in 0.045597 seconds 
========================================================================
Received Prepare
Registering precompiled user dll's ...
Registered in 0.006586 seconds.
Begin MonoManager ReloadAssembly
Native extension for WindowsStandalone target not found
Refreshing native plugins compatible for Editor in 0.99 ms, found 2 plugins.
Preloading 0 native plugins for Editor in 0.00 ms.
Mono: successfully reloaded assembly
- Completed reload, in  2.189 seconds
Platform modules already initialized, skipping
Switching build target platform(19) subTarget(0) extendedPlatform(0) -> platform(13) subTarget(537395200) extendedPlatform(0)
Refreshing native plugins compatible for Editor in 1.95 ms, found 2 plugins.
Preloading 0 native plugins for Editor in 0.00 ms.
Unloading 3384 Unused Serialized files (Serialized files now loaded: 0)
System memory in use before: 133.5 MB.
System memory in use after: 133.8 MB.

Unloading 17 unused Assets to reduce memory usage. Loaded Objects now: 3876.
Total: 4.281700 ms (FindLiveObjects: 0.522300 ms CreateObjectMapping: 0.285600 ms MarkObjects: 3.438700 ms  DeleteObjects: 0.033100 ms)

AssetImportParameters requested are different than current active one (requested -> active):
  custom:graphics/normal-map-encoding: 01000000000000000000000000000000 -> 02000000000000000000000000000000
========================================================================
Received Prepare
Registering precompiled user dll's ...
Registered in 0.007611 seconds.
Begin MonoManager ReloadAssembly
Native extension for WindowsStandalone target not found
Refreshing native plugins compatible for Editor in 1.06 ms, found 2 plugins.
Preloading 0 native plugins for Editor in 0.00 ms.
Mono: successfully reloaded assembly
- Completed reload, in  2.577 seconds
Platform modules already initialized, skipping
Switching build target platform(19) subTarget(0) extendedPlatform(0) -> platform(13) subTarget(537395200) extendedPlatform(0)
Refreshing native plugins compatible for Editor in 1.24 ms, found 2 plugins.
Preloading 0 native plugins for Editor in 0.00 ms.
Unloading 3384 Unused Serialized files (Serialized files now loaded: 0)
System memory in use before: 133.6 MB.
System memory in use after: 133.8 MB.

Unloading 17 unused Assets to reduce memory usage. Loaded Objects now: 3880.
Total: 4.720500 ms (FindLiveObjects: 0.440800 ms CreateObjectMapping: 0.382400 ms MarkObjects: 3.865600 ms  DeleteObjects: 0.030200 ms)

AssetImportParameters requested are different than current active one (requested -> active):
  custom:graphics/normal-map-encoding: 01000000000000000000000000000000 -> 02000000000000000000000000000000
========================================================================
Received Prepare
Registering precompiled user dll's ...
Registered in 0.007214 seconds.
Begin MonoManager ReloadAssembly
Native extension for WindowsStandalone target not found
Refreshing native plugins compatible for Editor in 1.03 ms, found 2 plugins.
Preloading 0 native plugins for Editor in 0.00 ms.
Mono: successfully reloaded assembly
- Completed reload, in  2.317 seconds
Platform modules already initialized, skipping
Switching build target platform(19) subTarget(0) extendedPlatform(0) -> platform(13) subTarget(537395200) extendedPlatform(0)
Refreshing native plugins compatible for Editor in 2.15 ms, found 2 plugins.
Preloading 0 native plugins for Editor in 0.00 ms.
Unloading 3384 Unused Serialized files (Serialized files now loaded: 0)
System memory in use before: 133.6 MB.
System memory in use after: 133.8 MB.

Unloading 17 unused Assets to reduce memory usage. Loaded Objects now: 3884.
Total: 9.859000 ms (FindLiveObjects: 0.621700 ms CreateObjectMapping: 0.801100 ms MarkObjects: 8.386400 ms  DeleteObjects: 0.046800 ms)

AssetImportParameters requested are different than current active one (requested -> active):
  custom:graphics/normal-map-encoding: 01000000000000000000000000000000 -> 02000000000000000000000000000000
========================================================================
Received Prepare
Registering precompiled user dll's ...
Registered in 0.013505 seconds.
Begin MonoManager ReloadAssembly
Native extension for WindowsStandalone target not found
Refreshing native plugins compatible for Editor in 1.11 ms, found 2 plugins.
Preloading 0 native plugins for Editor in 0.00 ms.
Mono: successfully reloaded assembly
- Completed reload, in  2.281 seconds
Platform modules already initialized, skipping
Switching build target platform(19) subTarget(0) extendedPlatform(0) -> platform(13) subTarget(537395200) extendedPlatform(0)
Refreshing native plugins compatible for Editor in 4.16 ms, found 2 plugins.
Preloading 0 native plugins for Editor in 0.00 ms.
Unloading 3384 Unused Serialized files (Serialized files now loaded: 0)
System memory in use before: 133.6 MB.
System memory in use after: 133.8 MB.

Unloading 17 unused Assets to reduce memory usage. Loaded Objects now: 3888.
Total: 11.062800 ms (FindLiveObjects: 2.113600 ms CreateObjectMapping: 2.743700 ms MarkObjects: 6.159800 ms  DeleteObjects: 0.042800 ms)

AssetImportParameters requested are different than current active one (requested -> active):
  custom:graphics/normal-map-encoding: 01000000000000000000000000000000 -> 02000000000000000000000000000000
========================================================================
Received Import Request.
  Time since last request: 286.166147 seconds.
  path: Assets/Script/Zombie/Zombie.cs
  artifactKey: Guid(37446d2b9ad233d4ab5fa73cfaa32007) Importer(815301076,1909f56bfc062723c751e8b465ee728b)
Start importing Assets/Script/Zombie/Zombie.cs using Guid(37446d2b9ad233d4ab5fa73cfaa32007) Importer(815301076,1909f56bfc062723c751e8b465ee728b)  -> (artifact id: '6519fa0d51becfeea418d541c51f99f8') in 0.097808 seconds 
========================================================================
Received Prepare
Registering precompiled user dll's ...
Registered in 0.007258 seconds.
Begin MonoManager ReloadAssembly
Native extension for WindowsStandalone target not found
Refreshing native plugins compatible for Editor in 1.08 ms, found 2 plugins.
Preloading 0 native plugins for Editor in 0.00 ms.
Mono: successfully reloaded assembly
- Completed reload, in  2.213 seconds
Platform modules already initialized, skipping
Switching build target platform(19) subTarget(0) extendedPlatform(0) -> platform(13) subTarget(537395200) extendedPlatform(0)
Refreshing native plugins compatible for Editor in 1.84 ms, found 2 plugins.
Preloading 0 native plugins for Editor in 0.00 ms.
Unloading 3384 Unused Serialized files (Serialized files now loaded: 0)
System memory in use before: 133.6 MB.
System memory in use after: 133.8 MB.

Unloading 17 unused Assets to reduce memory usage. Loaded Objects now: 3892.
Total: 5.083700 ms (FindLiveObjects: 0.770200 ms CreateObjectMapping: 0.482400 ms MarkObjects: 3.794000 ms  DeleteObjects: 0.034500 ms)

AssetImportParameters requested are different than current active one (requested -> active):
  custom:graphics/normal-map-encoding: 01000000000000000000000000000000 -> 02000000000000000000000000000000
========================================================================
Received Prepare
Registering precompiled user dll's ...
Registered in 0.009794 seconds.
Begin MonoManager ReloadAssembly
Native extension for WindowsStandalone target not found
Refreshing native plugins compatible for Editor in 1.68 ms, found 2 plugins.
Preloading 0 native plugins for Editor in 0.00 ms.
Mono: successfully reloaded assembly
- Completed reload, in  2.360 seconds
Platform modules already initialized, skipping
Switching build target platform(19) subTarget(0) extendedPlatform(0) -> platform(13) subTarget(537395200) extendedPlatform(0)
Refreshing native plugins compatible for Editor in 1.64 ms, found 2 plugins.
Preloading 0 native plugins for Editor in 0.00 ms.
Unloading 3384 Unused Serialized files (Serialized files now loaded: 0)
System memory in use before: 133.6 MB.
System memory in use after: 133.8 MB.

Unloading 17 unused Assets to reduce memory usage. Loaded Objects now: 3896.
Total: 4.256400 ms (FindLiveObjects: 0.502200 ms CreateObjectMapping: 0.273100 ms MarkObjects: 3.443500 ms  DeleteObjects: 0.034600 ms)

AssetImportParameters requested are different than current active one (requested -> active):
  custom:graphics/normal-map-encoding: 01000000000000000000000000000000 -> 02000000000000000000000000000000
========================================================================
Received Prepare
Registering precompiled user dll's ...
Registered in 0.007964 seconds.
Begin MonoManager ReloadAssembly
Native extension for WindowsStandalone target not found
Refreshing native plugins compatible for Editor in 0.99 ms, found 2 plugins.
Preloading 0 native plugins for Editor in 0.00 ms.
Mono: successfully reloaded assembly
- Completed reload, in  1.968 seconds
Platform modules already initialized, skipping
Switching build target platform(19) subTarget(0) extendedPlatform(0) -> platform(13) subTarget(537395200) extendedPlatform(0)
Refreshing native plugins compatible for Editor in 1.96 ms, found 2 plugins.
Preloading 0 native plugins for Editor in 0.00 ms.
Unloading 3384 Unused Serialized files (Serialized files now loaded: 0)
System memory in use before: 133.6 MB.
System memory in use after: 133.8 MB.

Unloading 17 unused Assets to reduce memory usage. Loaded Objects now: 3900.
Total: 4.605200 ms (FindLiveObjects: 0.465300 ms CreateObjectMapping: 0.387600 ms MarkObjects: 3.719100 ms  DeleteObjects: 0.031000 ms)

AssetImportParameters requested are different than current active one (requested -> active):
  custom:graphics/normal-map-encoding: 01000000000000000000000000000000 -> 02000000000000000000000000000000
========================================================================
Received Prepare
Registering precompiled user dll's ...
Registered in 0.007508 seconds.
Begin MonoManager ReloadAssembly
Native extension for WindowsStandalone target not found
Refreshing native plugins compatible for Editor in 1.22 ms, found 2 plugins.
Preloading 0 native plugins for Editor in 0.00 ms.
Mono: successfully reloaded assembly
- Completed reload, in  2.158 seconds
Platform modules already initialized, skipping
Switching build target platform(19) subTarget(0) extendedPlatform(0) -> platform(13) subTarget(537395200) extendedPlatform(0)
Refreshing native plugins compatible for Editor in 13.94 ms, found 2 plugins.
Preloading 0 native plugins for Editor in 0.00 ms.
Unloading 3384 Unused Serialized files (Serialized files now loaded: 0)
System memory in use before: 133.6 MB.
System memory in use after: 133.9 MB.

Unloading 17 unused Assets to reduce memory usage. Loaded Objects now: 3904.
Total: 4.124000 ms (FindLiveObjects: 0.388100 ms CreateObjectMapping: 0.292800 ms MarkObjects: 3.409100 ms  DeleteObjects: 0.032300 ms)

AssetImportParameters requested are different than current active one (requested -> active):
  custom:graphics/normal-map-encoding: 01000000000000000000000000000000 -> 02000000000000000000000000000000
========================================================================
Received Prepare
Refreshing native plugins compatible for Editor in 5.14 ms, found 2 plugins.
Preloading 0 native plugins for Editor in 0.00 ms.
Unloading 15 Unused Serialized files (Serialized files now loaded: 0)
System memory in use before: 65.9 MB.
System memory in use after: 66.2 MB.

Unloading 15 unused Assets to reduce memory usage. Loaded Objects now: 3904.
Total: 4.066400 ms (FindLiveObjects: 0.360700 ms CreateObjectMapping: 0.256900 ms MarkObjects: 3.418100 ms  DeleteObjects: 0.029100 ms)

========================================================================
Received Import Request.
  Time since last request: 1190.760651 seconds.
  path: Assets/Animation/GameOverScreen
  artifactKey: Guid(78d17dc8f970aab47a0a5e29fcfa93fe) Importer(815301076,1909f56bfc062723c751e8b465ee728b)
Start importing Assets/Animation/GameOverScreen using Guid(78d17dc8f970aab47a0a5e29fcfa93fe) Importer(815301076,1909f56bfc062723c751e8b465ee728b)  -> (artifact id: '4a31a158467f974cf353ca33a94caef7') in 0.995134 seconds 
========================================================================
Received Import Request.
  Time since last request: 0.956844 seconds.
  path: Assets/Animation/GameOverScreen/GameOverScreen.controller
  artifactKey: Guid(e6ac2bb7be7439c448a6aed7d3a49e97) Importer(815301076,1909f56bfc062723c751e8b465ee728b)
Start importing Assets/Animation/GameOverScreen/GameOverScreen.controller using Guid(e6ac2bb7be7439c448a6aed7d3a49e97) Importer(815301076,1909f56bfc062723c751e8b465ee728b)  -> (artifact id: 'dc6bc2b2b7ed36c46fa1c54ab27620ba') in 1.189418 seconds 
========================================================================
Received Import Request.
  Time since last request: 1.220155 seconds.
  path: Assets/Animation/GameOverScreen/GameOverScreen.anim
  artifactKey: Guid(06530a17dbbadef4bb90373234c959e2) Importer(815301076,1909f56bfc062723c751e8b465ee728b)
Start importing Assets/Animation/GameOverScreen/GameOverScreen.anim using Guid(06530a17dbbadef4bb90373234c959e2) Importer(815301076,1909f56bfc062723c751e8b465ee728b)  -> (artifact id: '033ff8ec11d53d9a2293c1bf96938eb6') in 0.035286 seconds 
========================================================================
Received Prepare
Refreshing native plugins compatible for Editor in 97.37 ms, found 2 plugins.
Preloading 0 native plugins for Editor in 0.00 ms.
Unloading 15 Unused Serialized files (Serialized files now loaded: 0)
System memory in use before: 65.9 MB.
System memory in use after: 66.2 MB.

Unloading 15 unused Assets to reduce memory usage. Loaded Objects now: 3904.
Total: 193.308100 ms (FindLiveObjects: 0.919800 ms CreateObjectMapping: 1.408600 ms MarkObjects: 190.873400 ms  DeleteObjects: 0.100100 ms)

========================================================================
Received Prepare
Refreshing native plugins compatible for Editor in 88.26 ms, found 2 plugins.
Preloading 0 native plugins for Editor in 0.00 ms.
Unloading 15 Unused Serialized files (Serialized files now loaded: 0)
System memory in use before: 65.9 MB.
System memory in use after: 66.2 MB.

Unloading 15 unused Assets to reduce memory usage. Loaded Objects now: 3904.
Total: 63.377900 ms (FindLiveObjects: 1.205700 ms CreateObjectMapping: 0.566300 ms MarkObjects: 42.076000 ms  DeleteObjects: 19.518700 ms)

========================================================================
Received Prepare
Refreshing native plugins compatible for Editor in 98.33 ms, found 2 plugins.
Preloading 0 native plugins for Editor in 0.00 ms.
Unloading 15 Unused Serialized files (Serialized files now loaded: 0)
System memory in use before: 65.9 MB.
System memory in use after: 66.2 MB.

Unloading 15 unused Assets to reduce memory usage. Loaded Objects now: 3904.
Total: 46.330600 ms (FindLiveObjects: 0.845800 ms CreateObjectMapping: 0.554800 ms MarkObjects: 12.311600 ms  DeleteObjects: 32.613200 ms)

========================================================================
Received Import Request.
  Time since last request: 1640.091538 seconds.
  path: Assets/Script/Cutter/Cutter.cs
  artifactKey: Guid(1d78d00ac0e6dc448a0d53e975050f99) Importer(815301076,1909f56bfc062723c751e8b465ee728b)
Start importing Assets/Script/Cutter/Cutter.cs using Guid(1d78d00ac0e6dc448a0d53e975050f99) Importer(815301076,1909f56bfc062723c751e8b465ee728b)  -> (artifact id: '2e1322ebd1c8ecc6644e35749f377967') in 0.237431 seconds 
========================================================================
Received Prepare
Registering precompiled user dll's ...
Registered in 0.289082 seconds.
Begin MonoManager ReloadAssembly
Native extension for WindowsStandalone target not found
Refreshing native plugins compatible for Editor in 23.01 ms, found 2 plugins.
Preloading 0 native plugins for Editor in 0.00 ms.
Mono: successfully reloaded assembly
- Completed reload, in 46.686 seconds
Platform modules already initialized, skipping
Switching build target platform(19) subTarget(0) extendedPlatform(0) -> platform(13) subTarget(537395200) extendedPlatform(0)
Refreshing native plugins compatible for Editor in 2.26 ms, found 2 plugins.
Preloading 0 native plugins for Editor in 0.00 ms.
Unloading 3384 Unused Serialized files (Serialized files now loaded: 0)
System memory in use before: 133.6 MB.
System memory in use after: 133.9 MB.

Unloading 17 unused Assets to reduce memory usage. Loaded Objects now: 3908.
Total: 85.012100 ms (FindLiveObjects: 0.464000 ms CreateObjectMapping: 0.282500 ms MarkObjects: 62.774800 ms  DeleteObjects: 21.486000 ms)

AssetImportParameters requested are different than current active one (requested -> active):
  custom:graphics/normal-map-encoding: 01000000000000000000000000000000 -> 02000000000000000000000000000000
========================================================================
Received Import Request.
  Time since last request: 366.179862 seconds.
  path: Assets/Prefab/Cutter.prefab
  artifactKey: Guid(c8c76546c5a4d1a41b5589a3dfba705c) Importer(815301076,1909f56bfc062723c751e8b465ee728b)
Start importing Assets/Prefab/Cutter.prefab using Guid(c8c76546c5a4d1a41b5589a3dfba705c) Importer(815301076,1909f56bfc062723c751e8b465ee728b)  -> (artifact id: '874e586ed557c3466871bbfa6136dc2b') in 2.097351 seconds 
========================================================================
Received Prepare
Registering precompiled user dll's ...
Registered in 0.009459 seconds.
Begin MonoManager ReloadAssembly
Native extension for WindowsStandalone target not found
Refreshing native plugins compatible for Editor in 1.08 ms, found 2 plugins.
Preloading 0 native plugins for Editor in 0.00 ms.
Mono: successfully reloaded assembly
- Completed reload, in  2.645 seconds
Platform modules already initialized, skipping
Switching build target platform(19) subTarget(0) extendedPlatform(0) -> platform(13) subTarget(537395200) extendedPlatform(0)
Refreshing native plugins compatible for Editor in 1.24 ms, found 2 plugins.
Preloading 0 native plugins for Editor in 0.00 ms.
Unloading 3384 Unused Serialized files (Serialized files now loaded: 0)
System memory in use before: 133.6 MB.
System memory in use after: 133.9 MB.

Unloading 17 unused Assets to reduce memory usage. Loaded Objects now: 3913.
Total: 4.376000 ms (FindLiveObjects: 0.340000 ms CreateObjectMapping: 0.222900 ms MarkObjects: 3.779100 ms  DeleteObjects: 0.031800 ms)

AssetImportParameters requested are different than current active one (requested -> active):
  custom:graphics/normal-map-encoding: 01000000000000000000000000000000 -> 02000000000000000000000000000000
========================================================================
Received Import Request.
  Time since last request: 83.336254 seconds.
  path: Assets/Prefab/Cutter.prefab
  artifactKey: Guid(c8c76546c5a4d1a41b5589a3dfba705c) Importer(815301076,1909f56bfc062723c751e8b465ee728b)
Start importing Assets/Prefab/Cutter.prefab using Guid(c8c76546c5a4d1a41b5589a3dfba705c) Importer(815301076,1909f56bfc062723c751e8b465ee728b)  -> (artifact id: '315d1d37c413257149876dffc77a6087') in 0.443903 seconds 
========================================================================
Received Prepare
Registering precompiled user dll's ...
Registered in 0.009409 seconds.
Begin MonoManager ReloadAssembly
Native extension for WindowsStandalone target not found
Refreshing native plugins compatible for Editor in 1.03 ms, found 2 plugins.
Preloading 0 native plugins for Editor in 0.00 ms.
Mono: successfully reloaded assembly
- Completed reload, in  2.665 seconds
Platform modules already initialized, skipping
Switching build target platform(19) subTarget(0) extendedPlatform(0) -> platform(13) subTarget(537395200) extendedPlatform(0)
Refreshing native plugins compatible for Editor in 1.81 ms, found 2 plugins.
Preloading 0 native plugins for Editor in 0.00 ms.
Unloading 3384 Unused Serialized files (Serialized files now loaded: 0)
System memory in use before: 133.7 MB.
System memory in use after: 133.9 MB.

Unloading 17 unused Assets to reduce memory usage. Loaded Objects now: 3918.
Total: 4.280900 ms (FindLiveObjects: 0.327100 ms CreateObjectMapping: 0.226600 ms MarkObjects: 3.694100 ms  DeleteObjects: 0.031500 ms)

AssetImportParameters requested are different than current active one (requested -> active):
  custom:graphics/normal-map-encoding: 01000000000000000000000000000000 -> 02000000000000000000000000000000
========================================================================
Received Prepare
Refreshing native plugins compatible for Editor in 5.29 ms, found 2 plugins.
Preloading 0 native plugins for Editor in 0.00 ms.
Unloading 15 Unused Serialized files (Serialized files now loaded: 0)
System memory in use before: 66.0 MB.
System memory in use after: 66.2 MB.

Unloading 15 unused Assets to reduce memory usage. Loaded Objects now: 3918.
Total: 5.603300 ms (FindLiveObjects: 0.542100 ms CreateObjectMapping: 0.257800 ms MarkObjects: 4.763400 ms  DeleteObjects: 0.036900 ms)

========================================================================
Received Prepare
Refreshing native plugins compatible for Editor in 34.06 ms, found 2 plugins.
Preloading 0 native plugins for Editor in 0.00 ms.
Unloading 15 Unused Serialized files (Serialized files now loaded: 0)
System memory in use before: 66.0 MB.
System memory in use after: 66.2 MB.

Unloading 15 unused Assets to reduce memory usage. Loaded Objects now: 3918.
Total: 74.903400 ms (FindLiveObjects: 1.326000 ms CreateObjectMapping: 0.534400 ms MarkObjects: 72.938900 ms  DeleteObjects: 0.098300 ms)

