Using pre-set license
Built from '2021.1/release' branch; Version is '2021.1.0f1 (61a549675243) revision 6399305'; Using compiler version '192528614'; Build Type 'Release'
OS: 'Windows 10 Pro N; OS build 19042.631; Version 2009; 64bit' Language: 'en' Physical Memory: 4016 MB
BatchMode: 1, IsHumanControllingUs: 0, StartBugReporterOnCrash: 0, Is64bit: 1, IsPro: 0

 COMMAND LINE ARGUMENTS:
C:\Program Files\Unity\Hub\Editor\2021.1.0f1\Editor\Unity.exe
-adb2
-batchMode
-noUpm
-name
AssetImportWorker1
-projectPath
E:/Unity/Projects/JungleeJumper-EndlessRunnerAndKiller/Junglee Jumper - Endless Runner And Killer
-logFile
Logs/AssetImportWorker1.log
-srvPort
50316
Successfully changed project path to: E:/Unity/Projects/JungleeJumper-EndlessRunnerAndKiller/Junglee Jumper - Endless Runner And Killer
E:/Unity/Projects/JungleeJumper-EndlessRunnerAndKiller/Junglee Jumper - Endless Runner And Killer
Using Asset Import Pipeline V2.
Refreshing native plugins compatible for Editor in 233.94 ms, found 1 plugins.
Preloading 0 native plugins for Editor in 0.00 ms.
Initialize engine version: 2021.1.0f1 (61a549675243)
[Subsystems] Discovering subsystems at path C:/Program Files/Unity/Hub/Editor/2021.1.0f1/Editor/Data/Resources/UnitySubsystems
[Subsystems] Discovering subsystems at path E:/Unity/Projects/JungleeJumper-EndlessRunnerAndKiller/Junglee Jumper - Endless Runner And Killer/Assets
GfxDevice: creating device client; threaded=0; jobified=0
Direct3D:
    Version:  Direct3D 11.0 [level 11.1]
    Renderer: Intel(R) HD Graphics 5500 (ID=0x1616)
    Vendor:   Intel
    VRAM:     2008 MB
    Driver:   20.19.15.4326
Initialize mono
Mono path[0] = 'C:/Program Files/Unity/Hub/Editor/2021.1.0f1/Editor/Data/Managed'
Mono path[1] = 'C:/Program Files/Unity/Hub/Editor/2021.1.0f1/Editor/Data/MonoBleedingEdge/lib/mono/unityjit'
Mono config path = 'C:/Program Files/Unity/Hub/Editor/2021.1.0f1/Editor/Data/MonoBleedingEdge/etc'
Using monoOptions --debugger-agent=transport=dt_socket,embedding=1,server=y,suspend=n,address=127.0.0.1:56696
Begin MonoManager ReloadAssembly
Registering precompiled unity dll's ...
Register platform support module: C:/Program Files/Unity/Hub/Editor/2021.1.0f1/Editor/Data/PlaybackEngines/WindowsStandaloneSupport/UnityEditor.WindowsStandalone.Extensions.dll
Registered in 0.002683 seconds.
Native extension for WindowsStandalone target not found
Refreshing native plugins compatible for Editor in 268.67 ms, found 1 plugins.
Preloading 0 native plugins for Editor in 0.00 ms.
Mono: successfully reloaded assembly
- Completed reload, in  3.355 seconds
Platform modules already initialized, skipping
Registering precompiled user dll's ...
Registered in 0.004176 seconds.
Begin MonoManager ReloadAssembly
Native extension for WindowsStandalone target not found
Refreshing native plugins compatible for Editor in 0.81 ms, found 1 plugins.
Preloading 0 native plugins for Editor in 0.00 ms.
Mono: successfully reloaded assembly
- Completed reload, in  1.841 seconds
Platform modules already initialized, skipping
========================================================================
Worker process is ready to serve import requests
Launched and connected shader compiler UnityShaderCompiler.exe after 0.36 seconds
Refreshing native plugins compatible for Editor in 1.89 ms, found 1 plugins.
Preloading 0 native plugins for Editor in 0.00 ms.
Unloading 2685 Unused Serialized files (Serialized files now loaded: 0)
System memory in use before: 99.3 MB.
System memory in use after: 99.5 MB.

Unloading 14 unused Assets to reduce memory usage. Loaded Objects now: 3135.
Total: 3.384700 ms (FindLiveObjects: 0.378200 ms CreateObjectMapping: 0.288600 ms MarkObjects: 2.622200 ms  DeleteObjects: 0.093900 ms)

========================================================================
Received Import Request.
  path: Assets/Scenes/Game.unity
  artifactKey: Guid(2cda990e2423bbf4892e6590ba056729) Importer(815301076,1909f56bfc062723c751e8b465ee728b)
Start importing Assets/Scenes/Game.unity using Guid(2cda990e2423bbf4892e6590ba056729) Importer(815301076,1909f56bfc062723c751e8b465ee728b)  -> (artifact id: 'db16ff19f5ed0daed7db03e0c391a761') in 0.030997 seconds 
========================================================================
Received Prepare
Registering precompiled user dll's ...
Registered in 0.004851 seconds.
Begin MonoManager ReloadAssembly
Native extension for WindowsStandalone target not found
Refreshing native plugins compatible for Editor in 0.88 ms, found 1 plugins.
Preloading 0 native plugins for Editor in 0.00 ms.
Mono: successfully reloaded assembly
- Completed reload, in  1.951 seconds
Platform modules already initialized, skipping
Refreshing native plugins compatible for Editor in 1.48 ms, found 1 plugins.
Preloading 0 native plugins for Editor in 0.00 ms.
Unloading 2713 Unused Serialized files (Serialized files now loaded: 0)
System memory in use before: 100.3 MB.
System memory in use after: 100.5 MB.

Unloading 9 unused Assets to reduce memory usage. Loaded Objects now: 3173.
Total: 10.049100 ms (FindLiveObjects: 0.676600 ms CreateObjectMapping: 0.495700 ms MarkObjects: 8.825700 ms  DeleteObjects: 0.046800 ms)

========================================================================
Received Import Request.
  Time since last request: 145.965168 seconds.
  path: Assets/Prefab
  artifactKey: Guid(c1d958ba7ce0c974ba7898917606a898) Importer(815301076,1909f56bfc062723c751e8b465ee728b)
Start importing Assets/Prefab using Guid(c1d958ba7ce0c974ba7898917606a898) Importer(815301076,1909f56bfc062723c751e8b465ee728b)  -> (artifact id: '68727295a517ade69589a8a06071d027') in 0.017996 seconds 
========================================================================
Received Import Request.
  Time since last request: 0.000729 seconds.
  path: Assets/Prefab/Banner_InterstitialAd.prefab
  artifactKey: Guid(ecb2ede32d2865a42b6654208f3c706f) Importer(815301076,1909f56bfc062723c751e8b465ee728b)
Start importing Assets/Prefab/Banner_InterstitialAd.prefab using Guid(ecb2ede32d2865a42b6654208f3c706f) Importer(815301076,1909f56bfc062723c751e8b465ee728b)  -> (artifact id: '781538cf75313fba1b6df937bb891aae') in 0.571012 seconds 
========================================================================
Received Import Request.
  Time since last request: 0.000716 seconds.
  path: Assets/Prefab/Player fireball.prefab
  artifactKey: Guid(d1bdc402ba7279b4686b5193b07c14d5) Importer(815301076,1909f56bfc062723c751e8b465ee728b)
Start importing Assets/Prefab/Player fireball.prefab using Guid(d1bdc402ba7279b4686b5193b07c14d5) Importer(815301076,1909f56bfc062723c751e8b465ee728b)  -> (artifact id: '92768fb5aea7b3ca5a32e073eadb74ac') in 0.467303 seconds 
========================================================================
Received Import Request.
  Time since last request: 0.000795 seconds.
  path: Assets/Prefab/Cutter.prefab
  artifactKey: Guid(c8c76546c5a4d1a41b5589a3dfba705c) Importer(815301076,1909f56bfc062723c751e8b465ee728b)
Start importing Assets/Prefab/Cutter.prefab using Guid(c8c76546c5a4d1a41b5589a3dfba705c) Importer(815301076,1909f56bfc062723c751e8b465ee728b)  -> (artifact id: 'a98cc685fe7f1d5e9a7313888f2752e2') in 0.097090 seconds 
========================================================================
Received Import Request.
  Time since last request: 0.001128 seconds.
  path: Assets/Prefab/HealthPackUsed Particle System.prefab
  artifactKey: Guid(72f8af0734db4ea43b1b35b1754a706d) Importer(815301076,1909f56bfc062723c751e8b465ee728b)
Start importing Assets/Prefab/HealthPackUsed Particle System.prefab using Guid(72f8af0734db4ea43b1b35b1754a706d) Importer(815301076,1909f56bfc062723c751e8b465ee728b)  -> (artifact id: 'e0363910d7370c6a052166176bae3aaa') in 0.016619 seconds 
========================================================================
Received Import Request.
  Time since last request: 0.000478 seconds.
  path: Assets/Prefab/HalthPack.prefab
  artifactKey: Guid(de6926ca7b8e6024c95c976cf2e4df5f) Importer(815301076,1909f56bfc062723c751e8b465ee728b)
Start importing Assets/Prefab/HalthPack.prefab using Guid(de6926ca7b8e6024c95c976cf2e4df5f) Importer(815301076,1909f56bfc062723c751e8b465ee728b)  -> (artifact id: '8b3bbae8faa9ef255965dcbebf610e83') in 0.064784 seconds 
========================================================================
Received Import Request.
  Time since last request: 0.000516 seconds.
  path: Assets/Prefab/Blood Particle System.prefab
  artifactKey: Guid(2893087286353784b8b86c38bd7d7743) Importer(815301076,1909f56bfc062723c751e8b465ee728b)
Start importing Assets/Prefab/Blood Particle System.prefab using Guid(2893087286353784b8b86c38bd7d7743) Importer(815301076,1909f56bfc062723c751e8b465ee728b)  -> (artifact id: 'eb509475141f69638eafe8ea4f15084d') in 0.024067 seconds 
========================================================================
Received Import Request.
  Time since last request: 0.000742 seconds.
  path: Assets/Prefab/Zombie.prefab
  artifactKey: Guid(7fd1e993d3c420843bd1e70f39a1c416) Importer(815301076,1909f56bfc062723c751e8b465ee728b)
Start importing Assets/Prefab/Zombie.prefab using Guid(7fd1e993d3c420843bd1e70f39a1c416) Importer(815301076,1909f56bfc062723c751e8b465ee728b)  -> (artifact id: '2112d568a7369905c4967efba1406e31') in 0.961806 seconds 
========================================================================
Received Import Request.
  Time since last request: 0.000770 seconds.
  path: Assets/Prefab/Blood.prefab
  artifactKey: Guid(99baa0e4470d94a46ac63b209da0e3a9) Importer(815301076,1909f56bfc062723c751e8b465ee728b)
Start importing Assets/Prefab/Blood.prefab using Guid(99baa0e4470d94a46ac63b209da0e3a9) Importer(815301076,1909f56bfc062723c751e8b465ee728b)  -> (artifact id: '162641145ffcf32c570aabc29c5c2aa4') in 0.079698 seconds 
========================================================================
Received Import Request.
  Time since last request: 0.000578 seconds.
  path: Assets/Prefab/DashWind.prefab
  artifactKey: Guid(99a4b99866b579e489f0688454272a9a) Importer(815301076,1909f56bfc062723c751e8b465ee728b)
Start importing Assets/Prefab/DashWind.prefab using Guid(99a4b99866b579e489f0688454272a9a) Importer(815301076,1909f56bfc062723c751e8b465ee728b)  -> (artifact id: 'daf6dd47aadecbfd44a6471a100d2e38') in 0.014722 seconds 
========================================================================
Received Import Request.
  Time since last request: 0.000639 seconds.
  path: Assets/Prefab/Fireball Explosion .prefab
  artifactKey: Guid(5e06cb992f278d84ca851200062af77d) Importer(815301076,1909f56bfc062723c751e8b465ee728b)
Start importing Assets/Prefab/Fireball Explosion .prefab using Guid(5e06cb992f278d84ca851200062af77d) Importer(815301076,1909f56bfc062723c751e8b465ee728b)  -> (artifact id: 'ef845991a2ef0ad5590c330a97bdc3f7') in 0.049713 seconds 
========================================================================
Received Import Request.
  Time since last request: 0.000355 seconds.
  path: Assets/Prefab/Dash Particle System.prefab
  artifactKey: Guid(a695902cb6217b34abe084b368e1806c) Importer(815301076,1909f56bfc062723c751e8b465ee728b)
Start importing Assets/Prefab/Dash Particle System.prefab using Guid(a695902cb6217b34abe084b368e1806c) Importer(815301076,1909f56bfc062723c751e8b465ee728b)  -> (artifact id: '490ded6346c620585443ff51df61ea2c') in 0.018670 seconds 
========================================================================
Received Import Request.
  Time since last request: 0.000392 seconds.
  path: Assets/Prefab/PlayerDestroy Particle System.prefab
  artifactKey: Guid(782cb5cd87ebd7a419e171c71a04060c) Importer(815301076,1909f56bfc062723c751e8b465ee728b)
Start importing Assets/Prefab/PlayerDestroy Particle System.prefab using Guid(782cb5cd87ebd7a419e171c71a04060c) Importer(815301076,1909f56bfc062723c751e8b465ee728b)  -> (artifact id: 'a97ac780146c02904a79b9997f0ab32c') in 0.013747 seconds 
========================================================================
Received Import Request.
  Time since last request: 0.000369 seconds.
  path: Assets/Prefab/Zombie Blood Particle System.prefab
  artifactKey: Guid(6b24c58fe4a4d684ca1e4d3294915684) Importer(815301076,1909f56bfc062723c751e8b465ee728b)
Start importing Assets/Prefab/Zombie Blood Particle System.prefab using Guid(6b24c58fe4a4d684ca1e4d3294915684) Importer(815301076,1909f56bfc062723c751e8b465ee728b)  -> (artifact id: 'd6be42a4d619bce0f828dbfd47be0992') in 0.017082 seconds 
========================================================================
Received Import Request.
  Time since last request: 0.000367 seconds.
  path: Assets/Prefab/Zombie Blood.prefab
  artifactKey: Guid(176a9bb144803704084d6db7cad18de5) Importer(815301076,1909f56bfc062723c751e8b465ee728b)
Start importing Assets/Prefab/Zombie Blood.prefab using Guid(176a9bb144803704084d6db7cad18de5) Importer(815301076,1909f56bfc062723c751e8b465ee728b)  -> (artifact id: 'ca3cf41c41118d596ab9fc9d9b27b918') in 0.023819 seconds 
========================================================================
Received Import Request.
  Time since last request: 0.000378 seconds.
  path: Assets/Prefab/VerticalCutter.prefab
  artifactKey: Guid(ac5be9e970b5a6e43b822cf2cef46338) Importer(815301076,1909f56bfc062723c751e8b465ee728b)
Start importing Assets/Prefab/VerticalCutter.prefab using Guid(ac5be9e970b5a6e43b822cf2cef46338) Importer(815301076,1909f56bfc062723c751e8b465ee728b)  -> (artifact id: '36d247f49dee1faf15b7faf8f9bc83d4') in 0.068876 seconds 
========================================================================
Received Import Request.
  Time since last request: 0.000327 seconds.
  path: Assets/Prefab/SceneFader.prefab
  artifactKey: Guid(225f7c2206b30fe46bb784c31d16e437) Importer(815301076,1909f56bfc062723c751e8b465ee728b)
Start importing Assets/Prefab/SceneFader.prefab using Guid(225f7c2206b30fe46bb784c31d16e437) Importer(815301076,1909f56bfc062723c751e8b465ee728b)  -> (artifact id: '2c4221a6339316d0c0160cf1b17ec856') in 0.037886 seconds 
========================================================================
Received Import Request.
  Time since last request: 0.000579 seconds.
  path: Assets/Prefab/Cutter DestroyParticle System.prefab
  artifactKey: Guid(1ebf314e12326694eb3c0263c68c166a) Importer(815301076,1909f56bfc062723c751e8b465ee728b)
Start importing Assets/Prefab/Cutter DestroyParticle System.prefab using Guid(1ebf314e12326694eb3c0263c68c166a) Importer(815301076,1909f56bfc062723c751e8b465ee728b)  -> (artifact id: '93a2ca34b7c699e42d53b81709b2c8bc') in 0.027034 seconds 
========================================================================
Received Import Request.
  Time since last request: 0.000381 seconds.
  path: Assets/Prefab/Coin.prefab
  artifactKey: Guid(c513790fc920d0f439072e1b1b4d2c67) Importer(815301076,1909f56bfc062723c751e8b465ee728b)
Start importing Assets/Prefab/Coin.prefab using Guid(c513790fc920d0f439072e1b1b4d2c67) Importer(815301076,1909f56bfc062723c751e8b465ee728b)  -> (artifact id: 'aa353c81b4ce702f56031117671c5961') in 0.039274 seconds 
========================================================================
Received Import Request.
  Time since last request: 4.124929 seconds.
  path: Assets/Script
  artifactKey: Guid(e41df4fc27a451648995fc5066e0d7e5) Importer(815301076,1909f56bfc062723c751e8b465ee728b)
Start importing Assets/Script using Guid(e41df4fc27a451648995fc5066e0d7e5) Importer(815301076,1909f56bfc062723c751e8b465ee728b)  -> (artifact id: 'aca6f2cbca4bef865a4e30f328419494') in 0.026318 seconds 
========================================================================
Received Import Request.
  Time since last request: 1.110284 seconds.
  path: Assets/Script/Cutter
  artifactKey: Guid(92c22f30f8a649c459bbcdc7df86abab) Importer(815301076,1909f56bfc062723c751e8b465ee728b)
Start importing Assets/Script/Cutter using Guid(92c22f30f8a649c459bbcdc7df86abab) Importer(815301076,1909f56bfc062723c751e8b465ee728b)  -> (artifact id: '74eab9b95ac5daa9284ef3289e32c9b8') in 0.041029 seconds 
========================================================================
Received Import Request.
  Time since last request: 0.117712 seconds.
  path: Assets/Script/Cutter/Cutter.cs
  artifactKey: Guid(1d78d00ac0e6dc448a0d53e975050f99) Importer(815301076,1909f56bfc062723c751e8b465ee728b)
Start importing Assets/Script/Cutter/Cutter.cs using Guid(1d78d00ac0e6dc448a0d53e975050f99) Importer(815301076,1909f56bfc062723c751e8b465ee728b)  -> (artifact id: '173199f3076be46ba71f96e9fa408d30') in 0.028249 seconds 
========================================================================
Received Import Request.
  Time since last request: 1.744604 seconds.
  path: Assets/Script/Player
  artifactKey: Guid(f62ce723c7f4c7b4e97816477359e3b2) Importer(815301076,1909f56bfc062723c751e8b465ee728b)
Start importing Assets/Script/Player using Guid(f62ce723c7f4c7b4e97816477359e3b2) Importer(815301076,1909f56bfc062723c751e8b465ee728b)  -> (artifact id: 'a1055e4dc039ac06ef0afabbaf6d5892') in 0.012538 seconds 
========================================================================
Received Import Request.
  Time since last request: 1.658594 seconds.
  path: Assets/Script/Player/PlayerFireball.cs
  artifactKey: Guid(f6400fa09d9535245bdce1ea395d9d15) Importer(815301076,1909f56bfc062723c751e8b465ee728b)
Start importing Assets/Script/Player/PlayerFireball.cs using Guid(f6400fa09d9535245bdce1ea395d9d15) Importer(815301076,1909f56bfc062723c751e8b465ee728b)  -> (artifact id: 'c642bbce491d5d98555a314683e03b80') in 0.008603 seconds 
========================================================================
Received Prepare
Registering precompiled user dll's ...
Registered in 0.270897 seconds.
Begin MonoManager ReloadAssembly
Native extension for WindowsStandalone target not found
Refreshing native plugins compatible for Editor in 1.00 ms, found 1 plugins.
Preloading 0 native plugins for Editor in 0.00 ms.
Mono: successfully reloaded assembly
- Completed reload, in  3.572 seconds
Platform modules already initialized, skipping
Refreshing native plugins compatible for Editor in 2.45 ms, found 1 plugins.
Preloading 0 native plugins for Editor in 0.00 ms.
Unloading 2713 Unused Serialized files (Serialized files now loaded: 0)
System memory in use before: 104.1 MB.
System memory in use after: 104.3 MB.

Unloading 9 unused Assets to reduce memory usage. Loaded Objects now: 3183.
Total: 8.455100 ms (FindLiveObjects: 1.208900 ms CreateObjectMapping: 0.509100 ms MarkObjects: 6.671500 ms  DeleteObjects: 0.059800 ms)

========================================================================
Received Prepare
Registering precompiled user dll's ...
Registered in 0.005870 seconds.
Begin MonoManager ReloadAssembly
Native extension for WindowsStandalone target not found
Refreshing native plugins compatible for Editor in 0.76 ms, found 1 plugins.
Preloading 0 native plugins for Editor in 0.00 ms.
Mono: successfully reloaded assembly
- Completed reload, in  1.972 seconds
Platform modules already initialized, skipping
Refreshing native plugins compatible for Editor in 1.35 ms, found 1 plugins.
Preloading 0 native plugins for Editor in 0.00 ms.
Unloading 2713 Unused Serialized files (Serialized files now loaded: 0)
System memory in use before: 104.1 MB.
System memory in use after: 104.4 MB.

Unloading 9 unused Assets to reduce memory usage. Loaded Objects now: 3186.
Total: 4.107100 ms (FindLiveObjects: 0.700300 ms CreateObjectMapping: 0.419900 ms MarkObjects: 2.958200 ms  DeleteObjects: 0.026400 ms)

========================================================================
Received Import Request.
  Time since last request: 441.273577 seconds.
  path: Assets/Script/Player/PlayerFireball.cs
  artifactKey: Guid(f6400fa09d9535245bdce1ea395d9d15) Importer(815301076,1909f56bfc062723c751e8b465ee728b)
Start importing Assets/Script/Player/PlayerFireball.cs using Guid(f6400fa09d9535245bdce1ea395d9d15) Importer(815301076,1909f56bfc062723c751e8b465ee728b)  -> (artifact id: '9464a811131a9e6e028f1947a28b2861') in 0.013840 seconds 
========================================================================
Received Prepare
Registering precompiled user dll's ...
Registered in 0.005746 seconds.
Begin MonoManager ReloadAssembly
Native extension for WindowsStandalone target not found
Refreshing native plugins compatible for Editor in 1.30 ms, found 1 plugins.
Preloading 0 native plugins for Editor in 0.00 ms.
Mono: successfully reloaded assembly
- Completed reload, in  2.022 seconds
Platform modules already initialized, skipping
Refreshing native plugins compatible for Editor in 1.42 ms, found 1 plugins.
Preloading 0 native plugins for Editor in 0.00 ms.
Unloading 2714 Unused Serialized files (Serialized files now loaded: 0)
System memory in use before: 104.2 MB.
System memory in use after: 104.4 MB.

Unloading 9 unused Assets to reduce memory usage. Loaded Objects now: 3190.
Total: 5.317200 ms (FindLiveObjects: 0.439800 ms CreateObjectMapping: 0.239300 ms MarkObjects: 4.595800 ms  DeleteObjects: 0.039100 ms)

========================================================================
Received Import Request.
  Time since last request: 32.375820 seconds.
  path: Assets/Prefab/VerticalCutter.prefab
  artifactKey: Guid(ac5be9e970b5a6e43b822cf2cef46338) Importer(815301076,1909f56bfc062723c751e8b465ee728b)
Start importing Assets/Prefab/VerticalCutter.prefab using Guid(ac5be9e970b5a6e43b822cf2cef46338) Importer(815301076,1909f56bfc062723c751e8b465ee728b)  -> (artifact id: '1b90a016690325f760e8f134a8af9afc') in 0.218162 seconds 
========================================================================
Received Import Request.
  Time since last request: 6.670727 seconds.
  path: Assets/Prefab/VerticalCutter.prefab
  artifactKey: Guid(ac5be9e970b5a6e43b822cf2cef46338) Importer(815301076,1909f56bfc062723c751e8b465ee728b)
Start importing Assets/Prefab/VerticalCutter.prefab using Guid(ac5be9e970b5a6e43b822cf2cef46338) Importer(815301076,1909f56bfc062723c751e8b465ee728b)  -> (artifact id: 'd389bced21a8dd81345d2b3e9634c657') in 0.050760 seconds 
========================================================================
Received Import Request.
  Time since last request: 8.492639 seconds.
  path: Assets/Prefab/VerticalCutter.prefab
  artifactKey: Guid(ac5be9e970b5a6e43b822cf2cef46338) Importer(815301076,1909f56bfc062723c751e8b465ee728b)
Start importing Assets/Prefab/VerticalCutter.prefab using Guid(ac5be9e970b5a6e43b822cf2cef46338) Importer(815301076,1909f56bfc062723c751e8b465ee728b)  -> (artifact id: '85f4c5ade06043366dded2aef3c83f52') in 0.044560 seconds 
========================================================================
Received Import Request.
  Time since last request: 4.303389 seconds.
  path: Assets/Prefab/VerticalCutter.prefab
  artifactKey: Guid(ac5be9e970b5a6e43b822cf2cef46338) Importer(815301076,1909f56bfc062723c751e8b465ee728b)
Start importing Assets/Prefab/VerticalCutter.prefab using Guid(ac5be9e970b5a6e43b822cf2cef46338) Importer(815301076,1909f56bfc062723c751e8b465ee728b)  -> (artifact id: '06fd7f1714b2b43eda534c3484fb201e') in 0.035944 seconds 
========================================================================
Received Import Request.
  Time since last request: 13.353710 seconds.
  path: Assets/Script/Player/Player.cs
  artifactKey: Guid(b9fcdd8383576c24cae28a6c2fbce592) Importer(815301076,1909f56bfc062723c751e8b465ee728b)
Start importing Assets/Script/Player/Player.cs using Guid(b9fcdd8383576c24cae28a6c2fbce592) Importer(815301076,1909f56bfc062723c751e8b465ee728b)  -> (artifact id: '8c00f934201df15e11c7a86faff85366') in 0.013285 seconds 
========================================================================
Received Prepare
Registering precompiled user dll's ...
Registered in 0.006672 seconds.
Begin MonoManager ReloadAssembly
Native extension for WindowsStandalone target not found
Refreshing native plugins compatible for Editor in 1.35 ms, found 1 plugins.
Preloading 0 native plugins for Editor in 0.00 ms.
Mono: successfully reloaded assembly
- Completed reload, in  2.020 seconds
Platform modules already initialized, skipping
Refreshing native plugins compatible for Editor in 4.46 ms, found 1 plugins.
Preloading 0 native plugins for Editor in 0.00 ms.
Unloading 2714 Unused Serialized files (Serialized files now loaded: 0)
System memory in use before: 104.2 MB.
System memory in use after: 104.4 MB.

Unloading 9 unused Assets to reduce memory usage. Loaded Objects now: 3194.
Total: 6.557800 ms (FindLiveObjects: 0.697800 ms CreateObjectMapping: 0.564900 ms MarkObjects: 5.250800 ms  DeleteObjects: 0.039800 ms)

========================================================================
Received Import Request.
  Time since last request: 30.756707 seconds.
  path: Assets/Script/Player/Player.cs
  artifactKey: Guid(b9fcdd8383576c24cae28a6c2fbce592) Importer(815301076,1909f56bfc062723c751e8b465ee728b)
Start importing Assets/Script/Player/Player.cs using Guid(b9fcdd8383576c24cae28a6c2fbce592) Importer(815301076,1909f56bfc062723c751e8b465ee728b)  -> (artifact id: '3f2c0d82a3935e6241813a11c2d62038') in 0.064180 seconds 
========================================================================
Received Prepare
Registering precompiled user dll's ...
Registered in 0.005078 seconds.
Begin MonoManager ReloadAssembly
Native extension for WindowsStandalone target not found
Refreshing native plugins compatible for Editor in 0.82 ms, found 1 plugins.
Preloading 0 native plugins for Editor in 0.00 ms.
Mono: successfully reloaded assembly
- Completed reload, in  1.914 seconds
Platform modules already initialized, skipping
Refreshing native plugins compatible for Editor in 4.45 ms, found 1 plugins.
Preloading 0 native plugins for Editor in 0.00 ms.
Unloading 2714 Unused Serialized files (Serialized files now loaded: 0)
System memory in use before: 104.2 MB.
System memory in use after: 104.4 MB.

Unloading 9 unused Assets to reduce memory usage. Loaded Objects now: 3197.
Total: 3.244600 ms (FindLiveObjects: 0.295800 ms CreateObjectMapping: 0.171700 ms MarkObjects: 2.746800 ms  DeleteObjects: 0.027700 ms)

========================================================================
Received Import Request.
  Time since last request: 104.703728 seconds.
  path: ProjectSettings/TagManager.asset
  artifactKey: Guid(00000000000000003000000000000000) Importer(815301076,1909f56bfc062723c751e8b465ee728b)
Start importing ProjectSettings/TagManager.asset using Guid(00000000000000003000000000000000) Importer(815301076,1909f56bfc062723c751e8b465ee728b)  -> (artifact id: 'f693f338a823132346736640d231bdcd') in 0.099794 seconds 
========================================================================
Received Prepare
Registering precompiled user dll's ...
Registered in 0.004155 seconds.
Begin MonoManager ReloadAssembly
Native extension for WindowsStandalone target not found
Refreshing native plugins compatible for Editor in 0.91 ms, found 1 plugins.
Preloading 0 native plugins for Editor in 0.00 ms.
Mono: successfully reloaded assembly
- Completed reload, in  2.123 seconds
Platform modules already initialized, skipping
Refreshing native plugins compatible for Editor in 1.29 ms, found 1 plugins.
Preloading 0 native plugins for Editor in 0.00 ms.
Unloading 2714 Unused Serialized files (Serialized files now loaded: 0)
System memory in use before: 104.2 MB.
System memory in use after: 104.5 MB.

Unloading 10 unused Assets to reduce memory usage. Loaded Objects now: 3200.
Total: 3.468100 ms (FindLiveObjects: 0.353100 ms CreateObjectMapping: 0.226100 ms MarkObjects: 2.853400 ms  DeleteObjects: 0.033400 ms)

========================================================================
Received Import Request.
  Time since last request: 48.652336 seconds.
  path: Assets/Prefab/VerticalCutter.prefab
  artifactKey: Guid(ac5be9e970b5a6e43b822cf2cef46338) Importer(815301076,1909f56bfc062723c751e8b465ee728b)
Start importing Assets/Prefab/VerticalCutter.prefab using Guid(ac5be9e970b5a6e43b822cf2cef46338) Importer(815301076,1909f56bfc062723c751e8b465ee728b)  -> (artifact id: '538d992810664953674af4c195079161') in 0.121880 seconds 
========================================================================
Received Import Request.
  Time since last request: 8.358707 seconds.
  path: Assets/Prefab/Enemy fireball.prefab
  artifactKey: Guid(ead4bce2a7939274a83f5bd6f04bbb7b) Importer(815301076,1909f56bfc062723c751e8b465ee728b)
Start importing Assets/Prefab/Enemy fireball.prefab using Guid(ead4bce2a7939274a83f5bd6f04bbb7b) Importer(815301076,1909f56bfc062723c751e8b465ee728b)  -> (artifact id: '9e3c34eabeec9034ac67a1a1fdbb8447') in 0.365186 seconds 
========================================================================
Received Import Request.
  Time since last request: 0.000737 seconds.
  path: Assets/Prefab/HalthPack.prefab
  artifactKey: Guid(de6926ca7b8e6024c95c976cf2e4df5f) Importer(815301076,1909f56bfc062723c751e8b465ee728b)
Start importing Assets/Prefab/HalthPack.prefab using Guid(de6926ca7b8e6024c95c976cf2e4df5f) Importer(815301076,1909f56bfc062723c751e8b465ee728b)  -> (artifact id: 'df6118e0982079aade3f1cda94dd38b7') in 0.120536 seconds 
========================================================================
Received Prepare
Registering precompiled user dll's ...
Registered in 0.006441 seconds.
Begin MonoManager ReloadAssembly
Native extension for WindowsStandalone target not found
Refreshing native plugins compatible for Editor in 0.78 ms, found 1 plugins.
Preloading 0 native plugins for Editor in 0.00 ms.
Mono: successfully reloaded assembly
- Completed reload, in  2.081 seconds
Platform modules already initialized, skipping
Refreshing native plugins compatible for Editor in 1.99 ms, found 1 plugins.
Preloading 0 native plugins for Editor in 0.00 ms.
Unloading 2714 Unused Serialized files (Serialized files now loaded: 0)
System memory in use before: 104.3 MB.
System memory in use after: 104.5 MB.

Unloading 9 unused Assets to reduce memory usage. Loaded Objects now: 3204.
Total: 3.188400 ms (FindLiveObjects: 0.333000 ms CreateObjectMapping: 0.178000 ms MarkObjects: 2.646500 ms  DeleteObjects: 0.028700 ms)

========================================================================
Received Import Request.
  Time since last request: 54.089437 seconds.
  path: Assets/Prefab/VerticalCutter.prefab
  artifactKey: Guid(ac5be9e970b5a6e43b822cf2cef46338) Importer(815301076,1909f56bfc062723c751e8b465ee728b)
Start importing Assets/Prefab/VerticalCutter.prefab using Guid(ac5be9e970b5a6e43b822cf2cef46338) Importer(815301076,1909f56bfc062723c751e8b465ee728b)  -> (artifact id: 'c5b9810b8435218abdbeaaa02aad7f0f') in 0.166104 seconds 
========================================================================
Received Import Request.
  Time since last request: 8.599979 seconds.
  path: Assets/Prefab/VerticalCutter.prefab
  artifactKey: Guid(ac5be9e970b5a6e43b822cf2cef46338) Importer(815301076,1909f56bfc062723c751e8b465ee728b)
Start importing Assets/Prefab/VerticalCutter.prefab using Guid(ac5be9e970b5a6e43b822cf2cef46338) Importer(815301076,1909f56bfc062723c751e8b465ee728b)  -> (artifact id: 'f96e3a23018fd316c4c7bcadf140cf56') in 0.048534 seconds 
========================================================================
Received Import Request.
  Time since last request: 8.060376 seconds.
  path: Assets/Prefab/VerticalCutter.prefab
  artifactKey: Guid(ac5be9e970b5a6e43b822cf2cef46338) Importer(815301076,1909f56bfc062723c751e8b465ee728b)
Start importing Assets/Prefab/VerticalCutter.prefab using Guid(ac5be9e970b5a6e43b822cf2cef46338) Importer(815301076,1909f56bfc062723c751e8b465ee728b)  -> (artifact id: '3296c729f636fd0338a50cbc8b00a851') in 0.050334 seconds 
========================================================================
Received Import Request.
  Time since last request: 3.249819 seconds.
  path: Assets/Prefab/VerticalCutter.prefab
  artifactKey: Guid(ac5be9e970b5a6e43b822cf2cef46338) Importer(815301076,1909f56bfc062723c751e8b465ee728b)
Start importing Assets/Prefab/VerticalCutter.prefab using Guid(ac5be9e970b5a6e43b822cf2cef46338) Importer(815301076,1909f56bfc062723c751e8b465ee728b)  -> (artifact id: '9a610124af440c68ed04872f33a662d5') in 0.047189 seconds 
========================================================================
Received Import Request.
  Time since last request: 4.704702 seconds.
  path: Assets/Prefab/VerticalCutter.prefab
  artifactKey: Guid(ac5be9e970b5a6e43b822cf2cef46338) Importer(815301076,1909f56bfc062723c751e8b465ee728b)
Start importing Assets/Prefab/VerticalCutter.prefab using Guid(ac5be9e970b5a6e43b822cf2cef46338) Importer(815301076,1909f56bfc062723c751e8b465ee728b)  -> (artifact id: 'a3e6af715e10949f491e94dd50d40a01') in 0.058227 seconds 
========================================================================
Received Import Request.
  Time since last request: 5.383392 seconds.
  path: Assets/Prefab/VerticalCutter.prefab
  artifactKey: Guid(ac5be9e970b5a6e43b822cf2cef46338) Importer(815301076,1909f56bfc062723c751e8b465ee728b)
Start importing Assets/Prefab/VerticalCutter.prefab using Guid(ac5be9e970b5a6e43b822cf2cef46338) Importer(815301076,1909f56bfc062723c751e8b465ee728b)  -> (artifact id: '9f37780b83e5fed2b78dd218c4137c5c') in 0.048330 seconds 
========================================================================
Received Import Request.
  Time since last request: 6.667767 seconds.
  path: Assets/Prefab/VerticalCutter.prefab
  artifactKey: Guid(ac5be9e970b5a6e43b822cf2cef46338) Importer(815301076,1909f56bfc062723c751e8b465ee728b)
Start importing Assets/Prefab/VerticalCutter.prefab using Guid(ac5be9e970b5a6e43b822cf2cef46338) Importer(815301076,1909f56bfc062723c751e8b465ee728b)  -> (artifact id: '522d0a9b8caa057e0b550ba379a7edc2') in 0.054927 seconds 
========================================================================
Received Import Request.
  Time since last request: 7.208244 seconds.
  path: Assets/Prefab/VerticalCutter.prefab
  artifactKey: Guid(ac5be9e970b5a6e43b822cf2cef46338) Importer(815301076,1909f56bfc062723c751e8b465ee728b)
Start importing Assets/Prefab/VerticalCutter.prefab using Guid(ac5be9e970b5a6e43b822cf2cef46338) Importer(815301076,1909f56bfc062723c751e8b465ee728b)  -> (artifact id: 'e0b92f01d98d61358a60b5aef474daef') in 0.053983 seconds 
========================================================================
Received Import Request.
  Time since last request: 4.266494 seconds.
  path: Assets/Prefab/VerticalCutter.prefab
  artifactKey: Guid(ac5be9e970b5a6e43b822cf2cef46338) Importer(815301076,1909f56bfc062723c751e8b465ee728b)
Start importing Assets/Prefab/VerticalCutter.prefab using Guid(ac5be9e970b5a6e43b822cf2cef46338) Importer(815301076,1909f56bfc062723c751e8b465ee728b)  -> (artifact id: '58278e00d7542cfdb4a83b734b19199e') in 0.052662 seconds 
========================================================================
Received Import Request.
  Time since last request: 7.370107 seconds.
  path: Assets/Prefab/VerticalCutter.prefab
  artifactKey: Guid(ac5be9e970b5a6e43b822cf2cef46338) Importer(815301076,1909f56bfc062723c751e8b465ee728b)
Start importing Assets/Prefab/VerticalCutter.prefab using Guid(ac5be9e970b5a6e43b822cf2cef46338) Importer(815301076,1909f56bfc062723c751e8b465ee728b)  -> (artifact id: 'c2bb58ffb927e044e5686f06242213f4') in 0.049660 seconds 
========================================================================
Received Import Request.
  Time since last request: 2.793769 seconds.
  path: Assets/Prefab/VerticalCutter.prefab
  artifactKey: Guid(ac5be9e970b5a6e43b822cf2cef46338) Importer(815301076,1909f56bfc062723c751e8b465ee728b)
Start importing Assets/Prefab/VerticalCutter.prefab using Guid(ac5be9e970b5a6e43b822cf2cef46338) Importer(815301076,1909f56bfc062723c751e8b465ee728b)  -> (artifact id: 'dbbb8d972902adfdfd4617a9a8b6eaad') in 0.044726 seconds 
========================================================================
Received Prepare
Registering precompiled user dll's ...
Registered in 0.007148 seconds.
Begin MonoManager ReloadAssembly
Native extension for WindowsStandalone target not found
Refreshing native plugins compatible for Editor in 0.81 ms, found 1 plugins.
Preloading 0 native plugins for Editor in 0.00 ms.
Mono: successfully reloaded assembly
- Completed reload, in  2.117 seconds
Platform modules already initialized, skipping
Refreshing native plugins compatible for Editor in 3.65 ms, found 1 plugins.
Preloading 0 native plugins for Editor in 0.00 ms.
Unloading 2714 Unused Serialized files (Serialized files now loaded: 0)
System memory in use before: 104.3 MB.
System memory in use after: 104.5 MB.

Unloading 9 unused Assets to reduce memory usage. Loaded Objects now: 3208.
Total: 25.687200 ms (FindLiveObjects: 1.149500 ms CreateObjectMapping: 0.411100 ms MarkObjects: 24.085700 ms  DeleteObjects: 0.037200 ms)

========================================================================
Received Prepare
Registering precompiled user dll's ...
Registered in 0.005303 seconds.
Begin MonoManager ReloadAssembly
Native extension for WindowsStandalone target not found
Refreshing native plugins compatible for Editor in 0.87 ms, found 1 plugins.
Preloading 0 native plugins for Editor in 0.00 ms.
Mono: successfully reloaded assembly
- Completed reload, in  1.952 seconds
Platform modules already initialized, skipping
Refreshing native plugins compatible for Editor in 1.41 ms, found 1 plugins.
Preloading 0 native plugins for Editor in 0.00 ms.
Unloading 2714 Unused Serialized files (Serialized files now loaded: 0)
System memory in use before: 104.3 MB.
System memory in use after: 104.5 MB.

Unloading 9 unused Assets to reduce memory usage. Loaded Objects now: 3211.
Total: 9.326300 ms (FindLiveObjects: 0.708700 ms CreateObjectMapping: 2.836700 ms MarkObjects: 5.735300 ms  DeleteObjects: 0.041300 ms)

========================================================================
Received Prepare
Registering precompiled user dll's ...
Registered in 0.003990 seconds.
Begin MonoManager ReloadAssembly
Native extension for WindowsStandalone target not found
Refreshing native plugins compatible for Editor in 0.78 ms, found 1 plugins.
Preloading 0 native plugins for Editor in 0.00 ms.
Mono: successfully reloaded assembly
- Completed reload, in  1.904 seconds
Platform modules already initialized, skipping
Refreshing native plugins compatible for Editor in 1.58 ms, found 1 plugins.
Preloading 0 native plugins for Editor in 0.00 ms.
Unloading 2714 Unused Serialized files (Serialized files now loaded: 0)
System memory in use before: 104.3 MB.
System memory in use after: 104.5 MB.

Unloading 9 unused Assets to reduce memory usage. Loaded Objects now: 3214.
Total: 6.637400 ms (FindLiveObjects: 1.005600 ms CreateObjectMapping: 0.420800 ms MarkObjects: 5.167900 ms  DeleteObjects: 0.039800 ms)

========================================================================
Received Prepare
Registering precompiled user dll's ...
Registered in 0.003903 seconds.
Begin MonoManager ReloadAssembly
Native extension for WindowsStandalone target not found
Refreshing native plugins compatible for Editor in 0.91 ms, found 1 plugins.
Preloading 0 native plugins for Editor in 0.00 ms.
Mono: successfully reloaded assembly
- Completed reload, in  2.026 seconds
Platform modules already initialized, skipping
Refreshing native plugins compatible for Editor in 1.71 ms, found 1 plugins.
Preloading 0 native plugins for Editor in 0.00 ms.
Unloading 2714 Unused Serialized files (Serialized files now loaded: 0)
System memory in use before: 104.3 MB.
System memory in use after: 104.5 MB.

Unloading 9 unused Assets to reduce memory usage. Loaded Objects now: 3217.
Total: 3.666600 ms (FindLiveObjects: 0.685900 ms CreateObjectMapping: 0.287500 ms MarkObjects: 2.659000 ms  DeleteObjects: 0.031100 ms)

========================================================================
Received Prepare
Registering precompiled user dll's ...
Registered in 0.006320 seconds.
Begin MonoManager ReloadAssembly
Native extension for WindowsStandalone target not found
Refreshing native plugins compatible for Editor in 0.82 ms, found 1 plugins.
Preloading 0 native plugins for Editor in 0.00 ms.
Mono: successfully reloaded assembly
- Completed reload, in  1.984 seconds
Platform modules already initialized, skipping
Refreshing native plugins compatible for Editor in 2.15 ms, found 1 plugins.
Preloading 0 native plugins for Editor in 0.00 ms.
Unloading 2714 Unused Serialized files (Serialized files now loaded: 0)
System memory in use before: 104.3 MB.
System memory in use after: 104.5 MB.

Unloading 9 unused Assets to reduce memory usage. Loaded Objects now: 3220.
Total: 8.482000 ms (FindLiveObjects: 1.479700 ms CreateObjectMapping: 0.381900 ms MarkObjects: 6.573000 ms  DeleteObjects: 0.044000 ms)

========================================================================
Received Prepare
Registering precompiled user dll's ...
Registered in 0.006304 seconds.
Begin MonoManager ReloadAssembly
Native extension for WindowsStandalone target not found
Refreshing native plugins compatible for Editor in 0.87 ms, found 1 plugins.
Preloading 0 native plugins for Editor in 0.00 ms.
Mono: successfully reloaded assembly
- Completed reload, in  2.017 seconds
Platform modules already initialized, skipping
Refreshing native plugins compatible for Editor in 4.23 ms, found 1 plugins.
Preloading 0 native plugins for Editor in 0.00 ms.
Unloading 2714 Unused Serialized files (Serialized files now loaded: 0)
System memory in use before: 104.3 MB.
System memory in use after: 104.5 MB.

Unloading 9 unused Assets to reduce memory usage. Loaded Objects now: 3223.
Total: 34.554900 ms (FindLiveObjects: 0.856800 ms CreateObjectMapping: 0.315700 ms MarkObjects: 33.171600 ms  DeleteObjects: 0.206800 ms)

========================================================================
Received Prepare
Registering precompiled user dll's ...
Registered in 0.003917 seconds.
Begin MonoManager ReloadAssembly
Native extension for WindowsStandalone target not found
Refreshing native plugins compatible for Editor in 1.10 ms, found 1 plugins.
Preloading 0 native plugins for Editor in 0.00 ms.
Mono: successfully reloaded assembly
- Completed reload, in  2.329 seconds
Platform modules already initialized, skipping
Refreshing native plugins compatible for Editor in 1.41 ms, found 1 plugins.
Preloading 0 native plugins for Editor in 0.00 ms.
Unloading 2714 Unused Serialized files (Serialized files now loaded: 0)
System memory in use before: 104.3 MB.
System memory in use after: 104.5 MB.

Unloading 9 unused Assets to reduce memory usage. Loaded Objects now: 3226.
Total: 3.394200 ms (FindLiveObjects: 0.388400 ms CreateObjectMapping: 0.268600 ms MarkObjects: 2.706500 ms  DeleteObjects: 0.028300 ms)

========================================================================
Received Prepare
Registering precompiled user dll's ...
Registered in 0.005946 seconds.
Begin MonoManager ReloadAssembly
Native extension for WindowsStandalone target not found
Refreshing native plugins compatible for Editor in 0.90 ms, found 1 plugins.
Preloading 0 native plugins for Editor in 0.00 ms.
Mono: successfully reloaded assembly
- Completed reload, in  1.925 seconds
Platform modules already initialized, skipping
Refreshing native plugins compatible for Editor in 2.66 ms, found 1 plugins.
Preloading 0 native plugins for Editor in 0.00 ms.
Unloading 2714 Unused Serialized files (Serialized files now loaded: 0)
System memory in use before: 104.3 MB.
System memory in use after: 104.5 MB.

Unloading 9 unused Assets to reduce memory usage. Loaded Objects now: 3229.
Total: 9.571100 ms (FindLiveObjects: 3.295900 ms CreateObjectMapping: 0.955300 ms MarkObjects: 5.268600 ms  DeleteObjects: 0.047600 ms)

========================================================================
Received Prepare
Registering precompiled user dll's ...
Registered in 0.004460 seconds.
Begin MonoManager ReloadAssembly
Native extension for WindowsStandalone target not found
Refreshing native plugins compatible for Editor in 0.81 ms, found 1 plugins.
Preloading 0 native plugins for Editor in 0.00 ms.
Mono: successfully reloaded assembly
- Completed reload, in  2.026 seconds
Platform modules already initialized, skipping
Refreshing native plugins compatible for Editor in 1.43 ms, found 1 plugins.
Preloading 0 native plugins for Editor in 0.00 ms.
Unloading 2714 Unused Serialized files (Serialized files now loaded: 0)
System memory in use before: 104.3 MB.
System memory in use after: 104.6 MB.

Unloading 9 unused Assets to reduce memory usage. Loaded Objects now: 3232.
Total: 3.316500 ms (FindLiveObjects: 0.316200 ms CreateObjectMapping: 0.180200 ms MarkObjects: 2.789800 ms  DeleteObjects: 0.027200 ms)

========================================================================
Received Import Request.
  Time since last request: 556.063279 seconds.
  path: Assets/Scenes
  artifactKey: Guid(604cc516ba9ee8940985dffdca749c7e) Importer(815301076,1909f56bfc062723c751e8b465ee728b)
Start importing Assets/Scenes using Guid(604cc516ba9ee8940985dffdca749c7e) Importer(815301076,1909f56bfc062723c751e8b465ee728b)  -> (artifact id: '3cbeae9c9c9bd11c53d9a9957a5ebc60') in 0.033409 seconds 
========================================================================
Received Import Request.
  Time since last request: 1.943097 seconds.
  path: Assets/Script/Zombie
  artifactKey: Guid(6ecb5802944eefd458f3fc40fe6782fe) Importer(815301076,1909f56bfc062723c751e8b465ee728b)
Start importing Assets/Script/Zombie using Guid(6ecb5802944eefd458f3fc40fe6782fe) Importer(815301076,1909f56bfc062723c751e8b465ee728b)  -> (artifact id: '17729b69975968354c685a1684a9c9e7') in 0.050684 seconds 
========================================================================
Received Import Request.
  Time since last request: 1.626841 seconds.
  path: Assets/Script/Zombie/ZombieFireball.cs
  artifactKey: Guid(61b7b4b4bd6e7bd46839066de7981823) Importer(815301076,1909f56bfc062723c751e8b465ee728b)
Start importing Assets/Script/Zombie/ZombieFireball.cs using Guid(61b7b4b4bd6e7bd46839066de7981823) Importer(815301076,1909f56bfc062723c751e8b465ee728b)  -> (artifact id: '190838e3ca9c975a1d08767e62eea4b9') in 0.016988 seconds 
========================================================================
Received Prepare
Registering precompiled user dll's ...
Registered in 0.004016 seconds.
Begin MonoManager ReloadAssembly
Native extension for WindowsStandalone target not found
Refreshing native plugins compatible for Editor in 0.89 ms, found 1 plugins.
Preloading 0 native plugins for Editor in 0.00 ms.
Mono: successfully reloaded assembly
- Completed reload, in  1.968 seconds
Platform modules already initialized, skipping
Refreshing native plugins compatible for Editor in 1.46 ms, found 1 plugins.
Preloading 0 native plugins for Editor in 0.00 ms.
Unloading 2714 Unused Serialized files (Serialized files now loaded: 0)
System memory in use before: 104.3 MB.
System memory in use after: 104.6 MB.

Unloading 9 unused Assets to reduce memory usage. Loaded Objects now: 3235.
Total: 3.779200 ms (FindLiveObjects: 0.364300 ms CreateObjectMapping: 0.190200 ms MarkObjects: 3.190400 ms  DeleteObjects: 0.031600 ms)

========================================================================
Received Import Request.
  Time since last request: 69.596536 seconds.
  path: Assets/Script/Zombie/ZombieFireball.cs
  artifactKey: Guid(61b7b4b4bd6e7bd46839066de7981823) Importer(815301076,1909f56bfc062723c751e8b465ee728b)
Start importing Assets/Script/Zombie/ZombieFireball.cs using Guid(61b7b4b4bd6e7bd46839066de7981823) Importer(815301076,1909f56bfc062723c751e8b465ee728b)  -> (artifact id: 'c3f7848dfc9d8941f1fd39b3a7b50349') in 0.036368 seconds 
========================================================================
Received Prepare
Registering precompiled user dll's ...
Registered in 0.004583 seconds.
Begin MonoManager ReloadAssembly
Native extension for WindowsStandalone target not found
Refreshing native plugins compatible for Editor in 1.27 ms, found 1 plugins.
Preloading 0 native plugins for Editor in 0.00 ms.
Mono: successfully reloaded assembly
- Completed reload, in  1.943 seconds
Platform modules already initialized, skipping
Refreshing native plugins compatible for Editor in 1.31 ms, found 1 plugins.
Preloading 0 native plugins for Editor in 0.00 ms.
Unloading 2714 Unused Serialized files (Serialized files now loaded: 0)
System memory in use before: 104.3 MB.
System memory in use after: 104.6 MB.

Unloading 9 unused Assets to reduce memory usage. Loaded Objects now: 3238.
Total: 5.076600 ms (FindLiveObjects: 0.452300 ms CreateObjectMapping: 0.240400 ms MarkObjects: 4.341500 ms  DeleteObjects: 0.039800 ms)

========================================================================
Received Prepare
Registering precompiled user dll's ...
Registered in 0.004928 seconds.
Begin MonoManager ReloadAssembly
Native extension for WindowsStandalone target not found
Refreshing native plugins compatible for Editor in 0.88 ms, found 1 plugins.
Preloading 0 native plugins for Editor in 0.00 ms.
Mono: successfully reloaded assembly
- Completed reload, in  2.015 seconds
Platform modules already initialized, skipping
Refreshing native plugins compatible for Editor in 1.40 ms, found 1 plugins.
Preloading 0 native plugins for Editor in 0.00 ms.
Unloading 2714 Unused Serialized files (Serialized files now loaded: 0)
System memory in use before: 104.3 MB.
System memory in use after: 104.6 MB.

Unloading 9 unused Assets to reduce memory usage. Loaded Objects now: 3241.
Total: 6.449900 ms (FindLiveObjects: 1.166100 ms CreateObjectMapping: 0.380000 ms MarkObjects: 4.860500 ms  DeleteObjects: 0.039100 ms)

========================================================================
Received Prepare
Registering precompiled user dll's ...
Registered in 0.006766 seconds.
Begin MonoManager ReloadAssembly
Native extension for WindowsStandalone target not found
Refreshing native plugins compatible for Editor in 1.24 ms, found 1 plugins.
Preloading 0 native plugins for Editor in 0.00 ms.
Mono: successfully reloaded assembly
- Completed reload, in  2.675 seconds
Platform modules already initialized, skipping
Refreshing native plugins compatible for Editor in 1.56 ms, found 1 plugins.
Preloading 0 native plugins for Editor in 0.00 ms.
Unloading 2714 Unused Serialized files (Serialized files now loaded: 0)
System memory in use before: 104.4 MB.
System memory in use after: 104.6 MB.

Unloading 9 unused Assets to reduce memory usage. Loaded Objects now: 3244.
Total: 5.959100 ms (FindLiveObjects: 0.640600 ms CreateObjectMapping: 0.357500 ms MarkObjects: 4.909500 ms  DeleteObjects: 0.048500 ms)

========================================================================
Received Import Request.
  Time since last request: 108.239159 seconds.
  path: Assets/Prefab/Dash Particle System.prefab
  artifactKey: Guid(a695902cb6217b34abe084b368e1806c) Importer(815301076,1909f56bfc062723c751e8b465ee728b)
Start importing Assets/Prefab/Dash Particle System.prefab using Guid(a695902cb6217b34abe084b368e1806c) Importer(815301076,1909f56bfc062723c751e8b465ee728b)  -> (artifact id: '26ff9ca4cd88517e8812111675cefad2') in 0.084747 seconds 
========================================================================
Received Prepare
Registering precompiled user dll's ...
Registered in 0.003921 seconds.
Begin MonoManager ReloadAssembly
Native extension for WindowsStandalone target not found
Refreshing native plugins compatible for Editor in 1.32 ms, found 1 plugins.
Preloading 0 native plugins for Editor in 0.00 ms.
Mono: successfully reloaded assembly
- Completed reload, in  1.995 seconds
Platform modules already initialized, skipping
Refreshing native plugins compatible for Editor in 4.94 ms, found 1 plugins.
Preloading 0 native plugins for Editor in 0.00 ms.
Unloading 2714 Unused Serialized files (Serialized files now loaded: 0)
System memory in use before: 104.3 MB.
System memory in use after: 104.6 MB.

Unloading 9 unused Assets to reduce memory usage. Loaded Objects now: 3247.
Total: 16.772500 ms (FindLiveObjects: 1.118200 ms CreateObjectMapping: 4.400200 ms MarkObjects: 11.218100 ms  DeleteObjects: 0.032600 ms)

========================================================================
Received Prepare
Registering precompiled user dll's ...
Registered in 0.006306 seconds.
Begin MonoManager ReloadAssembly
Native extension for WindowsStandalone target not found
Refreshing native plugins compatible for Editor in 1.75 ms, found 1 plugins.
Preloading 0 native plugins for Editor in 0.00 ms.
Mono: successfully reloaded assembly
- Completed reload, in  1.957 seconds
Platform modules already initialized, skipping
Refreshing native plugins compatible for Editor in 3.39 ms, found 1 plugins.
Preloading 0 native plugins for Editor in 0.00 ms.
Unloading 2714 Unused Serialized files (Serialized files now loaded: 0)
System memory in use before: 104.4 MB.
System memory in use after: 104.6 MB.

Unloading 9 unused Assets to reduce memory usage. Loaded Objects now: 3250.
Total: 9.135100 ms (FindLiveObjects: 0.510400 ms CreateObjectMapping: 0.638900 ms MarkObjects: 7.946800 ms  DeleteObjects: 0.036200 ms)

========================================================================
Received Prepare
Registering precompiled user dll's ...
Registered in 0.006567 seconds.
Begin MonoManager ReloadAssembly
Native extension for WindowsStandalone target not found
Refreshing native plugins compatible for Editor in 0.88 ms, found 1 plugins.
Preloading 0 native plugins for Editor in 0.00 ms.
Mono: successfully reloaded assembly
- Completed reload, in  1.908 seconds
Platform modules already initialized, skipping
Refreshing native plugins compatible for Editor in 22.29 ms, found 1 plugins.
Preloading 0 native plugins for Editor in 0.00 ms.
Unloading 2714 Unused Serialized files (Serialized files now loaded: 0)
System memory in use before: 104.4 MB.
System memory in use after: 104.6 MB.

Unloading 9 unused Assets to reduce memory usage. Loaded Objects now: 3253.
Total: 7.198100 ms (FindLiveObjects: 2.482400 ms CreateObjectMapping: 0.345000 ms MarkObjects: 4.329000 ms  DeleteObjects: 0.039000 ms)

========================================================================
Received Prepare
Registering precompiled user dll's ...
Registered in 0.004079 seconds.
Begin MonoManager ReloadAssembly
Native extension for WindowsStandalone target not found
Refreshing native plugins compatible for Editor in 1.38 ms, found 1 plugins.
Preloading 0 native plugins for Editor in 0.00 ms.
Mono: successfully reloaded assembly
- Completed reload, in  2.002 seconds
Platform modules already initialized, skipping
Refreshing native plugins compatible for Editor in 2.01 ms, found 1 plugins.
Preloading 0 native plugins for Editor in 0.00 ms.
Unloading 2714 Unused Serialized files (Serialized files now loaded: 0)
System memory in use before: 104.4 MB.
System memory in use after: 104.6 MB.

Unloading 9 unused Assets to reduce memory usage. Loaded Objects now: 3256.
Total: 6.337200 ms (FindLiveObjects: 0.727000 ms CreateObjectMapping: 0.489700 ms MarkObjects: 5.075600 ms  DeleteObjects: 0.041500 ms)

========================================================================
Received Prepare
Registering precompiled user dll's ...
Registered in 0.004547 seconds.
Begin MonoManager ReloadAssembly
Native extension for WindowsStandalone target not found
Refreshing native plugins compatible for Editor in 0.90 ms, found 1 plugins.
Preloading 0 native plugins for Editor in 0.00 ms.
Mono: successfully reloaded assembly
- Completed reload, in  2.003 seconds
Platform modules already initialized, skipping
Refreshing native plugins compatible for Editor in 68.03 ms, found 1 plugins.
Preloading 0 native plugins for Editor in 0.00 ms.
Unloading 2714 Unused Serialized files (Serialized files now loaded: 0)
System memory in use before: 104.4 MB.
System memory in use after: 104.6 MB.

Unloading 9 unused Assets to reduce memory usage. Loaded Objects now: 3259.
Total: 20.491500 ms (FindLiveObjects: 0.780700 ms CreateObjectMapping: 0.353800 ms MarkObjects: 19.165900 ms  DeleteObjects: 0.187200 ms)

========================================================================
Received Prepare
Registering precompiled user dll's ...
Registered in 0.009219 seconds.
Begin MonoManager ReloadAssembly
Native extension for WindowsStandalone target not found
Refreshing native plugins compatible for Editor in 1.26 ms, found 1 plugins.
Preloading 0 native plugins for Editor in 0.00 ms.
Mono: successfully reloaded assembly
- Completed reload, in  2.780 seconds
Platform modules already initialized, skipping
Refreshing native plugins compatible for Editor in 1.50 ms, found 1 plugins.
Preloading 0 native plugins for Editor in 0.00 ms.
Unloading 2714 Unused Serialized files (Serialized files now loaded: 0)
System memory in use before: 104.4 MB.
System memory in use after: 104.7 MB.

Unloading 9 unused Assets to reduce memory usage. Loaded Objects now: 3262.
Total: 3.853300 ms (FindLiveObjects: 0.792100 ms CreateObjectMapping: 0.349100 ms MarkObjects: 2.680800 ms  DeleteObjects: 0.025900 ms)

========================================================================
Received Import Request.
  Time since last request: 310.466026 seconds.
  path: Assets/Prefab/Dash Particle System.prefab
  artifactKey: Guid(a695902cb6217b34abe084b368e1806c) Importer(815301076,1909f56bfc062723c751e8b465ee728b)
Start importing Assets/Prefab/Dash Particle System.prefab using Guid(a695902cb6217b34abe084b368e1806c) Importer(815301076,1909f56bfc062723c751e8b465ee728b)  -> (artifact id: '736a5df47b9a62c6782eea5eb272f614') in 0.070757 seconds 
========================================================================
Received Import Request.
  Time since last request: 1.994700 seconds.
  path: Assets/Prefab/Dash Particle System.prefab
  artifactKey: Guid(a695902cb6217b34abe084b368e1806c) Importer(815301076,1909f56bfc062723c751e8b465ee728b)
Start importing Assets/Prefab/Dash Particle System.prefab using Guid(a695902cb6217b34abe084b368e1806c) Importer(815301076,1909f56bfc062723c751e8b465ee728b)  -> (artifact id: 'd9efda8e99d8dac6204866944e3eec8f') in 0.015244 seconds 
========================================================================
Received Import Request.
  Time since last request: 2.023282 seconds.
  path: Assets/Prefab/Dash Particle System.prefab
  artifactKey: Guid(a695902cb6217b34abe084b368e1806c) Importer(815301076,1909f56bfc062723c751e8b465ee728b)
Start importing Assets/Prefab/Dash Particle System.prefab using Guid(a695902cb6217b34abe084b368e1806c) Importer(815301076,1909f56bfc062723c751e8b465ee728b)  -> (artifact id: '723b0a2318ae74877643e48680a59622') in 0.013260 seconds 
========================================================================
Received Import Request.
  Time since last request: 2.444666 seconds.
  path: Assets/Prefab/Dash Particle System.prefab
  artifactKey: Guid(a695902cb6217b34abe084b368e1806c) Importer(815301076,1909f56bfc062723c751e8b465ee728b)
Start importing Assets/Prefab/Dash Particle System.prefab using Guid(a695902cb6217b34abe084b368e1806c) Importer(815301076,1909f56bfc062723c751e8b465ee728b)  -> (artifact id: '45ed15c4952fa4027a6d1a091ab56199') in 0.015644 seconds 
========================================================================
Received Prepare
Registering precompiled user dll's ...
Registered in 0.006981 seconds.
Begin MonoManager ReloadAssembly
Native extension for WindowsStandalone target not found
Refreshing native plugins compatible for Editor in 1.04 ms, found 1 plugins.
Preloading 0 native plugins for Editor in 0.00 ms.
Mono: successfully reloaded assembly
- Completed reload, in  2.407 seconds
Platform modules already initialized, skipping
Refreshing native plugins compatible for Editor in 1.43 ms, found 1 plugins.
Preloading 0 native plugins for Editor in 0.00 ms.
Unloading 2714 Unused Serialized files (Serialized files now loaded: 0)
System memory in use before: 104.4 MB.
System memory in use after: 104.7 MB.

Unloading 9 unused Assets to reduce memory usage. Loaded Objects now: 3265.
Total: 3.555200 ms (FindLiveObjects: 0.344900 ms CreateObjectMapping: 0.236900 ms MarkObjects: 2.940900 ms  DeleteObjects: 0.030200 ms)

========================================================================
Received Import Request.
  Time since last request: 21.016974 seconds.
  path: Assets/Prefab/Dash Particle System.prefab
  artifactKey: Guid(a695902cb6217b34abe084b368e1806c) Importer(815301076,1909f56bfc062723c751e8b465ee728b)
Start importing Assets/Prefab/Dash Particle System.prefab using Guid(a695902cb6217b34abe084b368e1806c) Importer(815301076,1909f56bfc062723c751e8b465ee728b)  -> (artifact id: '8e933394d56ef4d1a6528bdff539630f') in 0.081810 seconds 
========================================================================
Received Prepare
Registering precompiled user dll's ...
Registered in 0.026842 seconds.
Begin MonoManager ReloadAssembly
Native extension for WindowsStandalone target not found
Refreshing native plugins compatible for Editor in 1.39 ms, found 1 plugins.
Preloading 0 native plugins for Editor in 0.00 ms.
Mono: successfully reloaded assembly
- Completed reload, in  3.663 seconds
Platform modules already initialized, skipping
Refreshing native plugins compatible for Editor in 1.53 ms, found 1 plugins.
Preloading 0 native plugins for Editor in 0.00 ms.
Unloading 2714 Unused Serialized files (Serialized files now loaded: 0)
System memory in use before: 104.4 MB.
System memory in use after: 104.7 MB.

Unloading 9 unused Assets to reduce memory usage. Loaded Objects now: 3268.
Total: 7.131000 ms (FindLiveObjects: 0.560400 ms CreateObjectMapping: 1.461400 ms MarkObjects: 5.042100 ms  DeleteObjects: 0.064000 ms)

========================================================================
Received Import Request.
  Time since last request: 17.003531 seconds.
  path: Assets/Prefab/Dash Particle System.prefab
  artifactKey: Guid(a695902cb6217b34abe084b368e1806c) Importer(815301076,1909f56bfc062723c751e8b465ee728b)
Start importing Assets/Prefab/Dash Particle System.prefab using Guid(a695902cb6217b34abe084b368e1806c) Importer(815301076,1909f56bfc062723c751e8b465ee728b)  -> (artifact id: '2e03ec430ab42145dbfcd5bdccc1a589') in 0.067121 seconds 
========================================================================
Received Import Request.
  Time since last request: 3.499605 seconds.
  path: Assets/Prefab/Dash Particle System.prefab
  artifactKey: Guid(a695902cb6217b34abe084b368e1806c) Importer(815301076,1909f56bfc062723c751e8b465ee728b)
Start importing Assets/Prefab/Dash Particle System.prefab using Guid(a695902cb6217b34abe084b368e1806c) Importer(815301076,1909f56bfc062723c751e8b465ee728b)  -> (artifact id: 'cf78e4ed4c0ca303f0961a54013eeaf5') in 0.017067 seconds 
========================================================================
Received Import Request.
  Time since last request: 3.327512 seconds.
  path: Assets/Prefab/Dash Particle System.prefab
  artifactKey: Guid(a695902cb6217b34abe084b368e1806c) Importer(815301076,1909f56bfc062723c751e8b465ee728b)
Start importing Assets/Prefab/Dash Particle System.prefab using Guid(a695902cb6217b34abe084b368e1806c) Importer(815301076,1909f56bfc062723c751e8b465ee728b)  -> (artifact id: '0db997f8d78a601352b676e9dfc030ee') in 0.023839 seconds 
========================================================================
Received Import Request.
  Time since last request: 1.594115 seconds.
  path: Assets/Prefab/Dash Particle System.prefab
  artifactKey: Guid(a695902cb6217b34abe084b368e1806c) Importer(815301076,1909f56bfc062723c751e8b465ee728b)
Start importing Assets/Prefab/Dash Particle System.prefab using Guid(a695902cb6217b34abe084b368e1806c) Importer(815301076,1909f56bfc062723c751e8b465ee728b)  -> (artifact id: 'd06b390f7e81de9a63ed53cd9b1c7b7e') in 0.010390 seconds 
========================================================================
Received Prepare
Registering precompiled user dll's ...
Registered in 0.007229 seconds.
Begin MonoManager ReloadAssembly
Native extension for WindowsStandalone target not found
Refreshing native plugins compatible for Editor in 0.86 ms, found 1 plugins.
Preloading 0 native plugins for Editor in 0.00 ms.
Mono: successfully reloaded assembly
- Completed reload, in  2.275 seconds
Platform modules already initialized, skipping
Refreshing native plugins compatible for Editor in 1.80 ms, found 1 plugins.
Preloading 0 native plugins for Editor in 0.00 ms.
Unloading 2714 Unused Serialized files (Serialized files now loaded: 0)
System memory in use before: 104.5 MB.
System memory in use after: 104.7 MB.

Unloading 9 unused Assets to reduce memory usage. Loaded Objects now: 3271.
Total: 3.354200 ms (FindLiveObjects: 0.486200 ms CreateObjectMapping: 0.254300 ms MarkObjects: 2.587200 ms  DeleteObjects: 0.024900 ms)

========================================================================
Received Import Request.
  Time since last request: 18.803848 seconds.
  path: Assets/Prefab/Dash Particle System.prefab
  artifactKey: Guid(a695902cb6217b34abe084b368e1806c) Importer(815301076,1909f56bfc062723c751e8b465ee728b)
Start importing Assets/Prefab/Dash Particle System.prefab using Guid(a695902cb6217b34abe084b368e1806c) Importer(815301076,1909f56bfc062723c751e8b465ee728b)  -> (artifact id: 'a6bc8328b3923c559ac9fdf49e3aa3e6') in 0.066012 seconds 
========================================================================
Received Import Request.
  Time since last request: 2.324714 seconds.
  path: Assets/Prefab/Dash Particle System.prefab
  artifactKey: Guid(a695902cb6217b34abe084b368e1806c) Importer(815301076,1909f56bfc062723c751e8b465ee728b)
Start importing Assets/Prefab/Dash Particle System.prefab using Guid(a695902cb6217b34abe084b368e1806c) Importer(815301076,1909f56bfc062723c751e8b465ee728b)  -> (artifact id: '7a1f48f7bd4ccb944e1f055c1923c8a3') in 0.021041 seconds 
========================================================================
Received Prepare
Registering precompiled user dll's ...
Registered in 0.003824 seconds.
Begin MonoManager ReloadAssembly
Native extension for WindowsStandalone target not found
Refreshing native plugins compatible for Editor in 0.84 ms, found 1 plugins.
Preloading 0 native plugins for Editor in 0.00 ms.
Mono: successfully reloaded assembly
- Completed reload, in  1.904 seconds
Platform modules already initialized, skipping
Refreshing native plugins compatible for Editor in 1.53 ms, found 1 plugins.
Preloading 0 native plugins for Editor in 0.00 ms.
Unloading 2714 Unused Serialized files (Serialized files now loaded: 0)
System memory in use before: 104.5 MB.
System memory in use after: 104.7 MB.

Unloading 9 unused Assets to reduce memory usage. Loaded Objects now: 3274.
Total: 5.014600 ms (FindLiveObjects: 0.367900 ms CreateObjectMapping: 0.198600 ms MarkObjects: 4.414100 ms  DeleteObjects: 0.030900 ms)

========================================================================
Received Prepare
Registering precompiled user dll's ...
Registered in 0.004348 seconds.
Begin MonoManager ReloadAssembly
Native extension for WindowsStandalone target not found
Refreshing native plugins compatible for Editor in 0.78 ms, found 1 plugins.
Preloading 0 native plugins for Editor in 0.00 ms.
Mono: successfully reloaded assembly
- Completed reload, in  1.859 seconds
Platform modules already initialized, skipping
Refreshing native plugins compatible for Editor in 1.29 ms, found 1 plugins.
Preloading 0 native plugins for Editor in 0.00 ms.
Unloading 2714 Unused Serialized files (Serialized files now loaded: 0)
System memory in use before: 104.5 MB.
System memory in use after: 104.7 MB.

Unloading 9 unused Assets to reduce memory usage. Loaded Objects now: 3277.
Total: 5.922800 ms (FindLiveObjects: 1.164900 ms CreateObjectMapping: 0.434500 ms MarkObjects: 4.259700 ms  DeleteObjects: 0.059500 ms)

========================================================================
Received Prepare
Registering precompiled user dll's ...
Registered in 0.011231 seconds.
Begin MonoManager ReloadAssembly
Native extension for WindowsStandalone target not found
Refreshing native plugins compatible for Editor in 2.85 ms, found 1 plugins.
Preloading 0 native plugins for Editor in 0.00 ms.
Mono: successfully reloaded assembly
- Completed reload, in  4.334 seconds
Platform modules already initialized, skipping
Refreshing native plugins compatible for Editor in 15.92 ms, found 1 plugins.
Preloading 0 native plugins for Editor in 0.00 ms.
Unloading 2714 Unused Serialized files (Serialized files now loaded: 0)
System memory in use before: 104.6 MB.
System memory in use after: 104.8 MB.

Unloading 9 unused Assets to reduce memory usage. Loaded Objects now: 3280.
Total: 13.708100 ms (FindLiveObjects: 1.309100 ms CreateObjectMapping: 3.050600 ms MarkObjects: 8.889200 ms  DeleteObjects: 0.450800 ms)

========================================================================
Received Prepare
Registering precompiled user dll's ...
Registered in 0.004135 seconds.
Begin MonoManager ReloadAssembly
Native extension for WindowsStandalone target not found
Refreshing native plugins compatible for Editor in 0.84 ms, found 1 plugins.
Preloading 0 native plugins for Editor in 0.00 ms.
Mono: successfully reloaded assembly
- Completed reload, in  2.073 seconds
Platform modules already initialized, skipping
Refreshing native plugins compatible for Editor in 47.66 ms, found 1 plugins.
Preloading 0 native plugins for Editor in 0.00 ms.
Unloading 2714 Unused Serialized files (Serialized files now loaded: 0)
System memory in use before: 104.6 MB.
System memory in use after: 104.8 MB.

Unloading 9 unused Assets to reduce memory usage. Loaded Objects now: 3283.
Total: 14.390200 ms (FindLiveObjects: 2.911000 ms CreateObjectMapping: 0.424100 ms MarkObjects: 10.861900 ms  DeleteObjects: 0.189400 ms)

========================================================================
Received Prepare
Registering precompiled user dll's ...
Registered in 0.006103 seconds.
Begin MonoManager ReloadAssembly
Native extension for WindowsStandalone target not found
Refreshing native plugins compatible for Editor in 0.83 ms, found 1 plugins.
Preloading 0 native plugins for Editor in 0.00 ms.
Mono: successfully reloaded assembly
- Completed reload, in  2.000 seconds
Platform modules already initialized, skipping
Refreshing native plugins compatible for Editor in 1.88 ms, found 1 plugins.
Preloading 0 native plugins for Editor in 0.00 ms.
Unloading 2714 Unused Serialized files (Serialized files now loaded: 0)
System memory in use before: 104.6 MB.
System memory in use after: 104.8 MB.

Unloading 9 unused Assets to reduce memory usage. Loaded Objects now: 3286.
Total: 7.891100 ms (FindLiveObjects: 0.551900 ms CreateObjectMapping: 1.542100 ms MarkObjects: 5.746400 ms  DeleteObjects: 0.046900 ms)

========================================================================
Received Prepare
Registering precompiled user dll's ...
Registered in 0.007111 seconds.
Begin MonoManager ReloadAssembly
Native extension for WindowsStandalone target not found
Refreshing native plugins compatible for Editor in 0.78 ms, found 1 plugins.
Preloading 0 native plugins for Editor in 0.00 ms.
Mono: successfully reloaded assembly
- Completed reload, in  2.075 seconds
Platform modules already initialized, skipping
Refreshing native plugins compatible for Editor in 1.42 ms, found 1 plugins.
Preloading 0 native plugins for Editor in 0.00 ms.
Unloading 2714 Unused Serialized files (Serialized files now loaded: 0)
System memory in use before: 104.6 MB.
System memory in use after: 104.8 MB.

Unloading 9 unused Assets to reduce memory usage. Loaded Objects now: 3289.
Total: 4.580000 ms (FindLiveObjects: 0.400600 ms CreateObjectMapping: 0.291300 ms MarkObjects: 3.853800 ms  DeleteObjects: 0.031400 ms)

========================================================================
Received Import Request.
  Time since last request: 461.474632 seconds.
  path: Assets/Prefab/Enemy fireball.prefab
  artifactKey: Guid(ead4bce2a7939274a83f5bd6f04bbb7b) Importer(815301076,1909f56bfc062723c751e8b465ee728b)
Start importing Assets/Prefab/Enemy fireball.prefab using Guid(ead4bce2a7939274a83f5bd6f04bbb7b) Importer(815301076,1909f56bfc062723c751e8b465ee728b)  -> (artifact id: 'fadf5c4dfa5612349d63137fca5397e0') in 0.487653 seconds 
========================================================================
Received Import Request.
  Time since last request: 0.000288 seconds.
  path: Assets/Prefab/Enemy fireball.prefab
  artifactKey: Guid(ead4bce2a7939274a83f5bd6f04bbb7b) Importer(815301076,1909f56bfc062723c751e8b465ee728b)
Start importing Assets/Prefab/Enemy fireball.prefab using Guid(ead4bce2a7939274a83f5bd6f04bbb7b) Importer(815301076,1909f56bfc062723c751e8b465ee728b)  -> (artifact id: 'fadf5c4dfa5612349d63137fca5397e0') in 0.025647 seconds 
