Using pre-set license
Built from '2021.1/release' branch; Version is '2021.1.0f1 (61a549675243) revision 6399305'; Using compiler version '192528614'; Build Type 'Release'
OS: 'Windows 10 Home N; OS build 19042.631; Version 2009; 64bit' Language: 'en' Physical Memory: 4016 MB
BatchMode: 1, IsHumanControllingUs: 0, StartBugReporterOnCrash: 0, Is64bit: 1, IsPro: 0

 COMMAND LINE ARGUMENTS:
C:\Program Files\Unity\Hub\Editor\2021.1.0f1\Editor\Unity.exe
-adb2
-batchMode
-noUpm
-name
AssetImportWorker4
-projectPath
F:/Unity/Projects/JungleeJumper-EndlessRunnerAndKiller/Junglee Jumper - Endless Runner And Killer
-logFile
Logs/AssetImportWorker4.log
-srvPort
54175
Successfully changed project path to: F:/Unity/Projects/JungleeJumper-EndlessRunnerAndKiller/Junglee Jumper - Endless Runner And Killer
F:/Unity/Projects/JungleeJumper-EndlessRunnerAndKiller/Junglee Jumper - Endless Runner And Killer
Using Asset Import Pipeline V2.
Refreshing native plugins compatible for Editor in 255.09 ms, found 2 plugins.
Preloading 0 native plugins for Editor in 0.00 ms.
Initialize engine version: 2021.1.0f1 (61a549675243)
[Subsystems] Discovering subsystems at path C:/Program Files/Unity/Hub/Editor/2021.1.0f1/Editor/Data/Resources/UnitySubsystems
[Subsystems] Discovering subsystems at path F:/Unity/Projects/JungleeJumper-EndlessRunnerAndKiller/Junglee Jumper - Endless Runner And Killer/Assets
GfxDevice: creating device client; threaded=0; jobified=0
Direct3D:
    Version:  Direct3D 11.0 [level 11.1]
    Renderer: Intel(R) HD Graphics 5500 (ID=0x1616)
    Vendor:   Intel
    VRAM:     2008 MB
    Driver:   20.19.15.4703
Initialize mono
Mono path[0] = 'C:/Program Files/Unity/Hub/Editor/2021.1.0f1/Editor/Data/Managed'
Mono path[1] = 'C:/Program Files/Unity/Hub/Editor/2021.1.0f1/Editor/Data/MonoBleedingEdge/lib/mono/unityjit'
Mono config path = 'C:/Program Files/Unity/Hub/Editor/2021.1.0f1/Editor/Data/MonoBleedingEdge/etc'
Using monoOptions --debugger-agent=transport=dt_socket,embedding=1,server=y,suspend=n,address=127.0.0.1:56732
Begin MonoManager ReloadAssembly
Registering precompiled unity dll's ...
Register platform support module: C:/Program Files/Unity/Hub/Editor/2021.1.0f1/Editor/Data/PlaybackEngines/WindowsStandaloneSupport/UnityEditor.WindowsStandalone.Extensions.dll
Registered in 0.002610 seconds.
Native extension for WindowsStandalone target not found
Refreshing native plugins compatible for Editor in 323.67 ms, found 2 plugins.
Preloading 0 native plugins for Editor in 0.00 ms.
Mono: successfully reloaded assembly
- Completed reload, in  3.539 seconds
Platform modules already initialized, skipping
Registering precompiled user dll's ...
Registered in 0.014500 seconds.
Begin MonoManager ReloadAssembly
Native extension for WindowsStandalone target not found
Refreshing native plugins compatible for Editor in 224.46 ms, found 2 plugins.
Preloading 0 native plugins for Editor in 0.00 ms.
Mono: successfully reloaded assembly
- Completed reload, in  4.341 seconds
Platform modules already initialized, skipping
========================================================================
Worker process is ready to serve import requests
Launched and connected shader compiler UnityShaderCompiler.exe after 1.63 seconds
Refreshing native plugins compatible for Editor in 1.72 ms, found 2 plugins.
Preloading 0 native plugins for Editor in 0.00 ms.
Unloading 3365 Unused Serialized files (Serialized files now loaded: 0)
System memory in use before: 128.8 MB.
System memory in use after: 129.0 MB.

Unloading 36 unused Assets to reduce memory usage. Loaded Objects now: 3833.
Total: 3.983600 ms (FindLiveObjects: 0.357400 ms CreateObjectMapping: 0.292600 ms MarkObjects: 3.223300 ms  DeleteObjects: 0.108500 ms)

========================================================================
Received Import Request.
  path: Assets/UnityAds/UnityEngine.Advertisements.Editor.dll
  artifactKey: Guid(56921141d53fd4a5888445107b1b1286) Importer(815301076,1909f56bfc062723c751e8b465ee728b)
Start importing Assets/UnityAds/UnityEngine.Advertisements.Editor.dll using Guid(56921141d53fd4a5888445107b1b1286) Importer(815301076,1909f56bfc062723c751e8b465ee728b)  -> (artifact id: '22dc3d72823f68e4a2defb459b249532') in 0.138506 seconds 
========================================================================
Received Import Request.
  Time since last request: 3.320942 seconds.
  path: Assets/UnityAds/UnityEngine.Advertisements.iOS.dll
  artifactKey: Guid(d6f3e2ade30154a80a137e0079f66a08) Importer(815301076,1909f56bfc062723c751e8b465ee728b)
Start importing Assets/UnityAds/UnityEngine.Advertisements.iOS.dll using Guid(d6f3e2ade30154a80a137e0079f66a08) Importer(815301076,1909f56bfc062723c751e8b465ee728b)  -> (artifact id: '585f9095b752a7ad43d93d30563786f7') in 0.007789 seconds 
========================================================================
Received Import Request.
  Time since last request: 5.253891 seconds.
  path: Assets/UnityAds/UnityEngine.Advertisements.Unsupported.dll
  artifactKey: Guid(7166c387502014892b69bef26f88b978) Importer(815301076,1909f56bfc062723c751e8b465ee728b)
Start importing Assets/UnityAds/UnityEngine.Advertisements.Unsupported.dll using Guid(7166c387502014892b69bef26f88b978) Importer(815301076,1909f56bfc062723c751e8b465ee728b)  -> (artifact id: 'e3ead2027dc5bc65b26b1553bc63c77f') in 0.003105 seconds 
========================================================================
Received Import Request.
  Time since last request: 17.265935 seconds.
  path: Assets/UnityAds/UnityEngine.Advertisements.Unsupported.dll
  artifactKey: Guid(7166c387502014892b69bef26f88b978) Importer(815301076,1909f56bfc062723c751e8b465ee728b)
Start importing Assets/UnityAds/UnityEngine.Advertisements.Unsupported.dll using Guid(7166c387502014892b69bef26f88b978) Importer(815301076,1909f56bfc062723c751e8b465ee728b)  -> (artifact id: '09b841669f7415475d92be66a1fa15f1') in 0.002314 seconds 
========================================================================
Received Import Request.
  Time since last request: 1.262119 seconds.
  path: Assets/UnityAds/UnityEngine.Monetization.Android.dll
  artifactKey: Guid(fac2c311cb89d4bfeafd9d2e6b5bfa39) Importer(815301076,1909f56bfc062723c751e8b465ee728b)
Start importing Assets/UnityAds/UnityEngine.Monetization.Android.dll using Guid(fac2c311cb89d4bfeafd9d2e6b5bfa39) Importer(815301076,1909f56bfc062723c751e8b465ee728b)  -> (artifact id: '680b49a8cd8e691b7b5b0289d1b1d63d') in 0.143901 seconds 
========================================================================
Received Import Request.
  Time since last request: 8.133721 seconds.
  path: Assets/UnityAds/UnityEngine.Monetization.Editor.dll
  artifactKey: Guid(359c1658193684ede8df0929bb2e12ea) Importer(815301076,1909f56bfc062723c751e8b465ee728b)
Start importing Assets/UnityAds/UnityEngine.Monetization.Editor.dll using Guid(359c1658193684ede8df0929bb2e12ea) Importer(815301076,1909f56bfc062723c751e8b465ee728b)  -> (artifact id: '867b5f648ac602aff5ad77d37e78105d') in 0.057055 seconds 
========================================================================
Received Prepare
Registering precompiled user dll's ...
Registered in 0.123473 seconds.
Begin MonoManager ReloadAssembly
Native extension for WindowsStandalone target not found
Refreshing native plugins compatible for Editor in 1.05 ms, found 2 plugins.
Preloading 0 native plugins for Editor in 0.00 ms.
Mono: successfully reloaded assembly
- Completed reload, in  2.375 seconds
Platform modules already initialized, skipping
Switching build target platform(19) subTarget(0) extendedPlatform(0) -> platform(13) subTarget(537395200) extendedPlatform(0)
Refreshing native plugins compatible for Editor in 1.35 ms, found 2 plugins.
Preloading 0 native plugins for Editor in 0.00 ms.
Unloading 3357 Unused Serialized files (Serialized files now loaded: 0)
System memory in use before: 128.4 MB.
System memory in use after: 128.6 MB.

Unloading 24 unused Assets to reduce memory usage. Loaded Objects now: 3836.
Total: 4.204900 ms (FindLiveObjects: 0.321700 ms CreateObjectMapping: 0.221500 ms MarkObjects: 3.610600 ms  DeleteObjects: 0.048500 ms)

AssetImportParameters requested are different than current active one (requested -> active):
  custom:graphics/normal-map-encoding: 01000000000000000000000000000000 -> 02000000000000000000000000000000
========================================================================
Received Import Request.
  Time since last request: 64.231168 seconds.
  path: Assets/UnityAds/UnityEngine.Monetization.iOS.dll
  artifactKey: Guid(e6a818957610d426c825f75279b3b665) Importer(815301076,1909f56bfc062723c751e8b465ee728b)
Start importing Assets/UnityAds/UnityEngine.Monetization.iOS.dll using Guid(e6a818957610d426c825f75279b3b665) Importer(815301076,1909f56bfc062723c751e8b465ee728b)  -> (artifact id: '1a56cc00527581e00b37a2aafafe8a58') in 0.027970 seconds 
========================================================================
Received Import Request.
  Time since last request: 25.122058 seconds.
  path: Assets/UnityAds/UnityEngine.Monetization.Unsupported.dll
  artifactKey: Guid(0a03ddbc80219400fb5638963648dbfb) Importer(815301076,1909f56bfc062723c751e8b465ee728b)
Start importing Assets/UnityAds/UnityEngine.Monetization.Unsupported.dll using Guid(0a03ddbc80219400fb5638963648dbfb) Importer(815301076,1909f56bfc062723c751e8b465ee728b)  -> (artifact id: '905115a06c3d73995fa751a1e6df1a47') in 0.026650 seconds 
========================================================================
Received Import Request.
  Time since last request: 31.442194 seconds.
  path: Assets/Script
  artifactKey: Guid(e41df4fc27a451648995fc5066e0d7e5) Importer(815301076,1909f56bfc062723c751e8b465ee728b)
Start importing Assets/Script using Guid(e41df4fc27a451648995fc5066e0d7e5) Importer(815301076,1909f56bfc062723c751e8b465ee728b)  -> (artifact id: 'aca6f2cbca4bef865a4e30f328419494') in 0.026817 seconds 
========================================================================
Received Import Request.
  Time since last request: 2.297923 seconds.
  path: Assets/Script/Banner_Interstitial.cs
  artifactKey: Guid(c4757ec8afb427d49991a57870fa83f1) Importer(815301076,1909f56bfc062723c751e8b465ee728b)
Start importing Assets/Script/Banner_Interstitial.cs using Guid(c4757ec8afb427d49991a57870fa83f1) Importer(815301076,1909f56bfc062723c751e8b465ee728b)  -> (artifact id: '670e3dc9f17df8fc57e4430ad6e980e8') in 0.087959 seconds 
========================================================================
Received Prepare
Refreshing native plugins compatible for Editor in 320.09 ms, found 2 plugins.
Preloading 0 native plugins for Editor in 0.00 ms.
Unloading 22 Unused Serialized files (Serialized files now loaded: 0)
System memory in use before: 61.3 MB.
System memory in use after: 61.5 MB.

Unloading 22 unused Assets to reduce memory usage. Loaded Objects now: 3836.
Total: 14.783100 ms (FindLiveObjects: 2.219000 ms CreateObjectMapping: 0.556100 ms MarkObjects: 11.912200 ms  DeleteObjects: 0.090300 ms)

========================================================================
Received Import Request.
  Time since last request: 1098.317353 seconds.
  path: Assets/Scenes
  artifactKey: Guid(604cc516ba9ee8940985dffdca749c7e) Importer(815301076,1909f56bfc062723c751e8b465ee728b)
Start importing Assets/Scenes using Guid(604cc516ba9ee8940985dffdca749c7e) Importer(815301076,1909f56bfc062723c751e8b465ee728b)  -> (artifact id: '3cbeae9c9c9bd11c53d9a9957a5ebc60') in 0.184437 seconds 
========================================================================
Received Import Request.
  Time since last request: 15.566090 seconds.
  path: Assets/Scenes/Game.unity
  artifactKey: Guid(2cda990e2423bbf4892e6590ba056729) Importer(815301076,1909f56bfc062723c751e8b465ee728b)
Start importing Assets/Scenes/Game.unity using Guid(2cda990e2423bbf4892e6590ba056729) Importer(815301076,1909f56bfc062723c751e8b465ee728b)  -> (artifact id: 'e0580cbcb6b3e54f81364fae2eff8183') in 5.551407 seconds 
========================================================================
Received Prepare
Registering precompiled user dll's ...
Registered in 0.595379 seconds.
Begin MonoManager ReloadAssembly
Native extension for WindowsStandalone target not found
Refreshing native plugins compatible for Editor in 3.50 ms, found 2 plugins.
Preloading 0 native plugins for Editor in 0.00 ms.
Mono: successfully reloaded assembly
- Completed reload, in  9.874 seconds
Platform modules already initialized, skipping
Switching build target platform(19) subTarget(0) extendedPlatform(0) -> platform(13) subTarget(537395200) extendedPlatform(0)
Refreshing native plugins compatible for Editor in 1.07 ms, found 2 plugins.
Preloading 0 native plugins for Editor in 0.00 ms.
Unloading 3357 Unused Serialized files (Serialized files now loaded: 0)
System memory in use before: 128.5 MB.
System memory in use after: 128.7 MB.

Unloading 24 unused Assets to reduce memory usage. Loaded Objects now: 3839.
Total: 6.518300 ms (FindLiveObjects: 0.497000 ms CreateObjectMapping: 0.333900 ms MarkObjects: 5.592700 ms  DeleteObjects: 0.092400 ms)

AssetImportParameters requested are different than current active one (requested -> active):
  custom:graphics/normal-map-encoding: 01000000000000000000000000000000 -> 02000000000000000000000000000000
========================================================================
Received Prepare
Registering precompiled user dll's ...
Registered in 0.019720 seconds.
Begin MonoManager ReloadAssembly
Native extension for WindowsStandalone target not found
Refreshing native plugins compatible for Editor in 1.96 ms, found 2 plugins.
Preloading 0 native plugins for Editor in 0.00 ms.
Mono: successfully reloaded assembly
- Completed reload, in  3.337 seconds
Platform modules already initialized, skipping
Switching build target platform(19) subTarget(0) extendedPlatform(0) -> platform(13) subTarget(537395200) extendedPlatform(0)
Refreshing native plugins compatible for Editor in 1.97 ms, found 2 plugins.
Preloading 0 native plugins for Editor in 0.00 ms.
Unloading 3357 Unused Serialized files (Serialized files now loaded: 0)
System memory in use before: 128.5 MB.
System memory in use after: 128.8 MB.

Unloading 24 unused Assets to reduce memory usage. Loaded Objects now: 3842.
Total: 4.003900 ms (FindLiveObjects: 0.371100 ms CreateObjectMapping: 0.227700 ms MarkObjects: 3.357300 ms  DeleteObjects: 0.046200 ms)

AssetImportParameters requested are different than current active one (requested -> active):
  custom:graphics/normal-map-encoding: 01000000000000000000000000000000 -> 02000000000000000000000000000000
========================================================================
Received Import Request.
  Time since last request: 594.379143 seconds.
  path: Assets/Scenes/Main Menu.unity
  artifactKey: Guid(fc4532099e2adb44a99644eb294a10cf) Importer(815301076,1909f56bfc062723c751e8b465ee728b)
Start importing Assets/Scenes/Main Menu.unity using Guid(fc4532099e2adb44a99644eb294a10cf) Importer(815301076,1909f56bfc062723c751e8b465ee728b)  -> (artifact id: '47e7784b57027acf215f79f482e8c0f3') in 0.075204 seconds 
========================================================================
Received Prepare
Registering precompiled user dll's ...
Registered in 0.012952 seconds.
Begin MonoManager ReloadAssembly
Native extension for WindowsStandalone target not found
Refreshing native plugins compatible for Editor in 1.68 ms, found 2 plugins.
Preloading 0 native plugins for Editor in 0.00 ms.
Mono: successfully reloaded assembly
- Completed reload, in  2.246 seconds
Platform modules already initialized, skipping
Switching build target platform(19) subTarget(0) extendedPlatform(0) -> platform(13) subTarget(537395200) extendedPlatform(0)
Refreshing native plugins compatible for Editor in 2.89 ms, found 2 plugins.
Preloading 0 native plugins for Editor in 0.00 ms.
Unloading 3357 Unused Serialized files (Serialized files now loaded: 0)
System memory in use before: 128.5 MB.
System memory in use after: 128.8 MB.

Unloading 24 unused Assets to reduce memory usage. Loaded Objects now: 3845.
Total: 4.668100 ms (FindLiveObjects: 0.477700 ms CreateObjectMapping: 0.386400 ms MarkObjects: 3.750300 ms  DeleteObjects: 0.050700 ms)

AssetImportParameters requested are different than current active one (requested -> active):
  custom:graphics/normal-map-encoding: 01000000000000000000000000000000 -> 02000000000000000000000000000000
========================================================================
Received Prepare
Registering precompiled user dll's ...
Registered in 0.009503 seconds.
Begin MonoManager ReloadAssembly
Native extension for WindowsStandalone target not found
Refreshing native plugins compatible for Editor in 1.15 ms, found 2 plugins.
Preloading 0 native plugins for Editor in 0.00 ms.
Mono: successfully reloaded assembly
- Completed reload, in  2.310 seconds
Platform modules already initialized, skipping
Switching build target platform(19) subTarget(0) extendedPlatform(0) -> platform(13) subTarget(537395200) extendedPlatform(0)
Refreshing native plugins compatible for Editor in 2.58 ms, found 2 plugins.
Preloading 0 native plugins for Editor in 0.00 ms.
Unloading 3357 Unused Serialized files (Serialized files now loaded: 0)
System memory in use before: 128.5 MB.
System memory in use after: 128.8 MB.

Unloading 24 unused Assets to reduce memory usage. Loaded Objects now: 3848.
Total: 4.591000 ms (FindLiveObjects: 0.465200 ms CreateObjectMapping: 0.377300 ms MarkObjects: 3.690000 ms  DeleteObjects: 0.056400 ms)

AssetImportParameters requested are different than current active one (requested -> active):
  custom:graphics/normal-map-encoding: 01000000000000000000000000000000 -> 02000000000000000000000000000000
========================================================================
Received Prepare
Registering precompiled user dll's ...
Registered in 0.017551 seconds.
Begin MonoManager ReloadAssembly
Native extension for WindowsStandalone target not found
Refreshing native plugins compatible for Editor in 1.05 ms, found 2 plugins.
Preloading 0 native plugins for Editor in 0.00 ms.
Mono: successfully reloaded assembly
- Completed reload, in  2.151 seconds
Platform modules already initialized, skipping
Switching build target platform(19) subTarget(0) extendedPlatform(0) -> platform(13) subTarget(537395200) extendedPlatform(0)
Refreshing native plugins compatible for Editor in 1.27 ms, found 2 plugins.
Preloading 0 native plugins for Editor in 0.00 ms.
Unloading 3357 Unused Serialized files (Serialized files now loaded: 0)
System memory in use before: 128.6 MB.
System memory in use after: 128.8 MB.

Unloading 24 unused Assets to reduce memory usage. Loaded Objects now: 3851.
Total: 3.918700 ms (FindLiveObjects: 0.349500 ms CreateObjectMapping: 0.228500 ms MarkObjects: 3.296700 ms  DeleteObjects: 0.042400 ms)

AssetImportParameters requested are different than current active one (requested -> active):
  custom:graphics/normal-map-encoding: 01000000000000000000000000000000 -> 02000000000000000000000000000000
========================================================================
Received Prepare
Refreshing native plugins compatible for Editor in 82.94 ms, found 2 plugins.
Preloading 0 native plugins for Editor in 0.00 ms.
Unloading 22 Unused Serialized files (Serialized files now loaded: 0)
System memory in use before: 61.4 MB.
System memory in use after: 61.7 MB.

Unloading 22 unused Assets to reduce memory usage. Loaded Objects now: 3851.
Total: 11.784300 ms (FindLiveObjects: 0.795000 ms CreateObjectMapping: 0.552800 ms MarkObjects: 10.356500 ms  DeleteObjects: 0.074700 ms)

AssetImportWorkerClient::OnTransportError - code=2 error=End of file
