Using pre-set license
Built from '2021.1/release' branch; Version is '2021.1.0f1 (61a549675243) revision 6399305'; Using compiler version '192528614'; Build Type 'Release'
OS: 'Windows 10 Pro N; OS build 19042.631; Version 2009; 64bit' Language: 'en' Physical Memory: 4016 MB
BatchMode: 1, IsHumanControllingUs: 0, StartBugReporterOnCrash: 0, Is64bit: 1, IsPro: 0

 COMMAND LINE ARGUMENTS:
C:\Program Files\Unity\Hub\Editor\2021.1.0f1\Editor\Unity.exe
-adb2
-batchMode
-noUpm
-name
AssetImportWorker3
-projectPath
E:/Unity/Projects/JungleeJumper-EndlessRunnerAndKiller/Junglee Jumper - Endless Runner And Killer
-logFile
Logs/AssetImportWorker3.log
-srvPort
49678
Successfully changed project path to: E:/Unity/Projects/JungleeJumper-EndlessRunnerAndKiller/Junglee Jumper - Endless Runner And Killer
E:/Unity/Projects/JungleeJumper-EndlessRunnerAndKiller/Junglee Jumper - Endless Runner And Killer
Using Asset Import Pipeline V2.
Refreshing native plugins compatible for Editor in 457.80 ms, found 1 plugins.
Preloading 0 native plugins for Editor in 0.00 ms.
Initialize engine version: 2021.1.0f1 (61a549675243)
[Subsystems] Discovering subsystems at path C:/Program Files/Unity/Hub/Editor/2021.1.0f1/Editor/Data/Resources/UnitySubsystems
[Subsystems] Discovering subsystems at path E:/Unity/Projects/JungleeJumper-EndlessRunnerAndKiller/Junglee Jumper - Endless Runner And Killer/Assets
GfxDevice: creating device client; threaded=0; jobified=0
Direct3D:
    Version:  Direct3D 11.0 [level 11.1]
    Renderer: Intel(R) HD Graphics 5500 (ID=0x1616)
    Vendor:   Intel
    VRAM:     2008 MB
    Driver:   20.19.15.4326
Initialize mono
Mono path[0] = 'C:/Program Files/Unity/Hub/Editor/2021.1.0f1/Editor/Data/Managed'
Mono path[1] = 'C:/Program Files/Unity/Hub/Editor/2021.1.0f1/Editor/Data/MonoBleedingEdge/lib/mono/unityjit'
Mono config path = 'C:/Program Files/Unity/Hub/Editor/2021.1.0f1/Editor/Data/MonoBleedingEdge/etc'
Using monoOptions --debugger-agent=transport=dt_socket,embedding=1,server=y,suspend=n,address=127.0.0.1:56956
Begin MonoManager ReloadAssembly
Registering precompiled unity dll's ...
Register platform support module: C:/Program Files/Unity/Hub/Editor/2021.1.0f1/Editor/Data/PlaybackEngines/WindowsStandaloneSupport/UnityEditor.WindowsStandalone.Extensions.dll
Registered in 0.002650 seconds.
Native extension for WindowsStandalone target not found
Refreshing native plugins compatible for Editor in 265.54 ms, found 1 plugins.
Preloading 0 native plugins for Editor in 0.00 ms.
Mono: successfully reloaded assembly
- Completed reload, in  3.952 seconds
Platform modules already initialized, skipping
Registering precompiled user dll's ...
Registered in 0.014061 seconds.
Begin MonoManager ReloadAssembly
Native extension for WindowsStandalone target not found
Refreshing native plugins compatible for Editor in 1.75 ms, found 1 plugins.
Preloading 0 native plugins for Editor in 0.00 ms.
GPGSUpgrader start
UnityEngine.StackTraceUtility:ExtractStackTrace ()
UnityEngine.DebugLogHandler:LogFormat (UnityEngine.LogType,UnityEngine.Object,string,object[])
UnityEngine.Logger:Log (UnityEngine.LogType,object)
UnityEngine.Debug:Log (object)
GooglePlayGames.Editor.GPGSUpgrader:.cctor () (at Assets/GooglePlayGames/Editor/GPGSUpgrader.cs:38)
System.Runtime.CompilerServices.RuntimeHelpers:RunClassConstructor (System.RuntimeTypeHandle)
UnityEditor.EditorAssemblies:ProcessInitializeOnLoadAttributes (System.Type[])

(Filename: Assets/GooglePlayGames/Editor/GPGSUpgrader.cs Line: 38)

GPGSUpgrader done
UnityEngine.StackTraceUtility:ExtractStackTrace ()
UnityEngine.DebugLogHandler:LogFormat (UnityEngine.LogType,UnityEngine.Object,string,object[])
UnityEngine.Logger:Log (UnityEngine.LogType,object)
UnityEngine.Debug:Log (object)
GooglePlayGames.Editor.GPGSUpgrader:.cctor () (at Assets/GooglePlayGames/Editor/GPGSUpgrader.cs:105)
System.Runtime.CompilerServices.RuntimeHelpers:RunClassConstructor (System.RuntimeTypeHandle)
UnityEditor.EditorAssemblies:ProcessInitializeOnLoadAttributes (System.Type[])

(Filename: Assets/GooglePlayGames/Editor/GPGSUpgrader.cs Line: 105)

Mono: successfully reloaded assembly
- Completed reload, in  3.414 seconds
Platform modules already initialized, skipping
========================================================================
Worker process is ready to serve import requests
Launched and connected shader compiler UnityShaderCompiler.exe after 0.11 seconds
Refreshing native plugins compatible for Editor in 3.49 ms, found 1 plugins.
Preloading 0 native plugins for Editor in 0.00 ms.
Unloading 3323 Unused Serialized files (Serialized files now loaded: 0)
System memory in use before: 119.4 MB.
System memory in use after: 119.7 MB.

Unloading 89 unused Assets to reduce memory usage. Loaded Objects now: 3722.
Total: 13.432800 ms (FindLiveObjects: 1.008500 ms CreateObjectMapping: 0.458900 ms MarkObjects: 11.872200 ms  DeleteObjects: 0.089200 ms)

========================================================================
Received Import Request.
  path: Assets/Art/Fireball Button.png
  artifactKey: Guid(574c1b1c9febd7b438e16c7d58814f23) Importer(815301076,1909f56bfc062723c751e8b465ee728b)
Start importing Assets/Art/Fireball Button.png using Guid(574c1b1c9febd7b438e16c7d58814f23) Importer(815301076,1909f56bfc062723c751e8b465ee728b)  -> (artifact id: 'da3092511dbaae0cb8bb007c0c042d96') in 0.406825 seconds 
========================================================================
Received Import Request.
  Time since last request: 0.000416 seconds.
  path: Assets/Art/Ninja Files/Ninja PNG/Cuted Part/Body.png
  artifactKey: Guid(e7a568d70cc25f345a0fa5ce969538d8) Importer(815301076,1909f56bfc062723c751e8b465ee728b)
Start importing Assets/Art/Ninja Files/Ninja PNG/Cuted Part/Body.png using Guid(e7a568d70cc25f345a0fa5ce969538d8) Importer(815301076,1909f56bfc062723c751e8b465ee728b)  -> (artifact id: '8f82c184cdce6a5d54f5a12fe9a395d0') in 0.118609 seconds 
========================================================================
Received Import Request.
  Time since last request: 0.000548 seconds.
  path: Assets/Art/Ninja Files/Ninja PNG/Parts/4.png
  artifactKey: Guid(f903d1b2fe6a25041a892be301d187e4) Importer(815301076,1909f56bfc062723c751e8b465ee728b)
Start importing Assets/Art/Ninja Files/Ninja PNG/Parts/4.png using Guid(f903d1b2fe6a25041a892be301d187e4) Importer(815301076,1909f56bfc062723c751e8b465ee728b)  -> (artifact id: 'fbdf0db04b3cc58b2d04e2669e68a07a') in 0.066431 seconds 
========================================================================
Received Import Request.
  Time since last request: 0.000465 seconds.
  path: Assets/Art/artwork/Sprites/Fx/item-feedback/item-feedback-4.png
  artifactKey: Guid(d1c3b6a233b524474899f14a81d5c3b5) Importer(815301076,1909f56bfc062723c751e8b465ee728b)
Start importing Assets/Art/artwork/Sprites/Fx/item-feedback/item-feedback-4.png using Guid(d1c3b6a233b524474899f14a81d5c3b5) Importer(815301076,1909f56bfc062723c751e8b465ee728b)  -> (artifact id: 'f4eb88abebe0d9a88ea087fe2a0085be') in 0.069350 seconds 
========================================================================
Received Import Request.
  Time since last request: 0.000420 seconds.
  path: Assets/Art/BackGround.png
  artifactKey: Guid(ed7535d692c87434996f781037bfa8e5) Importer(815301076,1909f56bfc062723c751e8b465ee728b)
Start importing Assets/Art/BackGround.png using Guid(ed7535d692c87434996f781037bfa8e5) Importer(815301076,1909f56bfc062723c751e8b465ee728b)  -> (artifact id: '8a034ea7c024c4b479c57594a98b679a') in 0.067777 seconds 
========================================================================
Received Import Request.
  Time since last request: 0.000389 seconds.
  path: Assets/Art/Logo.png
  artifactKey: Guid(bd97233ac3e048640ad850acc9a50d77) Importer(815301076,1909f56bfc062723c751e8b465ee728b)
Start importing Assets/Art/Logo.png using Guid(bd97233ac3e048640ad850acc9a50d77) Importer(815301076,1909f56bfc062723c751e8b465ee728b)  -> (artifact id: 'b3689185327bc3e438098fb1adbeba8a') in 0.033403 seconds 
========================================================================
Received Import Request.
  Time since last request: 0.000561 seconds.
  path: Assets/Art/artwork/Sprites/Fx/item-feedback/item-feedback-3.png
  artifactKey: Guid(857b27bf305c140dab35e3de694fcfbc) Importer(815301076,1909f56bfc062723c751e8b465ee728b)
Start importing Assets/Art/artwork/Sprites/Fx/item-feedback/item-feedback-3.png using Guid(857b27bf305c140dab35e3de694fcfbc) Importer(815301076,1909f56bfc062723c751e8b465ee728b)  -> (artifact id: '1558cd8c4e0b44488ae7a378e7e52833') in 0.023216 seconds 
========================================================================
Received Import Request.
  Time since last request: 0.000411 seconds.
  path: Assets/Art/CoinSprite.png
  artifactKey: Guid(d557a5105b99e79479b9ba0dc6f0ee36) Importer(815301076,1909f56bfc062723c751e8b465ee728b)
Start importing Assets/Art/CoinSprite.png using Guid(d557a5105b99e79479b9ba0dc6f0ee36) Importer(815301076,1909f56bfc062723c751e8b465ee728b)  -> (artifact id: '033ca2f9a5b1d7cc6d25ae9ec22d3d46') in 0.134571 seconds 
========================================================================
Received Import Request.
  Time since last request: 0.000502 seconds.
  path: Assets/Art/Image Holder.png
  artifactKey: Guid(8550a5d5ba31b9746b62c0127978755e) Importer(815301076,1909f56bfc062723c751e8b465ee728b)
Start importing Assets/Art/Image Holder.png using Guid(8550a5d5ba31b9746b62c0127978755e) Importer(815301076,1909f56bfc062723c751e8b465ee728b)  -> (artifact id: '05c4c59761ffcc2b382c7f8b95c02c95') in 0.112682 seconds 
========================================================================
Received Import Request.
  Time since last request: 0.000358 seconds.
  path: Assets/Art/GameBackground.png
  artifactKey: Guid(d8e09b42ff56b5340b06572227132420) Importer(815301076,1909f56bfc062723c751e8b465ee728b)
Start importing Assets/Art/GameBackground.png using Guid(d8e09b42ff56b5340b06572227132420) Importer(815301076,1909f56bfc062723c751e8b465ee728b)  -> (artifact id: 'a18bd02c290686430c2b7f31760f2b2e') in 0.169303 seconds 
========================================================================
Received Import Request.
  Time since last request: 0.000735 seconds.
  path: Assets/Art/Pause Button.png
  artifactKey: Guid(e13226fbfa2b01547ba99bb1b6d544a0) Importer(815301076,1909f56bfc062723c751e8b465ee728b)
Start importing Assets/Art/Pause Button.png using Guid(e13226fbfa2b01547ba99bb1b6d544a0) Importer(815301076,1909f56bfc062723c751e8b465ee728b)  -> (artifact id: '5790da477500c88aa34bc759007feb08') in 0.055302 seconds 
========================================================================
Received Import Request.
  Time since last request: 0.000365 seconds.
  path: Assets/Art/2D Zombie/Spine2D Files/images/01_arm_right_n.png
  artifactKey: Guid(4a4e37fcbbe7aa640b815ae4fcc27e49) Importer(815301076,1909f56bfc062723c751e8b465ee728b)
Start importing Assets/Art/2D Zombie/Spine2D Files/images/01_arm_right_n.png using Guid(4a4e37fcbbe7aa640b815ae4fcc27e49) Importer(815301076,1909f56bfc062723c751e8b465ee728b)  -> (artifact id: 'b622ddaa96d47a1077e7ee57fb3d87d1') in 0.138785 seconds 
========================================================================
Received Import Request.
  Time since last request: 0.000857 seconds.
  path: Assets/Art/Player Image.png
  artifactKey: Guid(c6555b8c150950d47bafea1f3a3107db) Importer(815301076,1909f56bfc062723c751e8b465ee728b)
Start importing Assets/Art/Player Image.png using Guid(c6555b8c150950d47bafea1f3a3107db) Importer(815301076,1909f56bfc062723c751e8b465ee728b)  -> (artifact id: '5ab09366d8b4f69b1916be18b3f19c9a') in 0.086312 seconds 
========================================================================
Received Import Request.
  Time since last request: 0.000264 seconds.
  path: Assets/Art/artwork/Sprites/Enemies/eagle/eagle-attack-2.png
  artifactKey: Guid(c97786e9459b34e058449b84cd9aab61) Importer(815301076,1909f56bfc062723c751e8b465ee728b)
Start importing Assets/Art/artwork/Sprites/Enemies/eagle/eagle-attack-2.png using Guid(c97786e9459b34e058449b84cd9aab61) Importer(815301076,1909f56bfc062723c751e8b465ee728b)  -> (artifact id: 'bc70b82608c3f590e83254c7afd3e3a9') in 0.068642 seconds 
========================================================================
Received Import Request.
  Time since last request: 0.000394 seconds.
  path: Assets/Art/Close.png
  artifactKey: Guid(d501fa34d0a00334cb3c860ba8a8766a) Importer(815301076,1909f56bfc062723c751e8b465ee728b)
Start importing Assets/Art/Close.png using Guid(d501fa34d0a00334cb3c860ba8a8766a) Importer(815301076,1909f56bfc062723c751e8b465ee728b)  -> (artifact id: '4b8c69d41816c02a5b181c53968c6ee6') in 0.069246 seconds 
========================================================================
Received Import Request.
  Time since last request: 0.000462 seconds.
  path: Assets/Art/w3gt_7g01_210129.jpg
  artifactKey: Guid(b05a3b9bef1dc82438038465c4424cee) Importer(815301076,1909f56bfc062723c751e8b465ee728b)
Start importing Assets/Art/w3gt_7g01_210129.jpg using Guid(b05a3b9bef1dc82438038465c4424cee) Importer(815301076,1909f56bfc062723c751e8b465ee728b)  -> (artifact id: '8db3191e8a7099258f63f5972ecf50db') in 0.240605 seconds 
========================================================================
Received Import Request.
  Time since last request: 0.000430 seconds.
  path: Assets/Art/Ninja Files/Ninja PNG/Items & FireBall/fireball 1.png
  artifactKey: Guid(c8307a4528f7acd4f8fd04dad4794113) Importer(815301076,1909f56bfc062723c751e8b465ee728b)
Start importing Assets/Art/Ninja Files/Ninja PNG/Items & FireBall/fireball 1.png using Guid(c8307a4528f7acd4f8fd04dad4794113) Importer(815301076,1909f56bfc062723c751e8b465ee728b)  -> (artifact id: 'a6cd19df893ff4aebf9fc5d1174cb07f') in 0.082369 seconds 
========================================================================
Received Import Request.
  Time since last request: 0.000389 seconds.
  path: Assets/Art/artwork/Environment/props/block-big.png
  artifactKey: Guid(5bccf13ce09bd43e39c1c3416d5de92c) Importer(815301076,1909f56bfc062723c751e8b465ee728b)
Start importing Assets/Art/artwork/Environment/props/block-big.png using Guid(5bccf13ce09bd43e39c1c3416d5de92c) Importer(815301076,1909f56bfc062723c751e8b465ee728b)  -> (artifact id: '3af1e964a50bd1fe7a6f544d27858313') in 0.068137 seconds 
========================================================================
Received Import Request.
  Time since last request: 0.000376 seconds.
  path: Assets/Art/artwork/Environment/props/big-crate.png
  artifactKey: Guid(3fc2bbd409bf34ab6af1637bab569da1) Importer(815301076,1909f56bfc062723c751e8b465ee728b)
Start importing Assets/Art/artwork/Environment/props/big-crate.png using Guid(3fc2bbd409bf34ab6af1637bab569da1) Importer(815301076,1909f56bfc062723c751e8b465ee728b)  -> (artifact id: '418c03e4f03d41cd37208ff0db360f24') in 0.057303 seconds 
========================================================================
Received Import Request.
  Time since last request: 0.000381 seconds.
  path: Assets/Art/GroundSprite.png
  artifactKey: Guid(c7bbb96b547268e4c9e676a7d51f8922) Importer(815301076,1909f56bfc062723c751e8b465ee728b)
Start importing Assets/Art/GroundSprite.png using Guid(c7bbb96b547268e4c9e676a7d51f8922) Importer(815301076,1909f56bfc062723c751e8b465ee728b)  -> (artifact id: '43b59d2109ed95914685a0c070c69756') in 0.150984 seconds 
========================================================================
Received Import Request.
  Time since last request: 0.000354 seconds.
  path: Assets/Art/Ninja Files/Ninja PNG/Items & FireBall/fireball 2.png
  artifactKey: Guid(4c7f18f1274f4084d98959dd8fa5b0f5) Importer(815301076,1909f56bfc062723c751e8b465ee728b)
Start importing Assets/Art/Ninja Files/Ninja PNG/Items & FireBall/fireball 2.png using Guid(4c7f18f1274f4084d98959dd8fa5b0f5) Importer(815301076,1909f56bfc062723c751e8b465ee728b)  -> (artifact id: '238cbf17c0b19186c2964f369a67be80') in 0.081524 seconds 
========================================================================
Received Import Request.
  Time since last request: 0.002373 seconds.
  path: Assets/Art/Wood For Button2.png
  artifactKey: Guid(0feb5e8bc36d1ab45a24399d0938c832) Importer(815301076,1909f56bfc062723c751e8b465ee728b)
Start importing Assets/Art/Wood For Button2.png using Guid(0feb5e8bc36d1ab45a24399d0938c832) Importer(815301076,1909f56bfc062723c751e8b465ee728b)  -> (artifact id: '128a0f7317b1ca6d771f515e4c17e177') in 0.224648 seconds 
========================================================================
Received Import Request.
  Time since last request: 0.000338 seconds.
  path: Assets/Art/My Logo.png
  artifactKey: Guid(02f7db9ea43b42441acb46963fa462c4) Importer(815301076,1909f56bfc062723c751e8b465ee728b)
Start importing Assets/Art/My Logo.png using Guid(02f7db9ea43b42441acb46963fa462c4) Importer(815301076,1909f56bfc062723c751e8b465ee728b)  -> (artifact id: '6719d127267a835cd1c58575d9412382') in 0.096377 seconds 
========================================================================
Received Import Request.
  Time since last request: 0.000435 seconds.
  path: Assets/Art/—Pngtree—wood signs vector plank design_1136371 (1).png
  artifactKey: Guid(9e4b329d635952140b621f92ca85a7c7) Importer(815301076,1909f56bfc062723c751e8b465ee728b)
Start importing Assets/Art/—Pngtree—wood signs vector plank design_1136371 (1).png using Guid(9e4b329d635952140b621f92ca85a7c7) Importer(815301076,1909f56bfc062723c751e8b465ee728b)  -> (artifact id: '2c53576f7617d3844d1c4f337b121f61') in 0.093228 seconds 
========================================================================
Received Import Request.
  Time since last request: 0.000409 seconds.
  path: Assets/Art/Ninja Files/Ninja PNG/Items & FireBall/fireball 3.png
  artifactKey: Guid(e12def1f392e15740bf167c1e2512f53) Importer(815301076,1909f56bfc062723c751e8b465ee728b)
Start importing Assets/Art/Ninja Files/Ninja PNG/Items & FireBall/fireball 3.png using Guid(e12def1f392e15740bf167c1e2512f53) Importer(815301076,1909f56bfc062723c751e8b465ee728b)  -> (artifact id: '78e4c283b9ce3c466b8e37622fe0271f') in 0.113135 seconds 
========================================================================
Received Import Request.
  Time since last request: 0.000446 seconds.
  path: Assets/Art/2D Zombie/Spine2D Files/images/01_arm_left_n.png
  artifactKey: Guid(35b4c1da3211c7a438ac6bff0a57b170) Importer(815301076,1909f56bfc062723c751e8b465ee728b)
Start importing Assets/Art/2D Zombie/Spine2D Files/images/01_arm_left_n.png using Guid(35b4c1da3211c7a438ac6bff0a57b170) Importer(815301076,1909f56bfc062723c751e8b465ee728b)  -> (artifact id: '85db8534dbde6d829daefecbfbe3a002') in 0.111538 seconds 
========================================================================
Received Import Request.
  Time since last request: 0.000493 seconds.
  path: Assets/Art/Blood.png
  artifactKey: Guid(05c36fef35c97284b9f1c235eadfae48) Importer(815301076,1909f56bfc062723c751e8b465ee728b)
Start importing Assets/Art/Blood.png using Guid(05c36fef35c97284b9f1c235eadfae48) Importer(815301076,1909f56bfc062723c751e8b465ee728b)  -> (artifact id: '73afb43448ab239cc9ae2444291ef874') in 0.113655 seconds 
========================================================================
Received Import Request.
  Time since last request: 0.000263 seconds.
  path: Assets/Art/Ninja Files/Ninja PNG/1024 pixel/Items & FireBall/fireball 2.png
  artifactKey: Guid(276bca8046759e64a8ad47ee53d078d7) Importer(815301076,1909f56bfc062723c751e8b465ee728b)
Start importing Assets/Art/Ninja Files/Ninja PNG/1024 pixel/Items & FireBall/fireball 2.png using Guid(276bca8046759e64a8ad47ee53d078d7) Importer(815301076,1909f56bfc062723c751e8b465ee728b)  -> (artifact id: '51fe684a3999075d8c1f8af9185284a8') in 0.068025 seconds 
========================================================================
Received Import Request.
  Time since last request: 0.000432 seconds.
  path: Assets/Art/artwork/Sprites/Enemies/eagle/eagle-attack-3.png
  artifactKey: Guid(36ec151523b4340ef982c2e9eb0af881) Importer(815301076,1909f56bfc062723c751e8b465ee728b)
Start importing Assets/Art/artwork/Sprites/Enemies/eagle/eagle-attack-3.png using Guid(36ec151523b4340ef982c2e9eb0af881) Importer(815301076,1909f56bfc062723c751e8b465ee728b)  -> (artifact id: 'e82cd1b463b163de52468b23990162e8') in 0.081610 seconds 
========================================================================
Received Import Request.
  Time since last request: 0.000551 seconds.
  path: Assets/Art/artwork/Environment/back.png
  artifactKey: Guid(8e160a2a620644cd6afef9119dad1093) Importer(815301076,1909f56bfc062723c751e8b465ee728b)
Start importing Assets/Art/artwork/Environment/back.png using Guid(8e160a2a620644cd6afef9119dad1093) Importer(815301076,1909f56bfc062723c751e8b465ee728b)  -> (artifact id: '84f0fa21aa2ae1a2931b44c30d369dc5') in 0.642684 seconds 
========================================================================
Received Import Request.
  Time since last request: 0.000840 seconds.
  path: Assets/Art/Ninja Files/Ninja PNG/1024 pixel/Items & FireBall/fireball 1.png
  artifactKey: Guid(0cc984826de43774b8b2676e287482ea) Importer(815301076,1909f56bfc062723c751e8b465ee728b)
Start importing Assets/Art/Ninja Files/Ninja PNG/1024 pixel/Items & FireBall/fireball 1.png using Guid(0cc984826de43774b8b2676e287482ea) Importer(815301076,1909f56bfc062723c751e8b465ee728b)  -> (artifact id: 'cb2bd219fde233589bf27a29a3bd6159') in 0.527551 seconds 
========================================================================
Received Import Request.
  Time since last request: 0.000816 seconds.
  path: Assets/Art/2D Zombie/Spine2D Files/images/01_head_n.png
  artifactKey: Guid(ca06de5fb36229641bcd248a371195f4) Importer(815301076,1909f56bfc062723c751e8b465ee728b)
Start importing Assets/Art/2D Zombie/Spine2D Files/images/01_head_n.png using Guid(ca06de5fb36229641bcd248a371195f4) Importer(815301076,1909f56bfc062723c751e8b465ee728b)  -> (artifact id: 'a3b97c9f4f5a3a68738437ec24376286') in 1.196992 seconds 
========================================================================
Received Import Request.
  Time since last request: 0.000762 seconds.
  path: Assets/Art/artwork/Sprites/Enemies/eagle/eagle-attack-1.png
  artifactKey: Guid(f240dfd4814d34d55a9b033f3c9d8a60) Importer(815301076,1909f56bfc062723c751e8b465ee728b)
Start importing Assets/Art/artwork/Sprites/Enemies/eagle/eagle-attack-1.png using Guid(f240dfd4814d34d55a9b033f3c9d8a60) Importer(815301076,1909f56bfc062723c751e8b465ee728b)  -> (artifact id: 'ce6309f6a0a0f091469ead4876bafc0b') in 0.470707 seconds 
========================================================================
Received Import Request.
  Time since last request: 0.000715 seconds.
  path: Assets/Art/artwork/Sprites/Fx/item-feedback/item-feedback-1.png
  artifactKey: Guid(1a4497d8531b845f185bb7742441138d) Importer(815301076,1909f56bfc062723c751e8b465ee728b)
Start importing Assets/Art/artwork/Sprites/Fx/item-feedback/item-feedback-1.png using Guid(1a4497d8531b845f185bb7742441138d) Importer(815301076,1909f56bfc062723c751e8b465ee728b)  -> (artifact id: 'c6a6d2cfb4c37ad9f7b5d98e9d99b95e') in 0.299764 seconds 
========================================================================
Received Import Request.
  Time since last request: 0.000668 seconds.
  path: Assets/Art/Crounch Button.png
  artifactKey: Guid(c07382767ed9c60418d74b3497dd3e5d) Importer(815301076,1909f56bfc062723c751e8b465ee728b)
Start importing Assets/Art/Crounch Button.png using Guid(c07382767ed9c60418d74b3497dd3e5d) Importer(815301076,1909f56bfc062723c751e8b465ee728b)  -> (artifact id: 'ca4854c56c9b15fc6f195d2c9f6086b2') in 1.271202 seconds 
========================================================================
Received Import Request.
  Time since last request: 0.000926 seconds.
  path: Assets/Art/artwork/Sprites/Fx/item-feedback/item-feedback-2.png
  artifactKey: Guid(d01b0b4f13e044d0c83c424e542ddcbf) Importer(815301076,1909f56bfc062723c751e8b465ee728b)
Start importing Assets/Art/artwork/Sprites/Fx/item-feedback/item-feedback-2.png using Guid(d01b0b4f13e044d0c83c424e542ddcbf) Importer(815301076,1909f56bfc062723c751e8b465ee728b)  -> (artifact id: '917e27caa5ef91c443250f47b56c2823') in 0.365701 seconds 
========================================================================
Received Import Request.
  Time since last request: 0.000796 seconds.
  path: Assets/Art/DashButton.png
  artifactKey: Guid(19bfb62fe3f6a5644bdcbd293101c027) Importer(815301076,1909f56bfc062723c751e8b465ee728b)
Start importing Assets/Art/DashButton.png using Guid(19bfb62fe3f6a5644bdcbd293101c027) Importer(815301076,1909f56bfc062723c751e8b465ee728b)  -> (artifact id: 'a9cb5905b8f145382f1bf8063f8c20ae') in 0.870915 seconds 
========================================================================
Received Import Request.
  Time since last request: 0.000777 seconds.
  path: Assets/Art/Ninja Files/Ninja PNG/1024 pixel/Items & FireBall/fireball 3.png
  artifactKey: Guid(c45a70b65c8fc3d409c48fddba821a63) Importer(815301076,1909f56bfc062723c751e8b465ee728b)
Start importing Assets/Art/Ninja Files/Ninja PNG/1024 pixel/Items & FireBall/fireball 3.png using Guid(c45a70b65c8fc3d409c48fddba821a63) Importer(815301076,1909f56bfc062723c751e8b465ee728b)  -> (artifact id: '0c104b90c0c014d64dd7127ef2335c44') in 0.435810 seconds 
========================================================================
Received Import Request.
  Time since last request: 0.000654 seconds.
  path: Assets/Art/Cutter.png
  artifactKey: Guid(cc7cafd0176ea1e468a276c6a11567e4) Importer(815301076,1909f56bfc062723c751e8b465ee728b)
Start importing Assets/Art/Cutter.png using Guid(cc7cafd0176ea1e468a276c6a11567e4) Importer(815301076,1909f56bfc062723c751e8b465ee728b)  -> (artifact id: '22010aa411f8b68589ed9b78a389350c') in 0.263540 seconds 
========================================================================
Received Import Request.
  Time since last request: 0.000867 seconds.
  path: Assets/Art/artwork/Environment/props/block.png
  artifactKey: Guid(8a8849b7b8b964564b9e89cb1ded0658) Importer(815301076,1909f56bfc062723c751e8b465ee728b)
Start importing Assets/Art/artwork/Environment/props/block.png using Guid(8a8849b7b8b964564b9e89cb1ded0658) Importer(815301076,1909f56bfc062723c751e8b465ee728b)  -> (artifact id: '438a17eb417d40c787cc58d5da008e6d') in 0.206872 seconds 
========================================================================
Received Import Request.
  Time since last request: 0.000671 seconds.
  path: Assets/Art/LeaderBoard Icon 1.png
  artifactKey: Guid(06cff681a2322684688ecf0243deff83) Importer(815301076,1909f56bfc062723c751e8b465ee728b)
Start importing Assets/Art/LeaderBoard Icon 1.png using Guid(06cff681a2322684688ecf0243deff83) Importer(815301076,1909f56bfc062723c751e8b465ee728b)  -> (artifact id: 'eeba69db535d006975acbcc87e9ced6a') in 0.105928 seconds 
========================================================================
Received Import Request.
  Time since last request: 0.000601 seconds.
  path: Assets/Art/2D Zombie/Spine2D Files/images/01_leg_right_n.png
  artifactKey: Guid(8afc32a443237b24aa361efc7b58e80c) Importer(815301076,1909f56bfc062723c751e8b465ee728b)
Start importing Assets/Art/2D Zombie/Spine2D Files/images/01_leg_right_n.png using Guid(8afc32a443237b24aa361efc7b58e80c) Importer(815301076,1909f56bfc062723c751e8b465ee728b)  -> (artifact id: '697585bff790f558554132843d8f00fa') in 0.068161 seconds 
========================================================================
Received Import Request.
  Time since last request: 0.000457 seconds.
  path: Assets/Art/2D Zombie/Spine2D Files/images/01_body_n.png
  artifactKey: Guid(d7c82189f43fd9a49a35ad556937b500) Importer(815301076,1909f56bfc062723c751e8b465ee728b)
Start importing Assets/Art/2D Zombie/Spine2D Files/images/01_body_n.png using Guid(d7c82189f43fd9a49a35ad556937b500) Importer(815301076,1909f56bfc062723c751e8b465ee728b)  -> (artifact id: '2061435e487ecccb591dda16738d4eca') in 0.078253 seconds 
========================================================================
Received Import Request.
  Time since last request: 0.000458 seconds.
  path: Assets/Art/GameOver.png
  artifactKey: Guid(29e438a02b1fdfe4792098d804d007db) Importer(815301076,1909f56bfc062723c751e8b465ee728b)
Start importing Assets/Art/GameOver.png using Guid(29e438a02b1fdfe4792098d804d007db) Importer(815301076,1909f56bfc062723c751e8b465ee728b)  -> (artifact id: '2cdbb73823e5ee637e3880fcd0c32a76') in 0.058563 seconds 
========================================================================
Received Import Request.
  Time since last request: 20.418528 seconds.
  path: Assets/Art/artwork/Sprites/Fx/enemy-death/enemy-death-1.png
  artifactKey: Guid(815f73f3585044a32811d21502d58770) Importer(815301076,1909f56bfc062723c751e8b465ee728b)
Start importing Assets/Art/artwork/Sprites/Fx/enemy-death/enemy-death-1.png using Guid(815f73f3585044a32811d21502d58770) Importer(815301076,1909f56bfc062723c751e8b465ee728b)  -> (artifact id: 'fdcaa64f66a0886339ea229a440eddcc') in 0.086465 seconds 
========================================================================
Received Import Request.
  Time since last request: 0.000788 seconds.
  path: Assets/Art/artwork/Sprites/Fx/enemy-death/enemy-death-2.png
  artifactKey: Guid(1c8013ef5a0c147a5a059fde439f12b6) Importer(815301076,1909f56bfc062723c751e8b465ee728b)
Start importing Assets/Art/artwork/Sprites/Fx/enemy-death/enemy-death-2.png using Guid(1c8013ef5a0c147a5a059fde439f12b6) Importer(815301076,1909f56bfc062723c751e8b465ee728b)  -> (artifact id: '42c165e2d2a22f08375e0f11c8898d7c') in 0.082301 seconds 
========================================================================
Received Import Request.
  Time since last request: 0.000415 seconds.
  path: Assets/Art/artwork/Sprites/Fx/enemy-death/enemy-death-3.png
  artifactKey: Guid(eec3312b68dc24bacb68c6f19907ddcd) Importer(815301076,1909f56bfc062723c751e8b465ee728b)
Start importing Assets/Art/artwork/Sprites/Fx/enemy-death/enemy-death-3.png using Guid(eec3312b68dc24bacb68c6f19907ddcd) Importer(815301076,1909f56bfc062723c751e8b465ee728b)  -> (artifact id: '711c32ee8c8efb88e9c5c80b96a1e22e') in 0.070321 seconds 
========================================================================
Received Import Request.
  Time since last request: 0.000362 seconds.
  path: Assets/Art/artwork/Sprites/Fx/enemy-death/enemy-death-5.png
  artifactKey: Guid(635cdc790083c4be9a6a4feb8d976afc) Importer(815301076,1909f56bfc062723c751e8b465ee728b)
Start importing Assets/Art/artwork/Sprites/Fx/enemy-death/enemy-death-5.png using Guid(635cdc790083c4be9a6a4feb8d976afc) Importer(815301076,1909f56bfc062723c751e8b465ee728b)  -> (artifact id: 'e415d1e577a7caf4df36dd66867978fc') in 0.070557 seconds 
========================================================================
Received Import Request.
  Time since last request: 0.000369 seconds.
  path: Assets/Art/artwork/Sprites/Fx/enemy-death/enemy-death-6.png
  artifactKey: Guid(f2065fb3797f1427aa8b3fc04af35e35) Importer(815301076,1909f56bfc062723c751e8b465ee728b)
Start importing Assets/Art/artwork/Sprites/Fx/enemy-death/enemy-death-6.png using Guid(f2065fb3797f1427aa8b3fc04af35e35) Importer(815301076,1909f56bfc062723c751e8b465ee728b)  -> (artifact id: '82828312f95a65a3161bcf513b54fa24') in 0.028284 seconds 
========================================================================
Received Import Request.
  Time since last request: 0.000405 seconds.
  path: Assets/Art/artwork/Sprites/Fx/enemy-death/enemy-death-4.png
  artifactKey: Guid(662dde2f5e71c4d47aadb2a90334c7c8) Importer(815301076,1909f56bfc062723c751e8b465ee728b)
Start importing Assets/Art/artwork/Sprites/Fx/enemy-death/enemy-death-4.png using Guid(662dde2f5e71c4d47aadb2a90334c7c8) Importer(815301076,1909f56bfc062723c751e8b465ee728b)  -> (artifact id: 'eee190b4f3d28142630c7623ab622de9') in 0.046151 seconds 
========================================================================
Received Prepare
Refreshing native plugins compatible for Editor in 4060.01 ms, found 1 plugins.
Preloading 0 native plugins for Editor in 0.00 ms.
Unloading 79 Unused Serialized files (Serialized files now loaded: 0)
System memory in use before: 58.5 MB.
System memory in use after: 58.7 MB.

Unloading 79 unused Assets to reduce memory usage. Loaded Objects now: 3827.
Total: 41.920300 ms (FindLiveObjects: 1.185300 ms CreateObjectMapping: 0.770000 ms MarkObjects: 39.770300 ms  DeleteObjects: 0.186700 ms)

========================================================================
Received Prepare
Refreshing native plugins compatible for Editor in 2231.95 ms, found 1 plugins.
Preloading 0 native plugins for Editor in 0.00 ms.
Unloading 79 Unused Serialized files (Serialized files now loaded: 0)
System memory in use before: 58.5 MB.
System memory in use after: 58.7 MB.

Unloading 79 unused Assets to reduce memory usage. Loaded Objects now: 3827.
Total: 7662.499200 ms (FindLiveObjects: 2.503100 ms CreateObjectMapping: 0.539000 ms MarkObjects: 7659.210400 ms  DeleteObjects: 0.234500 ms)

========================================================================
Received Import Request.
  Time since last request: 3969.313032 seconds.
  path: Assets/Animation/Button
  artifactKey: Guid(e0ee166e51561a04aae246d94715fca5) Importer(815301076,1909f56bfc062723c751e8b465ee728b)
Start importing Assets/Animation/Button using Guid(e0ee166e51561a04aae246d94715fca5) Importer(815301076,1909f56bfc062723c751e8b465ee728b)  -> (artifact id: '2ce34252b0be30215cca7a796b340806') in 0.129380 seconds 
========================================================================
Received Import Request.
  Time since last request: 10.813178 seconds.
  path: Assets/Animation/Button Controller
  artifactKey: Guid(f198102f1f1d5db4d85851b4c5d97864) Importer(815301076,1909f56bfc062723c751e8b465ee728b)
Start importing Assets/Animation/Button Controller using Guid(f198102f1f1d5db4d85851b4c5d97864) Importer(815301076,1909f56bfc062723c751e8b465ee728b)  -> (artifact id: 'acc1d837d269396d8e20124674a28bd8') in 0.058435 seconds 
========================================================================
Received Prepare
Registering precompiled user dll's ...
Registered in 0.023551 seconds.
Begin MonoManager ReloadAssembly
Native extension for WindowsStandalone target not found
Refreshing native plugins compatible for Editor in 3.58 ms, found 1 plugins.
Preloading 0 native plugins for Editor in 0.00 ms.
GPGSUpgrader start
UnityEngine.StackTraceUtility:ExtractStackTrace ()
UnityEngine.DebugLogHandler:LogFormat (UnityEngine.LogType,UnityEngine.Object,string,object[])
UnityEngine.Logger:Log (UnityEngine.LogType,object)
UnityEngine.Debug:Log (object)
GooglePlayGames.Editor.GPGSUpgrader:.cctor () (at Assets/GooglePlayGames/Editor/GPGSUpgrader.cs:38)
System.Runtime.CompilerServices.RuntimeHelpers:RunClassConstructor (System.RuntimeTypeHandle)
UnityEditor.EditorAssemblies:ProcessInitializeOnLoadAttributes (System.Type[])

(Filename: Assets/GooglePlayGames/Editor/GPGSUpgrader.cs Line: 38)

GPGSUpgrader done
UnityEngine.StackTraceUtility:ExtractStackTrace ()
UnityEngine.DebugLogHandler:LogFormat (UnityEngine.LogType,UnityEngine.Object,string,object[])
UnityEngine.Logger:Log (UnityEngine.LogType,object)
UnityEngine.Debug:Log (object)
GooglePlayGames.Editor.GPGSUpgrader:.cctor () (at Assets/GooglePlayGames/Editor/GPGSUpgrader.cs:105)
System.Runtime.CompilerServices.RuntimeHelpers:RunClassConstructor (System.RuntimeTypeHandle)
UnityEditor.EditorAssemblies:ProcessInitializeOnLoadAttributes (System.Type[])

(Filename: Assets/GooglePlayGames/Editor/GPGSUpgrader.cs Line: 105)

Mono: successfully reloaded assembly
- Completed reload, in 11.714 seconds
Platform modules already initialized, skipping
Switching build target platform(19) subTarget(0) extendedPlatform(0) -> platform(13) subTarget(589824) extendedPlatform(0)
Refreshing native plugins compatible for Editor in 4.60 ms, found 1 plugins.
Preloading 0 native plugins for Editor in 0.00 ms.
Unloading 3369 Unused Serialized files (Serialized files now loaded: 0)
System memory in use before: 178.4 MB.
System memory in use after: 178.7 MB.

Unloading 81 unused Assets to reduce memory usage. Loaded Objects now: 4530.
Total: 26.503300 ms (FindLiveObjects: 0.886800 ms CreateObjectMapping: 0.633200 ms MarkObjects: 24.807800 ms  DeleteObjects: 0.170400 ms)

AssetImportParameters requested are different than current active one (requested -> active):
  custom:graphics/normal-map-encoding: 01000000000000000000000000000000 -> 02000000000000000000000000000000
========================================================================
Received Prepare
Registering precompiled user dll's ...
Registered in 0.008183 seconds.
Begin MonoManager ReloadAssembly
Native extension for WindowsStandalone target not found
Refreshing native plugins compatible for Editor in 1.67 ms, found 1 plugins.
Preloading 0 native plugins for Editor in 0.00 ms.
GPGSUpgrader start
UnityEngine.StackTraceUtility:ExtractStackTrace ()
UnityEngine.DebugLogHandler:LogFormat (UnityEngine.LogType,UnityEngine.Object,string,object[])
UnityEngine.Logger:Log (UnityEngine.LogType,object)
UnityEngine.Debug:Log (object)
GooglePlayGames.Editor.GPGSUpgrader:.cctor () (at Assets/GooglePlayGames/Editor/GPGSUpgrader.cs:38)
System.Runtime.CompilerServices.RuntimeHelpers:RunClassConstructor (System.RuntimeTypeHandle)
UnityEditor.EditorAssemblies:ProcessInitializeOnLoadAttributes (System.Type[])

(Filename: Assets/GooglePlayGames/Editor/GPGSUpgrader.cs Line: 38)

GPGSUpgrader done
UnityEngine.StackTraceUtility:ExtractStackTrace ()
UnityEngine.DebugLogHandler:LogFormat (UnityEngine.LogType,UnityEngine.Object,string,object[])
UnityEngine.Logger:Log (UnityEngine.LogType,object)
UnityEngine.Debug:Log (object)
GooglePlayGames.Editor.GPGSUpgrader:.cctor () (at Assets/GooglePlayGames/Editor/GPGSUpgrader.cs:105)
System.Runtime.CompilerServices.RuntimeHelpers:RunClassConstructor (System.RuntimeTypeHandle)
UnityEditor.EditorAssemblies:ProcessInitializeOnLoadAttributes (System.Type[])

(Filename: Assets/GooglePlayGames/Editor/GPGSUpgrader.cs Line: 105)

Mono: successfully reloaded assembly
- Completed reload, in  2.656 seconds
Platform modules already initialized, skipping
Switching build target platform(19) subTarget(0) extendedPlatform(0) -> platform(13) subTarget(589824) extendedPlatform(0)
Refreshing native plugins compatible for Editor in 2.19 ms, found 1 plugins.
Preloading 0 native plugins for Editor in 0.00 ms.
Unloading 3319 Unused Serialized files (Serialized files now loaded: 0)
System memory in use before: 176.4 MB.
System memory in use after: 176.7 MB.

Unloading 81 unused Assets to reduce memory usage. Loaded Objects now: 4533.
Total: 15.128900 ms (FindLiveObjects: 0.729400 ms CreateObjectMapping: 0.583800 ms MarkObjects: 13.719800 ms  DeleteObjects: 0.092000 ms)

AssetImportParameters requested are different than current active one (requested -> active):
  custom:graphics/normal-map-encoding: 01000000000000000000000000000000 -> 02000000000000000000000000000000
========================================================================
Received Import Request.
  Time since last request: 460.482143 seconds.
  path: Assets/Script/PlayGamesController.cs
  artifactKey: Guid(16b40779de7f993408183f033efba76c) Importer(815301076,1909f56bfc062723c751e8b465ee728b)
Start importing Assets/Script/PlayGamesController.cs using Guid(16b40779de7f993408183f033efba76c) Importer(815301076,1909f56bfc062723c751e8b465ee728b)  -> (artifact id: '74548bb7d667703ea362177d651fb17d') in 0.133267 seconds 
========================================================================
Received Prepare
Registering precompiled user dll's ...
Registered in 0.037394 seconds.
Begin MonoManager ReloadAssembly
Native extension for WindowsStandalone target not found
Refreshing native plugins compatible for Editor in 1.63 ms, found 1 plugins.
Preloading 0 native plugins for Editor in 0.00 ms.
GPGSUpgrader start
UnityEngine.StackTraceUtility:ExtractStackTrace ()
UnityEngine.DebugLogHandler:LogFormat (UnityEngine.LogType,UnityEngine.Object,string,object[])
UnityEngine.Logger:Log (UnityEngine.LogType,object)
UnityEngine.Debug:Log (object)
GooglePlayGames.Editor.GPGSUpgrader:.cctor () (at Assets/GooglePlayGames/Editor/GPGSUpgrader.cs:38)
System.Runtime.CompilerServices.RuntimeHelpers:RunClassConstructor (System.RuntimeTypeHandle)
UnityEditor.EditorAssemblies:ProcessInitializeOnLoadAttributes (System.Type[])

(Filename: Assets/GooglePlayGames/Editor/GPGSUpgrader.cs Line: 38)

GPGSUpgrader done
UnityEngine.StackTraceUtility:ExtractStackTrace ()
UnityEngine.DebugLogHandler:LogFormat (UnityEngine.LogType,UnityEngine.Object,string,object[])
UnityEngine.Logger:Log (UnityEngine.LogType,object)
UnityEngine.Debug:Log (object)
GooglePlayGames.Editor.GPGSUpgrader:.cctor () (at Assets/GooglePlayGames/Editor/GPGSUpgrader.cs:105)
System.Runtime.CompilerServices.RuntimeHelpers:RunClassConstructor (System.RuntimeTypeHandle)
UnityEditor.EditorAssemblies:ProcessInitializeOnLoadAttributes (System.Type[])

(Filename: Assets/GooglePlayGames/Editor/GPGSUpgrader.cs Line: 105)

Mono: successfully reloaded assembly
- Completed reload, in  3.598 seconds
Platform modules already initialized, skipping
Switching build target platform(19) subTarget(0) extendedPlatform(0) -> platform(13) subTarget(589824) extendedPlatform(0)
Refreshing native plugins compatible for Editor in 2.94 ms, found 1 plugins.
Preloading 0 native plugins for Editor in 0.00 ms.
Unloading 3319 Unused Serialized files (Serialized files now loaded: 0)
System memory in use before: 176.5 MB.
System memory in use after: 176.7 MB.

Unloading 81 unused Assets to reduce memory usage. Loaded Objects now: 4536.
Total: 15.811900 ms (FindLiveObjects: 1.025600 ms CreateObjectMapping: 0.488300 ms MarkObjects: 14.139400 ms  DeleteObjects: 0.154500 ms)

AssetImportParameters requested are different than current active one (requested -> active):
  custom:graphics/normal-map-encoding: 01000000000000000000000000000000 -> 02000000000000000000000000000000
========================================================================
Received Import Request.
  Time since last request: 590.083312 seconds.
  path: Assets/Script/PlayGamesController.cs
  artifactKey: Guid(16b40779de7f993408183f033efba76c) Importer(815301076,1909f56bfc062723c751e8b465ee728b)
Start importing Assets/Script/PlayGamesController.cs using Guid(16b40779de7f993408183f033efba76c) Importer(815301076,1909f56bfc062723c751e8b465ee728b)  -> (artifact id: 'ae6d09dbd6a1b502dad945acac1ab4d4') in 0.042312 seconds 
========================================================================
Received Import Request.
  Time since last request: 186.269426 seconds.
  path: Assets/Script/PlayGamesController.cs
  artifactKey: Guid(16b40779de7f993408183f033efba76c) Importer(815301076,1909f56bfc062723c751e8b465ee728b)
Start importing Assets/Script/PlayGamesController.cs using Guid(16b40779de7f993408183f033efba76c) Importer(815301076,1909f56bfc062723c751e8b465ee728b)  -> (artifact id: 'ada3685ec89ce09bfe517c4a1e22d6d6') in 0.010339 seconds 
========================================================================
Received Prepare
Registering precompiled user dll's ...
Registered in 0.151718 seconds.
Begin MonoManager ReloadAssembly
Native extension for WindowsStandalone target not found
Refreshing native plugins compatible for Editor in 2.22 ms, found 1 plugins.
Preloading 0 native plugins for Editor in 0.00 ms.
GPGSUpgrader start
UnityEngine.StackTraceUtility:ExtractStackTrace ()
UnityEngine.DebugLogHandler:LogFormat (UnityEngine.LogType,UnityEngine.Object,string,object[])
UnityEngine.Logger:Log (UnityEngine.LogType,object)
UnityEngine.Debug:Log (object)
GooglePlayGames.Editor.GPGSUpgrader:.cctor () (at Assets/GooglePlayGames/Editor/GPGSUpgrader.cs:38)
System.Runtime.CompilerServices.RuntimeHelpers:RunClassConstructor (System.RuntimeTypeHandle)
UnityEditor.EditorAssemblies:ProcessInitializeOnLoadAttributes (System.Type[])

(Filename: Assets/GooglePlayGames/Editor/GPGSUpgrader.cs Line: 38)

GPGSUpgrader done
UnityEngine.StackTraceUtility:ExtractStackTrace ()
UnityEngine.DebugLogHandler:LogFormat (UnityEngine.LogType,UnityEngine.Object,string,object[])
UnityEngine.Logger:Log (UnityEngine.LogType,object)
UnityEngine.Debug:Log (object)
GooglePlayGames.Editor.GPGSUpgrader:.cctor () (at Assets/GooglePlayGames/Editor/GPGSUpgrader.cs:105)
System.Runtime.CompilerServices.RuntimeHelpers:RunClassConstructor (System.RuntimeTypeHandle)
UnityEditor.EditorAssemblies:ProcessInitializeOnLoadAttributes (System.Type[])

(Filename: Assets/GooglePlayGames/Editor/GPGSUpgrader.cs Line: 105)

Mono: successfully reloaded assembly
- Completed reload, in  4.774 seconds
Platform modules already initialized, skipping
Switching build target platform(19) subTarget(0) extendedPlatform(0) -> platform(13) subTarget(589824) extendedPlatform(0)
Refreshing native plugins compatible for Editor in 3.12 ms, found 1 plugins.
Preloading 0 native plugins for Editor in 0.00 ms.
Unloading 3319 Unused Serialized files (Serialized files now loaded: 0)
System memory in use before: 176.5 MB.
System memory in use after: 176.8 MB.

Unloading 81 unused Assets to reduce memory usage. Loaded Objects now: 4539.
Total: 13.096200 ms (FindLiveObjects: 0.756100 ms CreateObjectMapping: 0.394800 ms MarkObjects: 11.865400 ms  DeleteObjects: 0.077200 ms)

AssetImportParameters requested are different than current active one (requested -> active):
  custom:graphics/normal-map-encoding: 01000000000000000000000000000000 -> 02000000000000000000000000000000
========================================================================
Received Prepare
Registering precompiled user dll's ...
Registered in 0.007837 seconds.
Begin MonoManager ReloadAssembly
Native extension for WindowsStandalone target not found
Refreshing native plugins compatible for Editor in 5.20 ms, found 1 plugins.
Preloading 0 native plugins for Editor in 0.00 ms.
GPGSUpgrader start
UnityEngine.StackTraceUtility:ExtractStackTrace ()
UnityEngine.DebugLogHandler:LogFormat (UnityEngine.LogType,UnityEngine.Object,string,object[])
UnityEngine.Logger:Log (UnityEngine.LogType,object)
UnityEngine.Debug:Log (object)
GooglePlayGames.Editor.GPGSUpgrader:.cctor () (at Assets/GooglePlayGames/Editor/GPGSUpgrader.cs:38)
System.Runtime.CompilerServices.RuntimeHelpers:RunClassConstructor (System.RuntimeTypeHandle)
UnityEditor.EditorAssemblies:ProcessInitializeOnLoadAttributes (System.Type[])

(Filename: Assets/GooglePlayGames/Editor/GPGSUpgrader.cs Line: 38)

GPGSUpgrader done
UnityEngine.StackTraceUtility:ExtractStackTrace ()
UnityEngine.DebugLogHandler:LogFormat (UnityEngine.LogType,UnityEngine.Object,string,object[])
UnityEngine.Logger:Log (UnityEngine.LogType,object)
UnityEngine.Debug:Log (object)
GooglePlayGames.Editor.GPGSUpgrader:.cctor () (at Assets/GooglePlayGames/Editor/GPGSUpgrader.cs:105)
System.Runtime.CompilerServices.RuntimeHelpers:RunClassConstructor (System.RuntimeTypeHandle)
UnityEditor.EditorAssemblies:ProcessInitializeOnLoadAttributes (System.Type[])

(Filename: Assets/GooglePlayGames/Editor/GPGSUpgrader.cs Line: 105)

Mono: successfully reloaded assembly
- Completed reload, in  4.712 seconds
Platform modules already initialized, skipping
Switching build target platform(19) subTarget(0) extendedPlatform(0) -> platform(13) subTarget(589824) extendedPlatform(0)
Refreshing native plugins compatible for Editor in 4.95 ms, found 1 plugins.
Preloading 0 native plugins for Editor in 0.00 ms.
Unloading 3319 Unused Serialized files (Serialized files now loaded: 0)
System memory in use before: 176.5 MB.
System memory in use after: 176.8 MB.

Unloading 81 unused Assets to reduce memory usage. Loaded Objects now: 4542.
Total: 23.848900 ms (FindLiveObjects: 0.906500 ms CreateObjectMapping: 0.683900 ms MarkObjects: 22.112200 ms  DeleteObjects: 0.141400 ms)

AssetImportParameters requested are different than current active one (requested -> active):
  custom:graphics/normal-map-encoding: 01000000000000000000000000000000 -> 02000000000000000000000000000000
========================================================================
Received Prepare
Refreshing native plugins compatible for Editor in 1502.82 ms, found 1 plugins.
Preloading 0 native plugins for Editor in 0.00 ms.
Unloading 79 Unused Serialized files (Serialized files now loaded: 0)
System memory in use before: 111.4 MB.
System memory in use after: 111.7 MB.

Unloading 79 unused Assets to reduce memory usage. Loaded Objects now: 4542.
Total: 22.992900 ms (FindLiveObjects: 4.064900 ms CreateObjectMapping: 0.963400 ms MarkObjects: 17.800900 ms  DeleteObjects: 0.156600 ms)

AssetImportWorkerClient::OnTransportError - code=2 error=End of file
