Using pre-set license
Built from '2021.1/release' branch; Version is '2021.1.0f1 (61a549675243) revision 6399305'; Using compiler version '192528614'; Build Type 'Release'
OS: 'Windows 10 Home Single Language; OS build 19042.867; Version 2009; 64bit' Language: 'en' Physical Memory: 7914 MB
BatchMode: 1, IsHumanControllingUs: 0, StartBugReporterOnCrash: 0, Is64bit: 1, IsPro: 0

 COMMAND LINE ARGUMENTS:
C:\Program Files\Unity\Hub\Editor\2021.1.0f1\Editor\Unity.exe
-adb2
-batchMode
-noUpm
-name
AssetImportWorker0
-projectPath
E:/Unity/Projects/JungleeJumper-EndlessRunnerAndKiller/Junglee Jumper - Endless Runner And Killer
-logFile
Logs/AssetImportWorker0.log
-srvPort
61915
Successfully changed project path to: E:/Unity/Projects/JungleeJumper-EndlessRunnerAndKiller/Junglee Jumper - Endless Runner And Killer
E:/Unity/Projects/JungleeJumper-EndlessRunnerAndKiller/Junglee Jumper - Endless Runner And Killer
Using Asset Import Pipeline V2.
Refreshing native plugins compatible for Editor in 205.37 ms, found 2 plugins.
Preloading 0 native plugins for Editor in 0.00 ms.
Initialize engine version: 2021.1.0f1 (61a549675243)
[Subsystems] Discovering subsystems at path C:/Program Files/Unity/Hub/Editor/2021.1.0f1/Editor/Data/Resources/UnitySubsystems
[Subsystems] Discovering subsystems at path E:/Unity/Projects/JungleeJumper-EndlessRunnerAndKiller/Junglee Jumper - Endless Runner And Killer/Assets
GfxDevice: creating device client; threaded=0; jobified=0
Direct3D:
    Version:  Direct3D 11.0 [level 11.1]
    Renderer: NVIDIA GeForce MX330 (ID=0x1d16)
    Vendor:   NVIDIA
    VRAM:     1983 MB
    Driver:   27.21.14.5167
Initialize mono
Mono path[0] = 'C:/Program Files/Unity/Hub/Editor/2021.1.0f1/Editor/Data/Managed'
Mono path[1] = 'C:/Program Files/Unity/Hub/Editor/2021.1.0f1/Editor/Data/MonoBleedingEdge/lib/mono/unityjit'
Mono config path = 'C:/Program Files/Unity/Hub/Editor/2021.1.0f1/Editor/Data/MonoBleedingEdge/etc'
Using monoOptions --debugger-agent=transport=dt_socket,embedding=1,server=y,suspend=n,address=127.0.0.1:56724
Begin MonoManager ReloadAssembly
Registering precompiled unity dll's ...
Register platform support module: C:/Program Files/Unity/Hub/Editor/2021.1.0f1/Editor/Data/PlaybackEngines/WindowsStandaloneSupport/UnityEditor.WindowsStandalone.Extensions.dll
Registered in 0.003675 seconds.
Native extension for WindowsStandalone target not found
Refreshing native plugins compatible for Editor in 216.00 ms, found 2 plugins.
Preloading 0 native plugins for Editor in 0.00 ms.
Mono: successfully reloaded assembly
- Completed reload, in  2.977 seconds
Platform modules already initialized, skipping
Registering precompiled user dll's ...
Registered in 0.005257 seconds.
Begin MonoManager ReloadAssembly
Native extension for WindowsStandalone target not found
Refreshing native plugins compatible for Editor in 204.67 ms, found 2 plugins.
Preloading 0 native plugins for Editor in 0.00 ms.
Mono: successfully reloaded assembly
- Completed reload, in  4.593 seconds
Platform modules already initialized, skipping
========================================================================
Worker process is ready to serve import requests
Launched and connected shader compiler UnityShaderCompiler.exe after 0.10 seconds
Refreshing native plugins compatible for Editor in 0.89 ms, found 2 plugins.
Preloading 0 native plugins for Editor in 0.00 ms.
Unloading 3373 Unused Serialized files (Serialized files now loaded: 0)
System memory in use before: 128.7 MB.
System memory in use after: 128.9 MB.

Unloading 24 unused Assets to reduce memory usage. Loaded Objects now: 3829.
Total: 2.740500 ms (FindLiveObjects: 0.242600 ms CreateObjectMapping: 0.068200 ms MarkObjects: 2.248000 ms  DeleteObjects: 0.144100 ms)

========================================================================
Received Import Request.
  path: Assets/Scenes
  artifactKey: Guid(604cc516ba9ee8940985dffdca749c7e) Importer(815301076,1909f56bfc062723c751e8b465ee728b)
Start importing Assets/Scenes using Guid(604cc516ba9ee8940985dffdca749c7e) Importer(815301076,1909f56bfc062723c751e8b465ee728b)  -> (artifact id: '3cbeae9c9c9bd11c53d9a9957a5ebc60') in 0.009173 seconds 
========================================================================
Received Import Request.
  Time since last request: 0.000931 seconds.
  path: Assets/Scenes/Game.unity
  artifactKey: Guid(2cda990e2423bbf4892e6590ba056729) Importer(815301076,1909f56bfc062723c751e8b465ee728b)
Start importing Assets/Scenes/Game.unity using Guid(2cda990e2423bbf4892e6590ba056729) Importer(815301076,1909f56bfc062723c751e8b465ee728b)  -> (artifact id: 'e4d0f7d85367e4ace72d5b55fa042410') in 0.015487 seconds 
========================================================================
Received Prepare
Registering precompiled user dll's ...
Registered in 0.004829 seconds.
Begin MonoManager ReloadAssembly
Native extension for WindowsStandalone target not found
Refreshing native plugins compatible for Editor in 1.26 ms, found 2 plugins.
Preloading 0 native plugins for Editor in 0.00 ms.
Mono: successfully reloaded assembly
- Completed reload, in  1.965 seconds
Platform modules already initialized, skipping
Refreshing native plugins compatible for Editor in 1.76 ms, found 2 plugins.
Preloading 0 native plugins for Editor in 0.00 ms.
Unloading 3363 Unused Serialized files (Serialized files now loaded: 0)
System memory in use before: 128.3 MB.
System memory in use after: 128.6 MB.

Unloading 12 unused Assets to reduce memory usage. Loaded Objects now: 3833.
Total: 25.812100 ms (FindLiveObjects: 0.786500 ms CreateObjectMapping: 0.356500 ms MarkObjects: 24.601800 ms  DeleteObjects: 0.065000 ms)

========================================================================
Received Prepare
Registering precompiled user dll's ...
Registered in 0.004787 seconds.
Begin MonoManager ReloadAssembly
Native extension for WindowsStandalone target not found
Refreshing native plugins compatible for Editor in 1.03 ms, found 2 plugins.
Preloading 0 native plugins for Editor in 0.00 ms.
Mono: successfully reloaded assembly
- Completed reload, in  1.813 seconds
Platform modules already initialized, skipping
Refreshing native plugins compatible for Editor in 2.44 ms, found 2 plugins.
Preloading 0 native plugins for Editor in 0.00 ms.
Unloading 3363 Unused Serialized files (Serialized files now loaded: 0)
System memory in use before: 128.4 MB.
System memory in use after: 128.6 MB.

Unloading 12 unused Assets to reduce memory usage. Loaded Objects now: 3837.
Total: 6.076000 ms (FindLiveObjects: 0.461400 ms CreateObjectMapping: 0.305400 ms MarkObjects: 5.176700 ms  DeleteObjects: 0.126300 ms)

========================================================================
Received Prepare
Registering precompiled user dll's ...
Registered in 0.004997 seconds.
Begin MonoManager ReloadAssembly
Native extension for WindowsStandalone target not found
Refreshing native plugins compatible for Editor in 0.95 ms, found 2 plugins.
Preloading 0 native plugins for Editor in 0.00 ms.
Mono: successfully reloaded assembly
- Completed reload, in  1.941 seconds
Platform modules already initialized, skipping
Switching build target platform(19) subTarget(0) extendedPlatform(0) -> platform(13) subTarget(537395200) extendedPlatform(0)
Refreshing native plugins compatible for Editor in 0.60 ms, found 2 plugins.
Preloading 0 native plugins for Editor in 0.00 ms.
Unloading 3367 Unused Serialized files (Serialized files now loaded: 0)
System memory in use before: 128.4 MB.
System memory in use after: 128.7 MB.

Unloading 12 unused Assets to reduce memory usage. Loaded Objects now: 3841.
Total: 5.745600 ms (FindLiveObjects: 0.413300 ms CreateObjectMapping: 0.349700 ms MarkObjects: 4.933300 ms  DeleteObjects: 0.047400 ms)

AssetImportParameters requested are different than current active one (requested -> active):
  custom:graphics/normal-map-encoding: 01000000000000000000000000000000 -> 02000000000000000000000000000000
========================================================================
Received Prepare
Refreshing native plugins compatible for Editor in 4.83 ms, found 2 plugins.
Preloading 0 native plugins for Editor in 0.00 ms.
Unloading 10 Unused Serialized files (Serialized files now loaded: 0)
System memory in use before: 60.8 MB.
System memory in use after: 61.1 MB.

Unloading 10 unused Assets to reduce memory usage. Loaded Objects now: 3841.
Total: 5.525500 ms (FindLiveObjects: 0.794600 ms CreateObjectMapping: 0.205900 ms MarkObjects: 4.474200 ms  DeleteObjects: 0.046100 ms)

========================================================================
Received Prepare
Registering precompiled user dll's ...
Registered in 0.004742 seconds.
Begin MonoManager ReloadAssembly
Native extension for WindowsStandalone target not found
Refreshing native plugins compatible for Editor in 0.94 ms, found 2 plugins.
Preloading 0 native plugins for Editor in 0.00 ms.
Mono: successfully reloaded assembly
- Completed reload, in  1.859 seconds
Platform modules already initialized, skipping
Switching build target platform(19) subTarget(0) extendedPlatform(0) -> platform(13) subTarget(537395200) extendedPlatform(0)
Refreshing native plugins compatible for Editor in 0.93 ms, found 2 plugins.
Preloading 0 native plugins for Editor in 0.00 ms.
Unloading 3367 Unused Serialized files (Serialized files now loaded: 0)
System memory in use before: 128.5 MB.
System memory in use after: 128.7 MB.

Unloading 12 unused Assets to reduce memory usage. Loaded Objects now: 3845.
Total: 3.906500 ms (FindLiveObjects: 0.557800 ms CreateObjectMapping: 0.219800 ms MarkObjects: 3.099100 ms  DeleteObjects: 0.028300 ms)

AssetImportParameters requested are different than current active one (requested -> active):
  custom:graphics/normal-map-encoding: 01000000000000000000000000000000 -> 02000000000000000000000000000000
========================================================================
Received Prepare
Registering precompiled user dll's ...
Registered in 0.004710 seconds.
Begin MonoManager ReloadAssembly
Native extension for WindowsStandalone target not found
Refreshing native plugins compatible for Editor in 1.07 ms, found 2 plugins.
Preloading 0 native plugins for Editor in 0.00 ms.
Mono: successfully reloaded assembly
- Completed reload, in  1.842 seconds
Platform modules already initialized, skipping
Switching build target platform(19) subTarget(0) extendedPlatform(0) -> platform(13) subTarget(537395200) extendedPlatform(0)
Refreshing native plugins compatible for Editor in 1.25 ms, found 2 plugins.
Preloading 0 native plugins for Editor in 0.00 ms.
Unloading 3367 Unused Serialized files (Serialized files now loaded: 0)
System memory in use before: 128.5 MB.
System memory in use after: 128.7 MB.

Unloading 12 unused Assets to reduce memory usage. Loaded Objects now: 3849.
Total: 5.462900 ms (FindLiveObjects: 0.687700 ms CreateObjectMapping: 0.255700 ms MarkObjects: 4.482000 ms  DeleteObjects: 0.034500 ms)

AssetImportParameters requested are different than current active one (requested -> active):
  custom:graphics/normal-map-encoding: 01000000000000000000000000000000 -> 02000000000000000000000000000000
========================================================================
Received Prepare
Registering precompiled user dll's ...
Registered in 0.004608 seconds.
Begin MonoManager ReloadAssembly
Native extension for WindowsStandalone target not found
Refreshing native plugins compatible for Editor in 0.92 ms, found 2 plugins.
Preloading 0 native plugins for Editor in 0.00 ms.
Mono: successfully reloaded assembly
- Completed reload, in  1.876 seconds
Platform modules already initialized, skipping
Switching build target platform(19) subTarget(0) extendedPlatform(0) -> platform(13) subTarget(537395200) extendedPlatform(0)
Refreshing native plugins compatible for Editor in 0.96 ms, found 2 plugins.
Preloading 0 native plugins for Editor in 0.00 ms.
Unloading 3367 Unused Serialized files (Serialized files now loaded: 0)
System memory in use before: 128.5 MB.
System memory in use after: 128.7 MB.

Unloading 12 unused Assets to reduce memory usage. Loaded Objects now: 3853.
Total: 4.346600 ms (FindLiveObjects: 0.380900 ms CreateObjectMapping: 0.233500 ms MarkObjects: 3.695200 ms  DeleteObjects: 0.034500 ms)

AssetImportParameters requested are different than current active one (requested -> active):
  custom:graphics/normal-map-encoding: 01000000000000000000000000000000 -> 02000000000000000000000000000000
========================================================================
Received Import Request.
  Time since last request: 443.389108 seconds.
  path: Assets/Script
  artifactKey: Guid(e41df4fc27a451648995fc5066e0d7e5) Importer(815301076,1909f56bfc062723c751e8b465ee728b)
Start importing Assets/Script using Guid(e41df4fc27a451648995fc5066e0d7e5) Importer(815301076,1909f56bfc062723c751e8b465ee728b)  -> (artifact id: 'aca6f2cbca4bef865a4e30f328419494') in 0.013020 seconds 
========================================================================
Received Import Request.
  Time since last request: 2.562351 seconds.
  path: Assets/Script/Player.cs
  artifactKey: Guid(b9fcdd8383576c24cae28a6c2fbce592) Importer(815301076,1909f56bfc062723c751e8b465ee728b)
Start importing Assets/Script/Player.cs using Guid(b9fcdd8383576c24cae28a6c2fbce592) Importer(815301076,1909f56bfc062723c751e8b465ee728b)  -> (artifact id: 'e53ac1efb47d0c2ef5cea0012fe15bcd') in 0.031346 seconds 
========================================================================
Received Prepare
Registering precompiled user dll's ...
Registered in 0.003642 seconds.
Begin MonoManager ReloadAssembly
Native extension for WindowsStandalone target not found
Refreshing native plugins compatible for Editor in 1.14 ms, found 2 plugins.
Preloading 0 native plugins for Editor in 0.00 ms.
Mono: successfully reloaded assembly
- Completed reload, in  2.011 seconds
Platform modules already initialized, skipping
Switching build target platform(19) subTarget(0) extendedPlatform(0) -> platform(13) subTarget(537395200) extendedPlatform(0)
Refreshing native plugins compatible for Editor in 0.92 ms, found 2 plugins.
Preloading 0 native plugins for Editor in 0.00 ms.
Unloading 3367 Unused Serialized files (Serialized files now loaded: 0)
System memory in use before: 128.5 MB.
System memory in use after: 128.7 MB.

Unloading 12 unused Assets to reduce memory usage. Loaded Objects now: 3857.
Total: 3.135300 ms (FindLiveObjects: 0.192900 ms CreateObjectMapping: 0.068700 ms MarkObjects: 2.832000 ms  DeleteObjects: 0.040400 ms)

AssetImportParameters requested are different than current active one (requested -> active):
  custom:graphics/normal-map-encoding: 01000000000000000000000000000000 -> 02000000000000000000000000000000
========================================================================
Received Import Request.
  Time since last request: 38.842610 seconds.
  path: Assets/Script/Player.cs
  artifactKey: Guid(b9fcdd8383576c24cae28a6c2fbce592) Importer(815301076,1909f56bfc062723c751e8b465ee728b)
Start importing Assets/Script/Player.cs using Guid(b9fcdd8383576c24cae28a6c2fbce592) Importer(815301076,1909f56bfc062723c751e8b465ee728b)  -> (artifact id: 'eff40abee2933521aa7eaff14263b80d') in 0.012738 seconds 
========================================================================
Received Import Request.
  Time since last request: 16.644064 seconds.
  path: Assets/Sounds
  artifactKey: Guid(8042b835c8e942a458d3b0ea72543e85) Importer(815301076,1909f56bfc062723c751e8b465ee728b)
Start importing Assets/Sounds using Guid(8042b835c8e942a458d3b0ea72543e85) Importer(815301076,1909f56bfc062723c751e8b465ee728b)  -> (artifact id: 'c887267e5a06824986db1275fcacb5db') in 0.005359 seconds 
========================================================================
Received Import Request.
  Time since last request: 0.073919 seconds.
  path: Assets/Sounds/BackgroundSound.mp3
  artifactKey: Guid(2b1f475c40d046c4fa241f60d2a0031c) Importer(815301076,1909f56bfc062723c751e8b465ee728b)
Start importing Assets/Sounds/BackgroundSound.mp3 using Guid(2b1f475c40d046c4fa241f60d2a0031c) Importer(815301076,1909f56bfc062723c751e8b465ee728b)  -> (artifact id: '0d0878f2309dd19d285b673afde0db14') in 0.169757 seconds 
========================================================================
Received Import Request.
  Time since last request: 0.000922 seconds.
  path: Assets/Sounds/CoinPickSound.wav
  artifactKey: Guid(5a13d4835726317499445da9a6bad1f0) Importer(815301076,1909f56bfc062723c751e8b465ee728b)
Start importing Assets/Sounds/CoinPickSound.wav using Guid(5a13d4835726317499445da9a6bad1f0) Importer(815301076,1909f56bfc062723c751e8b465ee728b)  -> (artifact id: '7ebc3051908b14541aaeb761921ba63e') in 0.027168 seconds 
========================================================================
Received Import Request.
  Time since last request: 0.000937 seconds.
  path: Assets/Sounds/JumpSound.wav
  artifactKey: Guid(479c97eab090818459174b8a38813b10) Importer(815301076,1909f56bfc062723c751e8b465ee728b)
Start importing Assets/Sounds/JumpSound.wav using Guid(479c97eab090818459174b8a38813b10) Importer(815301076,1909f56bfc062723c751e8b465ee728b)  -> (artifact id: 'a0485979d71fadf531bcd5d0eb1132f2') in 0.021170 seconds 
========================================================================
Received Import Request.
  Time since last request: 0.000788 seconds.
  path: Assets/Sounds/DeathSound.wav
  artifactKey: Guid(282f31aa62c2f1f419adf091a276e6c0) Importer(815301076,1909f56bfc062723c751e8b465ee728b)
Start importing Assets/Sounds/DeathSound.wav using Guid(282f31aa62c2f1f419adf091a276e6c0) Importer(815301076,1909f56bfc062723c751e8b465ee728b)  -> (artifact id: '612f7f9caa0d76786cea113c02959d40') in 0.021628 seconds 
========================================================================
Received Import Request.
  Time since last request: 104.071246 seconds.
  path: Assets/Script/CoinCollector.cs
  artifactKey: Guid(4a302410ef9e7e842a61cb3f95a41d28) Importer(815301076,1909f56bfc062723c751e8b465ee728b)
Start importing Assets/Script/CoinCollector.cs using Guid(4a302410ef9e7e842a61cb3f95a41d28) Importer(815301076,1909f56bfc062723c751e8b465ee728b)  -> (artifact id: 'fc3ea9aef7d31af178fdc15b7d3d3343') in 0.005187 seconds 
========================================================================
Received Import Request.
  Time since last request: 11.321023 seconds.
  path: Assets/Script/CoinCollector.cs
  artifactKey: Guid(4a302410ef9e7e842a61cb3f95a41d28) Importer(815301076,1909f56bfc062723c751e8b465ee728b)
Start importing Assets/Script/CoinCollector.cs using Guid(4a302410ef9e7e842a61cb3f95a41d28) Importer(815301076,1909f56bfc062723c751e8b465ee728b)  -> (artifact id: '7ac6b8aa2055dd8b40d94fb8b6ffb842') in 0.005570 seconds 
========================================================================
Received Prepare
Registering precompiled user dll's ...
Registered in 0.004707 seconds.
Begin MonoManager ReloadAssembly
Native extension for WindowsStandalone target not found
Refreshing native plugins compatible for Editor in 0.96 ms, found 2 plugins.
Preloading 0 native plugins for Editor in 0.00 ms.
Mono: successfully reloaded assembly
- Completed reload, in  1.901 seconds
Platform modules already initialized, skipping
Switching build target platform(19) subTarget(0) extendedPlatform(0) -> platform(13) subTarget(537395200) extendedPlatform(0)
Refreshing native plugins compatible for Editor in 1.14 ms, found 2 plugins.
Preloading 0 native plugins for Editor in 0.00 ms.
Unloading 3367 Unused Serialized files (Serialized files now loaded: 0)
System memory in use before: 132.2 MB.
System memory in use after: 132.4 MB.

Unloading 12 unused Assets to reduce memory usage. Loaded Objects now: 3870.
Total: 3.576200 ms (FindLiveObjects: 0.371300 ms CreateObjectMapping: 0.223600 ms MarkObjects: 2.949100 ms  DeleteObjects: 0.030500 ms)

AssetImportParameters requested are different than current active one (requested -> active):
  custom:graphics/normal-map-encoding: 01000000000000000000000000000000 -> 02000000000000000000000000000000
========================================================================
Received Import Request.
  Time since last request: 25.007548 seconds.
  path: Assets/Script/CoinCollector.cs
  artifactKey: Guid(4a302410ef9e7e842a61cb3f95a41d28) Importer(815301076,1909f56bfc062723c751e8b465ee728b)
Start importing Assets/Script/CoinCollector.cs using Guid(4a302410ef9e7e842a61cb3f95a41d28) Importer(815301076,1909f56bfc062723c751e8b465ee728b)  -> (artifact id: '65bc84d50b4a8733e2558a40f0d44849') in 0.010790 seconds 
========================================================================
Received Prepare
Registering precompiled user dll's ...
Registered in 0.005076 seconds.
Begin MonoManager ReloadAssembly
Native extension for WindowsStandalone target not found
Refreshing native plugins compatible for Editor in 1.02 ms, found 2 plugins.
Preloading 0 native plugins for Editor in 0.00 ms.
Mono: successfully reloaded assembly
- Completed reload, in  1.922 seconds
Platform modules already initialized, skipping
Switching build target platform(19) subTarget(0) extendedPlatform(0) -> platform(13) subTarget(537395200) extendedPlatform(0)
Refreshing native plugins compatible for Editor in 0.99 ms, found 2 plugins.
Preloading 0 native plugins for Editor in 0.00 ms.
Unloading 3367 Unused Serialized files (Serialized files now loaded: 0)
System memory in use before: 132.2 MB.
System memory in use after: 132.4 MB.

Unloading 12 unused Assets to reduce memory usage. Loaded Objects now: 3874.
Total: 3.905200 ms (FindLiveObjects: 0.491900 ms CreateObjectMapping: 0.159000 ms MarkObjects: 3.222300 ms  DeleteObjects: 0.029700 ms)

AssetImportParameters requested are different than current active one (requested -> active):
  custom:graphics/normal-map-encoding: 01000000000000000000000000000000 -> 02000000000000000000000000000000
========================================================================
Received Import Request.
  Time since last request: 34.413566 seconds.
  path: Assets/Script/CoinCollector.cs
  artifactKey: Guid(4a302410ef9e7e842a61cb3f95a41d28) Importer(815301076,1909f56bfc062723c751e8b465ee728b)
Start importing Assets/Script/CoinCollector.cs using Guid(4a302410ef9e7e842a61cb3f95a41d28) Importer(815301076,1909f56bfc062723c751e8b465ee728b)  -> (artifact id: '5dc413b9497aed61c1b6000609444b5a') in 0.011284 seconds 
========================================================================
Received Prepare
Registering precompiled user dll's ...
Registered in 0.004302 seconds.
Begin MonoManager ReloadAssembly
Native extension for WindowsStandalone target not found
Refreshing native plugins compatible for Editor in 0.94 ms, found 2 plugins.
Preloading 0 native plugins for Editor in 0.00 ms.
Mono: successfully reloaded assembly
- Completed reload, in  1.923 seconds
Platform modules already initialized, skipping
Switching build target platform(19) subTarget(0) extendedPlatform(0) -> platform(13) subTarget(537395200) extendedPlatform(0)
Refreshing native plugins compatible for Editor in 1.02 ms, found 2 plugins.
Preloading 0 native plugins for Editor in 0.00 ms.
Unloading 3367 Unused Serialized files (Serialized files now loaded: 0)
System memory in use before: 132.2 MB.
System memory in use after: 132.4 MB.

Unloading 12 unused Assets to reduce memory usage. Loaded Objects now: 3878.
Total: 4.032800 ms (FindLiveObjects: 0.424400 ms CreateObjectMapping: 0.268300 ms MarkObjects: 3.306200 ms  DeleteObjects: 0.031300 ms)

AssetImportParameters requested are different than current active one (requested -> active):
  custom:graphics/normal-map-encoding: 01000000000000000000000000000000 -> 02000000000000000000000000000000
========================================================================
Received Prepare
Registering precompiled user dll's ...
Registered in 0.004169 seconds.
Begin MonoManager ReloadAssembly
Native extension for WindowsStandalone target not found
Refreshing native plugins compatible for Editor in 1.22 ms, found 2 plugins.
Preloading 0 native plugins for Editor in 0.00 ms.
Mono: successfully reloaded assembly
- Completed reload, in  1.847 seconds
Platform modules already initialized, skipping
Switching build target platform(19) subTarget(0) extendedPlatform(0) -> platform(13) subTarget(537395200) extendedPlatform(0)
Refreshing native plugins compatible for Editor in 1.11 ms, found 2 plugins.
Preloading 0 native plugins for Editor in 0.00 ms.
Unloading 3367 Unused Serialized files (Serialized files now loaded: 0)
System memory in use before: 132.2 MB.
System memory in use after: 132.4 MB.

Unloading 12 unused Assets to reduce memory usage. Loaded Objects now: 3882.
Total: 5.777400 ms (FindLiveObjects: 0.327700 ms CreateObjectMapping: 0.172400 ms MarkObjects: 5.172700 ms  DeleteObjects: 0.099800 ms)

AssetImportParameters requested are different than current active one (requested -> active):
  custom:graphics/normal-map-encoding: 01000000000000000000000000000000 -> 02000000000000000000000000000000
========================================================================
Received Prepare
Registering precompiled user dll's ...
Registered in 0.006613 seconds.
Begin MonoManager ReloadAssembly
Native extension for WindowsStandalone target not found
Refreshing native plugins compatible for Editor in 1.26 ms, found 2 plugins.
Preloading 0 native plugins for Editor in 0.00 ms.
Mono: successfully reloaded assembly
- Completed reload, in  1.983 seconds
Platform modules already initialized, skipping
Switching build target platform(19) subTarget(0) extendedPlatform(0) -> platform(13) subTarget(537395200) extendedPlatform(0)
Refreshing native plugins compatible for Editor in 1.00 ms, found 2 plugins.
Preloading 0 native plugins for Editor in 0.00 ms.
Unloading 3367 Unused Serialized files (Serialized files now loaded: 0)
System memory in use before: 132.2 MB.
System memory in use after: 132.4 MB.

Unloading 12 unused Assets to reduce memory usage. Loaded Objects now: 3886.
Total: 4.073500 ms (FindLiveObjects: 0.351300 ms CreateObjectMapping: 0.157700 ms MarkObjects: 3.548000 ms  DeleteObjects: 0.015000 ms)

AssetImportParameters requested are different than current active one (requested -> active):
  custom:graphics/normal-map-encoding: 01000000000000000000000000000000 -> 02000000000000000000000000000000
========================================================================
Received Import Request.
  Time since last request: 124.783745 seconds.
  path: Assets/Fonts
  artifactKey: Guid(97ba618072ac03148bf8bd1435d0a4b7) Importer(815301076,1909f56bfc062723c751e8b465ee728b)
Start importing Assets/Fonts using Guid(97ba618072ac03148bf8bd1435d0a4b7) Importer(815301076,1909f56bfc062723c751e8b465ee728b)  -> (artifact id: '1c67f28e74a5715284f65eab276d8d70') in 0.015944 seconds 
========================================================================
Received Import Request.
  Time since last request: 0.040675 seconds.
  path: Assets/Fonts/Roboto-Black.ttf
  artifactKey: Guid(a396590176ad36745995d858c8ae3555) Importer(815301076,1909f56bfc062723c751e8b465ee728b)
Start importing Assets/Fonts/Roboto-Black.ttf using Guid(a396590176ad36745995d858c8ae3555) Importer(815301076,1909f56bfc062723c751e8b465ee728b)  -> (artifact id: 'ba8d9477e904c92140c2af6b9bb197cb') in 0.155354 seconds 
========================================================================
Received Import Request.
  Time since last request: 0.000364 seconds.
  path: Assets/Fonts/Roboto-Bold.ttf
  artifactKey: Guid(0d9f5a6cf51aba54ca6a310da5be2356) Importer(815301076,1909f56bfc062723c751e8b465ee728b)
Start importing Assets/Fonts/Roboto-Bold.ttf using Guid(0d9f5a6cf51aba54ca6a310da5be2356) Importer(815301076,1909f56bfc062723c751e8b465ee728b)  -> (artifact id: '91ad7ab612da8343d1e24d7a79976209') in 0.026652 seconds 
========================================================================
Received Import Request.
  Time since last request: 0.000393 seconds.
  path: Assets/Fonts/Roboto-MediumItalic.ttf
  artifactKey: Guid(14058a0d3da444140bd56c95894bed34) Importer(815301076,1909f56bfc062723c751e8b465ee728b)
Start importing Assets/Fonts/Roboto-MediumItalic.ttf using Guid(14058a0d3da444140bd56c95894bed34) Importer(815301076,1909f56bfc062723c751e8b465ee728b)  -> (artifact id: '6d6661d38fdeb8f3238a78a93269e3f1') in 0.019951 seconds 
========================================================================
Received Import Request.
  Time since last request: 0.000339 seconds.
  path: Assets/Fonts/Roboto-Regular.ttf
  artifactKey: Guid(db0fcb009e6cfe04c9571a53b68476eb) Importer(815301076,1909f56bfc062723c751e8b465ee728b)
Start importing Assets/Fonts/Roboto-Regular.ttf using Guid(db0fcb009e6cfe04c9571a53b68476eb) Importer(815301076,1909f56bfc062723c751e8b465ee728b)  -> (artifact id: 'bbdfab772b5e57815ead1e00f1063985') in 0.030767 seconds 
========================================================================
Received Import Request.
  Time since last request: 0.000424 seconds.
  path: Assets/Fonts/Transformers Movie.ttf
  artifactKey: Guid(98b51ce890c247e47b4c485ca2bdc05f) Importer(815301076,1909f56bfc062723c751e8b465ee728b)
Start importing Assets/Fonts/Transformers Movie.ttf using Guid(98b51ce890c247e47b4c485ca2bdc05f) Importer(815301076,1909f56bfc062723c751e8b465ee728b)  -> (artifact id: '0dd794e43e5941e363751ff196d9ecda') in 0.030059 seconds 
========================================================================
Received Import Request.
  Time since last request: 0.000475 seconds.
  path: Assets/Fonts/SwipeRaceDemo.ttf
  artifactKey: Guid(e18a7d6af78933b4d937a98411e83755) Importer(815301076,1909f56bfc062723c751e8b465ee728b)
Start importing Assets/Fonts/SwipeRaceDemo.ttf using Guid(e18a7d6af78933b4d937a98411e83755) Importer(815301076,1909f56bfc062723c751e8b465ee728b)  -> (artifact id: 'e4529e56440963ab98146036cefc96ed') in 0.036808 seconds 
========================================================================
Received Import Request.
  Time since last request: 0.000664 seconds.
  path: Assets/Fonts/Roboto-ThinItalic.ttf
  artifactKey: Guid(e283e1b90132dc147b7e9c2bb8be6806) Importer(815301076,1909f56bfc062723c751e8b465ee728b)
Start importing Assets/Fonts/Roboto-ThinItalic.ttf using Guid(e283e1b90132dc147b7e9c2bb8be6806) Importer(815301076,1909f56bfc062723c751e8b465ee728b)  -> (artifact id: '143b90baf02628c310678ceff653ad25') in 0.030099 seconds 
========================================================================
Received Import Request.
  Time since last request: 0.001001 seconds.
  path: Assets/Fonts/Roboto-Medium.ttf
  artifactKey: Guid(f0dafafc6e9a27842b408614e0f0fb42) Importer(815301076,1909f56bfc062723c751e8b465ee728b)
Start importing Assets/Fonts/Roboto-Medium.ttf using Guid(f0dafafc6e9a27842b408614e0f0fb42) Importer(815301076,1909f56bfc062723c751e8b465ee728b)  -> (artifact id: 'd6fcf3b7cb86d9342554f453dda1b116') in 0.024497 seconds 
========================================================================
Received Import Request.
  Time since last request: 0.000818 seconds.
  path: Assets/Fonts/Roboto-Thin.ttf
  artifactKey: Guid(8033b1ebfcd1cb343a212b452ff049c4) Importer(815301076,1909f56bfc062723c751e8b465ee728b)
Start importing Assets/Fonts/Roboto-Thin.ttf using Guid(8033b1ebfcd1cb343a212b452ff049c4) Importer(815301076,1909f56bfc062723c751e8b465ee728b)  -> (artifact id: 'dbb858b961d96d810ae971e3be3ec4f3') in 0.023536 seconds 
========================================================================
Received Import Request.
  Time since last request: 0.000516 seconds.
  path: Assets/Fonts/Roboto-LightItalic.ttf
  artifactKey: Guid(17d1c83227777dc4081aa014c27d94cb) Importer(815301076,1909f56bfc062723c751e8b465ee728b)
Start importing Assets/Fonts/Roboto-LightItalic.ttf using Guid(17d1c83227777dc4081aa014c27d94cb) Importer(815301076,1909f56bfc062723c751e8b465ee728b)  -> (artifact id: '59b286e3cbf1cef4c195c9a72addfe3b') in 0.035031 seconds 
========================================================================
Received Import Request.
  Time since last request: 0.000586 seconds.
  path: Assets/Fonts/Roboto-Italic.ttf
  artifactKey: Guid(faf0e72a00931ed4db531139d695cc9c) Importer(815301076,1909f56bfc062723c751e8b465ee728b)
Start importing Assets/Fonts/Roboto-Italic.ttf using Guid(faf0e72a00931ed4db531139d695cc9c) Importer(815301076,1909f56bfc062723c751e8b465ee728b)  -> (artifact id: '8d7208676811136c44b1ddaa5829725d') in 0.032785 seconds 
========================================================================
Received Import Request.
  Time since last request: 0.000461 seconds.
  path: Assets/Fonts/Roboto-Light.ttf
  artifactKey: Guid(eafef6680a9b3174292809b0c7b12a0c) Importer(815301076,1909f56bfc062723c751e8b465ee728b)
Start importing Assets/Fonts/Roboto-Light.ttf using Guid(eafef6680a9b3174292809b0c7b12a0c) Importer(815301076,1909f56bfc062723c751e8b465ee728b)  -> (artifact id: '8c36953f954b7253c2996ff3ce86cac5') in 0.029794 seconds 
========================================================================
Received Import Request.
  Time since last request: 0.001105 seconds.
  path: Assets/Fonts/Roboto-BlackItalic.ttf
  artifactKey: Guid(f9f40de7fe432e14d90f5cd0d8caa7be) Importer(815301076,1909f56bfc062723c751e8b465ee728b)
Start importing Assets/Fonts/Roboto-BlackItalic.ttf using Guid(f9f40de7fe432e14d90f5cd0d8caa7be) Importer(815301076,1909f56bfc062723c751e8b465ee728b)  -> (artifact id: '2c5de5604dabc2f5a7ecd02b83c053f3') in 0.022462 seconds 
========================================================================
Received Import Request.
  Time since last request: 0.000474 seconds.
  path: Assets/Fonts/Roboto-BoldItalic.ttf
  artifactKey: Guid(7f5582991ba8c6d44a96afc9daf9af89) Importer(815301076,1909f56bfc062723c751e8b465ee728b)
Start importing Assets/Fonts/Roboto-BoldItalic.ttf using Guid(7f5582991ba8c6d44a96afc9daf9af89) Importer(815301076,1909f56bfc062723c751e8b465ee728b)  -> (artifact id: '58b43a79e726dfa69b97f569e38e151a') in 0.022346 seconds 
========================================================================
Received Import Request.
  Time since last request: 236.271471 seconds.
  path: Assets/Script/ScoreManager.cs
  artifactKey: Guid(9f91ce4d06d206041a624fd5da25ed64) Importer(815301076,1909f56bfc062723c751e8b465ee728b)
Start importing Assets/Script/ScoreManager.cs using Guid(9f91ce4d06d206041a624fd5da25ed64) Importer(815301076,1909f56bfc062723c751e8b465ee728b)  -> (artifact id: '056e91f38ae346fe711e9d217e6c3880') in 0.004502 seconds 
========================================================================
Received Prepare
Registering precompiled user dll's ...
Registered in 0.103616 seconds.
Begin MonoManager ReloadAssembly
Native extension for WindowsStandalone target not found
Refreshing native plugins compatible for Editor in 0.93 ms, found 2 plugins.
Preloading 0 native plugins for Editor in 0.00 ms.
Mono: successfully reloaded assembly
- Completed reload, in  2.093 seconds
Platform modules already initialized, skipping
Switching build target platform(19) subTarget(0) extendedPlatform(0) -> platform(13) subTarget(537395200) extendedPlatform(0)
Refreshing native plugins compatible for Editor in 0.97 ms, found 2 plugins.
Preloading 0 native plugins for Editor in 0.00 ms.
Unloading 3382 Unused Serialized files (Serialized files now loaded: 0)
System memory in use before: 138.7 MB.
System memory in use after: 138.9 MB.

Unloading 12 unused Assets to reduce memory usage. Loaded Objects now: 4139.
Total: 3.326500 ms (FindLiveObjects: 0.351600 ms CreateObjectMapping: 0.160200 ms MarkObjects: 2.769600 ms  DeleteObjects: 0.043100 ms)

AssetImportParameters requested are different than current active one (requested -> active):
  custom:graphics/normal-map-encoding: 01000000000000000000000000000000 -> 02000000000000000000000000000000
========================================================================
Received Prepare
Registering precompiled user dll's ...
Registered in 0.003434 seconds.
Begin MonoManager ReloadAssembly
Native extension for WindowsStandalone target not found
Refreshing native plugins compatible for Editor in 0.98 ms, found 2 plugins.
Preloading 0 native plugins for Editor in 0.00 ms.
Mono: successfully reloaded assembly
- Completed reload, in  1.981 seconds
Platform modules already initialized, skipping
Switching build target platform(19) subTarget(0) extendedPlatform(0) -> platform(13) subTarget(537395200) extendedPlatform(0)
Refreshing native plugins compatible for Editor in 1.07 ms, found 2 plugins.
Preloading 0 native plugins for Editor in 0.00 ms.
Unloading 3368 Unused Serialized files (Serialized files now loaded: 0)
System memory in use before: 138.2 MB.
System memory in use after: 138.5 MB.

Unloading 12 unused Assets to reduce memory usage. Loaded Objects now: 4143.
Total: 5.871500 ms (FindLiveObjects: 0.465700 ms CreateObjectMapping: 0.217700 ms MarkObjects: 5.043400 ms  DeleteObjects: 0.142300 ms)

AssetImportParameters requested are different than current active one (requested -> active):
  custom:graphics/normal-map-encoding: 01000000000000000000000000000000 -> 02000000000000000000000000000000
========================================================================
Received Import Request.
  Time since last request: 48.852497 seconds.
  path: Assets/Script/ScoreManager.cs
  artifactKey: Guid(9f91ce4d06d206041a624fd5da25ed64) Importer(815301076,1909f56bfc062723c751e8b465ee728b)
Start importing Assets/Script/ScoreManager.cs using Guid(9f91ce4d06d206041a624fd5da25ed64) Importer(815301076,1909f56bfc062723c751e8b465ee728b)  -> (artifact id: 'cada06463830425eb32a198a321da0d6') in 0.010839 seconds 
========================================================================
Received Prepare
Registering precompiled user dll's ...
Registered in 0.004380 seconds.
Begin MonoManager ReloadAssembly
Native extension for WindowsStandalone target not found
Refreshing native plugins compatible for Editor in 1.05 ms, found 2 plugins.
Preloading 0 native plugins for Editor in 0.00 ms.
Mono: successfully reloaded assembly
- Completed reload, in  1.996 seconds
Platform modules already initialized, skipping
Switching build target platform(19) subTarget(0) extendedPlatform(0) -> platform(13) subTarget(537395200) extendedPlatform(0)
Refreshing native plugins compatible for Editor in 0.98 ms, found 2 plugins.
Preloading 0 native plugins for Editor in 0.00 ms.
Unloading 3368 Unused Serialized files (Serialized files now loaded: 0)
System memory in use before: 138.2 MB.
System memory in use after: 138.5 MB.

Unloading 12 unused Assets to reduce memory usage. Loaded Objects now: 4147.
Total: 4.997200 ms (FindLiveObjects: 0.643100 ms CreateObjectMapping: 0.130300 ms MarkObjects: 4.185800 ms  DeleteObjects: 0.036700 ms)

AssetImportParameters requested are different than current active one (requested -> active):
  custom:graphics/normal-map-encoding: 01000000000000000000000000000000 -> 02000000000000000000000000000000
========================================================================
Received Prepare
Registering precompiled user dll's ...
Registered in 0.004288 seconds.
Begin MonoManager ReloadAssembly
Native extension for WindowsStandalone target not found
Refreshing native plugins compatible for Editor in 1.00 ms, found 2 plugins.
Preloading 0 native plugins for Editor in 0.00 ms.
Mono: successfully reloaded assembly
- Completed reload, in  1.883 seconds
Platform modules already initialized, skipping
Switching build target platform(19) subTarget(0) extendedPlatform(0) -> platform(13) subTarget(537395200) extendedPlatform(0)
Refreshing native plugins compatible for Editor in 1.09 ms, found 2 plugins.
Preloading 0 native plugins for Editor in 0.00 ms.
Unloading 3368 Unused Serialized files (Serialized files now loaded: 0)
System memory in use before: 138.3 MB.
System memory in use after: 138.5 MB.

Unloading 12 unused Assets to reduce memory usage. Loaded Objects now: 4151.
Total: 5.442100 ms (FindLiveObjects: 0.611600 ms CreateObjectMapping: 0.256100 ms MarkObjects: 4.532000 ms  DeleteObjects: 0.039500 ms)

AssetImportParameters requested are different than current active one (requested -> active):
  custom:graphics/normal-map-encoding: 01000000000000000000000000000000 -> 02000000000000000000000000000000
========================================================================
Received Prepare
Registering precompiled user dll's ...
Registered in 0.004712 seconds.
Begin MonoManager ReloadAssembly
Native extension for WindowsStandalone target not found
Refreshing native plugins compatible for Editor in 0.97 ms, found 2 plugins.
Preloading 0 native plugins for Editor in 0.00 ms.
Mono: successfully reloaded assembly
- Completed reload, in  1.914 seconds
Platform modules already initialized, skipping
Switching build target platform(19) subTarget(0) extendedPlatform(0) -> platform(13) subTarget(537395200) extendedPlatform(0)
Refreshing native plugins compatible for Editor in 0.94 ms, found 2 plugins.
Preloading 0 native plugins for Editor in 0.00 ms.
Unloading 3368 Unused Serialized files (Serialized files now loaded: 0)
System memory in use before: 138.3 MB.
System memory in use after: 138.5 MB.

Unloading 12 unused Assets to reduce memory usage. Loaded Objects now: 4155.
Total: 5.190600 ms (FindLiveObjects: 0.513500 ms CreateObjectMapping: 0.191300 ms MarkObjects: 4.455600 ms  DeleteObjects: 0.027800 ms)

AssetImportParameters requested are different than current active one (requested -> active):
  custom:graphics/normal-map-encoding: 01000000000000000000000000000000 -> 02000000000000000000000000000000
========================================================================
Received Prepare
Registering precompiled user dll's ...
Registered in 0.003098 seconds.
Begin MonoManager ReloadAssembly
Native extension for WindowsStandalone target not found
Refreshing native plugins compatible for Editor in 0.99 ms, found 2 plugins.
Preloading 0 native plugins for Editor in 0.00 ms.
Mono: successfully reloaded assembly
- Completed reload, in  1.923 seconds
Platform modules already initialized, skipping
Switching build target platform(19) subTarget(0) extendedPlatform(0) -> platform(13) subTarget(537395200) extendedPlatform(0)
Refreshing native plugins compatible for Editor in 1.62 ms, found 2 plugins.
Preloading 0 native plugins for Editor in 0.00 ms.
Unloading 3368 Unused Serialized files (Serialized files now loaded: 0)
System memory in use before: 138.3 MB.
System memory in use after: 138.5 MB.

Unloading 12 unused Assets to reduce memory usage. Loaded Objects now: 4159.
Total: 5.000600 ms (FindLiveObjects: 0.415900 ms CreateObjectMapping: 0.170500 ms MarkObjects: 4.359800 ms  DeleteObjects: 0.047500 ms)

AssetImportParameters requested are different than current active one (requested -> active):
  custom:graphics/normal-map-encoding: 01000000000000000000000000000000 -> 02000000000000000000000000000000
========================================================================
Received Prepare
Registering precompiled user dll's ...
Registered in 0.006042 seconds.
Begin MonoManager ReloadAssembly
Native extension for WindowsStandalone target not found
Refreshing native plugins compatible for Editor in 0.92 ms, found 2 plugins.
Preloading 0 native plugins for Editor in 0.00 ms.
Mono: successfully reloaded assembly
- Completed reload, in  1.909 seconds
Platform modules already initialized, skipping
Switching build target platform(19) subTarget(0) extendedPlatform(0) -> platform(13) subTarget(537395200) extendedPlatform(0)
Refreshing native plugins compatible for Editor in 1.53 ms, found 2 plugins.
Preloading 0 native plugins for Editor in 0.00 ms.
Unloading 3368 Unused Serialized files (Serialized files now loaded: 0)
System memory in use before: 138.3 MB.
System memory in use after: 138.5 MB.

Unloading 12 unused Assets to reduce memory usage. Loaded Objects now: 4163.
Total: 6.138600 ms (FindLiveObjects: 0.492000 ms CreateObjectMapping: 0.244400 ms MarkObjects: 5.317200 ms  DeleteObjects: 0.081600 ms)

AssetImportParameters requested are different than current active one (requested -> active):
  custom:graphics/normal-map-encoding: 01000000000000000000000000000000 -> 02000000000000000000000000000000
========================================================================
Received Prepare
Registering precompiled user dll's ...
Registered in 0.004122 seconds.
Begin MonoManager ReloadAssembly
Native extension for WindowsStandalone target not found
Refreshing native plugins compatible for Editor in 0.85 ms, found 2 plugins.
Preloading 0 native plugins for Editor in 0.00 ms.
Mono: successfully reloaded assembly
- Completed reload, in  1.922 seconds
Platform modules already initialized, skipping
Switching build target platform(19) subTarget(0) extendedPlatform(0) -> platform(13) subTarget(537395200) extendedPlatform(0)
Refreshing native plugins compatible for Editor in 1.19 ms, found 2 plugins.
Preloading 0 native plugins for Editor in 0.00 ms.
Unloading 3368 Unused Serialized files (Serialized files now loaded: 0)
System memory in use before: 138.3 MB.
System memory in use after: 138.5 MB.

Unloading 12 unused Assets to reduce memory usage. Loaded Objects now: 4167.
Total: 4.472300 ms (FindLiveObjects: 0.441700 ms CreateObjectMapping: 0.216100 ms MarkObjects: 3.765600 ms  DeleteObjects: 0.047000 ms)

AssetImportParameters requested are different than current active one (requested -> active):
  custom:graphics/normal-map-encoding: 01000000000000000000000000000000 -> 02000000000000000000000000000000
========================================================================
Received Prepare
Registering precompiled user dll's ...
Registered in 0.004201 seconds.
Begin MonoManager ReloadAssembly
Native extension for WindowsStandalone target not found
Refreshing native plugins compatible for Editor in 0.96 ms, found 2 plugins.
Preloading 0 native plugins for Editor in 0.00 ms.
Mono: successfully reloaded assembly
- Completed reload, in  1.958 seconds
Platform modules already initialized, skipping
Switching build target platform(19) subTarget(0) extendedPlatform(0) -> platform(13) subTarget(537395200) extendedPlatform(0)
Refreshing native plugins compatible for Editor in 1.08 ms, found 2 plugins.
Preloading 0 native plugins for Editor in 0.00 ms.
Unloading 3368 Unused Serialized files (Serialized files now loaded: 0)
System memory in use before: 138.3 MB.
System memory in use after: 138.6 MB.

Unloading 12 unused Assets to reduce memory usage. Loaded Objects now: 4171.
Total: 6.969200 ms (FindLiveObjects: 1.342900 ms CreateObjectMapping: 0.273000 ms MarkObjects: 5.307600 ms  DeleteObjects: 0.044000 ms)

AssetImportParameters requested are different than current active one (requested -> active):
  custom:graphics/normal-map-encoding: 01000000000000000000000000000000 -> 02000000000000000000000000000000
========================================================================
Received Prepare
Registering precompiled user dll's ...
Registered in 0.004487 seconds.
Begin MonoManager ReloadAssembly
Native extension for WindowsStandalone target not found
Refreshing native plugins compatible for Editor in 1.08 ms, found 2 plugins.
Preloading 0 native plugins for Editor in 0.00 ms.
Mono: successfully reloaded assembly
- Completed reload, in  2.175 seconds
Platform modules already initialized, skipping
Switching build target platform(19) subTarget(0) extendedPlatform(0) -> platform(13) subTarget(537395200) extendedPlatform(0)
Refreshing native plugins compatible for Editor in 1.00 ms, found 2 plugins.
Preloading 0 native plugins for Editor in 0.00 ms.
Unloading 3368 Unused Serialized files (Serialized files now loaded: 0)
System memory in use before: 138.4 MB.
System memory in use after: 138.6 MB.

Unloading 12 unused Assets to reduce memory usage. Loaded Objects now: 4175.
Total: 4.789400 ms (FindLiveObjects: 0.429300 ms CreateObjectMapping: 0.280000 ms MarkObjects: 4.036500 ms  DeleteObjects: 0.041100 ms)

AssetImportParameters requested are different than current active one (requested -> active):
  custom:graphics/normal-map-encoding: 01000000000000000000000000000000 -> 02000000000000000000000000000000
========================================================================
Received Prepare
Registering precompiled user dll's ...
Registered in 0.181747 seconds.
Begin MonoManager ReloadAssembly
Native extension for WindowsStandalone target not found
Refreshing native plugins compatible for Editor in 0.98 ms, found 2 plugins.
Preloading 0 native plugins for Editor in 0.00 ms.
Mono: successfully reloaded assembly
- Completed reload, in  2.246 seconds
Platform modules already initialized, skipping
Switching build target platform(19) subTarget(0) extendedPlatform(0) -> platform(13) subTarget(537395200) extendedPlatform(0)
Refreshing native plugins compatible for Editor in 1.31 ms, found 2 plugins.
Preloading 0 native plugins for Editor in 0.00 ms.
Unloading 3368 Unused Serialized files (Serialized files now loaded: 0)
System memory in use before: 138.4 MB.
System memory in use after: 138.6 MB.

Unloading 12 unused Assets to reduce memory usage. Loaded Objects now: 4179.
Total: 6.054900 ms (FindLiveObjects: 0.531600 ms CreateObjectMapping: 0.153900 ms MarkObjects: 5.257600 ms  DeleteObjects: 0.109900 ms)

AssetImportParameters requested are different than current active one (requested -> active):
  custom:graphics/normal-map-encoding: 01000000000000000000000000000000 -> 02000000000000000000000000000000
========================================================================
Received Prepare
Registering precompiled user dll's ...
Registered in 0.004389 seconds.
Begin MonoManager ReloadAssembly
Native extension for WindowsStandalone target not found
Refreshing native plugins compatible for Editor in 1.04 ms, found 2 plugins.
Preloading 0 native plugins for Editor in 0.00 ms.
Mono: successfully reloaded assembly
- Completed reload, in  1.979 seconds
Platform modules already initialized, skipping
Switching build target platform(19) subTarget(0) extendedPlatform(0) -> platform(13) subTarget(537395200) extendedPlatform(0)
Refreshing native plugins compatible for Editor in 1.20 ms, found 2 plugins.
Preloading 0 native plugins for Editor in 0.00 ms.
Unloading 3368 Unused Serialized files (Serialized files now loaded: 0)
System memory in use before: 138.4 MB.
System memory in use after: 138.6 MB.

Unloading 12 unused Assets to reduce memory usage. Loaded Objects now: 4183.
Total: 5.034800 ms (FindLiveObjects: 0.468400 ms CreateObjectMapping: 0.181200 ms MarkObjects: 4.336100 ms  DeleteObjects: 0.046700 ms)

AssetImportParameters requested are different than current active one (requested -> active):
  custom:graphics/normal-map-encoding: 01000000000000000000000000000000 -> 02000000000000000000000000000000
========================================================================
Received Prepare
Registering precompiled user dll's ...
Registered in 0.004704 seconds.
Begin MonoManager ReloadAssembly
Native extension for WindowsStandalone target not found
Refreshing native plugins compatible for Editor in 0.98 ms, found 2 plugins.
Preloading 0 native plugins for Editor in 0.00 ms.
Mono: successfully reloaded assembly
- Completed reload, in  2.344 seconds
Platform modules already initialized, skipping
Switching build target platform(19) subTarget(0) extendedPlatform(0) -> platform(13) subTarget(537395200) extendedPlatform(0)
Refreshing native plugins compatible for Editor in 1.16 ms, found 2 plugins.
Preloading 0 native plugins for Editor in 0.00 ms.
Unloading 3368 Unused Serialized files (Serialized files now loaded: 0)
System memory in use before: 138.9 MB.
System memory in use after: 139.1 MB.

Unloading 12 unused Assets to reduce memory usage. Loaded Objects now: 4187.
Total: 4.699700 ms (FindLiveObjects: 0.377300 ms CreateObjectMapping: 0.189800 ms MarkObjects: 4.050200 ms  DeleteObjects: 0.080600 ms)

AssetImportParameters requested are different than current active one (requested -> active):
  custom:graphics/normal-map-encoding: 01000000000000000000000000000000 -> 02000000000000000000000000000000
========================================================================
Received Import Request.
  Time since last request: 720.803787 seconds.
  path: Assets/Script/CoinGenerator.cs
  artifactKey: Guid(d56ad7bf427c92b489f51e89639034ee) Importer(815301076,1909f56bfc062723c751e8b465ee728b)
Start importing Assets/Script/CoinGenerator.cs using Guid(d56ad7bf427c92b489f51e89639034ee) Importer(815301076,1909f56bfc062723c751e8b465ee728b)  -> (artifact id: 'ef1fd5dbe600b11fae4a7c3b8f0ed121') in 0.011491 seconds 
========================================================================
Received Prepare
Registering precompiled user dll's ...
Registered in 0.004358 seconds.
Begin MonoManager ReloadAssembly
Native extension for WindowsStandalone target not found
Refreshing native plugins compatible for Editor in 1.02 ms, found 2 plugins.
Preloading 0 native plugins for Editor in 0.00 ms.
Mono: successfully reloaded assembly
- Completed reload, in  2.148 seconds
Platform modules already initialized, skipping
Switching build target platform(19) subTarget(0) extendedPlatform(0) -> platform(13) subTarget(537395200) extendedPlatform(0)
Refreshing native plugins compatible for Editor in 1.04 ms, found 2 plugins.
Preloading 0 native plugins for Editor in 0.00 ms.
Unloading 3368 Unused Serialized files (Serialized files now loaded: 0)
System memory in use before: 138.9 MB.
System memory in use after: 139.2 MB.

Unloading 12 unused Assets to reduce memory usage. Loaded Objects now: 4191.
Total: 5.618500 ms (FindLiveObjects: 0.705400 ms CreateObjectMapping: 0.462700 ms MarkObjects: 4.355200 ms  DeleteObjects: 0.093000 ms)

AssetImportParameters requested are different than current active one (requested -> active):
  custom:graphics/normal-map-encoding: 01000000000000000000000000000000 -> 02000000000000000000000000000000
========================================================================
Received Import Request.
  Time since last request: 27.046129 seconds.
  path: Assets/Script/CoinGenerator.cs
  artifactKey: Guid(d56ad7bf427c92b489f51e89639034ee) Importer(815301076,1909f56bfc062723c751e8b465ee728b)
Start importing Assets/Script/CoinGenerator.cs using Guid(d56ad7bf427c92b489f51e89639034ee) Importer(815301076,1909f56bfc062723c751e8b465ee728b)  -> (artifact id: 'd93326c9bdf14d9aa2c25210132ffa27') in 0.012695 seconds 
========================================================================
Received Prepare
Registering precompiled user dll's ...
Registered in 0.004791 seconds.
Begin MonoManager ReloadAssembly
Native extension for WindowsStandalone target not found
Refreshing native plugins compatible for Editor in 0.95 ms, found 2 plugins.
Preloading 0 native plugins for Editor in 0.00 ms.
Mono: successfully reloaded assembly
- Completed reload, in  2.153 seconds
Platform modules already initialized, skipping
Switching build target platform(19) subTarget(0) extendedPlatform(0) -> platform(13) subTarget(537395200) extendedPlatform(0)
Refreshing native plugins compatible for Editor in 0.92 ms, found 2 plugins.
Preloading 0 native plugins for Editor in 0.00 ms.
Unloading 3368 Unused Serialized files (Serialized files now loaded: 0)
System memory in use before: 138.9 MB.
System memory in use after: 139.2 MB.

Unloading 12 unused Assets to reduce memory usage. Loaded Objects now: 4195.
Total: 4.219900 ms (FindLiveObjects: 0.407600 ms CreateObjectMapping: 0.287500 ms MarkObjects: 3.488200 ms  DeleteObjects: 0.034600 ms)

AssetImportParameters requested are different than current active one (requested -> active):
  custom:graphics/normal-map-encoding: 01000000000000000000000000000000 -> 02000000000000000000000000000000
========================================================================
Received Import Request.
  Time since last request: 11.246586 seconds.
  path: Assets/Script/CoinGenerator.cs
  artifactKey: Guid(d56ad7bf427c92b489f51e89639034ee) Importer(815301076,1909f56bfc062723c751e8b465ee728b)
Start importing Assets/Script/CoinGenerator.cs using Guid(d56ad7bf427c92b489f51e89639034ee) Importer(815301076,1909f56bfc062723c751e8b465ee728b)  -> (artifact id: 'c8c18d0edaa9cf92b9464566554b5871') in 0.012132 seconds 
========================================================================
Received Import Request.
  Time since last request: 114.087783 seconds.
  path: Assets/Animation/Player/Player.controller
  artifactKey: Guid(b5db518b6e2524f4b9231cdb072f51d4) Importer(815301076,1909f56bfc062723c751e8b465ee728b)
Start importing Assets/Animation/Player/Player.controller using Guid(b5db518b6e2524f4b9231cdb072f51d4) Importer(815301076,1909f56bfc062723c751e8b465ee728b)  -> (artifact id: '45b56daf46b0c7295bcb728408b432dd') in 0.085982 seconds 
========================================================================
Received Prepare
Registering precompiled user dll's ...
Registered in 0.005992 seconds.
Begin MonoManager ReloadAssembly
Native extension for WindowsStandalone target not found
Refreshing native plugins compatible for Editor in 1.16 ms, found 2 plugins.
Preloading 0 native plugins for Editor in 0.00 ms.
Mono: successfully reloaded assembly
- Completed reload, in  2.190 seconds
Platform modules already initialized, skipping
Switching build target platform(19) subTarget(0) extendedPlatform(0) -> platform(13) subTarget(537395200) extendedPlatform(0)
Refreshing native plugins compatible for Editor in 0.88 ms, found 2 plugins.
Preloading 0 native plugins for Editor in 0.00 ms.
Unloading 3368 Unused Serialized files (Serialized files now loaded: 0)
System memory in use before: 138.9 MB.
System memory in use after: 139.2 MB.

Unloading 12 unused Assets to reduce memory usage. Loaded Objects now: 4199.
Total: 4.696900 ms (FindLiveObjects: 0.430600 ms CreateObjectMapping: 0.183100 ms MarkObjects: 3.984300 ms  DeleteObjects: 0.096600 ms)

AssetImportParameters requested are different than current active one (requested -> active):
  custom:graphics/normal-map-encoding: 01000000000000000000000000000000 -> 02000000000000000000000000000000
========================================================================
Received Prepare
Registering precompiled user dll's ...
Registered in 0.004615 seconds.
Begin MonoManager ReloadAssembly
Native extension for WindowsStandalone target not found
Refreshing native plugins compatible for Editor in 1.10 ms, found 2 plugins.
Preloading 0 native plugins for Editor in 0.00 ms.
Mono: successfully reloaded assembly
- Completed reload, in  2.148 seconds
Platform modules already initialized, skipping
Switching build target platform(19) subTarget(0) extendedPlatform(0) -> platform(13) subTarget(537395200) extendedPlatform(0)
Refreshing native plugins compatible for Editor in 0.98 ms, found 2 plugins.
Preloading 0 native plugins for Editor in 0.00 ms.
Unloading 3368 Unused Serialized files (Serialized files now loaded: 0)
System memory in use before: 138.9 MB.
System memory in use after: 139.2 MB.

Unloading 12 unused Assets to reduce memory usage. Loaded Objects now: 4203.
Total: 6.008600 ms (FindLiveObjects: 0.791200 ms CreateObjectMapping: 0.227800 ms MarkObjects: 4.820400 ms  DeleteObjects: 0.167600 ms)

AssetImportParameters requested are different than current active one (requested -> active):
  custom:graphics/normal-map-encoding: 01000000000000000000000000000000 -> 02000000000000000000000000000000
========================================================================
Received Prepare
Registering precompiled user dll's ...
Registered in 0.004488 seconds.
Begin MonoManager ReloadAssembly
Native extension for WindowsStandalone target not found
Refreshing native plugins compatible for Editor in 1.23 ms, found 2 plugins.
Preloading 0 native plugins for Editor in 0.00 ms.
Mono: successfully reloaded assembly
- Completed reload, in  2.154 seconds
Platform modules already initialized, skipping
Switching build target platform(19) subTarget(0) extendedPlatform(0) -> platform(13) subTarget(537395200) extendedPlatform(0)
Refreshing native plugins compatible for Editor in 1.05 ms, found 2 plugins.
Preloading 0 native plugins for Editor in 0.00 ms.
Unloading 3368 Unused Serialized files (Serialized files now loaded: 0)
System memory in use before: 139.0 MB.
System memory in use after: 139.2 MB.

Unloading 12 unused Assets to reduce memory usage. Loaded Objects now: 4207.
Total: 3.885400 ms (FindLiveObjects: 0.554800 ms CreateObjectMapping: 0.160900 ms MarkObjects: 3.122100 ms  DeleteObjects: 0.045600 ms)

AssetImportParameters requested are different than current active one (requested -> active):
  custom:graphics/normal-map-encoding: 01000000000000000000000000000000 -> 02000000000000000000000000000000
========================================================================
Received Prepare
Registering precompiled user dll's ...
Registered in 0.004132 seconds.
Begin MonoManager ReloadAssembly
Native extension for WindowsStandalone target not found
Refreshing native plugins compatible for Editor in 0.86 ms, found 2 plugins.
Preloading 0 native plugins for Editor in 0.00 ms.
Mono: successfully reloaded assembly
- Completed reload, in  1.999 seconds
Platform modules already initialized, skipping
Switching build target platform(19) subTarget(0) extendedPlatform(0) -> platform(13) subTarget(537395200) extendedPlatform(0)
Refreshing native plugins compatible for Editor in 1.90 ms, found 2 plugins.
Preloading 0 native plugins for Editor in 0.00 ms.
Unloading 3368 Unused Serialized files (Serialized files now loaded: 0)
System memory in use before: 139.0 MB.
System memory in use after: 139.2 MB.

Unloading 12 unused Assets to reduce memory usage. Loaded Objects now: 4211.
Total: 6.591700 ms (FindLiveObjects: 0.641000 ms CreateObjectMapping: 0.336700 ms MarkObjects: 5.538400 ms  DeleteObjects: 0.073600 ms)

AssetImportParameters requested are different than current active one (requested -> active):
  custom:graphics/normal-map-encoding: 01000000000000000000000000000000 -> 02000000000000000000000000000000
========================================================================
Received Prepare
Registering precompiled user dll's ...
Registered in 0.004156 seconds.
Begin MonoManager ReloadAssembly
Native extension for WindowsStandalone target not found
Refreshing native plugins compatible for Editor in 0.85 ms, found 2 plugins.
Preloading 0 native plugins for Editor in 0.00 ms.
Mono: successfully reloaded assembly
- Completed reload, in  2.058 seconds
Platform modules already initialized, skipping
Switching build target platform(19) subTarget(0) extendedPlatform(0) -> platform(13) subTarget(537395200) extendedPlatform(0)
Refreshing native plugins compatible for Editor in 0.97 ms, found 2 plugins.
Preloading 0 native plugins for Editor in 0.00 ms.
Unloading 3368 Unused Serialized files (Serialized files now loaded: 0)
System memory in use before: 139.0 MB.
System memory in use after: 139.2 MB.

Unloading 12 unused Assets to reduce memory usage. Loaded Objects now: 4215.
Total: 4.899700 ms (FindLiveObjects: 0.426500 ms CreateObjectMapping: 0.213000 ms MarkObjects: 4.223000 ms  DeleteObjects: 0.035100 ms)

AssetImportParameters requested are different than current active one (requested -> active):
  custom:graphics/normal-map-encoding: 01000000000000000000000000000000 -> 02000000000000000000000000000000
========================================================================
Received Prepare
Registering precompiled user dll's ...
Registered in 0.004194 seconds.
Begin MonoManager ReloadAssembly
Native extension for WindowsStandalone target not found
Refreshing native plugins compatible for Editor in 0.98 ms, found 2 plugins.
Preloading 0 native plugins for Editor in 0.00 ms.
Mono: successfully reloaded assembly
- Completed reload, in  2.149 seconds
Platform modules already initialized, skipping
Switching build target platform(19) subTarget(0) extendedPlatform(0) -> platform(13) subTarget(537395200) extendedPlatform(0)
Refreshing native plugins compatible for Editor in 1.03 ms, found 2 plugins.
Preloading 0 native plugins for Editor in 0.00 ms.
Unloading 3368 Unused Serialized files (Serialized files now loaded: 0)
System memory in use before: 139.0 MB.
System memory in use after: 139.2 MB.

Unloading 12 unused Assets to reduce memory usage. Loaded Objects now: 4219.
Total: 5.710300 ms (FindLiveObjects: 0.500600 ms CreateObjectMapping: 0.244900 ms MarkObjects: 4.821900 ms  DeleteObjects: 0.140900 ms)

AssetImportParameters requested are different than current active one (requested -> active):
  custom:graphics/normal-map-encoding: 01000000000000000000000000000000 -> 02000000000000000000000000000000
========================================================================
Received Import Request.
  Time since last request: 420.725386 seconds.
  path: ProjectSettings/TagManager.asset
  artifactKey: Guid(00000000000000003000000000000000) Importer(815301076,1909f56bfc062723c751e8b465ee728b)
Start importing ProjectSettings/TagManager.asset using Guid(00000000000000003000000000000000) Importer(815301076,1909f56bfc062723c751e8b465ee728b)  -> (artifact id: 'ba07efa39d164bdf7b380ca089ac85d7') in 0.031504 seconds 
