Using pre-set license
Built from '2021.1/release' branch; Version is '2021.1.0f1 (61a549675243) revision 6399305'; Using compiler version '192528614'; Build Type 'Release'
OS: 'Windows 10 Home N; OS build 19042.631; Version 2009; 64bit' Language: 'en' Physical Memory: 4016 MB
BatchMode: 1, IsHumanControllingUs: 0, StartBugReporterOnCrash: 0, Is64bit: 1, IsPro: 0

 COMMAND LINE ARGUMENTS:
C:\Program Files\Unity\Hub\Editor\2021.1.0f1\Editor\Unity.exe
-adb2
-batchMode
-noUpm
-name
AssetImportWorker14
-projectPath
F:/Unity/Projects/JungleeJumper-EndlessRunnerAndKiller/Junglee Jumper - Endless Runner And Killer
-logFile
Logs/AssetImportWorker14.log
-srvPort
53064
Successfully changed project path to: F:/Unity/Projects/JungleeJumper-EndlessRunnerAndKiller/Junglee Jumper - Endless Runner And Killer
F:/Unity/Projects/JungleeJumper-EndlessRunnerAndKiller/Junglee Jumper - Endless Runner And Killer
Using Asset Import Pipeline V2.
Refreshing native plugins compatible for Editor in 227.84 ms, found 2 plugins.
Preloading 0 native plugins for Editor in 0.00 ms.
Initialize engine version: 2021.1.0f1 (61a549675243)
[Subsystems] Discovering subsystems at path C:/Program Files/Unity/Hub/Editor/2021.1.0f1/Editor/Data/Resources/UnitySubsystems
[Subsystems] Discovering subsystems at path F:/Unity/Projects/JungleeJumper-EndlessRunnerAndKiller/Junglee Jumper - Endless Runner And Killer/Assets
GfxDevice: creating device client; threaded=0; jobified=0
Direct3D:
    Version:  Direct3D 11.0 [level 11.1]
    Renderer: Intel(R) HD Graphics 5500 (ID=0x1616)
    Vendor:   Intel
    VRAM:     2008 MB
    Driver:   20.19.15.4703
Initialize mono
Mono path[0] = 'C:/Program Files/Unity/Hub/Editor/2021.1.0f1/Editor/Data/Managed'
Mono path[1] = 'C:/Program Files/Unity/Hub/Editor/2021.1.0f1/Editor/Data/MonoBleedingEdge/lib/mono/unityjit'
Mono config path = 'C:/Program Files/Unity/Hub/Editor/2021.1.0f1/Editor/Data/MonoBleedingEdge/etc'
Using monoOptions --debugger-agent=transport=dt_socket,embedding=1,server=y,suspend=n,address=127.0.0.1:56624
Begin MonoManager ReloadAssembly
Registering precompiled unity dll's ...
Register platform support module: C:/Program Files/Unity/Hub/Editor/2021.1.0f1/Editor/Data/PlaybackEngines/WindowsStandaloneSupport/UnityEditor.WindowsStandalone.Extensions.dll
Registered in 0.002372 seconds.
Native extension for WindowsStandalone target not found
Refreshing native plugins compatible for Editor in 216.28 ms, found 2 plugins.
Preloading 0 native plugins for Editor in 0.00 ms.
Mono: successfully reloaded assembly
- Completed reload, in  2.995 seconds
Platform modules already initialized, skipping
Registering precompiled user dll's ...
Registered in 0.010961 seconds.
Begin MonoManager ReloadAssembly
Native extension for WindowsStandalone target not found
Refreshing native plugins compatible for Editor in 190.87 ms, found 2 plugins.
Preloading 0 native plugins for Editor in 0.00 ms.
Mono: successfully reloaded assembly
- Completed reload, in  3.545 seconds
Platform modules already initialized, skipping
========================================================================
Worker process is ready to serve import requests
Launched and connected shader compiler UnityShaderCompiler.exe after 0.29 seconds
Refreshing native plugins compatible for Editor in 1.14 ms, found 2 plugins.
Preloading 0 native plugins for Editor in 0.00 ms.
Unloading 3365 Unused Serialized files (Serialized files now loaded: 0)
System memory in use before: 129.2 MB.
System memory in use after: 129.4 MB.

Unloading 35 unused Assets to reduce memory usage. Loaded Objects now: 3838.
Total: 3.817100 ms (FindLiveObjects: 0.351800 ms CreateObjectMapping: 0.242100 ms MarkObjects: 3.171800 ms  DeleteObjects: 0.049700 ms)

========================================================================
Received Import Request.
  path: Assets/Script/Player/Attack_Movement.cs
  artifactKey: Guid(70b5b57d7a5bd164989b39e1f1cae7fb) Importer(815301076,1909f56bfc062723c751e8b465ee728b)
Start importing Assets/Script/Player/Attack_Movement.cs using Guid(70b5b57d7a5bd164989b39e1f1cae7fb) Importer(815301076,1909f56bfc062723c751e8b465ee728b)  -> (artifact id: 'f50cefd46d2fcde49ce542dd4dc58455') in 0.169897 seconds 
========================================================================
Received Import Request.
  Time since last request: 74.420269 seconds.
  path: Assets/Script/Player/Attack_Movement.cs
  artifactKey: Guid(70b5b57d7a5bd164989b39e1f1cae7fb) Importer(815301076,1909f56bfc062723c751e8b465ee728b)
Start importing Assets/Script/Player/Attack_Movement.cs using Guid(70b5b57d7a5bd164989b39e1f1cae7fb) Importer(815301076,1909f56bfc062723c751e8b465ee728b)  -> (artifact id: '2f7ab8b787518b87da9364c6c8e239e2') in 0.004606 seconds 
========================================================================
Received Import Request.
  Time since last request: 93.696962 seconds.
  path: Assets/Script/Player/Attack_Movement.cs
  artifactKey: Guid(70b5b57d7a5bd164989b39e1f1cae7fb) Importer(815301076,1909f56bfc062723c751e8b465ee728b)
Start importing Assets/Script/Player/Attack_Movement.cs using Guid(70b5b57d7a5bd164989b39e1f1cae7fb) Importer(815301076,1909f56bfc062723c751e8b465ee728b)  -> (artifact id: 'cbe6dd8a0c54a558e3d5f8f87d3982bc') in 0.006397 seconds 
========================================================================
Received Import Request.
  Time since last request: 12.300578 seconds.
  path: Assets/Script/Player/Attack_Movement.cs
  artifactKey: Guid(70b5b57d7a5bd164989b39e1f1cae7fb) Importer(815301076,1909f56bfc062723c751e8b465ee728b)
Start importing Assets/Script/Player/Attack_Movement.cs using Guid(70b5b57d7a5bd164989b39e1f1cae7fb) Importer(815301076,1909f56bfc062723c751e8b465ee728b)  -> (artifact id: '1b3661707e18970c2ab7366a35df1795') in 0.001864 seconds 
========================================================================
Received Import Request.
  Time since last request: 126.292292 seconds.
  path: Assets/Script/Player/Attack_Movement.cs
  artifactKey: Guid(70b5b57d7a5bd164989b39e1f1cae7fb) Importer(815301076,1909f56bfc062723c751e8b465ee728b)
Start importing Assets/Script/Player/Attack_Movement.cs using Guid(70b5b57d7a5bd164989b39e1f1cae7fb) Importer(815301076,1909f56bfc062723c751e8b465ee728b)  -> (artifact id: '3a283b1934028b5e61640980e390ce17') in 0.002598 seconds 
========================================================================
Received Import Request.
  Time since last request: 15.001169 seconds.
  path: Assets/Script/Player/Attack_Movement.cs
  artifactKey: Guid(70b5b57d7a5bd164989b39e1f1cae7fb) Importer(815301076,1909f56bfc062723c751e8b465ee728b)
Start importing Assets/Script/Player/Attack_Movement.cs using Guid(70b5b57d7a5bd164989b39e1f1cae7fb) Importer(815301076,1909f56bfc062723c751e8b465ee728b)  -> (artifact id: 'b8252b40513cc9fc3b6ecb18827f025f') in 0.003953 seconds 
========================================================================
Received Import Request.
  Time since last request: 2054.419435 seconds.
  path: Assets/Script/Player/Attack_Movement.cs
  artifactKey: Guid(70b5b57d7a5bd164989b39e1f1cae7fb) Importer(815301076,1909f56bfc062723c751e8b465ee728b)
Start importing Assets/Script/Player/Attack_Movement.cs using Guid(70b5b57d7a5bd164989b39e1f1cae7fb) Importer(815301076,1909f56bfc062723c751e8b465ee728b)  -> (artifact id: '0614286d8e6ca0d2ac3abc6febd1f1e5') in 0.002752 seconds 
========================================================================
Received Import Request.
  Time since last request: 19.238840 seconds.
  path: Assets/Script/Player/Attack_Movement.cs
  artifactKey: Guid(70b5b57d7a5bd164989b39e1f1cae7fb) Importer(815301076,1909f56bfc062723c751e8b465ee728b)
Start importing Assets/Script/Player/Attack_Movement.cs using Guid(70b5b57d7a5bd164989b39e1f1cae7fb) Importer(815301076,1909f56bfc062723c751e8b465ee728b)  -> (artifact id: '60d6257ac3e5118f9ff911fbdffb74d3') in 0.004963 seconds 
========================================================================
Received Import Request.
  Time since last request: 60.777607 seconds.
  path: Assets/Script/Player/Attack_Movement.cs
  artifactKey: Guid(70b5b57d7a5bd164989b39e1f1cae7fb) Importer(815301076,1909f56bfc062723c751e8b465ee728b)
Start importing Assets/Script/Player/Attack_Movement.cs using Guid(70b5b57d7a5bd164989b39e1f1cae7fb) Importer(815301076,1909f56bfc062723c751e8b465ee728b)  -> (artifact id: 'f9b527ad92e18e3bec8630058d5bf6f7') in 0.005493 seconds 
========================================================================
Received Import Request.
  Time since last request: 163.681354 seconds.
  path: Assets/Script/Player/Attack_Movement.cs
  artifactKey: Guid(70b5b57d7a5bd164989b39e1f1cae7fb) Importer(815301076,1909f56bfc062723c751e8b465ee728b)
Start importing Assets/Script/Player/Attack_Movement.cs using Guid(70b5b57d7a5bd164989b39e1f1cae7fb) Importer(815301076,1909f56bfc062723c751e8b465ee728b)  -> (artifact id: '83e6e22c56544ac3a87e773aa8c25dda') in 0.011871 seconds 
========================================================================
Received Prepare
Registering precompiled user dll's ...
Registered in 0.009535 seconds.
Begin MonoManager ReloadAssembly
Native extension for WindowsStandalone target not found
Refreshing native plugins compatible for Editor in 2.13 ms, found 2 plugins.
Preloading 0 native plugins for Editor in 0.00 ms.
Mono: successfully reloaded assembly
- Completed reload, in  2.360 seconds
Platform modules already initialized, skipping
Switching build target platform(19) subTarget(0) extendedPlatform(0) -> platform(13) subTarget(537395200) extendedPlatform(0)
Refreshing native plugins compatible for Editor in 2.08 ms, found 2 plugins.
Preloading 0 native plugins for Editor in 0.00 ms.
Unloading 3357 Unused Serialized files (Serialized files now loaded: 0)
System memory in use before: 128.6 MB.
System memory in use after: 128.9 MB.

Unloading 24 unused Assets to reduce memory usage. Loaded Objects now: 3841.
Total: 10.684100 ms (FindLiveObjects: 0.732500 ms CreateObjectMapping: 1.093200 ms MarkObjects: 8.781200 ms  DeleteObjects: 0.072900 ms)

AssetImportParameters requested are different than current active one (requested -> active):
  custom:graphics/normal-map-encoding: 01000000000000000000000000000000 -> 02000000000000000000000000000000
========================================================================
Received Import Request.
  Time since last request: 2740.322773 seconds.
  path: Assets/Script/Player/Attack_Movement.cs
  artifactKey: Guid(70b5b57d7a5bd164989b39e1f1cae7fb) Importer(815301076,1909f56bfc062723c751e8b465ee728b)
Start importing Assets/Script/Player/Attack_Movement.cs using Guid(70b5b57d7a5bd164989b39e1f1cae7fb) Importer(815301076,1909f56bfc062723c751e8b465ee728b)  -> (artifact id: '01e67d055f9b4c421563859bd7940ff3') in 0.008104 seconds 
========================================================================
Received Prepare
Registering precompiled user dll's ...
Registered in 0.009183 seconds.
Begin MonoManager ReloadAssembly
Native extension for WindowsStandalone target not found
Refreshing native plugins compatible for Editor in 1.89 ms, found 2 plugins.
Preloading 0 native plugins for Editor in 0.00 ms.
Mono: successfully reloaded assembly
- Completed reload, in  2.330 seconds
Platform modules already initialized, skipping
Switching build target platform(19) subTarget(0) extendedPlatform(0) -> platform(13) subTarget(537395200) extendedPlatform(0)
Refreshing native plugins compatible for Editor in 5.17 ms, found 2 plugins.
Preloading 0 native plugins for Editor in 0.00 ms.
Unloading 3357 Unused Serialized files (Serialized files now loaded: 0)
System memory in use before: 128.7 MB.
System memory in use after: 128.9 MB.

Unloading 24 unused Assets to reduce memory usage. Loaded Objects now: 3844.
Total: 4.873100 ms (FindLiveObjects: 0.542900 ms CreateObjectMapping: 0.433800 ms MarkObjects: 3.838600 ms  DeleteObjects: 0.054700 ms)

AssetImportParameters requested are different than current active one (requested -> active):
  custom:graphics/normal-map-encoding: 01000000000000000000000000000000 -> 02000000000000000000000000000000
========================================================================
Received Prepare
Registering precompiled user dll's ...
Registered in 0.009272 seconds.
Begin MonoManager ReloadAssembly
Native extension for WindowsStandalone target not found
Refreshing native plugins compatible for Editor in 1.15 ms, found 2 plugins.
Preloading 0 native plugins for Editor in 0.00 ms.
Mono: successfully reloaded assembly
- Completed reload, in  2.402 seconds
Platform modules already initialized, skipping
Switching build target platform(19) subTarget(0) extendedPlatform(0) -> platform(13) subTarget(537395200) extendedPlatform(0)
Refreshing native plugins compatible for Editor in 4.04 ms, found 2 plugins.
Preloading 0 native plugins for Editor in 0.00 ms.
Unloading 3357 Unused Serialized files (Serialized files now loaded: 0)
System memory in use before: 128.7 MB.
System memory in use after: 129.0 MB.

Unloading 24 unused Assets to reduce memory usage. Loaded Objects now: 3847.
Total: 8.050000 ms (FindLiveObjects: 0.627300 ms CreateObjectMapping: 0.454800 ms MarkObjects: 6.922500 ms  DeleteObjects: 0.042800 ms)

AssetImportParameters requested are different than current active one (requested -> active):
  custom:graphics/normal-map-encoding: 01000000000000000000000000000000 -> 02000000000000000000000000000000
========================================================================
Received Import Request.
  Time since last request: 1035.498810 seconds.
  path: Assets/Script/ScrowllingBackGround.cs
  artifactKey: Guid(65a4c8b00a099c94a9eb469f41655dbc) Importer(815301076,1909f56bfc062723c751e8b465ee728b)
Start importing Assets/Script/ScrowllingBackGround.cs using Guid(65a4c8b00a099c94a9eb469f41655dbc) Importer(815301076,1909f56bfc062723c751e8b465ee728b)  -> (artifact id: '411b91129cfeff61fd63c8c8d3558043') in 0.011805 seconds 
========================================================================
Received Prepare
Registering precompiled user dll's ...
Registered in 0.011253 seconds.
Begin MonoManager ReloadAssembly
Native extension for WindowsStandalone target not found
Refreshing native plugins compatible for Editor in 1.51 ms, found 2 plugins.
Preloading 0 native plugins for Editor in 0.00 ms.
Mono: successfully reloaded assembly
- Completed reload, in  2.334 seconds
Platform modules already initialized, skipping
Switching build target platform(19) subTarget(0) extendedPlatform(0) -> platform(13) subTarget(537395200) extendedPlatform(0)
Refreshing native plugins compatible for Editor in 1.81 ms, found 2 plugins.
Preloading 0 native plugins for Editor in 0.00 ms.
Unloading 3357 Unused Serialized files (Serialized files now loaded: 0)
System memory in use before: 128.7 MB.
System memory in use after: 129.0 MB.

Unloading 24 unused Assets to reduce memory usage. Loaded Objects now: 3850.
Total: 4.386400 ms (FindLiveObjects: 0.553100 ms CreateObjectMapping: 0.329800 ms MarkObjects: 3.458400 ms  DeleteObjects: 0.041900 ms)

AssetImportParameters requested are different than current active one (requested -> active):
  custom:graphics/normal-map-encoding: 01000000000000000000000000000000 -> 02000000000000000000000000000000
========================================================================
Received Import Request.
  Time since last request: 79.024461 seconds.
  path: Assets/Script/Player/PlayerFireball.cs
  artifactKey: Guid(f6400fa09d9535245bdce1ea395d9d15) Importer(815301076,1909f56bfc062723c751e8b465ee728b)
Start importing Assets/Script/Player/PlayerFireball.cs using Guid(f6400fa09d9535245bdce1ea395d9d15) Importer(815301076,1909f56bfc062723c751e8b465ee728b)  -> (artifact id: '868a7204d9dd13fd79b1f83496347973') in 0.012394 seconds 
========================================================================
Received Prepare
Registering precompiled user dll's ...
Registered in 0.011752 seconds.
Begin MonoManager ReloadAssembly
Native extension for WindowsStandalone target not found
Refreshing native plugins compatible for Editor in 1.38 ms, found 2 plugins.
Preloading 0 native plugins for Editor in 0.00 ms.
Mono: successfully reloaded assembly
- Completed reload, in  2.380 seconds
Platform modules already initialized, skipping
Switching build target platform(19) subTarget(0) extendedPlatform(0) -> platform(13) subTarget(537395200) extendedPlatform(0)
Refreshing native plugins compatible for Editor in 2.27 ms, found 2 plugins.
Preloading 0 native plugins for Editor in 0.00 ms.
Unloading 3357 Unused Serialized files (Serialized files now loaded: 0)
System memory in use before: 128.8 MB.
System memory in use after: 129.0 MB.

Unloading 24 unused Assets to reduce memory usage. Loaded Objects now: 3853.
Total: 7.155300 ms (FindLiveObjects: 0.525000 ms CreateObjectMapping: 0.317700 ms MarkObjects: 6.263100 ms  DeleteObjects: 0.046900 ms)

AssetImportParameters requested are different than current active one (requested -> active):
  custom:graphics/normal-map-encoding: 01000000000000000000000000000000 -> 02000000000000000000000000000000
========================================================================
Received Prepare
Registering precompiled user dll's ...
Registered in 0.012759 seconds.
Begin MonoManager ReloadAssembly
Native extension for WindowsStandalone target not found
Refreshing native plugins compatible for Editor in 1.22 ms, found 2 plugins.
Preloading 0 native plugins for Editor in 0.00 ms.
Mono: successfully reloaded assembly
- Completed reload, in  2.342 seconds
Platform modules already initialized, skipping
Switching build target platform(19) subTarget(0) extendedPlatform(0) -> platform(13) subTarget(537395200) extendedPlatform(0)
Refreshing native plugins compatible for Editor in 1.99 ms, found 2 plugins.
Preloading 0 native plugins for Editor in 0.00 ms.
Unloading 3356 Unused Serialized files (Serialized files now loaded: 0)
System memory in use before: 128.7 MB.
System memory in use after: 129.0 MB.

Unloading 25 unused Assets to reduce memory usage. Loaded Objects now: 3855.
Total: 17.945600 ms (FindLiveObjects: 1.875900 ms CreateObjectMapping: 0.515600 ms MarkObjects: 15.492200 ms  DeleteObjects: 0.059000 ms)

AssetImportParameters requested are different than current active one (requested -> active):
  custom:graphics/normal-map-encoding: 01000000000000000000000000000000 -> 02000000000000000000000000000000
========================================================================
Received Import Request.
  Time since last request: 142.722567 seconds.
  path: Assets/Script/Cutter/Cutter.cs
  artifactKey: Guid(1d78d00ac0e6dc448a0d53e975050f99) Importer(815301076,1909f56bfc062723c751e8b465ee728b)
Start importing Assets/Script/Cutter/Cutter.cs using Guid(1d78d00ac0e6dc448a0d53e975050f99) Importer(815301076,1909f56bfc062723c751e8b465ee728b)  -> (artifact id: '058b2e77678ae61b8664896d82adcc8d') in 0.011826 seconds 
========================================================================
Received Prepare
Registering precompiled user dll's ...
Registered in 0.009640 seconds.
Begin MonoManager ReloadAssembly
Native extension for WindowsStandalone target not found
Refreshing native plugins compatible for Editor in 1.35 ms, found 2 plugins.
Preloading 0 native plugins for Editor in 0.00 ms.
Mono: successfully reloaded assembly
- Completed reload, in  2.309 seconds
Platform modules already initialized, skipping
Switching build target platform(19) subTarget(0) extendedPlatform(0) -> platform(13) subTarget(537395200) extendedPlatform(0)
Refreshing native plugins compatible for Editor in 1.99 ms, found 2 plugins.
Preloading 0 native plugins for Editor in 0.00 ms.
Unloading 3356 Unused Serialized files (Serialized files now loaded: 0)
System memory in use before: 128.7 MB.
System memory in use after: 129.0 MB.

Unloading 24 unused Assets to reduce memory usage. Loaded Objects now: 3858.
Total: 7.070300 ms (FindLiveObjects: 2.974800 ms CreateObjectMapping: 0.493200 ms MarkObjects: 3.557600 ms  DeleteObjects: 0.041300 ms)

AssetImportParameters requested are different than current active one (requested -> active):
  custom:graphics/normal-map-encoding: 01000000000000000000000000000000 -> 02000000000000000000000000000000
========================================================================
Received Import Request.
  Time since last request: 136.045983 seconds.
  path: Assets/Prefab/Player fireball.prefab
  artifactKey: Guid(d1bdc402ba7279b4686b5193b07c14d5) Importer(815301076,1909f56bfc062723c751e8b465ee728b)
Start importing Assets/Prefab/Player fireball.prefab using Guid(d1bdc402ba7279b4686b5193b07c14d5) Importer(815301076,1909f56bfc062723c751e8b465ee728b)  -> (artifact id: 'aa657483eefafb862906a808f189a020') in 0.586224 seconds 
========================================================================
Received Import Request.
  Time since last request: 0.526488 seconds.
  path: Assets/Prefab/Grounds
  artifactKey: Guid(77c3e404242beb94c92d42de631c1feb) Importer(815301076,1909f56bfc062723c751e8b465ee728b)
Start importing Assets/Prefab/Grounds using Guid(77c3e404242beb94c92d42de631c1feb) Importer(815301076,1909f56bfc062723c751e8b465ee728b)  -> (artifact id: '87b5b77ffd8634c901f7f1bc50286584') in 0.033385 seconds 
========================================================================
Received Prepare
Registering precompiled user dll's ...
Registered in 0.013111 seconds.
Begin MonoManager ReloadAssembly
Native extension for WindowsStandalone target not found
Refreshing native plugins compatible for Editor in 1.04 ms, found 2 plugins.
Preloading 0 native plugins for Editor in 0.00 ms.
Mono: successfully reloaded assembly
- Completed reload, in  2.450 seconds
Platform modules already initialized, skipping
Switching build target platform(19) subTarget(0) extendedPlatform(0) -> platform(13) subTarget(537395200) extendedPlatform(0)
Refreshing native plugins compatible for Editor in 2.68 ms, found 2 plugins.
Preloading 0 native plugins for Editor in 0.00 ms.
Unloading 3356 Unused Serialized files (Serialized files now loaded: 0)
System memory in use before: 132.4 MB.
System memory in use after: 132.6 MB.

Unloading 24 unused Assets to reduce memory usage. Loaded Objects now: 3868.
Total: 8.221600 ms (FindLiveObjects: 0.579100 ms CreateObjectMapping: 0.452700 ms MarkObjects: 7.123100 ms  DeleteObjects: 0.063900 ms)

AssetImportParameters requested are different than current active one (requested -> active):
  custom:graphics/normal-map-encoding: 01000000000000000000000000000000 -> 02000000000000000000000000000000
========================================================================
Received Prepare
Registering precompiled user dll's ...
Registered in 0.015803 seconds.
Begin MonoManager ReloadAssembly
Native extension for WindowsStandalone target not found
Refreshing native plugins compatible for Editor in 1.08 ms, found 2 plugins.
Preloading 0 native plugins for Editor in 0.00 ms.
Mono: successfully reloaded assembly
- Completed reload, in  2.433 seconds
Platform modules already initialized, skipping
Switching build target platform(19) subTarget(0) extendedPlatform(0) -> platform(13) subTarget(537395200) extendedPlatform(0)
Refreshing native plugins compatible for Editor in 1.88 ms, found 2 plugins.
Preloading 0 native plugins for Editor in 0.00 ms.
Unloading 3356 Unused Serialized files (Serialized files now loaded: 0)
System memory in use before: 132.4 MB.
System memory in use after: 132.6 MB.

Unloading 24 unused Assets to reduce memory usage. Loaded Objects now: 3871.
Total: 23.606900 ms (FindLiveObjects: 1.047900 ms CreateObjectMapping: 0.367000 ms MarkObjects: 22.132200 ms  DeleteObjects: 0.056300 ms)

AssetImportParameters requested are different than current active one (requested -> active):
  custom:graphics/normal-map-encoding: 01000000000000000000000000000000 -> 02000000000000000000000000000000
========================================================================
Received Import Request.
  Time since last request: 601.606054 seconds.
  path: Assets/Prefab/VerticalCutter.prefab
  artifactKey: Guid(ac5be9e970b5a6e43b822cf2cef46338) Importer(815301076,1909f56bfc062723c751e8b465ee728b)
Start importing Assets/Prefab/VerticalCutter.prefab using Guid(ac5be9e970b5a6e43b822cf2cef46338) Importer(815301076,1909f56bfc062723c751e8b465ee728b)  -> (artifact id: 'b40d423543e06ab0ec90a28d2a1ddbcf') in 0.187913 seconds 
========================================================================
Received Prepare
Registering precompiled user dll's ...
Registered in 0.010524 seconds.
Begin MonoManager ReloadAssembly
Native extension for WindowsStandalone target not found
Refreshing native plugins compatible for Editor in 1.40 ms, found 2 plugins.
Preloading 0 native plugins for Editor in 0.00 ms.
Mono: successfully reloaded assembly
- Completed reload, in  2.805 seconds
Platform modules already initialized, skipping
Switching build target platform(19) subTarget(0) extendedPlatform(0) -> platform(13) subTarget(537395200) extendedPlatform(0)
Refreshing native plugins compatible for Editor in 1.11 ms, found 2 plugins.
Preloading 0 native plugins for Editor in 0.00 ms.
Unloading 3356 Unused Serialized files (Serialized files now loaded: 0)
System memory in use before: 133.0 MB.
System memory in use after: 133.2 MB.

Unloading 24 unused Assets to reduce memory usage. Loaded Objects now: 3875.
Total: 8.559100 ms (FindLiveObjects: 0.604400 ms CreateObjectMapping: 0.484500 ms MarkObjects: 7.390000 ms  DeleteObjects: 0.076900 ms)

AssetImportParameters requested are different than current active one (requested -> active):
  custom:graphics/normal-map-encoding: 01000000000000000000000000000000 -> 02000000000000000000000000000000
========================================================================
Received Prepare
Registering precompiled user dll's ...
Registered in 0.009509 seconds.
Begin MonoManager ReloadAssembly
Native extension for WindowsStandalone target not found
Refreshing native plugins compatible for Editor in 1.48 ms, found 2 plugins.
Preloading 0 native plugins for Editor in 0.00 ms.
Mono: successfully reloaded assembly
- Completed reload, in  2.263 seconds
Platform modules already initialized, skipping
Switching build target platform(19) subTarget(0) extendedPlatform(0) -> platform(13) subTarget(537395200) extendedPlatform(0)
Refreshing native plugins compatible for Editor in 3.44 ms, found 2 plugins.
Preloading 0 native plugins for Editor in 0.00 ms.
Unloading 3356 Unused Serialized files (Serialized files now loaded: 0)
System memory in use before: 133.0 MB.
System memory in use after: 133.2 MB.

Unloading 24 unused Assets to reduce memory usage. Loaded Objects now: 3878.
Total: 4.873600 ms (FindLiveObjects: 0.524900 ms CreateObjectMapping: 0.287800 ms MarkObjects: 4.017000 ms  DeleteObjects: 0.040900 ms)

AssetImportParameters requested are different than current active one (requested -> active):
  custom:graphics/normal-map-encoding: 01000000000000000000000000000000 -> 02000000000000000000000000000000
========================================================================
Received Prepare
Registering precompiled user dll's ...
Registered in 0.012198 seconds.
Begin MonoManager ReloadAssembly
Native extension for WindowsStandalone target not found
Refreshing native plugins compatible for Editor in 1.05 ms, found 2 plugins.
Preloading 0 native plugins for Editor in 0.00 ms.
Mono: successfully reloaded assembly
- Completed reload, in  2.468 seconds
Platform modules already initialized, skipping
Switching build target platform(19) subTarget(0) extendedPlatform(0) -> platform(13) subTarget(537395200) extendedPlatform(0)
Refreshing native plugins compatible for Editor in 1.06 ms, found 2 plugins.
Preloading 0 native plugins for Editor in 0.00 ms.
Unloading 3356 Unused Serialized files (Serialized files now loaded: 0)
System memory in use before: 133.0 MB.
System memory in use after: 133.2 MB.

Unloading 24 unused Assets to reduce memory usage. Loaded Objects now: 3881.
Total: 4.238300 ms (FindLiveObjects: 0.342300 ms CreateObjectMapping: 0.227800 ms MarkObjects: 3.628800 ms  DeleteObjects: 0.037800 ms)

AssetImportParameters requested are different than current active one (requested -> active):
  custom:graphics/normal-map-encoding: 01000000000000000000000000000000 -> 02000000000000000000000000000000
========================================================================
Received Import Request.
  Time since last request: 110.765264 seconds.
  path: Assets/Script/GameManager.cs
  artifactKey: Guid(50aa93cab5c86a54ea7b51f477652553) Importer(815301076,1909f56bfc062723c751e8b465ee728b)
Start importing Assets/Script/GameManager.cs using Guid(50aa93cab5c86a54ea7b51f477652553) Importer(815301076,1909f56bfc062723c751e8b465ee728b)  -> (artifact id: '71d292424013b92d3b8f967a7d53b628') in 0.008140 seconds 
========================================================================
Received Prepare
Registering precompiled user dll's ...
Registered in 0.010997 seconds.
Begin MonoManager ReloadAssembly
Native extension for WindowsStandalone target not found
Refreshing native plugins compatible for Editor in 1.65 ms, found 2 plugins.
Preloading 0 native plugins for Editor in 0.00 ms.
Mono: successfully reloaded assembly
- Completed reload, in  2.378 seconds
Platform modules already initialized, skipping
Switching build target platform(19) subTarget(0) extendedPlatform(0) -> platform(13) subTarget(537395200) extendedPlatform(0)
Refreshing native plugins compatible for Editor in 2.89 ms, found 2 plugins.
Preloading 0 native plugins for Editor in 0.00 ms.
Unloading 3356 Unused Serialized files (Serialized files now loaded: 0)
System memory in use before: 133.0 MB.
System memory in use after: 133.2 MB.

Unloading 24 unused Assets to reduce memory usage. Loaded Objects now: 3884.
Total: 7.602900 ms (FindLiveObjects: 0.717900 ms CreateObjectMapping: 0.734600 ms MarkObjects: 6.108000 ms  DeleteObjects: 0.039900 ms)

AssetImportParameters requested are different than current active one (requested -> active):
  custom:graphics/normal-map-encoding: 01000000000000000000000000000000 -> 02000000000000000000000000000000
========================================================================
Received Import Request.
  Time since last request: 66.619855 seconds.
  path: Assets/Script/HealthPack/HealthPack.cs
  artifactKey: Guid(1c87490be7220da4eb891561b001787a) Importer(815301076,1909f56bfc062723c751e8b465ee728b)
Start importing Assets/Script/HealthPack/HealthPack.cs using Guid(1c87490be7220da4eb891561b001787a) Importer(815301076,1909f56bfc062723c751e8b465ee728b)  -> (artifact id: '9c277db03c63702c8601531311ff0277') in 0.008783 seconds 
========================================================================
Received Prepare
Registering precompiled user dll's ...
Registered in 0.011824 seconds.
Begin MonoManager ReloadAssembly
Native extension for WindowsStandalone target not found
Refreshing native plugins compatible for Editor in 1.14 ms, found 2 plugins.
Preloading 0 native plugins for Editor in 0.00 ms.
Mono: successfully reloaded assembly
- Completed reload, in  2.495 seconds
Platform modules already initialized, skipping
Switching build target platform(19) subTarget(0) extendedPlatform(0) -> platform(13) subTarget(537395200) extendedPlatform(0)
Refreshing native plugins compatible for Editor in 2.39 ms, found 2 plugins.
Preloading 0 native plugins for Editor in 0.00 ms.
Unloading 3356 Unused Serialized files (Serialized files now loaded: 0)
System memory in use before: 133.0 MB.
System memory in use after: 133.2 MB.

Unloading 24 unused Assets to reduce memory usage. Loaded Objects now: 3887.
Total: 4.299800 ms (FindLiveObjects: 0.532300 ms CreateObjectMapping: 0.283200 ms MarkObjects: 3.444000 ms  DeleteObjects: 0.037900 ms)

AssetImportParameters requested are different than current active one (requested -> active):
  custom:graphics/normal-map-encoding: 01000000000000000000000000000000 -> 02000000000000000000000000000000
========================================================================
Received Import Request.
  Time since last request: 65.420115 seconds.
  path: Assets/Prefab/Cutter.prefab
  artifactKey: Guid(c8c76546c5a4d1a41b5589a3dfba705c) Importer(815301076,1909f56bfc062723c751e8b465ee728b)
Start importing Assets/Prefab/Cutter.prefab using Guid(c8c76546c5a4d1a41b5589a3dfba705c) Importer(815301076,1909f56bfc062723c751e8b465ee728b)  -> (artifact id: 'bc8bde463712e44de1b95efc6d935123') in 0.141704 seconds 
========================================================================
Received Import Request.
  Time since last request: 2.313555 seconds.
  path: Assets/Prefab/Enemy fireball.prefab
  artifactKey: Guid(ead4bce2a7939274a83f5bd6f04bbb7b) Importer(815301076,1909f56bfc062723c751e8b465ee728b)
Start importing Assets/Prefab/Enemy fireball.prefab using Guid(ead4bce2a7939274a83f5bd6f04bbb7b) Importer(815301076,1909f56bfc062723c751e8b465ee728b)  -> (artifact id: 'fadf5c4dfa5612349d63137fca5397e0') in 0.273244 seconds 
========================================================================
Received Prepare
Registering precompiled user dll's ...
Registered in 0.014205 seconds.
Begin MonoManager ReloadAssembly
Native extension for WindowsStandalone target not found
Refreshing native plugins compatible for Editor in 1.03 ms, found 2 plugins.
Preloading 0 native plugins for Editor in 0.00 ms.
Mono: successfully reloaded assembly
- Completed reload, in  2.510 seconds
Platform modules already initialized, skipping
Switching build target platform(19) subTarget(0) extendedPlatform(0) -> platform(13) subTarget(537395200) extendedPlatform(0)
Refreshing native plugins compatible for Editor in 1.84 ms, found 2 plugins.
Preloading 0 native plugins for Editor in 0.00 ms.
Unloading 3356 Unused Serialized files (Serialized files now loaded: 0)
System memory in use before: 133.0 MB.
System memory in use after: 133.2 MB.

Unloading 24 unused Assets to reduce memory usage. Loaded Objects now: 3891.
Total: 6.674900 ms (FindLiveObjects: 0.577700 ms CreateObjectMapping: 0.352800 ms MarkObjects: 5.694400 ms  DeleteObjects: 0.047200 ms)

AssetImportParameters requested are different than current active one (requested -> active):
  custom:graphics/normal-map-encoding: 01000000000000000000000000000000 -> 02000000000000000000000000000000
========================================================================
Received Import Request.
  Time since last request: 53.301899 seconds.
  path: Assets/Prefab/Zombie.prefab
  artifactKey: Guid(7fd1e993d3c420843bd1e70f39a1c416) Importer(815301076,1909f56bfc062723c751e8b465ee728b)
Start importing Assets/Prefab/Zombie.prefab using Guid(7fd1e993d3c420843bd1e70f39a1c416) Importer(815301076,1909f56bfc062723c751e8b465ee728b)  -> (artifact id: '80704dcba6995a046ac85e64226df96f') in 1.599527 seconds 
========================================================================
Received Import Request.
  Time since last request: 60.379055 seconds.
  path: Assets/Prefab/Zombie.prefab
  artifactKey: Guid(7fd1e993d3c420843bd1e70f39a1c416) Importer(815301076,1909f56bfc062723c751e8b465ee728b)
Start importing Assets/Prefab/Zombie.prefab using Guid(7fd1e993d3c420843bd1e70f39a1c416) Importer(815301076,1909f56bfc062723c751e8b465ee728b)  -> (artifact id: '0ebcaa6dd850eee854f16318da2cc3d9') in 1.340906 seconds 
========================================================================
Received Prepare
Registering precompiled user dll's ...
Registered in 0.009725 seconds.
Begin MonoManager ReloadAssembly
Native extension for WindowsStandalone target not found
Refreshing native plugins compatible for Editor in 1.68 ms, found 2 plugins.
Preloading 0 native plugins for Editor in 0.00 ms.
Mono: successfully reloaded assembly
- Completed reload, in  2.159 seconds
Platform modules already initialized, skipping
Switching build target platform(19) subTarget(0) extendedPlatform(0) -> platform(13) subTarget(537395200) extendedPlatform(0)
Refreshing native plugins compatible for Editor in 1.61 ms, found 2 plugins.
Preloading 0 native plugins for Editor in 0.00 ms.
Unloading 3356 Unused Serialized files (Serialized files now loaded: 0)
System memory in use before: 133.2 MB.
System memory in use after: 133.4 MB.

Unloading 24 unused Assets to reduce memory usage. Loaded Objects now: 3895.
Total: 4.277500 ms (FindLiveObjects: 0.581300 ms CreateObjectMapping: 0.422100 ms MarkObjects: 3.235900 ms  DeleteObjects: 0.036200 ms)

AssetImportParameters requested are different than current active one (requested -> active):
  custom:graphics/normal-map-encoding: 01000000000000000000000000000000 -> 02000000000000000000000000000000
========================================================================
Received Prepare
Registering precompiled user dll's ...
Registered in 0.012524 seconds.
Begin MonoManager ReloadAssembly
Native extension for WindowsStandalone target not found
Refreshing native plugins compatible for Editor in 1.37 ms, found 2 plugins.
Preloading 0 native plugins for Editor in 0.00 ms.
Mono: successfully reloaded assembly
- Completed reload, in  2.548 seconds
Platform modules already initialized, skipping
Switching build target platform(19) subTarget(0) extendedPlatform(0) -> platform(13) subTarget(537395200) extendedPlatform(0)
Refreshing native plugins compatible for Editor in 3.32 ms, found 2 plugins.
Preloading 0 native plugins for Editor in 0.00 ms.
Unloading 3356 Unused Serialized files (Serialized files now loaded: 0)
System memory in use before: 133.2 MB.
System memory in use after: 133.5 MB.

Unloading 24 unused Assets to reduce memory usage. Loaded Objects now: 3898.
Total: 4.475900 ms (FindLiveObjects: 0.505400 ms CreateObjectMapping: 0.329200 ms MarkObjects: 3.599500 ms  DeleteObjects: 0.039700 ms)

AssetImportParameters requested are different than current active one (requested -> active):
  custom:graphics/normal-map-encoding: 01000000000000000000000000000000 -> 02000000000000000000000000000000
========================================================================
Received Prepare
Registering precompiled user dll's ...
Registered in 0.013877 seconds.
Begin MonoManager ReloadAssembly
Native extension for WindowsStandalone target not found
Refreshing native plugins compatible for Editor in 1.37 ms, found 2 plugins.
Preloading 0 native plugins for Editor in 0.00 ms.
Mono: successfully reloaded assembly
- Completed reload, in  2.432 seconds
Platform modules already initialized, skipping
Switching build target platform(19) subTarget(0) extendedPlatform(0) -> platform(13) subTarget(537395200) extendedPlatform(0)
Refreshing native plugins compatible for Editor in 1.90 ms, found 2 plugins.
Preloading 0 native plugins for Editor in 0.00 ms.
Unloading 3356 Unused Serialized files (Serialized files now loaded: 0)
System memory in use before: 133.2 MB.
System memory in use after: 133.5 MB.

Unloading 24 unused Assets to reduce memory usage. Loaded Objects now: 3901.
Total: 4.928700 ms (FindLiveObjects: 0.503600 ms CreateObjectMapping: 0.361100 ms MarkObjects: 4.005800 ms  DeleteObjects: 0.055100 ms)

AssetImportParameters requested are different than current active one (requested -> active):
  custom:graphics/normal-map-encoding: 01000000000000000000000000000000 -> 02000000000000000000000000000000
========================================================================
Received Prepare
Registering precompiled user dll's ...
Registered in 0.009094 seconds.
Begin MonoManager ReloadAssembly
Native extension for WindowsStandalone target not found
Refreshing native plugins compatible for Editor in 1.19 ms, found 2 plugins.
Preloading 0 native plugins for Editor in 0.00 ms.
Mono: successfully reloaded assembly
- Completed reload, in  2.569 seconds
Platform modules already initialized, skipping
Switching build target platform(19) subTarget(0) extendedPlatform(0) -> platform(13) subTarget(537395200) extendedPlatform(0)
Refreshing native plugins compatible for Editor in 5.14 ms, found 2 plugins.
Preloading 0 native plugins for Editor in 0.00 ms.
Unloading 3356 Unused Serialized files (Serialized files now loaded: 0)
System memory in use before: 133.2 MB.
System memory in use after: 133.5 MB.

Unloading 24 unused Assets to reduce memory usage. Loaded Objects now: 3904.
Total: 6.621700 ms (FindLiveObjects: 0.635900 ms CreateObjectMapping: 0.392800 ms MarkObjects: 5.539300 ms  DeleteObjects: 0.050800 ms)

AssetImportParameters requested are different than current active one (requested -> active):
  custom:graphics/normal-map-encoding: 01000000000000000000000000000000 -> 02000000000000000000000000000000
========================================================================
Received Prepare
Registering precompiled user dll's ...
Registered in 0.012699 seconds.
Begin MonoManager ReloadAssembly
Native extension for WindowsStandalone target not found
Refreshing native plugins compatible for Editor in 1.11 ms, found 2 plugins.
Preloading 0 native plugins for Editor in 0.00 ms.
Mono: successfully reloaded assembly
- Completed reload, in  3.568 seconds
Platform modules already initialized, skipping
Switching build target platform(19) subTarget(0) extendedPlatform(0) -> platform(13) subTarget(537395200) extendedPlatform(0)
Refreshing native plugins compatible for Editor in 2.74 ms, found 2 plugins.
Preloading 0 native plugins for Editor in 0.00 ms.
Unloading 3356 Unused Serialized files (Serialized files now loaded: 0)
System memory in use before: 133.3 MB.
System memory in use after: 133.5 MB.

Unloading 24 unused Assets to reduce memory usage. Loaded Objects now: 3907.
Total: 6.435900 ms (FindLiveObjects: 0.861500 ms CreateObjectMapping: 0.465200 ms MarkObjects: 5.010200 ms  DeleteObjects: 0.094900 ms)

AssetImportParameters requested are different than current active one (requested -> active):
  custom:graphics/normal-map-encoding: 01000000000000000000000000000000 -> 02000000000000000000000000000000
========================================================================
Received Prepare
Registering precompiled user dll's ...
Registered in 0.013879 seconds.
Begin MonoManager ReloadAssembly
Native extension for WindowsStandalone target not found
Refreshing native plugins compatible for Editor in 1.74 ms, found 2 plugins.
Preloading 0 native plugins for Editor in 0.00 ms.
Mono: successfully reloaded assembly
- Completed reload, in  3.391 seconds
Platform modules already initialized, skipping
Switching build target platform(19) subTarget(0) extendedPlatform(0) -> platform(13) subTarget(537395200) extendedPlatform(0)
Refreshing native plugins compatible for Editor in 10.06 ms, found 2 plugins.
Preloading 0 native plugins for Editor in 0.00 ms.
Unloading 3356 Unused Serialized files (Serialized files now loaded: 0)
System memory in use before: 133.3 MB.
System memory in use after: 133.5 MB.

Unloading 24 unused Assets to reduce memory usage. Loaded Objects now: 3910.
Total: 4.590300 ms (FindLiveObjects: 0.505000 ms CreateObjectMapping: 0.257500 ms MarkObjects: 3.746100 ms  DeleteObjects: 0.078800 ms)

AssetImportParameters requested are different than current active one (requested -> active):
  custom:graphics/normal-map-encoding: 01000000000000000000000000000000 -> 02000000000000000000000000000000
========================================================================
Received Prepare
Registering precompiled user dll's ...
Registered in 0.008951 seconds.
Begin MonoManager ReloadAssembly
Native extension for WindowsStandalone target not found
Refreshing native plugins compatible for Editor in 1.72 ms, found 2 plugins.
Preloading 0 native plugins for Editor in 0.00 ms.
Mono: successfully reloaded assembly
- Completed reload, in  2.564 seconds
Platform modules already initialized, skipping
Switching build target platform(19) subTarget(0) extendedPlatform(0) -> platform(13) subTarget(537395200) extendedPlatform(0)
Refreshing native plugins compatible for Editor in 1.83 ms, found 2 plugins.
Preloading 0 native plugins for Editor in 0.00 ms.
Unloading 3356 Unused Serialized files (Serialized files now loaded: 0)
System memory in use before: 133.3 MB.
System memory in use after: 133.5 MB.

Unloading 24 unused Assets to reduce memory usage. Loaded Objects now: 3913.
Total: 5.758700 ms (FindLiveObjects: 0.413300 ms CreateObjectMapping: 0.262700 ms MarkObjects: 5.037200 ms  DeleteObjects: 0.043400 ms)

AssetImportParameters requested are different than current active one (requested -> active):
  custom:graphics/normal-map-encoding: 01000000000000000000000000000000 -> 02000000000000000000000000000000
========================================================================
Received Prepare
Registering precompiled user dll's ...
Registered in 0.012544 seconds.
Begin MonoManager ReloadAssembly
Native extension for WindowsStandalone target not found
Refreshing native plugins compatible for Editor in 1.83 ms, found 2 plugins.
Preloading 0 native plugins for Editor in 0.00 ms.
Mono: successfully reloaded assembly
- Completed reload, in  2.421 seconds
Platform modules already initialized, skipping
Switching build target platform(19) subTarget(0) extendedPlatform(0) -> platform(13) subTarget(537395200) extendedPlatform(0)
Refreshing native plugins compatible for Editor in 2.32 ms, found 2 plugins.
Preloading 0 native plugins for Editor in 0.00 ms.
Unloading 3356 Unused Serialized files (Serialized files now loaded: 0)
System memory in use before: 133.3 MB.
System memory in use after: 133.5 MB.

Unloading 24 unused Assets to reduce memory usage. Loaded Objects now: 3916.
Total: 4.311700 ms (FindLiveObjects: 0.391800 ms CreateObjectMapping: 0.273200 ms MarkObjects: 3.606200 ms  DeleteObjects: 0.038700 ms)

AssetImportParameters requested are different than current active one (requested -> active):
  custom:graphics/normal-map-encoding: 01000000000000000000000000000000 -> 02000000000000000000000000000000
========================================================================
Received Prepare
Registering precompiled user dll's ...
Registered in 0.013486 seconds.
Begin MonoManager ReloadAssembly
Native extension for WindowsStandalone target not found
Refreshing native plugins compatible for Editor in 1.21 ms, found 2 plugins.
Preloading 0 native plugins for Editor in 0.00 ms.
Mono: successfully reloaded assembly
- Completed reload, in  2.575 seconds
Platform modules already initialized, skipping
Switching build target platform(19) subTarget(0) extendedPlatform(0) -> platform(13) subTarget(537395200) extendedPlatform(0)
Refreshing native plugins compatible for Editor in 1.03 ms, found 2 plugins.
Preloading 0 native plugins for Editor in 0.00 ms.
Unloading 3356 Unused Serialized files (Serialized files now loaded: 0)
System memory in use before: 133.3 MB.
System memory in use after: 133.5 MB.

Unloading 24 unused Assets to reduce memory usage. Loaded Objects now: 3919.
Total: 3.879900 ms (FindLiveObjects: 0.354300 ms CreateObjectMapping: 0.226500 ms MarkObjects: 3.260700 ms  DeleteObjects: 0.036700 ms)

AssetImportParameters requested are different than current active one (requested -> active):
  custom:graphics/normal-map-encoding: 01000000000000000000000000000000 -> 02000000000000000000000000000000
========================================================================
Received Import Request.
  Time since last request: 846.963369 seconds.
  path: Assets/Prefab/Zombie.prefab
  artifactKey: Guid(7fd1e993d3c420843bd1e70f39a1c416) Importer(815301076,1909f56bfc062723c751e8b465ee728b)
Start importing Assets/Prefab/Zombie.prefab using Guid(7fd1e993d3c420843bd1e70f39a1c416) Importer(815301076,1909f56bfc062723c751e8b465ee728b)  -> (artifact id: '25ff90fba1212004b54e5340e5633b56') in 1.300015 seconds 
========================================================================
Received Prepare
Registering precompiled user dll's ...
Registered in 0.011894 seconds.
Begin MonoManager ReloadAssembly
Native extension for WindowsStandalone target not found
Refreshing native plugins compatible for Editor in 1.11 ms, found 2 plugins.
Preloading 0 native plugins for Editor in 0.00 ms.
Mono: successfully reloaded assembly
- Completed reload, in  2.753 seconds
Platform modules already initialized, skipping
Switching build target platform(19) subTarget(0) extendedPlatform(0) -> platform(13) subTarget(537395200) extendedPlatform(0)
Refreshing native plugins compatible for Editor in 4.34 ms, found 2 plugins.
Preloading 0 native plugins for Editor in 0.00 ms.
Unloading 3356 Unused Serialized files (Serialized files now loaded: 0)
System memory in use before: 133.3 MB.
System memory in use after: 133.5 MB.

Unloading 24 unused Assets to reduce memory usage. Loaded Objects now: 3923.
Total: 6.146300 ms (FindLiveObjects: 0.502400 ms CreateObjectMapping: 0.330600 ms MarkObjects: 5.265600 ms  DeleteObjects: 0.045400 ms)

AssetImportParameters requested are different than current active one (requested -> active):
  custom:graphics/normal-map-encoding: 01000000000000000000000000000000 -> 02000000000000000000000000000000
========================================================================
Received Import Request.
  Time since last request: 55.466558 seconds.
  path: Assets/Prefab/Zombie Blood Particle System.prefab
  artifactKey: Guid(6b24c58fe4a4d684ca1e4d3294915684) Importer(815301076,1909f56bfc062723c751e8b465ee728b)
Start importing Assets/Prefab/Zombie Blood Particle System.prefab using Guid(6b24c58fe4a4d684ca1e4d3294915684) Importer(815301076,1909f56bfc062723c751e8b465ee728b)  -> (artifact id: '4df401c37dcff4e6242001518f05a1cd') in 0.066834 seconds 
========================================================================
Received Import Request.
  Time since last request: 1.712762 seconds.
  path: Assets/Prefab/Zombie Blood Particle System.prefab
  artifactKey: Guid(6b24c58fe4a4d684ca1e4d3294915684) Importer(815301076,1909f56bfc062723c751e8b465ee728b)
Start importing Assets/Prefab/Zombie Blood Particle System.prefab using Guid(6b24c58fe4a4d684ca1e4d3294915684) Importer(815301076,1909f56bfc062723c751e8b465ee728b)  -> (artifact id: '9b448e19d00c7d6fc842db2b82448f19') in 0.013369 seconds 
========================================================================
Received Import Request.
  Time since last request: 9.148689 seconds.
  path: Assets/Prefab/Zombie Blood Particle System.prefab
  artifactKey: Guid(6b24c58fe4a4d684ca1e4d3294915684) Importer(815301076,1909f56bfc062723c751e8b465ee728b)
Start importing Assets/Prefab/Zombie Blood Particle System.prefab using Guid(6b24c58fe4a4d684ca1e4d3294915684) Importer(815301076,1909f56bfc062723c751e8b465ee728b)  -> (artifact id: '6f37c4882ec4d327e6f3a7f994fbd567') in 0.014521 seconds 
========================================================================
Received Import Request.
  Time since last request: 12.226883 seconds.
  path: Assets/Prefab/Zombie Blood Particle System.prefab
  artifactKey: Guid(6b24c58fe4a4d684ca1e4d3294915684) Importer(815301076,1909f56bfc062723c751e8b465ee728b)
Start importing Assets/Prefab/Zombie Blood Particle System.prefab using Guid(6b24c58fe4a4d684ca1e4d3294915684) Importer(815301076,1909f56bfc062723c751e8b465ee728b)  -> (artifact id: '1e3a0f999a1e59168dd5b9630a6f0ccb') in 0.011447 seconds 
========================================================================
Received Import Request.
  Time since last request: 3.195052 seconds.
  path: Assets/Prefab/Zombie Blood Particle System.prefab
  artifactKey: Guid(6b24c58fe4a4d684ca1e4d3294915684) Importer(815301076,1909f56bfc062723c751e8b465ee728b)
Start importing Assets/Prefab/Zombie Blood Particle System.prefab using Guid(6b24c58fe4a4d684ca1e4d3294915684) Importer(815301076,1909f56bfc062723c751e8b465ee728b)  -> (artifact id: '7c76b4a22c38de79b6ed869bbbc55b83') in 0.007086 seconds 
========================================================================
Received Import Request.
  Time since last request: 3.792846 seconds.
  path: Assets/Prefab/Zombie Blood Particle System.prefab
  artifactKey: Guid(6b24c58fe4a4d684ca1e4d3294915684) Importer(815301076,1909f56bfc062723c751e8b465ee728b)
Start importing Assets/Prefab/Zombie Blood Particle System.prefab using Guid(6b24c58fe4a4d684ca1e4d3294915684) Importer(815301076,1909f56bfc062723c751e8b465ee728b)  -> (artifact id: '5c4430baef66b5e82f2da4eba9f6df3f') in 0.016195 seconds 
========================================================================
Received Prepare
Registering precompiled user dll's ...
Registered in 0.014852 seconds.
Begin MonoManager ReloadAssembly
Native extension for WindowsStandalone target not found
Refreshing native plugins compatible for Editor in 1.08 ms, found 2 plugins.
Preloading 0 native plugins for Editor in 0.00 ms.
Mono: successfully reloaded assembly
- Completed reload, in  2.794 seconds
Platform modules already initialized, skipping
Switching build target platform(19) subTarget(0) extendedPlatform(0) -> platform(13) subTarget(537395200) extendedPlatform(0)
Refreshing native plugins compatible for Editor in 1.97 ms, found 2 plugins.
Preloading 0 native plugins for Editor in 0.00 ms.
Unloading 3356 Unused Serialized files (Serialized files now loaded: 0)
System memory in use before: 133.3 MB.
System memory in use after: 133.5 MB.

Unloading 24 unused Assets to reduce memory usage. Loaded Objects now: 3926.
Total: 5.487600 ms (FindLiveObjects: 0.621900 ms CreateObjectMapping: 0.501900 ms MarkObjects: 4.322700 ms  DeleteObjects: 0.038800 ms)

AssetImportParameters requested are different than current active one (requested -> active):
  custom:graphics/normal-map-encoding: 01000000000000000000000000000000 -> 02000000000000000000000000000000
========================================================================
Received Import Request.
  Time since last request: 52.010187 seconds.
  path: Assets/Script/GameManager.cs
  artifactKey: Guid(50aa93cab5c86a54ea7b51f477652553) Importer(815301076,1909f56bfc062723c751e8b465ee728b)
Start importing Assets/Script/GameManager.cs using Guid(50aa93cab5c86a54ea7b51f477652553) Importer(815301076,1909f56bfc062723c751e8b465ee728b)  -> (artifact id: 'dac1e916938af0417bcf2eaf86c65f9a') in 0.009568 seconds 
========================================================================
Received Prepare
Registering precompiled user dll's ...
Registered in 0.013569 seconds.
Begin MonoManager ReloadAssembly
Native extension for WindowsStandalone target not found
Refreshing native plugins compatible for Editor in 1.76 ms, found 2 plugins.
Preloading 0 native plugins for Editor in 0.00 ms.
Mono: successfully reloaded assembly
- Completed reload, in  2.588 seconds
Platform modules already initialized, skipping
Switching build target platform(19) subTarget(0) extendedPlatform(0) -> platform(13) subTarget(537395200) extendedPlatform(0)
Refreshing native plugins compatible for Editor in 2.93 ms, found 2 plugins.
Preloading 0 native plugins for Editor in 0.00 ms.
Unloading 3356 Unused Serialized files (Serialized files now loaded: 0)
System memory in use before: 133.3 MB.
System memory in use after: 133.5 MB.

Unloading 24 unused Assets to reduce memory usage. Loaded Objects now: 3929.
Total: 10.771300 ms (FindLiveObjects: 1.243900 ms CreateObjectMapping: 0.845700 ms MarkObjects: 8.604900 ms  DeleteObjects: 0.073500 ms)

AssetImportParameters requested are different than current active one (requested -> active):
  custom:graphics/normal-map-encoding: 01000000000000000000000000000000 -> 02000000000000000000000000000000
========================================================================
Received Prepare
Registering precompiled user dll's ...
Registered in 0.012440 seconds.
Begin MonoManager ReloadAssembly
Native extension for WindowsStandalone target not found
Refreshing native plugins compatible for Editor in 1.08 ms, found 2 plugins.
Preloading 0 native plugins for Editor in 0.00 ms.
Mono: successfully reloaded assembly
- Completed reload, in  2.596 seconds
Platform modules already initialized, skipping
Switching build target platform(19) subTarget(0) extendedPlatform(0) -> platform(13) subTarget(537395200) extendedPlatform(0)
Refreshing native plugins compatible for Editor in 8.89 ms, found 2 plugins.
Preloading 0 native plugins for Editor in 0.00 ms.
Unloading 3356 Unused Serialized files (Serialized files now loaded: 0)
System memory in use before: 133.3 MB.
System memory in use after: 133.5 MB.

Unloading 24 unused Assets to reduce memory usage. Loaded Objects now: 3932.
Total: 13.600600 ms (FindLiveObjects: 1.778700 ms CreateObjectMapping: 0.486800 ms MarkObjects: 11.177600 ms  DeleteObjects: 0.153300 ms)

AssetImportParameters requested are different than current active one (requested -> active):
  custom:graphics/normal-map-encoding: 01000000000000000000000000000000 -> 02000000000000000000000000000000
========================================================================
Received Prepare
Registering precompiled user dll's ...
Registered in 0.012961 seconds.
Begin MonoManager ReloadAssembly
Native extension for WindowsStandalone target not found
Refreshing native plugins compatible for Editor in 1.08 ms, found 2 plugins.
Preloading 0 native plugins for Editor in 0.00 ms.
Mono: successfully reloaded assembly
- Completed reload, in  2.642 seconds
Platform modules already initialized, skipping
Switching build target platform(19) subTarget(0) extendedPlatform(0) -> platform(13) subTarget(537395200) extendedPlatform(0)
Refreshing native plugins compatible for Editor in 2.63 ms, found 2 plugins.
Preloading 0 native plugins for Editor in 0.00 ms.
Unloading 3356 Unused Serialized files (Serialized files now loaded: 0)
System memory in use before: 133.3 MB.
System memory in use after: 133.6 MB.

Unloading 24 unused Assets to reduce memory usage. Loaded Objects now: 3935.
Total: 4.138000 ms (FindLiveObjects: 0.370800 ms CreateObjectMapping: 0.236900 ms MarkObjects: 3.492600 ms  DeleteObjects: 0.035800 ms)

AssetImportParameters requested are different than current active one (requested -> active):
  custom:graphics/normal-map-encoding: 01000000000000000000000000000000 -> 02000000000000000000000000000000
AssetImportWorkerClient::OnTransportError - code=2 error=End of file
