Using pre-set license
Built from '2021.1/release' branch; Version is '2021.1.0f1 (61a549675243) revision 6399305'; Using compiler version '192528614'; Build Type 'Release'
OS: 'Windows 10 Home N; OS build 19042.631; Version 2009; 64bit' Language: 'en' Physical Memory: 4016 MB
BatchMode: 1, IsHumanControllingUs: 0, StartBugReporterOnCrash: 0, Is64bit: 1, IsPro: 0

 COMMAND LINE ARGUMENTS:
C:\Program Files\Unity\Hub\Editor\2021.1.0f1\Editor\Unity.exe
-adb2
-batchMode
-noUpm
-name
AssetImportWorker5
-projectPath
F:/Unity/Projects/JungleeJumper-EndlessRunnerAndKiller/Junglee Jumper - Endless Runner And Killer
-logFile
Logs/AssetImportWorker5.log
-srvPort
50665
Successfully changed project path to: F:/Unity/Projects/JungleeJumper-EndlessRunnerAndKiller/Junglee Jumper - Endless Runner And Killer
F:/Unity/Projects/JungleeJumper-EndlessRunnerAndKiller/Junglee Jumper - Endless Runner And Killer
Using Asset Import Pipeline V2.
Refreshing native plugins compatible for Editor in 284.72 ms, found 2 plugins.
Preloading 0 native plugins for Editor in 0.00 ms.
Initialize engine version: 2021.1.0f1 (61a549675243)
[Subsystems] Discovering subsystems at path C:/Program Files/Unity/Hub/Editor/2021.1.0f1/Editor/Data/Resources/UnitySubsystems
[Subsystems] Discovering subsystems at path F:/Unity/Projects/JungleeJumper-EndlessRunnerAndKiller/Junglee Jumper - Endless Runner And Killer/Assets
GfxDevice: creating device client; threaded=0; jobified=0
Direct3D:
    Version:  Direct3D 11.0 [level 11.1]
    Renderer: Intel(R) HD Graphics 5500 (ID=0x1616)
    Vendor:   Intel
    VRAM:     2008 MB
    Driver:   20.19.15.4703
Initialize mono
Mono path[0] = 'C:/Program Files/Unity/Hub/Editor/2021.1.0f1/Editor/Data/Managed'
Mono path[1] = 'C:/Program Files/Unity/Hub/Editor/2021.1.0f1/Editor/Data/MonoBleedingEdge/lib/mono/unityjit'
Mono config path = 'C:/Program Files/Unity/Hub/Editor/2021.1.0f1/Editor/Data/MonoBleedingEdge/etc'
Using monoOptions --debugger-agent=transport=dt_socket,embedding=1,server=y,suspend=n,address=127.0.0.1:56700
Begin MonoManager ReloadAssembly
Registering precompiled unity dll's ...
Register platform support module: C:/Program Files/Unity/Hub/Editor/2021.1.0f1/Editor/Data/PlaybackEngines/WindowsStandaloneSupport/UnityEditor.WindowsStandalone.Extensions.dll
Registered in 0.002725 seconds.
Native extension for WindowsStandalone target not found
Refreshing native plugins compatible for Editor in 231.08 ms, found 2 plugins.
Preloading 0 native plugins for Editor in 0.00 ms.
Mono: successfully reloaded assembly
- Completed reload, in  3.372 seconds
Platform modules already initialized, skipping
Registering precompiled user dll's ...
Registered in 0.012206 seconds.
Begin MonoManager ReloadAssembly
Native extension for WindowsStandalone target not found
Refreshing native plugins compatible for Editor in 282.27 ms, found 2 plugins.
Preloading 0 native plugins for Editor in 0.00 ms.
Mono: successfully reloaded assembly
- Completed reload, in  3.307 seconds
Platform modules already initialized, skipping
========================================================================
Worker process is ready to serve import requests
Launched and connected shader compiler UnityShaderCompiler.exe after 0.44 seconds
Refreshing native plugins compatible for Editor in 2.79 ms, found 2 plugins.
Preloading 0 native plugins for Editor in 0.00 ms.
Unloading 3510 Unused Serialized files (Serialized files now loaded: 0)
System memory in use before: 132.8 MB.
System memory in use after: 133.0 MB.

Unloading 55 unused Assets to reduce memory usage. Loaded Objects now: 3947.
Total: 8.585200 ms (FindLiveObjects: 0.800700 ms CreateObjectMapping: 0.884400 ms MarkObjects: 6.809900 ms  DeleteObjects: 0.086700 ms)

========================================================================
Received Import Request.
  path: Assets/GoogleMobileAds/Resources/GoogleMobileAdsSettings.asset
  artifactKey: Guid(173a7fe5e25b9514eaf8a41c801e0b98) Importer(815301076,1909f56bfc062723c751e8b465ee728b)
Start importing Assets/GoogleMobileAds/Resources/GoogleMobileAdsSettings.asset using Guid(173a7fe5e25b9514eaf8a41c801e0b98) Importer(815301076,1909f56bfc062723c751e8b465ee728b)  -> (artifact id: '56c54e6fcab6e11f5c17c1fbc0965032') in 0.216349 seconds 
AssetImportWorkerClient::OnTransportError - code=2 error=End of file
