Using pre-set license
Built from '2021.1/release' branch; Version is '2021.1.0f1 (61a549675243) revision 6399305'; Using compiler version '192528614'; Build Type 'Release'
OS: 'Windows 10 Pro N; OS build 19042.631; Version 2009; 64bit' Language: 'en' Physical Memory: 4016 MB
BatchMode: 1, IsHumanControllingUs: 0, StartBugReporterOnCrash: 0, Is64bit: 1, IsPro: 0

 COMMAND LINE ARGUMENTS:
C:\Program Files\Unity\Hub\Editor\2021.1.0f1\Editor\Unity.exe
-adb2
-batchMode
-noUpm
-name
AssetImportWorker14
-projectPath
E:/Unity/Projects/JungleeJumper-EndlessRunnerAndKiller/Jungali Jumper
-logFile
Logs/AssetImportWorker14.log
-srvPort
49706
Successfully changed project path to: E:/Unity/Projects/JungleeJumper-EndlessRunnerAndKiller/Jungali Jumper
E:/Unity/Projects/JungleeJumper-EndlessRunnerAndKiller/Jungali Jumper
Using Asset Import Pipeline V2.
Refreshing native plugins compatible for Editor in 344.63 ms, found 1 plugins.
Preloading 0 native plugins for Editor in 0.00 ms.
Initialize engine version: 2021.1.0f1 (61a549675243)
[Subsystems] Discovering subsystems at path C:/Program Files/Unity/Hub/Editor/2021.1.0f1/Editor/Data/Resources/UnitySubsystems
[Subsystems] Discovering subsystems at path E:/Unity/Projects/JungleeJumper-EndlessRunnerAndKiller/Jungali Jumper/Assets
GfxDevice: creating device client; threaded=0; jobified=0
Direct3D:
    Version:  Direct3D 11.0 [level 11.1]
    Renderer: Intel(R) HD Graphics 5500 (ID=0x1616)
    Vendor:   Intel
    VRAM:     2008 MB
    Driver:   20.19.15.4703
Shader 'Universal Render Pipeline/Particles/Lit': fallback shader 'Universal Render Pipeline/Particles/SimpleLit' not found
Initialize mono
Mono path[0] = 'C:/Program Files/Unity/Hub/Editor/2021.1.0f1/Editor/Data/Managed'
Mono path[1] = 'C:/Program Files/Unity/Hub/Editor/2021.1.0f1/Editor/Data/MonoBleedingEdge/lib/mono/unityjit'
Mono config path = 'C:/Program Files/Unity/Hub/Editor/2021.1.0f1/Editor/Data/MonoBleedingEdge/etc'
Using monoOptions --debugger-agent=transport=dt_socket,embedding=1,server=y,suspend=n,address=127.0.0.1:56384
Begin MonoManager ReloadAssembly
Registering precompiled unity dll's ...
Register platform support module: C:/Program Files/Unity/Hub/Editor/2021.1.0f1/Editor/Data/PlaybackEngines/WindowsStandaloneSupport/UnityEditor.WindowsStandalone.Extensions.dll
Registered in 0.002937 seconds.
Native extension for WindowsStandalone target not found
Refreshing native plugins compatible for Editor in 330.97 ms, found 1 plugins.
Preloading 0 native plugins for Editor in 0.00 ms.
Mono: successfully reloaded assembly
- Completed reload, in  3.340 seconds
Platform modules already initialized, skipping
Registering precompiled user dll's ...
Registered in 0.011205 seconds.
Begin MonoManager ReloadAssembly
Native extension for WindowsStandalone target not found
Refreshing native plugins compatible for Editor in 368.11 ms, found 1 plugins.
Preloading 0 native plugins for Editor in 0.00 ms.
GPGSUpgrader start
UnityEngine.StackTraceUtility:ExtractStackTrace ()
UnityEngine.DebugLogHandler:LogFormat (UnityEngine.LogType,UnityEngine.Object,string,object[])
UnityEngine.Logger:Log (UnityEngine.LogType,object)
UnityEngine.Debug:Log (object)
GooglePlayGames.Editor.GPGSUpgrader:.cctor () (at Assets/GooglePlayGames/Editor/GPGSUpgrader.cs:38)
System.Runtime.CompilerServices.RuntimeHelpers:RunClassConstructor (System.RuntimeTypeHandle)
UnityEditor.EditorAssemblies:ProcessInitializeOnLoadAttributes (System.Type[])

(Filename: Assets/GooglePlayGames/Editor/GPGSUpgrader.cs Line: 38)

GPGSUpgrader done
UnityEngine.StackTraceUtility:ExtractStackTrace ()
UnityEngine.DebugLogHandler:LogFormat (UnityEngine.LogType,UnityEngine.Object,string,object[])
UnityEngine.Logger:Log (UnityEngine.LogType,object)
UnityEngine.Debug:Log (object)
GooglePlayGames.Editor.GPGSUpgrader:.cctor () (at Assets/GooglePlayGames/Editor/GPGSUpgrader.cs:105)
System.Runtime.CompilerServices.RuntimeHelpers:RunClassConstructor (System.RuntimeTypeHandle)
UnityEditor.EditorAssemblies:ProcessInitializeOnLoadAttributes (System.Type[])

(Filename: Assets/GooglePlayGames/Editor/GPGSUpgrader.cs Line: 105)

Mono: successfully reloaded assembly
- Completed reload, in  6.133 seconds
Platform modules already initialized, skipping
========================================================================
Worker process is ready to serve import requests
Shader 'Universal Render Pipeline/Particles/Lit': fallback shader 'Universal Render Pipeline/Particles/SimpleLit' not found
Launched and connected shader compiler UnityShaderCompiler.exe after 0.57 seconds
Refreshing native plugins compatible for Editor in 4.32 ms, found 1 plugins.
Preloading 0 native plugins for Editor in 0.00 ms.
Unloading 4647 Unused Serialized files (Serialized files now loaded: 0)
System memory in use before: 171.2 MB.
System memory in use after: 171.4 MB.

Unloading 92 unused Assets to reduce memory usage. Loaded Objects now: 5044.
Total: 27.060100 ms (FindLiveObjects: 1.270100 ms CreateObjectMapping: 0.905600 ms MarkObjects: 24.702700 ms  DeleteObjects: 0.176600 ms)

========================================================================
Received Import Request.
  path: Assets/Art/Wood For Button2.png
  artifactKey: Guid(0feb5e8bc36d1ab45a24399d0938c832) Importer(815301076,1909f56bfc062723c751e8b465ee728b)
Start importing Assets/Art/Wood For Button2.png using Guid(0feb5e8bc36d1ab45a24399d0938c832) Importer(815301076,1909f56bfc062723c751e8b465ee728b)  -> (artifact id: 'e64b1dce64de0bb11442ba6b47de38f3') in 1.154080 seconds 
========================================================================
Received Import Request.
  Time since last request: 0.000886 seconds.
  path: Assets/Art/DashEffect1.png
  artifactKey: Guid(152407790f431da4fb8636a682156ae6) Importer(815301076,1909f56bfc062723c751e8b465ee728b)
Start importing Assets/Art/DashEffect1.png using Guid(152407790f431da4fb8636a682156ae6) Importer(815301076,1909f56bfc062723c751e8b465ee728b)  -> (artifact id: '808c7a81d0d9ffaf9f0dbd28e21e309d') in 0.207098 seconds 
========================================================================
Received Import Request.
  Time since last request: 0.000873 seconds.
  path: Assets/Art/Fireball Button.png
  artifactKey: Guid(574c1b1c9febd7b438e16c7d58814f23) Importer(815301076,1909f56bfc062723c751e8b465ee728b)
Start importing Assets/Art/Fireball Button.png using Guid(574c1b1c9febd7b438e16c7d58814f23) Importer(815301076,1909f56bfc062723c751e8b465ee728b)  -> (artifact id: '60bd6b3cb8af72f9260e614cd3af18d1') in 0.213281 seconds 
========================================================================
Received Import Request.
  Time since last request: 0.000775 seconds.
  path: Assets/Art/My Logo.png
  artifactKey: Guid(02f7db9ea43b42441acb46963fa462c4) Importer(815301076,1909f56bfc062723c751e8b465ee728b)
Start importing Assets/Art/My Logo.png using Guid(02f7db9ea43b42441acb46963fa462c4) Importer(815301076,1909f56bfc062723c751e8b465ee728b)  -> (artifact id: '07228daafc66b644d3cc87024d8f9d9b') in 0.172506 seconds 
========================================================================
Received Import Request.
  Time since last request: 0.000794 seconds.
  path: Assets/Art/—Pngtree—wood signs vector plank design_1136371 (1).png
  artifactKey: Guid(9e4b329d635952140b621f92ca85a7c7) Importer(815301076,1909f56bfc062723c751e8b465ee728b)
Start importing Assets/Art/—Pngtree—wood signs vector plank design_1136371 (1).png using Guid(9e4b329d635952140b621f92ca85a7c7) Importer(815301076,1909f56bfc062723c751e8b465ee728b)  -> (artifact id: 'c620ef79790408d95778f70688f660c1') in 0.140161 seconds 
========================================================================
Received Import Request.
  Time since last request: 0.000611 seconds.
  path: Assets/Art/DashEffect2.png
  artifactKey: Guid(41f5dd1c9e91c6549a06e272e64574b1) Importer(815301076,1909f56bfc062723c751e8b465ee728b)
Start importing Assets/Art/DashEffect2.png using Guid(41f5dd1c9e91c6549a06e272e64574b1) Importer(815301076,1909f56bfc062723c751e8b465ee728b)  -> (artifact id: '429bb14afbcfe8e647d67c9fa8c431e8') in 0.191631 seconds 
========================================================================
Received Import Request.
  Time since last request: 0.000807 seconds.
  path: Assets/Art/Shop BG.jpg
  artifactKey: Guid(05bdcb0efd85099468387d508bd59ab7) Importer(815301076,1909f56bfc062723c751e8b465ee728b)
Start importing Assets/Art/Shop BG.jpg using Guid(05bdcb0efd85099468387d508bd59ab7) Importer(815301076,1909f56bfc062723c751e8b465ee728b)  -> (artifact id: '3ddc4490a6242edfa58f6f406850620e') in 0.304788 seconds 
========================================================================
Received Import Request.
  Time since last request: 0.000624 seconds.
  path: Assets/Art/CoinSprite.png
  artifactKey: Guid(d557a5105b99e79479b9ba0dc6f0ee36) Importer(815301076,1909f56bfc062723c751e8b465ee728b)
Start importing Assets/Art/CoinSprite.png using Guid(d557a5105b99e79479b9ba0dc6f0ee36) Importer(815301076,1909f56bfc062723c751e8b465ee728b)  -> (artifact id: 'd8f34deeed68019d8a333c657c0d02f3') in 0.123810 seconds 
========================================================================
Received Import Request.
  Time since last request: 0.000405 seconds.
  path: Assets/Art/GameBackground.png
  artifactKey: Guid(d8e09b42ff56b5340b06572227132420) Importer(815301076,1909f56bfc062723c751e8b465ee728b)
Start importing Assets/Art/GameBackground.png using Guid(d8e09b42ff56b5340b06572227132420) Importer(815301076,1909f56bfc062723c751e8b465ee728b)  -> (artifact id: '16c38535e6cbed198ef65adee960b54e') in 0.175842 seconds 
========================================================================
Received Import Request.
  Time since last request: 0.000875 seconds.
  path: Assets/Art/Pause Button.png
  artifactKey: Guid(e13226fbfa2b01547ba99bb1b6d544a0) Importer(815301076,1909f56bfc062723c751e8b465ee728b)
Start importing Assets/Art/Pause Button.png using Guid(e13226fbfa2b01547ba99bb1b6d544a0) Importer(815301076,1909f56bfc062723c751e8b465ee728b)  -> (artifact id: '8a16994139864ac1f160d47709cf4043') in 0.098227 seconds 
========================================================================
Received Import Request.
  Time since last request: 0.000797 seconds.
  path: Assets/Art/GameOver 2.jpg
  artifactKey: Guid(89c56c5c01a534b40be2fdd7feb25e86) Importer(815301076,1909f56bfc062723c751e8b465ee728b)
Start importing Assets/Art/GameOver 2.jpg using Guid(89c56c5c01a534b40be2fdd7feb25e86) Importer(815301076,1909f56bfc062723c751e8b465ee728b)  -> (artifact id: '9fb7906995f7b9a3c86abbdbfbdbce84') in 0.254805 seconds 
========================================================================
Received Import Request.
  Time since last request: 0.000521 seconds.
  path: Assets/Art/Player Image.png
  artifactKey: Guid(c6555b8c150950d47bafea1f3a3107db) Importer(815301076,1909f56bfc062723c751e8b465ee728b)
Start importing Assets/Art/Player Image.png using Guid(c6555b8c150950d47bafea1f3a3107db) Importer(815301076,1909f56bfc062723c751e8b465ee728b)  -> (artifact id: 'c84823c0df23e69321aad137e9a83094') in 0.172461 seconds 
========================================================================
Received Import Request.
  Time since last request: 0.000794 seconds.
  path: Assets/Art/Crounch Button.png
  artifactKey: Guid(c07382767ed9c60418d74b3497dd3e5d) Importer(815301076,1909f56bfc062723c751e8b465ee728b)
Start importing Assets/Art/Crounch Button.png using Guid(c07382767ed9c60418d74b3497dd3e5d) Importer(815301076,1909f56bfc062723c751e8b465ee728b)  -> (artifact id: '0c4d57e797d594ef72e9131de90b6435') in 0.291799 seconds 
========================================================================
Received Import Request.
  Time since last request: 0.000796 seconds.
  path: Assets/Art/Close.png
  artifactKey: Guid(d501fa34d0a00334cb3c860ba8a8766a) Importer(815301076,1909f56bfc062723c751e8b465ee728b)
Start importing Assets/Art/Close.png using Guid(d501fa34d0a00334cb3c860ba8a8766a) Importer(815301076,1909f56bfc062723c751e8b465ee728b)  -> (artifact id: '89108be67074fde4ac44553023545fe5') in 0.105866 seconds 
========================================================================
Received Import Request.
  Time since last request: 0.000812 seconds.
  path: Assets/Art/DashButton.png
  artifactKey: Guid(19bfb62fe3f6a5644bdcbd293101c027) Importer(815301076,1909f56bfc062723c751e8b465ee728b)
Start importing Assets/Art/DashButton.png using Guid(19bfb62fe3f6a5644bdcbd293101c027) Importer(815301076,1909f56bfc062723c751e8b465ee728b)  -> (artifact id: '425f7a7d3461e76cca13603a94e38be2') in 0.140913 seconds 
========================================================================
Received Import Request.
  Time since last request: 0.000817 seconds.
  path: Assets/Art/Disable button.png
  artifactKey: Guid(36956759c98b57844bb3a448276cd93b) Importer(815301076,1909f56bfc062723c751e8b465ee728b)
Start importing Assets/Art/Disable button.png using Guid(36956759c98b57844bb3a448276cd93b) Importer(815301076,1909f56bfc062723c751e8b465ee728b)  -> (artifact id: '1c4a6917faa38e0ca8a9000bb7c2d5d6') in 0.275497 seconds 
========================================================================
Received Import Request.
  Time since last request: 0.000521 seconds.
  path: Assets/Art/Game2 BG.jpg
  artifactKey: Guid(77ccd9cac44fccf4cbc86037159c6aec) Importer(815301076,1909f56bfc062723c751e8b465ee728b)
Start importing Assets/Art/Game2 BG.jpg using Guid(77ccd9cac44fccf4cbc86037159c6aec) Importer(815301076,1909f56bfc062723c751e8b465ee728b)  -> (artifact id: '7dc538b1e8fe4d8ac2cc8b307b6895e0') in 0.181810 seconds 
========================================================================
Received Import Request.
  Time since last request: 0.000526 seconds.
  path: Assets/Art/w3gt_7g01_210129.jpg
  artifactKey: Guid(b05a3b9bef1dc82438038465c4424cee) Importer(815301076,1909f56bfc062723c751e8b465ee728b)
Start importing Assets/Art/w3gt_7g01_210129.jpg using Guid(b05a3b9bef1dc82438038465c4424cee) Importer(815301076,1909f56bfc062723c751e8b465ee728b)  -> (artifact id: '21300ef179aa153b3ea5bbc016b0f747') in 0.371453 seconds 
========================================================================
Received Import Request.
  Time since last request: 0.000934 seconds.
  path: Assets/Art/Cutter.png
  artifactKey: Guid(cc7cafd0176ea1e468a276c6a11567e4) Importer(815301076,1909f56bfc062723c751e8b465ee728b)
Start importing Assets/Art/Cutter.png using Guid(cc7cafd0176ea1e468a276c6a11567e4) Importer(815301076,1909f56bfc062723c751e8b465ee728b)  -> (artifact id: 'bda5e5a8f0256490e9e4fa7e3e3a953d') in 0.373477 seconds 
========================================================================
Received Import Request.
  Time since last request: 0.000939 seconds.
  path: Assets/Art/Magnet Coin Activate.png
  artifactKey: Guid(2bd3b652f4e6a5647a701fe4c9ca7ee4) Importer(815301076,1909f56bfc062723c751e8b465ee728b)
Start importing Assets/Art/Magnet Coin Activate.png using Guid(2bd3b652f4e6a5647a701fe4c9ca7ee4) Importer(815301076,1909f56bfc062723c751e8b465ee728b)  -> (artifact id: '63b04814131a930c6c359a1c8b97de99') in 0.504112 seconds 
========================================================================
Received Import Request.
  Time since last request: 0.000844 seconds.
  path: Assets/Art/LeaderBoard Icon 1.png
  artifactKey: Guid(06cff681a2322684688ecf0243deff83) Importer(815301076,1909f56bfc062723c751e8b465ee728b)
Start importing Assets/Art/LeaderBoard Icon 1.png using Guid(06cff681a2322684688ecf0243deff83) Importer(815301076,1909f56bfc062723c751e8b465ee728b)  -> (artifact id: '7a5df95ee2710a54c0a16c48f4f3fe6a') in 0.270008 seconds 
========================================================================
Received Import Request.
  Time since last request: 0.000628 seconds.
  path: Assets/Art/Score 3x Activate.png
  artifactKey: Guid(cbc32b50e51b59b46acff9d5f495f279) Importer(815301076,1909f56bfc062723c751e8b465ee728b)
Start importing Assets/Art/Score 3x Activate.png using Guid(cbc32b50e51b59b46acff9d5f495f279) Importer(815301076,1909f56bfc062723c751e8b465ee728b)  -> (artifact id: 'be7c42b09c3d4277f8d4bb80ca159b2e') in 0.512170 seconds 
========================================================================
Received Import Request.
  Time since last request: 0.000823 seconds.
  path: Assets/Art/GameOver image.jpg
  artifactKey: Guid(46fc223a4cdabbb46a063102f98ec269) Importer(815301076,1909f56bfc062723c751e8b465ee728b)
Start importing Assets/Art/GameOver image.jpg using Guid(46fc223a4cdabbb46a063102f98ec269) Importer(815301076,1909f56bfc062723c751e8b465ee728b)  -> (artifact id: '38543be19cf8012db7395af02bc054a6') in 0.889098 seconds 
========================================================================
Received Import Request.
  Time since last request: 0.000811 seconds.
  path: Assets/Art/GroundSprite.png
  artifactKey: Guid(c7bbb96b547268e4c9e676a7d51f8922) Importer(815301076,1909f56bfc062723c751e8b465ee728b)
Start importing Assets/Art/GroundSprite.png using Guid(c7bbb96b547268e4c9e676a7d51f8922) Importer(815301076,1909f56bfc062723c751e8b465ee728b)  -> (artifact id: '249929b0c6893b0ba02a0e91acf72e25') in 1.060759 seconds 
========================================================================
Received Import Request.
  Time since last request: 0.000861 seconds.
  path: Assets/Art/Update.png
  artifactKey: Guid(d3fdb1c16e672b34b9350cd904cc91f3) Importer(815301076,1909f56bfc062723c751e8b465ee728b)
Start importing Assets/Art/Update.png using Guid(d3fdb1c16e672b34b9350cd904cc91f3) Importer(815301076,1909f56bfc062723c751e8b465ee728b)  -> (artifact id: 'cd0ad0fee52fb9d872f5a1d1b0b0d4bb') in 0.669234 seconds 
========================================================================
Received Import Request.
  Time since last request: 101.424853 seconds.
  path: Assets/Script/Zombie
  artifactKey: Guid(6ecb5802944eefd458f3fc40fe6782fe) Importer(815301076,1909f56bfc062723c751e8b465ee728b)
Start importing Assets/Script/Zombie using Guid(6ecb5802944eefd458f3fc40fe6782fe) Importer(815301076,1909f56bfc062723c751e8b465ee728b)  -> (artifact id: '17729b69975968354c685a1684a9c9e7') in 0.014439 seconds 
========================================================================
Received Import Request.
  Time since last request: 2.261595 seconds.
  path: Assets/Script/Zombie/Zombie.cs
  artifactKey: Guid(37446d2b9ad233d4ab5fa73cfaa32007) Importer(815301076,1909f56bfc062723c751e8b465ee728b)
Start importing Assets/Script/Zombie/Zombie.cs using Guid(37446d2b9ad233d4ab5fa73cfaa32007) Importer(815301076,1909f56bfc062723c751e8b465ee728b)  -> (artifact id: 'ef8afe223408db72919072a8c67c57bb') in 0.045967 seconds 
========================================================================
Received Import Request.
  Time since last request: 23.003187 seconds.
  path: Assets/Script/Cutter
  artifactKey: Guid(92c22f30f8a649c459bbcdc7df86abab) Importer(815301076,1909f56bfc062723c751e8b465ee728b)
Start importing Assets/Script/Cutter using Guid(92c22f30f8a649c459bbcdc7df86abab) Importer(815301076,1909f56bfc062723c751e8b465ee728b)  -> (artifact id: '74eab9b95ac5daa9284ef3289e32c9b8') in 0.007908 seconds 
========================================================================
Received Import Request.
  Time since last request: 1.028660 seconds.
  path: Assets/Script/Cutter/Cutter.cs
  artifactKey: Guid(1d78d00ac0e6dc448a0d53e975050f99) Importer(815301076,1909f56bfc062723c751e8b465ee728b)
Start importing Assets/Script/Cutter/Cutter.cs using Guid(1d78d00ac0e6dc448a0d53e975050f99) Importer(815301076,1909f56bfc062723c751e8b465ee728b)  -> (artifact id: '495e6f077d9a8728bb134b9b74698f40') in 0.012137 seconds 
========================================================================
Received Import Request.
  Time since last request: 2.352213 seconds.
  path: Assets/Script/Cutter/VerticalCutter.cs
  artifactKey: Guid(a4c5dcd022676c64789969b9b2e568e0) Importer(815301076,1909f56bfc062723c751e8b465ee728b)
Start importing Assets/Script/Cutter/VerticalCutter.cs using Guid(a4c5dcd022676c64789969b9b2e568e0) Importer(815301076,1909f56bfc062723c751e8b465ee728b)  -> (artifact id: '886ab8f98f2bfa3ed3a3e6cd44557115') in 0.115360 seconds 
========================================================================
Received Prepare
Registering precompiled user dll's ...
Registered in 0.085363 seconds.
Begin MonoManager ReloadAssembly
Native extension for WindowsStandalone target not found
Refreshing native plugins compatible for Editor in 3.56 ms, found 1 plugins.
Preloading 0 native plugins for Editor in 0.00 ms.
GPGSUpgrader start
UnityEngine.StackTraceUtility:ExtractStackTrace ()
UnityEngine.DebugLogHandler:LogFormat (UnityEngine.LogType,UnityEngine.Object,string,object[])
UnityEngine.Logger:Log (UnityEngine.LogType,object)
UnityEngine.Debug:Log (object)
GooglePlayGames.Editor.GPGSUpgrader:.cctor () (at Assets/GooglePlayGames/Editor/GPGSUpgrader.cs:38)
System.Runtime.CompilerServices.RuntimeHelpers:RunClassConstructor (System.RuntimeTypeHandle)
UnityEditor.EditorAssemblies:ProcessInitializeOnLoadAttributes (System.Type[])

(Filename: Assets/GooglePlayGames/Editor/GPGSUpgrader.cs Line: 38)

GPGSUpgrader done
UnityEngine.StackTraceUtility:ExtractStackTrace ()
UnityEngine.DebugLogHandler:LogFormat (UnityEngine.LogType,UnityEngine.Object,string,object[])
UnityEngine.Logger:Log (UnityEngine.LogType,object)
UnityEngine.Debug:Log (object)
GooglePlayGames.Editor.GPGSUpgrader:.cctor () (at Assets/GooglePlayGames/Editor/GPGSUpgrader.cs:105)
System.Runtime.CompilerServices.RuntimeHelpers:RunClassConstructor (System.RuntimeTypeHandle)
UnityEditor.EditorAssemblies:ProcessInitializeOnLoadAttributes (System.Type[])

(Filename: Assets/GooglePlayGames/Editor/GPGSUpgrader.cs Line: 105)

Mono: successfully reloaded assembly
- Completed reload, in  8.919 seconds
Platform modules already initialized, skipping
Switching build target platform(19) subTarget(0) extendedPlatform(0) -> platform(13) subTarget(589824) extendedPlatform(0)
Shader 'Universal Render Pipeline/Particles/Lit': fallback shader 'Universal Render Pipeline/Particles/SimpleLit' not found
Refreshing native plugins compatible for Editor in 1.95 ms, found 1 plugins.
Preloading 0 native plugins for Editor in 0.00 ms.
Unloading 4608 Unused Serialized files (Serialized files now loaded: 0)
System memory in use before: 257.3 MB.
System memory in use after: 257.6 MB.

Unloading 84 unused Assets to reduce memory usage. Loaded Objects now: 5459.
Total: 27.473200 ms (FindLiveObjects: 0.769700 ms CreateObjectMapping: 0.684900 ms MarkObjects: 25.930600 ms  DeleteObjects: 0.082200 ms)

AssetImportParameters requested are different than current active one (requested -> active):
  custom:graphics/normal-map-encoding: 01000000000000000000000000000000 -> 02000000000000000000000000000000
========================================================================
Received Import Request.
  Time since last request: 226.303532 seconds.
  path: Assets/Script/Cutter/VerticalCutter.cs
  artifactKey: Guid(a4c5dcd022676c64789969b9b2e568e0) Importer(815301076,1909f56bfc062723c751e8b465ee728b)
Start importing Assets/Script/Cutter/VerticalCutter.cs using Guid(a4c5dcd022676c64789969b9b2e568e0) Importer(815301076,1909f56bfc062723c751e8b465ee728b)  -> (artifact id: 'ab18d9f523d6d3964089d4c3623b9387') in 0.180799 seconds 
========================================================================
Received Import Request.
  Time since last request: 0.000732 seconds.
  path: Assets/Scenes
  artifactKey: Guid(604cc516ba9ee8940985dffdca749c7e) Importer(815301076,1909f56bfc062723c751e8b465ee728b)
Start importing Assets/Scenes using Guid(604cc516ba9ee8940985dffdca749c7e) Importer(815301076,1909f56bfc062723c751e8b465ee728b)  -> (artifact id: '3cbeae9c9c9bd11c53d9a9957a5ebc60') in 0.276640 seconds 
========================================================================
Received Import Request.
  Time since last request: 29.186759 seconds.
  path: Assets/Scenes/Main Menu.unity
  artifactKey: Guid(fc4532099e2adb44a99644eb294a10cf) Importer(815301076,1909f56bfc062723c751e8b465ee728b)
Start importing Assets/Scenes/Main Menu.unity using Guid(fc4532099e2adb44a99644eb294a10cf) Importer(815301076,1909f56bfc062723c751e8b465ee728b)  -> (artifact id: '8cf9aac716613c5889160b3e1244985d') in 0.028802 seconds 
AssetImportWorkerClient::OnTransportError - code=2 error=End of file
