Using pre-set license
Built from '2021.1/release' branch; Version is '2021.1.0f1 (61a549675243) revision 6399305'; Using compiler version '192528614'; Build Type 'Release'
OS: 'Windows 10 Home Single Language; OS build 19042.631; Version 2009; 64bit' Language: 'en' Physical Memory: 4016 MB
BatchMode: 1, IsHumanControllingUs: 0, StartBugReporterOnCrash: 0, Is64bit: 1, IsPro: 0

 COMMAND LINE ARGUMENTS:
C:\Program Files\Unity\Hub\Editor\2021.1.0f1\Editor\Unity.exe
-adb2
-batchMode
-noUpm
-name
AssetImportWorker13
-projectPath
E:/Unity/Projects/JungleeJumper-EndlessRunnerAndKiller/Jungali Jumper
-logFile
Logs/AssetImportWorker13.log
-srvPort
54299
Successfully changed project path to: E:/Unity/Projects/JungleeJumper-EndlessRunnerAndKiller/Jungali Jumper
E:/Unity/Projects/JungleeJumper-EndlessRunnerAndKiller/Jungali Jumper
Using Asset Import Pipeline V2.
Refreshing native plugins compatible for Editor in 353.35 ms, found 1 plugins.
Preloading 0 native plugins for Editor in 0.00 ms.
Initialize engine version: 2021.1.0f1 (61a549675243)
[Subsystems] Discovering subsystems at path C:/Program Files/Unity/Hub/Editor/2021.1.0f1/Editor/Data/Resources/UnitySubsystems
[Subsystems] Discovering subsystems at path E:/Unity/Projects/JungleeJumper-EndlessRunnerAndKiller/Jungali Jumper/Assets
GfxDevice: creating device client; threaded=0; jobified=0
Direct3D:
    Version:  Direct3D 11.0 [level 11.1]
    Renderer: Intel(R) HD Graphics 5500 (ID=0x1616)
    Vendor:   Intel
    VRAM:     2008 MB
    Driver:   20.19.15.4364
Shader 'Universal Render Pipeline/Particles/Lit': fallback shader 'Universal Render Pipeline/Particles/SimpleLit' not found
Initialize mono
Mono path[0] = 'C:/Program Files/Unity/Hub/Editor/2021.1.0f1/Editor/Data/Managed'
Mono path[1] = 'C:/Program Files/Unity/Hub/Editor/2021.1.0f1/Editor/Data/MonoBleedingEdge/lib/mono/unityjit'
Mono config path = 'C:/Program Files/Unity/Hub/Editor/2021.1.0f1/Editor/Data/MonoBleedingEdge/etc'
Using monoOptions --debugger-agent=transport=dt_socket,embedding=1,server=y,suspend=n,address=127.0.0.1:56224
Begin MonoManager ReloadAssembly
Registering precompiled unity dll's ...
Register platform support module: C:/Program Files/Unity/Hub/Editor/2021.1.0f1/Editor/Data/PlaybackEngines/WindowsStandaloneSupport/UnityEditor.WindowsStandalone.Extensions.dll
Registered in 0.012969 seconds.
Native extension for WindowsStandalone target not found
Refreshing native plugins compatible for Editor in 300.03 ms, found 1 plugins.
Preloading 0 native plugins for Editor in 0.00 ms.
Mono: successfully reloaded assembly
- Completed reload, in  8.460 seconds
Platform modules already initialized, skipping
Registering precompiled user dll's ...
Registered in 0.019009 seconds.
Begin MonoManager ReloadAssembly
Native extension for WindowsStandalone target not found
Refreshing native plugins compatible for Editor in 300.33 ms, found 1 plugins.
Preloading 0 native plugins for Editor in 0.00 ms.
Mono: successfully reloaded assembly
- Completed reload, in  3.203 seconds
Platform modules already initialized, skipping
========================================================================
Worker process is ready to serve import requests
Shader 'Universal Render Pipeline/Particles/Lit': fallback shader 'Universal Render Pipeline/Particles/SimpleLit' not found
Launched and connected shader compiler UnityShaderCompiler.exe after 0.27 seconds
Refreshing native plugins compatible for Editor in 2.49 ms, found 1 plugins.
Preloading 0 native plugins for Editor in 0.00 ms.
Unloading 4537 Unused Serialized files (Serialized files now loaded: 0)
System memory in use before: 178.8 MB.
System memory in use after: 179.1 MB.

Unloading 92 unused Assets to reduce memory usage. Loaded Objects now: 4951.
Total: 18.822500 ms (FindLiveObjects: 0.819700 ms CreateObjectMapping: 0.726100 ms MarkObjects: 17.185300 ms  DeleteObjects: 0.088300 ms)

========================================================================
Received Import Request.
  path: Assets/Art/Ninja Files/Ninja PNG/Ninja Slip.prefab
  artifactKey: Guid(0d9df1ea6073a8541a28ffab9df5e823) Importer(815301076,1909f56bfc062723c751e8b465ee728b)
Start importing Assets/Art/Ninja Files/Ninja PNG/Ninja Slip.prefab using Guid(0d9df1ea6073a8541a28ffab9df5e823) Importer(815301076,1909f56bfc062723c751e8b465ee728b)  -> (artifact id: '51770ed1374ae4435fb0201cc3d8bbfc') in 0.796861 seconds 
========================================================================
Received Prepare
Registering precompiled user dll's ...
Registered in 0.013749 seconds.
Begin MonoManager ReloadAssembly
Native extension for WindowsStandalone target not found
Refreshing native plugins compatible for Editor in 2.17 ms, found 1 plugins.
Preloading 0 native plugins for Editor in 0.00 ms.
Mono: successfully reloaded assembly
- Completed reload, in  2.789 seconds
Platform modules already initialized, skipping
Switching build target platform(19) subTarget(0) extendedPlatform(0) -> platform(13) subTarget(589824) extendedPlatform(0)
Shader 'Universal Render Pipeline/Particles/Lit': fallback shader 'Universal Render Pipeline/Particles/SimpleLit' not found
Refreshing native plugins compatible for Editor in 2.49 ms, found 1 plugins.
Preloading 0 native plugins for Editor in 0.00 ms.
Unloading 4474 Unused Serialized files (Serialized files now loaded: 0)
System memory in use before: 180.1 MB.
System memory in use after: 180.4 MB.

Unloading 84 unused Assets to reduce memory usage. Loaded Objects now: 5001.
Total: 11.902000 ms (FindLiveObjects: 0.420900 ms CreateObjectMapping: 0.341600 ms MarkObjects: 11.069400 ms  DeleteObjects: 0.068000 ms)

AssetImportParameters requested are different than current active one (requested -> active):
  custom:graphics/normal-map-encoding: 01000000000000000000000000000000 -> 02000000000000000000000000000000
========================================================================
Received Prepare
Registering precompiled user dll's ...
Registered in 0.014495 seconds.
Begin MonoManager ReloadAssembly
Native extension for WindowsStandalone target not found
Refreshing native plugins compatible for Editor in 2.13 ms, found 1 plugins.
Preloading 0 native plugins for Editor in 0.00 ms.
Mono: successfully reloaded assembly
- Completed reload, in  2.994 seconds
Platform modules already initialized, skipping
Switching build target platform(19) subTarget(0) extendedPlatform(0) -> platform(13) subTarget(589824) extendedPlatform(0)
Shader 'Universal Render Pipeline/Particles/Lit': fallback shader 'Universal Render Pipeline/Particles/SimpleLit' not found
Refreshing native plugins compatible for Editor in 2.92 ms, found 1 plugins.
Preloading 0 native plugins for Editor in 0.00 ms.
Unloading 4474 Unused Serialized files (Serialized files now loaded: 0)
System memory in use before: 180.2 MB.
System memory in use after: 180.5 MB.

Unloading 84 unused Assets to reduce memory usage. Loaded Objects now: 5004.
Total: 12.061500 ms (FindLiveObjects: 0.621700 ms CreateObjectMapping: 0.571200 ms MarkObjects: 10.800600 ms  DeleteObjects: 0.064900 ms)

AssetImportParameters requested are different than current active one (requested -> active):
  custom:graphics/normal-map-encoding: 01000000000000000000000000000000 -> 02000000000000000000000000000000
========================================================================
Received Import Request.
  Time since last request: 64.421696 seconds.
  path: Assets/Animation/PlayerDestroy Effect
  artifactKey: Guid(c873e3bf6318f27419e867e534887b43) Importer(815301076,1909f56bfc062723c751e8b465ee728b)
Start importing Assets/Animation/PlayerDestroy Effect using Guid(c873e3bf6318f27419e867e534887b43) Importer(815301076,1909f56bfc062723c751e8b465ee728b)  -> (artifact id: 'e2ce4a89963deba6e7fa39618d0106c5') in 0.061751 seconds 
========================================================================
Received Import Request.
  Time since last request: 0.325142 seconds.
  path: Assets/Animation/Player
  artifactKey: Guid(b17cb16acb621cb47aff286faeb877d2) Importer(815301076,1909f56bfc062723c751e8b465ee728b)
Start importing Assets/Animation/Player using Guid(b17cb16acb621cb47aff286faeb877d2) Importer(815301076,1909f56bfc062723c751e8b465ee728b)  -> (artifact id: 'c3be7fb02c41ff84cc8da3c343888942') in 0.043097 seconds 
========================================================================
Received Import Request.
  Time since last request: 0.764133 seconds.
  path: Assets/Animation/PlayerFireball 2
  artifactKey: Guid(a82e3bb51b1e14441bb74d97656145f3) Importer(815301076,1909f56bfc062723c751e8b465ee728b)
Start importing Assets/Animation/PlayerFireball 2 using Guid(a82e3bb51b1e14441bb74d97656145f3) Importer(815301076,1909f56bfc062723c751e8b465ee728b)  -> (artifact id: 'e8e4e168e3bfca892842c99de3b9eaf2') in 0.040971 seconds 
========================================================================
Received Import Request.
  Time since last request: 11.422753 seconds.
  path: Assets/Animation/PlayerOnlyRuning_MainMenu/Ideal/Player.controller
  artifactKey: Guid(152fe6ac0354883488c24efbed3bc13d) Importer(815301076,1909f56bfc062723c751e8b465ee728b)
Start importing Assets/Animation/PlayerOnlyRuning_MainMenu/Ideal/Player.controller using Guid(152fe6ac0354883488c24efbed3bc13d) Importer(815301076,1909f56bfc062723c751e8b465ee728b)  -> (artifact id: '582402d685c546043e0bb4feef642e7d') in 0.025934 seconds 
========================================================================
Received Import Request.
  Time since last request: 27.435828 seconds.
  path: Assets/Art/Ninja Files/Ninja PNG/No Sword
  artifactKey: Guid(129eae3ff1672474db74bd4fe919402b) Importer(815301076,1909f56bfc062723c751e8b465ee728b)
Start importing Assets/Art/Ninja Files/Ninja PNG/No Sword using Guid(129eae3ff1672474db74bd4fe919402b) Importer(815301076,1909f56bfc062723c751e8b465ee728b)  -> (artifact id: 'f0edae875298400d0609644e7981d917') in 0.005252 seconds 
========================================================================
Received Import Request.
  Time since last request: 52.287732 seconds.
  path: Assets/Art/Ninja Files/Ninja PNG/No Sword/PlayerIdel.anim
  artifactKey: Guid(b5c24c6417890724780f7a4774619294) Importer(815301076,1909f56bfc062723c751e8b465ee728b)
Start importing Assets/Art/Ninja Files/Ninja PNG/No Sword/PlayerIdel.anim using Guid(b5c24c6417890724780f7a4774619294) Importer(815301076,1909f56bfc062723c751e8b465ee728b)  -> (artifact id: '15f0bd4ac626c7d3f832dfa2a63484e4') in 0.022968 seconds 
========================================================================
Received Import Request.
  Time since last request: 14.986406 seconds.
  path: Assets/Animation/PlayerOnlyRuning_MainMenu
  artifactKey: Guid(0acc968a9d166274dbe47d00ccec35e0) Importer(815301076,1909f56bfc062723c751e8b465ee728b)
Start importing Assets/Animation/PlayerOnlyRuning_MainMenu using Guid(0acc968a9d166274dbe47d00ccec35e0) Importer(815301076,1909f56bfc062723c751e8b465ee728b)  -> (artifact id: '90921c4dee948034d129c609b35462a6') in 0.006454 seconds 
========================================================================
Received Import Request.
  Time since last request: 0.806069 seconds.
  path: Assets/Animation/PlayerOnlyRuning_MainMenu/Ideal
  artifactKey: Guid(55c3aba53f91db64a9a7e819d7b0c6ca) Importer(815301076,1909f56bfc062723c751e8b465ee728b)
Start importing Assets/Animation/PlayerOnlyRuning_MainMenu/Ideal using Guid(55c3aba53f91db64a9a7e819d7b0c6ca) Importer(815301076,1909f56bfc062723c751e8b465ee728b)  -> (artifact id: '3e6d57647d14b14c6fd98a0ad9e43985') in 0.005287 seconds 
========================================================================
Received Import Request.
  Time since last request: 28.433998 seconds.
  path: Assets/Animation/PlayerOnlyRuning_MainMenu/New Animator Controller.controller
  artifactKey: Guid(937ce27d07427c24a87f84e11ecd21aa) Importer(815301076,1909f56bfc062723c751e8b465ee728b)
Start importing Assets/Animation/PlayerOnlyRuning_MainMenu/New Animator Controller.controller using Guid(937ce27d07427c24a87f84e11ecd21aa) Importer(815301076,1909f56bfc062723c751e8b465ee728b)  -> (artifact id: 'e9224508aa79d7cb15db39ee9a7f0714') in 0.007171 seconds 
========================================================================
Received Import Request.
  Time since last request: 9.122833 seconds.
  path: Assets/Animation/PlayerOnlyRuning_MainMenu/PlayerIdelController.controller
  artifactKey: Guid(937ce27d07427c24a87f84e11ecd21aa) Importer(815301076,1909f56bfc062723c751e8b465ee728b)
Start importing Assets/Animation/PlayerOnlyRuning_MainMenu/PlayerIdelController.controller using Guid(937ce27d07427c24a87f84e11ecd21aa) Importer(815301076,1909f56bfc062723c751e8b465ee728b)  -> (artifact id: '852b9d718de6b3538d8764186cdacff4') in 0.009913 seconds 
========================================================================
Received Prepare
Registering precompiled user dll's ...
Registered in 0.013110 seconds.
Begin MonoManager ReloadAssembly
Native extension for WindowsStandalone target not found
Refreshing native plugins compatible for Editor in 2.25 ms, found 1 plugins.
Preloading 0 native plugins for Editor in 0.00 ms.
Mono: successfully reloaded assembly
- Completed reload, in  2.933 seconds
Platform modules already initialized, skipping
Switching build target platform(19) subTarget(0) extendedPlatform(0) -> platform(13) subTarget(589824) extendedPlatform(0)
Shader 'Universal Render Pipeline/Particles/Lit': fallback shader 'Universal Render Pipeline/Particles/SimpleLit' not found
Refreshing native plugins compatible for Editor in 1.97 ms, found 1 plugins.
Preloading 0 native plugins for Editor in 0.00 ms.
Unloading 4474 Unused Serialized files (Serialized files now loaded: 0)
System memory in use before: 180.2 MB.
System memory in use after: 180.5 MB.

Unloading 84 unused Assets to reduce memory usage. Loaded Objects now: 5007.
Total: 11.241700 ms (FindLiveObjects: 0.505600 ms CreateObjectMapping: 0.404000 ms MarkObjects: 10.267600 ms  DeleteObjects: 0.061900 ms)

AssetImportParameters requested are different than current active one (requested -> active):
  custom:graphics/normal-map-encoding: 01000000000000000000000000000000 -> 02000000000000000000000000000000
========================================================================
Received Import Request.
  Time since last request: 509.909859 seconds.
  path: Assets/Art/2D Zombie/Unity Native Animations/Zombie_Normal.json
  artifactKey: Guid(471cd4813afd2cf4b8e359867b19b4f9) Importer(815301076,1909f56bfc062723c751e8b465ee728b)
Start importing Assets/Art/2D Zombie/Unity Native Animations/Zombie_Normal.json using Guid(471cd4813afd2cf4b8e359867b19b4f9) Importer(815301076,1909f56bfc062723c751e8b465ee728b)  -> (artifact id: 'c9865bed409bf5cacb3e15df1650b943') in 0.055335 seconds 
========================================================================
Received Import Request.
  Time since last request: 19.531600 seconds.
  path: Assets/Art/2D Zombie/Cutted Zombie/Cutted Zombie.prefab
  artifactKey: Guid(d5e8a73e93653224895aaab4cef060b3) Importer(815301076,1909f56bfc062723c751e8b465ee728b)
Start importing Assets/Art/2D Zombie/Cutted Zombie/Cutted Zombie.prefab using Guid(d5e8a73e93653224895aaab4cef060b3) Importer(815301076,1909f56bfc062723c751e8b465ee728b)  -> (artifact id: '47b8397c897e1fafc2235b68e9d1297a') in 1.122611 seconds 
========================================================================
Received Prepare
Registering precompiled user dll's ...
Registered in 0.060287 seconds.
Begin MonoManager ReloadAssembly
Native extension for WindowsStandalone target not found
Refreshing native plugins compatible for Editor in 1.94 ms, found 1 plugins.
Preloading 0 native plugins for Editor in 0.00 ms.
Mono: successfully reloaded assembly
- Completed reload, in  4.382 seconds
Platform modules already initialized, skipping
Switching build target platform(19) subTarget(0) extendedPlatform(0) -> platform(13) subTarget(589824) extendedPlatform(0)
Shader 'Universal Render Pipeline/Particles/Lit': fallback shader 'Universal Render Pipeline/Particles/SimpleLit' not found
Refreshing native plugins compatible for Editor in 5.00 ms, found 1 plugins.
Preloading 0 native plugins for Editor in 0.00 ms.
Unloading 4474 Unused Serialized files (Serialized files now loaded: 0)
System memory in use before: 180.6 MB.
System memory in use after: 180.8 MB.

Unloading 84 unused Assets to reduce memory usage. Loaded Objects now: 5048.
Total: 11.324000 ms (FindLiveObjects: 0.582600 ms CreateObjectMapping: 0.364000 ms MarkObjects: 10.311900 ms  DeleteObjects: 0.063200 ms)

AssetImportParameters requested are different than current active one (requested -> active):
  custom:graphics/normal-map-encoding: 01000000000000000000000000000000 -> 02000000000000000000000000000000
========================================================================
Received Import Request.
  Time since last request: 215.425851 seconds.
  path: Assets/Art/2D Zombie/Unity Native Animations/Baked/Fireball_Throw.anim
  artifactKey: Guid(2c3ce9a2d9f81e440ac0ec6f6b69d3bf) Importer(815301076,1909f56bfc062723c751e8b465ee728b)
Start importing Assets/Art/2D Zombie/Unity Native Animations/Baked/Fireball_Throw.anim using Guid(2c3ce9a2d9f81e440ac0ec6f6b69d3bf) Importer(815301076,1909f56bfc062723c751e8b465ee728b)  -> (artifact id: 'b200994095183bde2ba77f2f41029cf0') in 0.062170 seconds 
========================================================================
Received Import Request.
  Time since last request: 2.954006 seconds.
  path: Assets/Art/2D Zombie/Unity Native Animations/Baked/Zombie_Normal Controller.controller
  artifactKey: Guid(8b195c47592e6aa499d2ff9a9c371f55) Importer(815301076,1909f56bfc062723c751e8b465ee728b)
Start importing Assets/Art/2D Zombie/Unity Native Animations/Baked/Zombie_Normal Controller.controller using Guid(8b195c47592e6aa499d2ff9a9c371f55) Importer(815301076,1909f56bfc062723c751e8b465ee728b)  -> (artifact id: 'df494c16e5a58abebab24885dfc1affd') in 0.774124 seconds 
========================================================================
Received Import Request.
  Time since last request: 9.124247 seconds.
  path: Assets/Art/2D Zombie/Spine2D Files/Zombie_Normal.spine
  artifactKey: Guid(4a598642efb550b4eb01c1b0265b3348) Importer(815301076,1909f56bfc062723c751e8b465ee728b)
Start importing Assets/Art/2D Zombie/Spine2D Files/Zombie_Normal.spine using Guid(4a598642efb550b4eb01c1b0265b3348) Importer(815301076,1909f56bfc062723c751e8b465ee728b)  -> (artifact id: 'b83689cc7715d4cb55d0d97e58ee6c0e') in 0.037718 seconds 
========================================================================
Received Import Request.
  Time since last request: 6.254916 seconds.
  path: Assets/Art/2D Zombie/Spine2D Animations Exports/Zombie_Normal.json
  artifactKey: Guid(f986d8534ba26614b861f68fa6ed2cc4) Importer(815301076,1909f56bfc062723c751e8b465ee728b)
Start importing Assets/Art/2D Zombie/Spine2D Animations Exports/Zombie_Normal.json using Guid(f986d8534ba26614b861f68fa6ed2cc4) Importer(815301076,1909f56bfc062723c751e8b465ee728b)  -> (artifact id: '5f2041bdde517a63ee763e0e03cae29b') in 0.007235 seconds 
========================================================================
Received Import Request.
  Time since last request: 0.790247 seconds.
  path: Assets/Art/2D Zombie/Spine2D Animations Exports/Zombie_Normal.atlas.txt
  artifactKey: Guid(69f076cbe54eed04a854716b393c12c1) Importer(815301076,1909f56bfc062723c751e8b465ee728b)
Start importing Assets/Art/2D Zombie/Spine2D Animations Exports/Zombie_Normal.atlas.txt using Guid(69f076cbe54eed04a854716b393c12c1) Importer(815301076,1909f56bfc062723c751e8b465ee728b)  -> (artifact id: 'ca3fff1e98fef4dbf25db1a09ff6fbbd') in 0.227269 seconds 
========================================================================
Received Prepare
Registering precompiled user dll's ...
Registered in 0.127582 seconds.
Begin MonoManager ReloadAssembly
Native extension for WindowsStandalone target not found
Refreshing native plugins compatible for Editor in 5.21 ms, found 1 plugins.
Preloading 0 native plugins for Editor in 0.00 ms.
Mono: successfully reloaded assembly
- Completed reload, in  9.654 seconds
Platform modules already initialized, skipping
Switching build target platform(19) subTarget(0) extendedPlatform(0) -> platform(13) subTarget(589824) extendedPlatform(0)
Shader 'Universal Render Pipeline/Particles/Lit': fallback shader 'Universal Render Pipeline/Particles/SimpleLit' not found
Refreshing native plugins compatible for Editor in 2.84 ms, found 1 plugins.
Preloading 0 native plugins for Editor in 0.00 ms.
Unloading 4474 Unused Serialized files (Serialized files now loaded: 0)
System memory in use before: 180.5 MB.
System memory in use after: 180.8 MB.

Unloading 84 unused Assets to reduce memory usage. Loaded Objects now: 5051.
Total: 14.159900 ms (FindLiveObjects: 0.479600 ms CreateObjectMapping: 0.359100 ms MarkObjects: 13.235600 ms  DeleteObjects: 0.082900 ms)

AssetImportParameters requested are different than current active one (requested -> active):
  custom:graphics/normal-map-encoding: 01000000000000000000000000000000 -> 02000000000000000000000000000000
========================================================================
Received Prepare
Registering precompiled user dll's ...
Registered in 0.013860 seconds.
Begin MonoManager ReloadAssembly
Native extension for WindowsStandalone target not found
Refreshing native plugins compatible for Editor in 2.27 ms, found 1 plugins.
Preloading 0 native plugins for Editor in 0.00 ms.
Mono: successfully reloaded assembly
- Completed reload, in  3.086 seconds
Platform modules already initialized, skipping
Switching build target platform(19) subTarget(0) extendedPlatform(0) -> platform(13) subTarget(589824) extendedPlatform(0)
Shader 'Universal Render Pipeline/Particles/Lit': fallback shader 'Universal Render Pipeline/Particles/SimpleLit' not found
Refreshing native plugins compatible for Editor in 2.03 ms, found 1 plugins.
Preloading 0 native plugins for Editor in 0.00 ms.
Unloading 4474 Unused Serialized files (Serialized files now loaded: 0)
System memory in use before: 180.5 MB.
System memory in use after: 180.8 MB.

Unloading 84 unused Assets to reduce memory usage. Loaded Objects now: 5054.
Total: 12.032700 ms (FindLiveObjects: 0.574900 ms CreateObjectMapping: 0.472700 ms MarkObjects: 10.918600 ms  DeleteObjects: 0.064000 ms)

AssetImportParameters requested are different than current active one (requested -> active):
  custom:graphics/normal-map-encoding: 01000000000000000000000000000000 -> 02000000000000000000000000000000
========================================================================
Received Import Request.
  Time since last request: 109.007379 seconds.
  path: Assets/Art/2D Zombie/Shader
  artifactKey: Guid(b76b5d54dd03ebc4e88e7275a148c940) Importer(815301076,1909f56bfc062723c751e8b465ee728b)
Start importing Assets/Art/2D Zombie/Shader using Guid(b76b5d54dd03ebc4e88e7275a148c940) Importer(815301076,1909f56bfc062723c751e8b465ee728b)  -> (artifact id: '48fd7585223db0b88b527592a1fb4311') in 0.038459 seconds 
========================================================================
Received Prepare
Registering precompiled user dll's ...
Registered in 0.069607 seconds.
Begin MonoManager ReloadAssembly
Native extension for WindowsStandalone target not found
Refreshing native plugins compatible for Editor in 1.93 ms, found 1 plugins.
Preloading 0 native plugins for Editor in 0.00 ms.
Mono: successfully reloaded assembly
- Completed reload, in  3.226 seconds
Platform modules already initialized, skipping
Switching build target platform(19) subTarget(0) extendedPlatform(0) -> platform(13) subTarget(589824) extendedPlatform(0)
Shader 'Universal Render Pipeline/Particles/Lit': fallback shader 'Universal Render Pipeline/Particles/SimpleLit' not found
Refreshing native plugins compatible for Editor in 3.18 ms, found 1 plugins.
Preloading 0 native plugins for Editor in 0.00 ms.
Unloading 4474 Unused Serialized files (Serialized files now loaded: 0)
System memory in use before: 180.5 MB.
System memory in use after: 180.8 MB.

Unloading 84 unused Assets to reduce memory usage. Loaded Objects now: 5057.
Total: 12.075400 ms (FindLiveObjects: 0.493500 ms CreateObjectMapping: 0.402400 ms MarkObjects: 11.096000 ms  DeleteObjects: 0.080800 ms)

AssetImportParameters requested are different than current active one (requested -> active):
  custom:graphics/normal-map-encoding: 01000000000000000000000000000000 -> 02000000000000000000000000000000
========================================================================
Received Prepare
Registering precompiled user dll's ...
Registered in 0.061615 seconds.
Begin MonoManager ReloadAssembly
Native extension for WindowsStandalone target not found
Refreshing native plugins compatible for Editor in 2.54 ms, found 1 plugins.
Preloading 0 native plugins for Editor in 0.00 ms.
Mono: successfully reloaded assembly
- Completed reload, in  3.094 seconds
Platform modules already initialized, skipping
Switching build target platform(19) subTarget(0) extendedPlatform(0) -> platform(13) subTarget(589824) extendedPlatform(0)
Shader 'Universal Render Pipeline/Particles/Lit': fallback shader 'Universal Render Pipeline/Particles/SimpleLit' not found
Refreshing native plugins compatible for Editor in 1.96 ms, found 1 plugins.
Preloading 0 native plugins for Editor in 0.00 ms.
Unloading 4474 Unused Serialized files (Serialized files now loaded: 0)
System memory in use before: 180.5 MB.
System memory in use after: 180.8 MB.

Unloading 84 unused Assets to reduce memory usage. Loaded Objects now: 5060.
Total: 11.518400 ms (FindLiveObjects: 0.473400 ms CreateObjectMapping: 0.369600 ms MarkObjects: 10.608200 ms  DeleteObjects: 0.064000 ms)

AssetImportParameters requested are different than current active one (requested -> active):
  custom:graphics/normal-map-encoding: 01000000000000000000000000000000 -> 02000000000000000000000000000000
========================================================================
Received Prepare
Registering precompiled user dll's ...
Registered in 0.012518 seconds.
Begin MonoManager ReloadAssembly
Native extension for WindowsStandalone target not found
Refreshing native plugins compatible for Editor in 2.35 ms, found 1 plugins.
Preloading 0 native plugins for Editor in 0.00 ms.
Mono: successfully reloaded assembly
- Completed reload, in  3.232 seconds
Platform modules already initialized, skipping
Switching build target platform(19) subTarget(0) extendedPlatform(0) -> platform(13) subTarget(589824) extendedPlatform(0)
Shader 'Universal Render Pipeline/Particles/Lit': fallback shader 'Universal Render Pipeline/Particles/SimpleLit' not found
Refreshing native plugins compatible for Editor in 1.96 ms, found 1 plugins.
Preloading 0 native plugins for Editor in 0.00 ms.
Unloading 4474 Unused Serialized files (Serialized files now loaded: 0)
System memory in use before: 180.6 MB.
System memory in use after: 180.8 MB.

Unloading 84 unused Assets to reduce memory usage. Loaded Objects now: 5063.
Total: 13.339400 ms (FindLiveObjects: 0.662500 ms CreateObjectMapping: 0.712200 ms MarkObjects: 11.901300 ms  DeleteObjects: 0.061200 ms)

AssetImportParameters requested are different than current active one (requested -> active):
  custom:graphics/normal-map-encoding: 01000000000000000000000000000000 -> 02000000000000000000000000000000
========================================================================
Received Import Request.
  Time since last request: 203.009770 seconds.
  path: Assets/Art/2D Zombie/Spine2D Animations Exports/Zombie_Normal.png
  artifactKey: Guid(98fa05f8e08cc6b499db8b5df5cc3b3a) Importer(815301076,1909f56bfc062723c751e8b465ee728b)
Start importing Assets/Art/2D Zombie/Spine2D Animations Exports/Zombie_Normal.png using Guid(98fa05f8e08cc6b499db8b5df5cc3b3a) Importer(815301076,1909f56bfc062723c751e8b465ee728b)  -> (artifact id: '2e7a9b6a7a8eb8d31a49cebfb018a698') in 0.411773 seconds 
========================================================================
Received Import Request.
  Time since last request: 0.000841 seconds.
  path: Assets/Art/2D Zombie/Spine2D Animations Exports
  artifactKey: Guid(492f15ffd38a05f4aaa9142a40ba63c0) Importer(815301076,1909f56bfc062723c751e8b465ee728b)
Start importing Assets/Art/2D Zombie/Spine2D Animations Exports using Guid(492f15ffd38a05f4aaa9142a40ba63c0) Importer(815301076,1909f56bfc062723c751e8b465ee728b)  -> (artifact id: 'c917e3547781be161631dba8c43ebe12') in 0.018240 seconds 
========================================================================
Received Import Request.
  Time since last request: 45.482695 seconds.
  path: Assets/Art/2D Zombie/Unity Native Animations/Zombie_Normal_Atlas.asset
  artifactKey: Guid(cc0fbd8d5bf72d64ea33da86355fe557) Importer(815301076,1909f56bfc062723c751e8b465ee728b)
Start importing Assets/Art/2D Zombie/Unity Native Animations/Zombie_Normal_Atlas.asset using Guid(cc0fbd8d5bf72d64ea33da86355fe557) Importer(815301076,1909f56bfc062723c751e8b465ee728b)  -> (artifact id: '1bc1be164a686744182dab38d65204da') in 0.048261 seconds 
========================================================================
Received Import Request.
  Time since last request: 34.878758 seconds.
  path: Assets/Art/2D Zombie/Unity Native Animations/Zombie_Normal.png
  artifactKey: Guid(1d44309ecdaa8244eb75229d95f7b1ed) Importer(815301076,1909f56bfc062723c751e8b465ee728b)
Start importing Assets/Art/2D Zombie/Unity Native Animations/Zombie_Normal.png using Guid(1d44309ecdaa8244eb75229d95f7b1ed) Importer(815301076,1909f56bfc062723c751e8b465ee728b)  -> (artifact id: '59035d472931fa06a17e8ef1c4f0018e') in 0.067013 seconds 
========================================================================
Received Import Request.
  Time since last request: 71.611789 seconds.
  path: Assets/Art/artwork/Sprites/Items/cherry
  artifactKey: Guid(2b25fb0d2fb6b4c5f8439e2d629b7e73) Importer(815301076,1909f56bfc062723c751e8b465ee728b)
Start importing Assets/Art/artwork/Sprites/Items/cherry using Guid(2b25fb0d2fb6b4c5f8439e2d629b7e73) Importer(815301076,1909f56bfc062723c751e8b465ee728b)  -> (artifact id: 'fcf676a55440da7bd4b33c83ad036126') in 0.080839 seconds 
========================================================================
Received Prepare
Registering precompiled user dll's ...
Registered in 0.135110 seconds.
Begin MonoManager ReloadAssembly
Native extension for WindowsStandalone target not found
Refreshing native plugins compatible for Editor in 2.25 ms, found 1 plugins.
Preloading 0 native plugins for Editor in 0.00 ms.
Mono: successfully reloaded assembly
- Completed reload, in  3.251 seconds
Platform modules already initialized, skipping
Switching build target platform(19) subTarget(0) extendedPlatform(0) -> platform(13) subTarget(589824) extendedPlatform(0)
Shader 'Universal Render Pipeline/Particles/Lit': fallback shader 'Universal Render Pipeline/Particles/SimpleLit' not found
Refreshing native plugins compatible for Editor in 1.91 ms, found 1 plugins.
Preloading 0 native plugins for Editor in 0.00 ms.
Unloading 4475 Unused Serialized files (Serialized files now loaded: 0)
System memory in use before: 182.1 MB.
System memory in use after: 182.4 MB.

Unloading 84 unused Assets to reduce memory usage. Loaded Objects now: 5097.
Total: 11.524800 ms (FindLiveObjects: 0.513200 ms CreateObjectMapping: 0.350500 ms MarkObjects: 10.593100 ms  DeleteObjects: 0.066300 ms)

AssetImportParameters requested are different than current active one (requested -> active):
  custom:graphics/normal-map-encoding: 01000000000000000000000000000000 -> 02000000000000000000000000000000
========================================================================
Received Import Request.
  Time since last request: 49.463127 seconds.
  path: Assets/Art/artwork/Environment
  artifactKey: Guid(7174750bdca91466fa784bba50da49b4) Importer(815301076,1909f56bfc062723c751e8b465ee728b)
Start importing Assets/Art/artwork/Environment using Guid(7174750bdca91466fa784bba50da49b4) Importer(815301076,1909f56bfc062723c751e8b465ee728b)  -> (artifact id: '37e420dbafcb892168dc965499dde24a') in 0.077759 seconds 
========================================================================
Received Import Request.
  Time since last request: 1.358172 seconds.
  path: Assets/Art/artwork/Environment/props
  artifactKey: Guid(15e7312e0607f4e84aeacdc44a70744c) Importer(815301076,1909f56bfc062723c751e8b465ee728b)
Start importing Assets/Art/artwork/Environment/props using Guid(15e7312e0607f4e84aeacdc44a70744c) Importer(815301076,1909f56bfc062723c751e8b465ee728b)  -> (artifact id: 'fb27dde15c51d6c8641abd6f2910195a') in 0.047254 seconds 
========================================================================
Received Import Request.
  Time since last request: 0.000420 seconds.
  path: Assets/Art/artwork/Environment/props/spikes.png
  artifactKey: Guid(0049772a1acaf4a49b69bb504ffe2669) Importer(815301076,1909f56bfc062723c751e8b465ee728b)
Start importing Assets/Art/artwork/Environment/props/spikes.png using Guid(0049772a1acaf4a49b69bb504ffe2669) Importer(815301076,1909f56bfc062723c751e8b465ee728b)  -> (artifact id: 'de2e6594de86f3263752a0a170686ecb') in 0.378616 seconds 
========================================================================
Received Import Request.
  Time since last request: 57.847642 seconds.
  path: Assets/Art/Button/Crounch Button.png
  artifactKey: Guid(c07382767ed9c60418d74b3497dd3e5d) Importer(815301076,1909f56bfc062723c751e8b465ee728b)
Start importing Assets/Art/Button/Crounch Button.png using Guid(c07382767ed9c60418d74b3497dd3e5d) Importer(815301076,1909f56bfc062723c751e8b465ee728b)  -> (artifact id: '300e190eaf3d2002cdfb0f7990da275f') in 0.030784 seconds 
========================================================================
Received Import Request.
  Time since last request: 77.384130 seconds.
  path: Assets/Boomlagoon
  artifactKey: Guid(797f0af987586ad4e9a1a20e27bb9f60) Importer(815301076,1909f56bfc062723c751e8b465ee728b)
Start importing Assets/Boomlagoon using Guid(797f0af987586ad4e9a1a20e27bb9f60) Importer(815301076,1909f56bfc062723c751e8b465ee728b)  -> (artifact id: 'f307b8078c55626d4a408458580ce96c') in 0.004092 seconds 
========================================================================
Received Import Request.
  Time since last request: 0.864190 seconds.
  path: Assets/Boomlagoon/JSON
  artifactKey: Guid(37b7740e72220db4fb55db8286b401dc) Importer(815301076,1909f56bfc062723c751e8b465ee728b)
Start importing Assets/Boomlagoon/JSON using Guid(37b7740e72220db4fb55db8286b401dc) Importer(815301076,1909f56bfc062723c751e8b465ee728b)  -> (artifact id: '6e2b75f351f622b8c6b868d1a12cc500') in 0.034440 seconds 
========================================================================
Received Import Request.
  Time since last request: 2.997454 seconds.
  path: Assets/Boomlagoon/JSON/TestScene
  artifactKey: Guid(315688a1301adb24f941f08b9d2319cc) Importer(815301076,1909f56bfc062723c751e8b465ee728b)
Start importing Assets/Boomlagoon/JSON/TestScene using Guid(315688a1301adb24f941f08b9d2319cc) Importer(815301076,1909f56bfc062723c751e8b465ee728b)  -> (artifact id: '36ebd7dca855e9136d8fdaf4c9394ea6') in 0.026045 seconds 
========================================================================
Received Import Request.
  Time since last request: 1.055780 seconds.
  path: Assets/Boomlagoon/JSON/TestScene/JSONTestScene.unity
  artifactKey: Guid(f870e7c867d3c094bb732e78c3c747b2) Importer(815301076,1909f56bfc062723c751e8b465ee728b)
Start importing Assets/Boomlagoon/JSON/TestScene/JSONTestScene.unity using Guid(f870e7c867d3c094bb732e78c3c747b2) Importer(815301076,1909f56bfc062723c751e8b465ee728b)  -> (artifact id: '5abe945a31b8807322a0b7e15fd0c8c9') in 0.058386 seconds 
========================================================================
Received Import Request.
  Time since last request: 13.761978 seconds.
  path: Assets/Scenes/Main Menu.unity
  artifactKey: Guid(fc4532099e2adb44a99644eb294a10cf) Importer(815301076,1909f56bfc062723c751e8b465ee728b)
Start importing Assets/Scenes/Main Menu.unity using Guid(fc4532099e2adb44a99644eb294a10cf) Importer(815301076,1909f56bfc062723c751e8b465ee728b)  -> (artifact id: '41817df5b703d1650cdfecb85a547293') in 0.031176 seconds 
========================================================================
Received Import Request.
  Time since last request: 14.163885 seconds.
  path: Assets/Boomlagoon/JSON/Readme.txt
  artifactKey: Guid(85829d073a3a08e42bf75593a57fb612) Importer(815301076,1909f56bfc062723c751e8b465ee728b)
Start importing Assets/Boomlagoon/JSON/Readme.txt using Guid(85829d073a3a08e42bf75593a57fb612) Importer(815301076,1909f56bfc062723c751e8b465ee728b)  -> (artifact id: 'ee5a9ed1f2eb3c3958769c2dbc3f3f65') in 0.008667 seconds 
========================================================================
Received Import Request.
  Time since last request: 53.429872 seconds.
  path: Assets/ParticleEffect/Leaf.tif
  artifactKey: Guid(ae3bebcfef2542e459419a3739e9716d) Importer(815301076,1909f56bfc062723c751e8b465ee728b)
Start importing Assets/ParticleEffect/Leaf.tif using Guid(ae3bebcfef2542e459419a3739e9716d) Importer(815301076,1909f56bfc062723c751e8b465ee728b)  -> (artifact id: '11e058d2fae23a9b5b7aa8f56f12d2ca') in 0.148008 seconds 
========================================================================
Received Import Request.
  Time since last request: 58.167090 seconds.
  path: Assets/Prefab/Grounds 2
  artifactKey: Guid(77c3e404242beb94c92d42de631c1feb) Importer(815301076,1909f56bfc062723c751e8b465ee728b)
Start importing Assets/Prefab/Grounds 2 using Guid(77c3e404242beb94c92d42de631c1feb) Importer(815301076,1909f56bfc062723c751e8b465ee728b)  -> (artifact id: 'd04d4064c2ddf860113139008b8ebe0c') in 0.006465 seconds 
========================================================================
Received Import Request.
  Time since last request: 0.048432 seconds.
  path: Assets/Prefab/Grounds 2/Large Ground   2.prefab
  artifactKey: Guid(a0ec66028da386346a8f2b91f8027f47) Importer(815301076,1909f56bfc062723c751e8b465ee728b)
Start importing Assets/Prefab/Grounds 2/Large Ground   2.prefab using Guid(a0ec66028da386346a8f2b91f8027f47) Importer(815301076,1909f56bfc062723c751e8b465ee728b)  -> (artifact id: '855608f58d089ef33fea79b6041c39f2') in 0.358099 seconds 
========================================================================
Received Import Request.
  Time since last request: 0.000425 seconds.
  path: Assets/Prefab/Grounds 2/Small Ground 2.prefab
  artifactKey: Guid(1bddbfce68fa21943ad4b8ea2ef960f2) Importer(815301076,1909f56bfc062723c751e8b465ee728b)
Start importing Assets/Prefab/Grounds 2/Small Ground 2.prefab using Guid(1bddbfce68fa21943ad4b8ea2ef960f2) Importer(815301076,1909f56bfc062723c751e8b465ee728b)  -> (artifact id: '6026c629b471368677e6a1e035bc84b7') in 0.058951 seconds 
========================================================================
Received Import Request.
  Time since last request: 0.000372 seconds.
  path: Assets/Prefab/Grounds 2/Medium Ground  2.prefab
  artifactKey: Guid(666156933c3b3bb41afe0ca116b9737e) Importer(815301076,1909f56bfc062723c751e8b465ee728b)
Start importing Assets/Prefab/Grounds 2/Medium Ground  2.prefab using Guid(666156933c3b3bb41afe0ca116b9737e) Importer(815301076,1909f56bfc062723c751e8b465ee728b)  -> (artifact id: '29224b767ff4e79c3df3574d99011be2') in 0.049147 seconds 
========================================================================
Received Prepare
Registering precompiled user dll's ...
Registered in 0.201526 seconds.
Begin MonoManager ReloadAssembly
Native extension for WindowsStandalone target not found
Refreshing native plugins compatible for Editor in 4.42 ms, found 1 plugins.
Preloading 0 native plugins for Editor in 0.00 ms.
Mono: successfully reloaded assembly
- Completed reload, in  5.032 seconds
Platform modules already initialized, skipping
Switching build target platform(19) subTarget(0) extendedPlatform(0) -> platform(13) subTarget(589824) extendedPlatform(0)
Shader 'Universal Render Pipeline/Particles/Lit': fallback shader 'Universal Render Pipeline/Particles/SimpleLit' not found
Refreshing native plugins compatible for Editor in 3.76 ms, found 1 plugins.
Preloading 0 native plugins for Editor in 0.00 ms.
Unloading 4476 Unused Serialized files (Serialized files now loaded: 0)
System memory in use before: 183.9 MB.
System memory in use after: 184.2 MB.

Unloading 84 unused Assets to reduce memory usage. Loaded Objects now: 5188.
Total: 21.515900 ms (FindLiveObjects: 0.790800 ms CreateObjectMapping: 0.704800 ms MarkObjects: 19.912400 ms  DeleteObjects: 0.103600 ms)

AssetImportParameters requested are different than current active one (requested -> active):
  custom:graphics/normal-map-encoding: 01000000000000000000000000000000 -> 02000000000000000000000000000000
========================================================================
Received Prepare
Registering precompiled user dll's ...
Registered in 0.014578 seconds.
Begin MonoManager ReloadAssembly
Native extension for WindowsStandalone target not found
Refreshing native plugins compatible for Editor in 3.61 ms, found 1 plugins.
Preloading 0 native plugins for Editor in 0.00 ms.
Mono: successfully reloaded assembly
- Completed reload, in  4.468 seconds
Platform modules already initialized, skipping
Switching build target platform(19) subTarget(0) extendedPlatform(0) -> platform(13) subTarget(589824) extendedPlatform(0)
Shader 'Universal Render Pipeline/Particles/Lit': fallback shader 'Universal Render Pipeline/Particles/SimpleLit' not found
Refreshing native plugins compatible for Editor in 3.09 ms, found 1 plugins.
Preloading 0 native plugins for Editor in 0.00 ms.
Unloading 4474 Unused Serialized files (Serialized files now loaded: 0)
System memory in use before: 183.9 MB.
System memory in use after: 184.1 MB.

Unloading 84 unused Assets to reduce memory usage. Loaded Objects now: 5191.
Total: 16.656400 ms (FindLiveObjects: 1.124200 ms CreateObjectMapping: 1.022100 ms MarkObjects: 14.380400 ms  DeleteObjects: 0.126700 ms)

AssetImportParameters requested are different than current active one (requested -> active):
  custom:graphics/normal-map-encoding: 01000000000000000000000000000000 -> 02000000000000000000000000000000
========================================================================
Received Prepare
Registering precompiled user dll's ...
Registered in 0.017218 seconds.
Begin MonoManager ReloadAssembly
Native extension for WindowsStandalone target not found
Refreshing native plugins compatible for Editor in 13.97 ms, found 1 plugins.
Preloading 0 native plugins for Editor in 0.00 ms.
Mono: successfully reloaded assembly
- Completed reload, in 11.050 seconds
Platform modules already initialized, skipping
Switching build target platform(19) subTarget(0) extendedPlatform(0) -> platform(13) subTarget(589824) extendedPlatform(0)
Shader 'Universal Render Pipeline/Particles/Lit': fallback shader 'Universal Render Pipeline/Particles/SimpleLit' not found
Refreshing native plugins compatible for Editor in 2.00 ms, found 1 plugins.
Preloading 0 native plugins for Editor in 0.00 ms.
Unloading 4474 Unused Serialized files (Serialized files now loaded: 0)
System memory in use before: 183.8 MB.
System memory in use after: 184.1 MB.

Unloading 84 unused Assets to reduce memory usage. Loaded Objects now: 5194.
Total: 12.497200 ms (FindLiveObjects: 0.525200 ms CreateObjectMapping: 0.376400 ms MarkObjects: 11.532700 ms  DeleteObjects: 0.060300 ms)

AssetImportParameters requested are different than current active one (requested -> active):
  custom:graphics/normal-map-encoding: 01000000000000000000000000000000 -> 02000000000000000000000000000000
========================================================================
Received Prepare
Registering precompiled user dll's ...
Registered in 0.083812 seconds.
Begin MonoManager ReloadAssembly
Native extension for WindowsStandalone target not found
Refreshing native plugins compatible for Editor in 2.13 ms, found 1 plugins.
Preloading 0 native plugins for Editor in 0.00 ms.
Mono: successfully reloaded assembly
- Completed reload, in  4.612 seconds
Platform modules already initialized, skipping
Switching build target platform(19) subTarget(0) extendedPlatform(0) -> platform(13) subTarget(589824) extendedPlatform(0)
Shader 'Universal Render Pipeline/Particles/Lit': fallback shader 'Universal Render Pipeline/Particles/SimpleLit' not found
Refreshing native plugins compatible for Editor in 3.87 ms, found 1 plugins.
Preloading 0 native plugins for Editor in 0.00 ms.
Unloading 4157 Unused Serialized files (Serialized files now loaded: 0)
System memory in use before: 177.4 MB.
System memory in use after: 177.6 MB.

Unloading 323 unused Assets to reduce memory usage. Loaded Objects now: 4949.
Total: 7.779500 ms (FindLiveObjects: 1.013300 ms CreateObjectMapping: 0.593700 ms MarkObjects: 5.897500 ms  DeleteObjects: 0.272000 ms)

AssetImportParameters requested are different than current active one (requested -> active):
  custom:graphics/normal-map-encoding: 01000000000000000000000000000000 -> 02000000000000000000000000000000
========================================================================
Received Prepare
Registering precompiled user dll's ...
Registered in 0.062461 seconds.
Begin MonoManager ReloadAssembly
Native extension for WindowsStandalone target not found
Refreshing native plugins compatible for Editor in 3.05 ms, found 1 plugins.
Preloading 0 native plugins for Editor in 0.00 ms.
Mono: successfully reloaded assembly
- Completed reload, in  5.275 seconds
Platform modules already initialized, skipping
Switching build target platform(19) subTarget(0) extendedPlatform(0) -> platform(13) subTarget(589824) extendedPlatform(0)
Shader 'Universal Render Pipeline/Particles/Lit': fallback shader 'Universal Render Pipeline/Particles/SimpleLit' not found
Refreshing native plugins compatible for Editor in 1.75 ms, found 1 plugins.
Preloading 0 native plugins for Editor in 0.00 ms.
Unloading 4157 Unused Serialized files (Serialized files now loaded: 0)
System memory in use before: 176.5 MB.
System memory in use after: 176.7 MB.

Unloading 75 unused Assets to reduce memory usage. Loaded Objects now: 4952.
Total: 5.015000 ms (FindLiveObjects: 0.704300 ms CreateObjectMapping: 0.352000 ms MarkObjects: 3.900400 ms  DeleteObjects: 0.056000 ms)

AssetImportParameters requested are different than current active one (requested -> active):
  custom:graphics/normal-map-encoding: 01000000000000000000000000000000 -> 02000000000000000000000000000000
========================================================================
Received Prepare
Registering precompiled user dll's ...
Registered in 0.503470 seconds.
Begin MonoManager ReloadAssembly
Native extension for WindowsStandalone target not found
Refreshing native plugins compatible for Editor in 2.01 ms, found 1 plugins.
Preloading 0 native plugins for Editor in 0.00 ms.
Mono: successfully reloaded assembly
- Completed reload, in  7.476 seconds
Platform modules already initialized, skipping
Switching build target platform(19) subTarget(0) extendedPlatform(0) -> platform(13) subTarget(589824) extendedPlatform(0)
Shader 'Universal Render Pipeline/Particles/Lit': fallback shader 'Universal Render Pipeline/Particles/SimpleLit' not found
Refreshing native plugins compatible for Editor in 2.10 ms, found 1 plugins.
Preloading 0 native plugins for Editor in 0.00 ms.
Unloading 4157 Unused Serialized files (Serialized files now loaded: 0)
System memory in use before: 176.5 MB.
System memory in use after: 176.7 MB.

Unloading 75 unused Assets to reduce memory usage. Loaded Objects now: 4955.
Total: 8.050400 ms (FindLiveObjects: 0.725200 ms CreateObjectMapping: 0.560700 ms MarkObjects: 6.698100 ms  DeleteObjects: 0.063600 ms)

AssetImportParameters requested are different than current active one (requested -> active):
  custom:graphics/normal-map-encoding: 01000000000000000000000000000000 -> 02000000000000000000000000000000
========================================================================
Received Prepare
Registering precompiled user dll's ...
Registered in 0.014479 seconds.
Begin MonoManager ReloadAssembly
Native extension for WindowsStandalone target not found
Refreshing native plugins compatible for Editor in 1.84 ms, found 1 plugins.
Preloading 0 native plugins for Editor in 0.00 ms.
Mono: successfully reloaded assembly
- Completed reload, in  4.091 seconds
Platform modules already initialized, skipping
Switching build target platform(19) subTarget(0) extendedPlatform(0) -> platform(13) subTarget(589824) extendedPlatform(0)
Shader 'Universal Render Pipeline/Particles/Lit': fallback shader 'Universal Render Pipeline/Particles/SimpleLit' not found
Refreshing native plugins compatible for Editor in 1.80 ms, found 1 plugins.
Preloading 0 native plugins for Editor in 0.00 ms.
Unloading 4157 Unused Serialized files (Serialized files now loaded: 0)
System memory in use before: 176.5 MB.
System memory in use after: 176.7 MB.

Unloading 75 unused Assets to reduce memory usage. Loaded Objects now: 4958.
Total: 5.388100 ms (FindLiveObjects: 0.661500 ms CreateObjectMapping: 0.383300 ms MarkObjects: 4.278100 ms  DeleteObjects: 0.062900 ms)

AssetImportParameters requested are different than current active one (requested -> active):
  custom:graphics/normal-map-encoding: 01000000000000000000000000000000 -> 02000000000000000000000000000000
========================================================================
Received Import Request.
  Time since last request: 3011.594798 seconds.
  path: Assets/Script/MainMenu.cs
  artifactKey: Guid(0499d44eadad07343ae36d05b09789ac) Importer(815301076,1909f56bfc062723c751e8b465ee728b)
Start importing Assets/Script/MainMenu.cs using Guid(0499d44eadad07343ae36d05b09789ac) Importer(815301076,1909f56bfc062723c751e8b465ee728b)  -> (artifact id: '2e7dcf6ebe161ba6b336f4bdea140b91') in 0.194103 seconds 
========================================================================
Received Import Request.
  Time since last request: 3.784570 seconds.
  path: Assets/Script/SceneFader.cs
  artifactKey: Guid(af514150f7d964c4b9c0379c22f99c33) Importer(815301076,1909f56bfc062723c751e8b465ee728b)
Start importing Assets/Script/SceneFader.cs using Guid(af514150f7d964c4b9c0379c22f99c33) Importer(815301076,1909f56bfc062723c751e8b465ee728b)  -> (artifact id: 'a2aa28b005b2706b9ae313d8517f6c66') in 0.034838 seconds 
========================================================================
Received Import Request.
  Time since last request: 102.270750 seconds.
  path: Assets/Scenes/Game 2.unity
  artifactKey: Guid(665f461be996a484dbed3f2abd1ef9c4) Importer(815301076,1909f56bfc062723c751e8b465ee728b)
Start importing Assets/Scenes/Game 2.unity using Guid(665f461be996a484dbed3f2abd1ef9c4) Importer(815301076,1909f56bfc062723c751e8b465ee728b)  -> (artifact id: '1e5d8c8e1475fd375490086c9f498083') in 0.034704 seconds 
========================================================================
Received Import Request.
  Time since last request: 4.121328 seconds.
  path: Assets/Scenes/Main Menu.unity
  artifactKey: Guid(fc4532099e2adb44a99644eb294a10cf) Importer(815301076,1909f56bfc062723c751e8b465ee728b)
Start importing Assets/Scenes/Main Menu.unity using Guid(fc4532099e2adb44a99644eb294a10cf) Importer(815301076,1909f56bfc062723c751e8b465ee728b)  -> (artifact id: '70e7bd4109fbfbf80d5bc9d8e7954142') in 0.034472 seconds 
========================================================================
Received Prepare
Registering precompiled user dll's ...
Registered in 0.144127 seconds.
Begin MonoManager ReloadAssembly
Native extension for WindowsStandalone target not found
Refreshing native plugins compatible for Editor in 2.40 ms, found 1 plugins.
Preloading 0 native plugins for Editor in 0.00 ms.
Mono: successfully reloaded assembly
- Completed reload, in  5.436 seconds
Platform modules already initialized, skipping
Switching build target platform(19) subTarget(0) extendedPlatform(0) -> platform(13) subTarget(589824) extendedPlatform(0)
Shader 'Universal Render Pipeline/Particles/Lit': fallback shader 'Universal Render Pipeline/Particles/SimpleLit' not found
Refreshing native plugins compatible for Editor in 2.79 ms, found 1 plugins.
Preloading 0 native plugins for Editor in 0.00 ms.
Unloading 4156 Unused Serialized files (Serialized files now loaded: 0)
System memory in use before: 176.5 MB.
System memory in use after: 176.7 MB.

Unloading 76 unused Assets to reduce memory usage. Loaded Objects now: 4960.
Total: 11.523100 ms (FindLiveObjects: 1.553500 ms CreateObjectMapping: 1.185700 ms MarkObjects: 8.641900 ms  DeleteObjects: 0.138400 ms)

AssetImportParameters requested are different than current active one (requested -> active):
  custom:graphics/normal-map-encoding: 01000000000000000000000000000000 -> 02000000000000000000000000000000
========================================================================
Received Prepare
Registering precompiled user dll's ...
Registered in 0.014547 seconds.
Begin MonoManager ReloadAssembly
Native extension for WindowsStandalone target not found
Refreshing native plugins compatible for Editor in 2.01 ms, found 1 plugins.
Preloading 0 native plugins for Editor in 0.00 ms.
Mono: successfully reloaded assembly
- Completed reload, in  4.344 seconds
Platform modules already initialized, skipping
Switching build target platform(19) subTarget(0) extendedPlatform(0) -> platform(13) subTarget(589824) extendedPlatform(0)
Shader 'Universal Render Pipeline/Particles/Lit': fallback shader 'Universal Render Pipeline/Particles/SimpleLit' not found
Refreshing native plugins compatible for Editor in 1.77 ms, found 1 plugins.
Preloading 0 native plugins for Editor in 0.00 ms.
Unloading 4156 Unused Serialized files (Serialized files now loaded: 0)
System memory in use before: 176.5 MB.
System memory in use after: 176.7 MB.

Unloading 75 unused Assets to reduce memory usage. Loaded Objects now: 4963.
Total: 6.035200 ms (FindLiveObjects: 1.081600 ms CreateObjectMapping: 0.569000 ms MarkObjects: 4.325300 ms  DeleteObjects: 0.056600 ms)

AssetImportParameters requested are different than current active one (requested -> active):
  custom:graphics/normal-map-encoding: 01000000000000000000000000000000 -> 02000000000000000000000000000000
========================================================================
Received Prepare
Registering precompiled user dll's ...
Registered in 0.087149 seconds.
Begin MonoManager ReloadAssembly
Native extension for WindowsStandalone target not found
Refreshing native plugins compatible for Editor in 5.05 ms, found 1 plugins.
Preloading 0 native plugins for Editor in 0.00 ms.
Mono: successfully reloaded assembly
- Completed reload, in  4.932 seconds
Platform modules already initialized, skipping
Switching build target platform(19) subTarget(0) extendedPlatform(0) -> platform(13) subTarget(589824) extendedPlatform(0)
Shader 'Universal Render Pipeline/Particles/Lit': fallback shader 'Universal Render Pipeline/Particles/SimpleLit' not found
Refreshing native plugins compatible for Editor in 1.79 ms, found 1 plugins.
Preloading 0 native plugins for Editor in 0.00 ms.
Unloading 4156 Unused Serialized files (Serialized files now loaded: 0)
System memory in use before: 176.5 MB.
System memory in use after: 176.8 MB.

Unloading 75 unused Assets to reduce memory usage. Loaded Objects now: 4966.
Total: 5.124000 ms (FindLiveObjects: 0.502400 ms CreateObjectMapping: 0.332500 ms MarkObjects: 4.223900 ms  DeleteObjects: 0.063000 ms)

AssetImportParameters requested are different than current active one (requested -> active):
  custom:graphics/normal-map-encoding: 01000000000000000000000000000000 -> 02000000000000000000000000000000
========================================================================
Received Prepare
Registering precompiled user dll's ...
Registered in 0.057550 seconds.
Begin MonoManager ReloadAssembly
Native extension for WindowsStandalone target not found
Refreshing native plugins compatible for Editor in 1.76 ms, found 1 plugins.
Preloading 0 native plugins for Editor in 0.00 ms.
Mono: successfully reloaded assembly
- Completed reload, in  4.800 seconds
Platform modules already initialized, skipping
Switching build target platform(19) subTarget(0) extendedPlatform(0) -> platform(13) subTarget(589824) extendedPlatform(0)
Shader 'Universal Render Pipeline/Particles/Lit': fallback shader 'Universal Render Pipeline/Particles/SimpleLit' not found
Refreshing native plugins compatible for Editor in 1.83 ms, found 1 plugins.
Preloading 0 native plugins for Editor in 0.00 ms.
Unloading 4156 Unused Serialized files (Serialized files now loaded: 0)
System memory in use before: 176.5 MB.
System memory in use after: 176.8 MB.

Unloading 75 unused Assets to reduce memory usage. Loaded Objects now: 4969.
Total: 11.047100 ms (FindLiveObjects: 0.843200 ms CreateObjectMapping: 0.761400 ms MarkObjects: 9.303100 ms  DeleteObjects: 0.136100 ms)

AssetImportParameters requested are different than current active one (requested -> active):
  custom:graphics/normal-map-encoding: 01000000000000000000000000000000 -> 02000000000000000000000000000000
========================================================================
Received Prepare
Registering precompiled user dll's ...
Registered in 0.015685 seconds.
Begin MonoManager ReloadAssembly
Native extension for WindowsStandalone target not found
Refreshing native plugins compatible for Editor in 3.22 ms, found 1 plugins.
Preloading 0 native plugins for Editor in 0.00 ms.
Mono: successfully reloaded assembly
- Completed reload, in  4.353 seconds
Platform modules already initialized, skipping
Switching build target platform(19) subTarget(0) extendedPlatform(0) -> platform(13) subTarget(589824) extendedPlatform(0)
Shader 'Universal Render Pipeline/Particles/Lit': fallback shader 'Universal Render Pipeline/Particles/SimpleLit' not found
Refreshing native plugins compatible for Editor in 1.95 ms, found 1 plugins.
Preloading 0 native plugins for Editor in 0.00 ms.
Unloading 4156 Unused Serialized files (Serialized files now loaded: 0)
System memory in use before: 176.5 MB.
System memory in use after: 176.8 MB.

Unloading 75 unused Assets to reduce memory usage. Loaded Objects now: 4972.
Total: 7.637100 ms (FindLiveObjects: 0.683700 ms CreateObjectMapping: 0.612800 ms MarkObjects: 6.278700 ms  DeleteObjects: 0.059800 ms)

AssetImportParameters requested are different than current active one (requested -> active):
  custom:graphics/normal-map-encoding: 01000000000000000000000000000000 -> 02000000000000000000000000000000
========================================================================
Received Prepare
Registering precompiled user dll's ...
Registered in 0.017283 seconds.
Begin MonoManager ReloadAssembly
Native extension for WindowsStandalone target not found
Refreshing native plugins compatible for Editor in 2.54 ms, found 1 plugins.
Preloading 0 native plugins for Editor in 0.00 ms.
Mono: successfully reloaded assembly
- Completed reload, in  4.923 seconds
Platform modules already initialized, skipping
Switching build target platform(19) subTarget(0) extendedPlatform(0) -> platform(13) subTarget(589824) extendedPlatform(0)
Shader 'Universal Render Pipeline/Particles/Lit': fallback shader 'Universal Render Pipeline/Particles/SimpleLit' not found
Refreshing native plugins compatible for Editor in 2.07 ms, found 1 plugins.
Preloading 0 native plugins for Editor in 0.00 ms.
Unloading 4156 Unused Serialized files (Serialized files now loaded: 0)
System memory in use before: 176.5 MB.
System memory in use after: 176.8 MB.

Unloading 75 unused Assets to reduce memory usage. Loaded Objects now: 4975.
Total: 5.062500 ms (FindLiveObjects: 0.599600 ms CreateObjectMapping: 0.393900 ms MarkObjects: 4.011700 ms  DeleteObjects: 0.055200 ms)

AssetImportParameters requested are different than current active one (requested -> active):
  custom:graphics/normal-map-encoding: 01000000000000000000000000000000 -> 02000000000000000000000000000000
AssetImportWorkerClient::OnTransportError - code=2 error=End of file
