Using pre-set license
Built from '2021.1/release' branch; Version is '2021.1.0f1 (61a549675243) revision 6399305'; Using compiler version '192528614'; Build Type 'Release'
OS: 'Windows 10 Pro N; OS build 19042.631; Version 2009; 64bit' Language: 'en' Physical Memory: 4016 MB
BatchMode: 1, IsHumanControllingUs: 0, StartBugReporterOnCrash: 0, Is64bit: 1, IsPro: 0

 COMMAND LINE ARGUMENTS:
C:\Program Files\Unity\Hub\Editor\2021.1.0f1\Editor\Unity.exe
-adb2
-batchMode
-noUpm
-name
AssetImportWorker13
-projectPath
E:/Unity/Projects/JungleeJumper-EndlessRunnerAndKiller/Jungali Jumper
-logFile
Logs/AssetImportWorker13.log
-srvPort
50141
Successfully changed project path to: E:/Unity/Projects/JungleeJumper-EndlessRunnerAndKiller/Jungali Jumper
E:/Unity/Projects/JungleeJumper-EndlessRunnerAndKiller/Jungali Jumper
Using Asset Import Pipeline V2.
Refreshing native plugins compatible for Editor in 367.81 ms, found 1 plugins.
Preloading 0 native plugins for Editor in 0.00 ms.
Initialize engine version: 2021.1.0f1 (61a549675243)
[Subsystems] Discovering subsystems at path C:/Program Files/Unity/Hub/Editor/2021.1.0f1/Editor/Data/Resources/UnitySubsystems
[Subsystems] Discovering subsystems at path E:/Unity/Projects/JungleeJumper-EndlessRunnerAndKiller/Jungali Jumper/Assets
GfxDevice: creating device client; threaded=0; jobified=0
Direct3D:
    Version:  Direct3D 11.0 [level 11.1]
    Renderer: Intel(R) HD Graphics 5500 (ID=0x1616)
    Vendor:   Intel
    VRAM:     2008 MB
    Driver:   20.19.15.4703
Shader 'Universal Render Pipeline/Particles/Lit': fallback shader 'Universal Render Pipeline/Particles/SimpleLit' not found
Initialize mono
Mono path[0] = 'C:/Program Files/Unity/Hub/Editor/2021.1.0f1/Editor/Data/Managed'
Mono path[1] = 'C:/Program Files/Unity/Hub/Editor/2021.1.0f1/Editor/Data/MonoBleedingEdge/lib/mono/unityjit'
Mono config path = 'C:/Program Files/Unity/Hub/Editor/2021.1.0f1/Editor/Data/MonoBleedingEdge/etc'
Using monoOptions --debugger-agent=transport=dt_socket,embedding=1,server=y,suspend=n,address=127.0.0.1:56032
Begin MonoManager ReloadAssembly
Registering precompiled unity dll's ...
Register platform support module: C:/Program Files/Unity/Hub/Editor/2021.1.0f1/Editor/Data/PlaybackEngines/WindowsStandaloneSupport/UnityEditor.WindowsStandalone.Extensions.dll
Registered in 0.002772 seconds.
Native extension for WindowsStandalone target not found
Refreshing native plugins compatible for Editor in 258.00 ms, found 1 plugins.
Preloading 0 native plugins for Editor in 0.00 ms.
Mono: successfully reloaded assembly
- Completed reload, in  3.077 seconds
Platform modules already initialized, skipping
Registering precompiled user dll's ...
Registered in 0.010860 seconds.
Begin MonoManager ReloadAssembly
Native extension for WindowsStandalone target not found
Refreshing native plugins compatible for Editor in 284.59 ms, found 1 plugins.
Preloading 0 native plugins for Editor in 0.00 ms.
GPGSUpgrader start
UnityEngine.StackTraceUtility:ExtractStackTrace ()
UnityEngine.DebugLogHandler:LogFormat (UnityEngine.LogType,UnityEngine.Object,string,object[])
UnityEngine.Logger:Log (UnityEngine.LogType,object)
UnityEngine.Debug:Log (object)
GooglePlayGames.Editor.GPGSUpgrader:.cctor () (at Assets/GooglePlayGames/Editor/GPGSUpgrader.cs:38)
System.Runtime.CompilerServices.RuntimeHelpers:RunClassConstructor (System.RuntimeTypeHandle)
UnityEditor.EditorAssemblies:ProcessInitializeOnLoadAttributes (System.Type[])

(Filename: Assets/GooglePlayGames/Editor/GPGSUpgrader.cs Line: 38)

GPGSUpgrader done
UnityEngine.StackTraceUtility:ExtractStackTrace ()
UnityEngine.DebugLogHandler:LogFormat (UnityEngine.LogType,UnityEngine.Object,string,object[])
UnityEngine.Logger:Log (UnityEngine.LogType,object)
UnityEngine.Debug:Log (object)
GooglePlayGames.Editor.GPGSUpgrader:.cctor () (at Assets/GooglePlayGames/Editor/GPGSUpgrader.cs:105)
System.Runtime.CompilerServices.RuntimeHelpers:RunClassConstructor (System.RuntimeTypeHandle)
UnityEditor.EditorAssemblies:ProcessInitializeOnLoadAttributes (System.Type[])

(Filename: Assets/GooglePlayGames/Editor/GPGSUpgrader.cs Line: 105)

Mono: successfully reloaded assembly
- Completed reload, in  6.792 seconds
Platform modules already initialized, skipping
========================================================================
Worker process is ready to serve import requests
Shader 'Universal Render Pipeline/Particles/Lit': fallback shader 'Universal Render Pipeline/Particles/SimpleLit' not found
Launched and connected shader compiler UnityShaderCompiler.exe after 0.73 seconds
Refreshing native plugins compatible for Editor in 3.97 ms, found 1 plugins.
Preloading 0 native plugins for Editor in 0.00 ms.
Unloading 4647 Unused Serialized files (Serialized files now loaded: 0)
System memory in use before: 171.1 MB.
System memory in use after: 171.3 MB.

Unloading 92 unused Assets to reduce memory usage. Loaded Objects now: 5044.
Total: 11.592600 ms (FindLiveObjects: 0.600300 ms CreateObjectMapping: 0.603800 ms MarkObjects: 10.304800 ms  DeleteObjects: 0.081600 ms)

========================================================================
Received Import Request.
  path: Assets/Fonts/Roboto-Black.ttf
  artifactKey: Guid(a396590176ad36745995d858c8ae3555) Importer(815301076,1909f56bfc062723c751e8b465ee728b)
Start importing Assets/Fonts/Roboto-Black.ttf using Guid(a396590176ad36745995d858c8ae3555) Importer(815301076,1909f56bfc062723c751e8b465ee728b)  -> (artifact id: 'd2566d23ecf6108a750c99f33f773fbc') in 1.995258 seconds 
========================================================================
Received Import Request.
  Time since last request: 0.001053 seconds.
  path: Assets/Fonts/Roboto-Bold.ttf
  artifactKey: Guid(0d9f5a6cf51aba54ca6a310da5be2356) Importer(815301076,1909f56bfc062723c751e8b465ee728b)
Start importing Assets/Fonts/Roboto-Bold.ttf using Guid(0d9f5a6cf51aba54ca6a310da5be2356) Importer(815301076,1909f56bfc062723c751e8b465ee728b)  -> (artifact id: 'da7f6d4c216e00adc2d0317f11dfd360') in 0.215874 seconds 
========================================================================
Received Import Request.
  Time since last request: 0.025311 seconds.
  path: Assets/Fonts/Roboto-MediumItalic.ttf
  artifactKey: Guid(14058a0d3da444140bd56c95894bed34) Importer(815301076,1909f56bfc062723c751e8b465ee728b)
Start importing Assets/Fonts/Roboto-MediumItalic.ttf using Guid(14058a0d3da444140bd56c95894bed34) Importer(815301076,1909f56bfc062723c751e8b465ee728b)  -> (artifact id: '54bb1143a32b6a01b81dc69150266971') in 0.194335 seconds 
========================================================================
Received Import Request.
  Time since last request: 0.000909 seconds.
  path: Assets/Fonts/Roboto-Regular.ttf
  artifactKey: Guid(db0fcb009e6cfe04c9571a53b68476eb) Importer(815301076,1909f56bfc062723c751e8b465ee728b)
Start importing Assets/Fonts/Roboto-Regular.ttf using Guid(db0fcb009e6cfe04c9571a53b68476eb) Importer(815301076,1909f56bfc062723c751e8b465ee728b)  -> (artifact id: '08f3a16fa1c381c677620da15cce49d8') in 0.147722 seconds 
========================================================================
Received Import Request.
  Time since last request: 0.000435 seconds.
  path: Assets/Fonts/Transformers Movie.ttf
  artifactKey: Guid(98b51ce890c247e47b4c485ca2bdc05f) Importer(815301076,1909f56bfc062723c751e8b465ee728b)
Start importing Assets/Fonts/Transformers Movie.ttf using Guid(98b51ce890c247e47b4c485ca2bdc05f) Importer(815301076,1909f56bfc062723c751e8b465ee728b)  -> (artifact id: '945ccb32006f87aa3e4da6af6a925944') in 0.092856 seconds 
========================================================================
Received Import Request.
  Time since last request: 0.000434 seconds.
  path: Assets/Fonts/SwipeRaceDemo.ttf
  artifactKey: Guid(e18a7d6af78933b4d937a98411e83755) Importer(815301076,1909f56bfc062723c751e8b465ee728b)
Start importing Assets/Fonts/SwipeRaceDemo.ttf using Guid(e18a7d6af78933b4d937a98411e83755) Importer(815301076,1909f56bfc062723c751e8b465ee728b)  -> (artifact id: '4d638a3bc2f11317a6cc1aeeec154f12') in 0.023871 seconds 
========================================================================
Received Import Request.
  Time since last request: 0.000426 seconds.
  path: Assets/Fonts/Roboto-ThinItalic.ttf
  artifactKey: Guid(e283e1b90132dc147b7e9c2bb8be6806) Importer(815301076,1909f56bfc062723c751e8b465ee728b)
Start importing Assets/Fonts/Roboto-ThinItalic.ttf using Guid(e283e1b90132dc147b7e9c2bb8be6806) Importer(815301076,1909f56bfc062723c751e8b465ee728b)  -> (artifact id: '4767e7e4e118637f7233a38b1813e9cd') in 0.222776 seconds 
========================================================================
Received Import Request.
  Time since last request: 0.000350 seconds.
  path: Assets/Fonts/Sofija.ttf
  artifactKey: Guid(49af46448a7d4b74e93692bcdccbc512) Importer(815301076,1909f56bfc062723c751e8b465ee728b)
Start importing Assets/Fonts/Sofija.ttf using Guid(49af46448a7d4b74e93692bcdccbc512) Importer(815301076,1909f56bfc062723c751e8b465ee728b)  -> (artifact id: 'fb246e810fa34fa9353435bd3c71148b') in 0.202881 seconds 
========================================================================
Received Import Request.
  Time since last request: 0.000459 seconds.
  path: Assets/Fonts/Roboto-Medium.ttf
  artifactKey: Guid(f0dafafc6e9a27842b408614e0f0fb42) Importer(815301076,1909f56bfc062723c751e8b465ee728b)
Start importing Assets/Fonts/Roboto-Medium.ttf using Guid(f0dafafc6e9a27842b408614e0f0fb42) Importer(815301076,1909f56bfc062723c751e8b465ee728b)  -> (artifact id: '6236be3420cdd7480a8d334001cf6b58') in 0.130318 seconds 
========================================================================
Received Import Request.
  Time since last request: 0.000378 seconds.
  path: Assets/Fonts/Roboto-Thin.ttf
  artifactKey: Guid(8033b1ebfcd1cb343a212b452ff049c4) Importer(815301076,1909f56bfc062723c751e8b465ee728b)
Start importing Assets/Fonts/Roboto-Thin.ttf using Guid(8033b1ebfcd1cb343a212b452ff049c4) Importer(815301076,1909f56bfc062723c751e8b465ee728b)  -> (artifact id: '8dc2fd24372dfb12b42b306e66846125') in 0.074414 seconds 
========================================================================
Received Import Request.
  Time since last request: 0.000414 seconds.
  path: Assets/Fonts/Roboto-LightItalic.ttf
  artifactKey: Guid(17d1c83227777dc4081aa014c27d94cb) Importer(815301076,1909f56bfc062723c751e8b465ee728b)
Start importing Assets/Fonts/Roboto-LightItalic.ttf using Guid(17d1c83227777dc4081aa014c27d94cb) Importer(815301076,1909f56bfc062723c751e8b465ee728b)  -> (artifact id: 'a4ca89e69ac31423bbf42e6c54aa89b9') in 0.088364 seconds 
========================================================================
Received Import Request.
  Time since last request: 0.000379 seconds.
  path: Assets/Fonts/Roboto-Italic.ttf
  artifactKey: Guid(faf0e72a00931ed4db531139d695cc9c) Importer(815301076,1909f56bfc062723c751e8b465ee728b)
Start importing Assets/Fonts/Roboto-Italic.ttf using Guid(faf0e72a00931ed4db531139d695cc9c) Importer(815301076,1909f56bfc062723c751e8b465ee728b)  -> (artifact id: 'e8252fd4d8dc326ed7c38c9fe8319120') in 0.060303 seconds 
========================================================================
Received Import Request.
  Time since last request: 0.001260 seconds.
  path: Assets/Fonts/Roboto-Light.ttf
  artifactKey: Guid(eafef6680a9b3174292809b0c7b12a0c) Importer(815301076,1909f56bfc062723c751e8b465ee728b)
Start importing Assets/Fonts/Roboto-Light.ttf using Guid(eafef6680a9b3174292809b0c7b12a0c) Importer(815301076,1909f56bfc062723c751e8b465ee728b)  -> (artifact id: '897cd1658aa3badb3ae33a237be62aad') in 0.062230 seconds 
========================================================================
Received Import Request.
  Time since last request: 0.000795 seconds.
  path: Assets/Fonts/Roboto-BlackItalic.ttf
  artifactKey: Guid(f9f40de7fe432e14d90f5cd0d8caa7be) Importer(815301076,1909f56bfc062723c751e8b465ee728b)
Start importing Assets/Fonts/Roboto-BlackItalic.ttf using Guid(f9f40de7fe432e14d90f5cd0d8caa7be) Importer(815301076,1909f56bfc062723c751e8b465ee728b)  -> (artifact id: '259cb08def63d53aa2708b562e5a5418') in 0.053114 seconds 
========================================================================
Received Import Request.
  Time since last request: 0.000437 seconds.
  path: Assets/Fonts/Roboto-BoldItalic.ttf
  artifactKey: Guid(7f5582991ba8c6d44a96afc9daf9af89) Importer(815301076,1909f56bfc062723c751e8b465ee728b)
Start importing Assets/Fonts/Roboto-BoldItalic.ttf using Guid(7f5582991ba8c6d44a96afc9daf9af89) Importer(815301076,1909f56bfc062723c751e8b465ee728b)  -> (artifact id: '8435f19a1f7985e4405de56f7005ab57') in 0.184091 seconds 
========================================================================
Received Import Request.
  Time since last request: 159.937577 seconds.
  path: Assets/Script/MainMenu.cs
  artifactKey: Guid(0499d44eadad07343ae36d05b09789ac) Importer(815301076,1909f56bfc062723c751e8b465ee728b)
Start importing Assets/Script/MainMenu.cs using Guid(0499d44eadad07343ae36d05b09789ac) Importer(815301076,1909f56bfc062723c751e8b465ee728b)  -> (artifact id: '29ac19dd1dbd161c09e7fda4e40c0872') in 0.167783 seconds 
